2018-12-02 22:21:19,075 check_required_field.pyc[line:647] INFO start to check username G1094_LR
2018-12-02 22:21:19,088 check_required_field.pyc[line:45] INFO the post url is http://221.226.253.51:5065/onlineGovQl/j_spring_security_check
2018-12-02 22:21:19,105 check_required_field.pyc[line:46] INFO the post params is {u'jsu': u'G1094_LR', u'jsp': 'e10adc3949ba59abbe56e057f20f883e', u'jOrgNo': u''}
2018-12-02 22:21:19,118 check_required_field.pyc[line:47] INFO the cookies is <RequestsCookieJar[]>
2018-12-02 22:21:32,049 check_required_field.pyc[line:45] INFO the post url is http://221.226.253.51:5065/onlineGovQl/UserController.do?findAdmin=true
2018-12-02 22:21:32,052 check_required_field.pyc[line:46] INFO the post params is {}
2018-12-02 22:21:32,053 check_required_field.pyc[line:47] INFO the cookies is <RequestsCookieJar[<Cookie JSESSIONID_WORKSPACE=lvFvQP4xQ7nQbVcuzvLmPz0SN0gvlnWrFV6XyUs2lRa8gWwgfpEB!962196520!1543759789617 for 221.226.253.51/>]>
2018-12-02 22:21:32,789 check_required_field.pyc[line:45] INFO the post url is http://221.226.253.51:5065/onlineGovQl/PubServiceYwController.do?findQlywMain=true
2018-12-02 22:21:32,789 check_required_field.pyc[line:46] INFO the post params is {u'B[YW_OPERATE][id]': u'', u'B[YW_OPERATE][text]': u'', u'B[YE_NAME]': u'', u'B[DEPT_YW_NUM]': u'', u'G_FW_RANGE[id]': u'', u'QL_DEPT[id]': u'G1094', u'B[YE_FILENUM]': u'', u'G_FW_MODE[text]': u'', u'IF_AUDIT_TRANSFER[text]': u'\u5168\u90e8', u'QL_CODE': u'', u'QL_NAME': u'', u'G_FW_RANGE[text]': u'', u'NUM': u'', u'limit': u'-1', u'IF_AUDIT_TRANSFER[id]': u'all', u'QL_SHORT_NAME': u'', u'QL_DEPT[text]': u'\u4e39\u9633\u5e02\u6863\u6848\u5c40', u'pageStart': u'1', u'QL_REG_NO': u'', u'B[TRANSACT_DEP]': u'', u'G_FW_MODE[id]': u''}
2018-12-02 22:21:32,790 check_required_field.pyc[line:47] INFO the cookies is <RequestsCookieJar[<Cookie JSESSIONID_WORKSPACE=lvFvQP4xQ7nQbVcuzvLmPz0SN0gvlnWrFV6XyUs2lRa8gWwgfpEB!962196520!1543759789617 for 221.226.253.51/>]>
2018-12-02 22:21:35,858 check_required_field.pyc[line:45] INFO the post url is http://221.226.253.51:5065/onlineGovQl/PubServiceYwController.do?findQlMain=true
2018-12-02 22:21:35,859 check_required_field.pyc[line:46] INFO the post params is {u'idt': u'69e0193439c042309155d1299895923e'}
2018-12-02 22:21:35,859 check_required_field.pyc[line:47] INFO the cookies is <RequestsCookieJar[<Cookie JSESSIONID_WORKSPACE=lvFvQP4xQ7nQbVcuzvLmPz0SN0gvlnWrFV6XyUs2lRa8gWwgfpEB!962196520!1543759789617 for 221.226.253.51/>]>
2018-12-02 22:21:36,210 check_required_field.pyc[line:564] INFO 检查服务名称[查阅档案利用服务]
2018-12-02 22:21:36,211 check_required_field.pyc[line:99] INFO 检查[服务内容]
2018-12-02 22:21:36,211 check_required_field.pyc[line:105] INFO 服务内容 is 提供各类档案的查阅、复制、摘抄, type is text, value_range is 
2018-12-02 22:21:36,211 check_required_field.pyc[line:99] INFO 检查[服务领域]
2018-12-02 22:21:36,213 check_required_field.pyc[line:105] INFO 服务领域 is 8, type is radio, value_range is 1,2,3,4,5,6,7,8,9,10,11,12,13,14,15,16,17,18,19,20,21,22,23,24,25,26,27,28,29,30,31,32,33,34,35,99
2018-12-02 22:21:36,213 check_required_field.pyc[line:99] INFO 检查[服务方式]
2018-12-02 22:21:36,213 check_required_field.pyc[line:105] INFO 服务方式 is 1, type is radio, value_range is 1,2
2018-12-02 22:21:36,214 check_required_field.pyc[line:99] INFO 检查[服务依据]
2018-12-02 22:21:36,219 check_required_field.pyc[line:105] INFO 服务依据 is 1、《中华人民共和国档案法》(1987年9月5日第六届全国人民代表大会常务委员会第二十二次会议通过  根据1996年7月5日第八届全国人民代表大会常务委员会第二十次会议《关于修改〈中华人民共和国档案法〉的决定》、2016年11月7日全国人民代表大会常务委员会第二十四次会议《关于修改<中华人民共和国对外贸易法>等十二部法律的决定》修正)
    第十九条  国家档案馆保管的档案，一般应当自形成之日起满30年向社会开放。经济、科学、技术、文化等类档案社会开放的期限，可以少于30年，涉及国家安全或者重大利益以及其他到期不宜开放的档案向社会开放的期限，可以多于30年，具体期限由国家档案行政管理部门制订，报国务院批准施行。
    档案馆应当定期公布开放档案的目录，并为档案的利用创造条件，简化手续，提供方便。
    中华人民共和国公民和组织持有合法证明，可以利用已经开放的档案。
    第二十条  机关、团体、企业事业单位和其他组织以及公民根据经济建设、国防建设、教学科研和其他各项工作的需要，可以按照有关规定，利用档案馆未开放的档案以及有关机关、团体、企业事业单位和其他组织保存的档案。
    利用未开放档案的办法，由国家档案行政管理部门和有关主管部门规定。
2、《中华人民共和国档案法实施办法》(1987年9月5日第六届全国人民代表大会常务委员会第二十二次会议通过  根据1996年7月5日第八届全国人民代表大会常务委员会第二十次会议《关于修改〈中华人民共和国档案法〉的决定》、2016年11月7日全国人民代表大会常务委员会第二十四次会议《关于修改<中华人民共和国对外贸易法>等十二部法律的决定》修正)
    第二十一条  《档案法》所称档案的利用，是指对档案的阅览、复制和摘录。
    中华人民共和国公民和组织，持有介绍信或者工作证、身份证等合法证明，可以利用已开放的档案。
    外国人或者外国组织利用中国已开放的档案，须经中国有关主管部门介绍以及保存该档案的档案馆同意。
    机关、团体、企业事业单位和其他组织以及中国公民利用档案馆保存的未开放的档案，须经保存该档案的档案馆同意，必要时还须经有关的档案行政管理部门审查同意。
    机关、团体、企业事业单位和其他组织的档案机构保存的尚未向档案馆移交的档案，其他机关、团体、企业事业单位和组织以及中国公民需要利用的，须经档案保存单位同意。
3、《江苏省档案管理条例》（1998年8月28日江苏省第九届人民代表大会常务委员会第四次会议通过根据2003年4月21日江苏省第十届人民代表大会常务委员会第二次会议《关于修改〈江苏省档案管理条例〉的决定》第一次修正根据2017年6月3日江苏省第十二届人民代表大会常务委员会第三十次会议《关于修改〈江苏省固体废物污染环境防治条例〉等二十六件地方性法规的决定》第二次修正）
    第二十七条  中华人民共和国公民和组织凡持合法有效证件或者证明的，可以利用档案馆已开放的档案；利用未开放的档案，应当按照国家有关规定履行审批手续；利用重要或者珍贵档案，档案馆应当将档案的复制件提供查阅。, type is text, value_range is 
2018-12-02 22:21:36,223 check_required_field.pyc[line:45] INFO the post url is http://221.226.253.51:5065/onlineGovQl/PubServiceYwController.do?findQlyw=true&start=aoData["iDisplayStart"]
2018-12-02 22:21:36,226 check_required_field.pyc[line:46] INFO the post params is {u'sSortDir': u'', u'idt': u'69e0193439c042309155d1299895923e', u'sEcho': u'1', u'limit': u'-1', u'iSortCol': u'', u'pageStart': u'1'}
2018-12-02 22:21:36,229 check_required_field.pyc[line:47] INFO the cookies is <RequestsCookieJar[<Cookie JSESSIONID_WORKSPACE=lvFvQP4xQ7nQbVcuzvLmPz0SN0gvlnWrFV6XyUs2lRa8gWwgfpEB!962196520!1543759789617 for 221.226.253.51/>]>
2018-12-02 22:21:36,742 check_required_field.pyc[line:45] INFO the post url is http://221.226.253.51:5065/onlineGovQl/PubServiceYwController.do?findServiseData=true
2018-12-02 22:21:36,742 check_required_field.pyc[line:46] INFO the post params is {u'showTable': u'XK', u'idt': u'70c8fbc80b6541818466d1321d84dad2', u'idtlog': u'702f5f6e86a74c7f83fdb96d1f32dccc'}
2018-12-02 22:21:36,743 check_required_field.pyc[line:47] INFO the cookies is <RequestsCookieJar[<Cookie JSESSIONID_WORKSPACE=lvFvQP4xQ7nQbVcuzvLmPz0SN0gvlnWrFV6XyUs2lRa8gWwgfpEB!962196520!1543759789617 for 221.226.253.51/>]>
2018-12-02 22:21:39,075 check_required_field.pyc[line:616] INFO 检查业务信息[查阅档案利用服务]
2018-12-02 22:21:39,075 check_required_field.pyc[line:99] INFO 检查[办件类型]
2018-12-02 22:21:39,076 check_required_field.pyc[line:105] INFO 办件类型 is 即办件, type is radio, value_range is 承诺件,即办件
2018-12-02 22:21:39,076 check_required_field.pyc[line:99] INFO 检查[办理依据]
2018-12-02 22:21:39,078 check_required_field.pyc[line:105] INFO 办理依据 is 1、《中华人民共和国档案法》(1987年9月5日第六届全国人民代表大会常务委员会第二十二次会议通过  根据1996年7月5日第八届全国人民代表大会常务委员会第二十次会议《关于修改〈中华人民共和国档案法〉的决定》、2016年11月7日全国人民代表大会常务委员会第二十四次会议《关于修改<中华人民共和国对外贸易法>等十二部法律的决定》修正)
    第十九条  国家档案馆保管的档案，一般应当自形成之日起满30年向社会开放。经济、科学、技术、文化等类档案社会开放的期限，可以少于30年，涉及国家安全或者重大利益以及其他到期不宜开放的档案向社会开放的期限，可以多于30年，具体期限由国家档案行政管理部门制订，报国务院批准施行。
    档案馆应当定期公布开放档案的目录，并为档案的利用创造条件，简化手续，提供方便。
    中华人民共和国公民和组织持有合法证明，可以利用已经开放的档案。
    第二十条  机关、团体、企业事业单位和其他组织以及公民根据经济建设、国防建设、教学科研和其他各项工作的需要，可以按照有关规定，利用档案馆未开放的档案以及有关机关、团体、企业事业单位和其他组织保存的档案。
    利用未开放档案的办法，由国家档案行政管理部门和有关主管部门规定。
2、《中华人民共和国档案法实施办法》(1987年9月5日第六届全国人民代表大会常务委员会第二十二次会议通过  根据1996年7月5日第八届全国人民代表大会常务委员会第二十次会议《关于修改〈中华人民共和国档案法〉的决定》、2016年11月7日全国人民代表大会常务委员会第二十四次会议《关于修改<中华人民共和国对外贸易法>等十二部法律的决定》修正)
    第二十一条  《档案法》所称档案的利用，是指对档案的阅览、复制和摘录。
    中华人民共和国公民和组织，持有介绍信或者工作证、身份证等合法证明，可以利用已开放的档案。
    外国人或者外国组织利用中国已开放的档案，须经中国有关主管部门介绍以及保存该档案的档案馆同意。
    机关、团体、企业事业单位和其他组织以及中国公民利用档案馆保存的未开放的档案，须经保存该档案的档案馆同意，必要时还须经有关的档案行政管理部门审查同意。
    机关、团体、企业事业单位和其他组织的档案机构保存的尚未向档案馆移交的档案，其他机关、团体、企业事业单位和组织以及中国公民需要利用的，须经档案保存单位同意。
3、《江苏省档案管理条例》（1998年8月28日江苏省第九届人民代表大会常务委员会第四次会议通过根据2003年4月21日江苏省第十届人民代表大会常务委员会第二次会议《关于修改〈江苏省档案管理条例〉的决定》第一次修正根据2017年6月3日江苏省第十二届人民代表大会常务委员会第三十次会议《关于修改〈江苏省固体废物污染环境防治条例〉等二十六件地方性法规的决定》第二次修正）
    第二十七条  中华人民共和国公民和组织凡持合法有效证件或者证明的，可以利用档案馆已开放的档案；利用未开放的档案，应当按照国家有关规定履行审批手续；利用重要或者珍贵档案，档案馆应当将档案的复制件提供查阅。, type is text, value_range is 
2018-12-02 22:21:39,078 check_required_field.pyc[line:99] INFO 检查[服务对象]
2018-12-02 22:21:39,078 check_required_field.pyc[line:105] INFO 服务对象 is 1,2,3, type is checkbox, value_range is 1,2,3
2018-12-02 22:21:39,078 check_required_field.pyc[line:99] INFO 检查[经办机构（处室）]
2018-12-02 22:21:39,078 check_required_field.pyc[line:105] INFO 经办机构（处室） is 保管利用科, type is text, value_range is 
2018-12-02 22:21:39,079 check_required_field.pyc[line:99] INFO 检查[监督投诉方式]
2018-12-02 22:21:39,082 check_required_field.pyc[line:105] INFO 监督投诉方式 is 投诉电话：051186525064；投诉信件邮寄地址：丹阳市开发区兰陵路8号丹阳市档案局；网上投诉网址：http://www.dydaj.gov.cn/, type is text, value_range is 
2018-12-02 22:21:39,084 check_required_field.pyc[line:99] INFO 检查[办理地点]
2018-12-02 22:21:39,085 check_required_field.pyc[line:105] INFO 办理地点 is 丹阳市开发区兰陵路8号丹阳市档案局二楼查阅中心, type is text, value_range is 
2018-12-02 22:21:39,088 check_required_field.pyc[line:99] INFO 检查[工作时间]
2018-12-02 22:21:39,089 check_required_field.pyc[line:105] INFO 工作时间 is 周一到周五上午8:30-11:30,下午14:0018:00（夏季上午8:30-11:30,下午15:00-18:00）, type is text, value_range is 
2018-12-02 22:21:39,092 check_required_field.pyc[line:99] INFO 检查[数量限制]
2018-12-02 22:21:39,092 check_required_field.pyc[line:105] INFO 数量限制 is 1, type is radio, value_range is 1,2
2018-12-02 22:21:39,092 check_required_field.pyc[line:99] INFO 检查[是否收费]
2018-12-02 22:21:39,092 check_required_field.pyc[line:105] INFO 是否收费 is 0, type is radio, value_range is 0,1
2018-12-02 22:21:39,094 check_required_field.pyc[line:99] INFO 检查[咨询方式]
2018-12-02 22:21:39,094 check_required_field.pyc[line:105] INFO 咨询方式 is 0511-86524094, type is text, value_range is 
2018-12-02 22:21:39,094 check_required_field.pyc[line:99] INFO 检查[在线办理网址]
2018-12-02 22:21:39,095 check_required_field.pyc[line:105] INFO 在线办理网址 is 无, type is text, value_range is 
2018-12-02 22:21:39,095 check_required_field.pyc[line:99] INFO 检查[业务名称]
2018-12-02 22:21:39,098 check_required_field.pyc[line:105] INFO 业务名称 is 查阅档案利用服务, type is text, value_range is 
2018-12-02 22:21:39,099 check_required_field.pyc[line:99] INFO 检查[承办机构]
2018-12-02 22:21:39,099 check_required_field.pyc[line:105] INFO 承办机构 is 丹阳市档案局, type is text, value_range is 
2018-12-02 22:21:39,099 check_required_field.pyc[line:99] INFO 检查[到现场次数]
2018-12-02 22:21:39,101 check_required_field.pyc[line:105] INFO 到现场次数 is 1, type is radio, value_range is 0,1,2,99
2018-12-02 22:21:39,101 check_required_field.pyc[line:99] INFO 检查[见面法律依据]
2018-12-02 22:21:39,101 check_required_field.pyc[line:105] INFO 见面法律依据 is 1、《中华人民共和国档案法》
    第十九条  国家档案馆保管的档案，一般应当自形成之日起满30年向社会开放。经济、科学、技术、文化等类档案社会开放的期限，可以少于30年，涉及国家安全或者重大利益以及其他到期不宜开放的档案向社会开放的期限，可以多于30年，具体期限由国家档案行政管理部门制订，报国务院批准施行。
    档案馆应当定期公布开放档案的目录，并为档案的利用创造条件，简化手续，提供方便。
    中华人民共和国公民和组织持有合法证明，可以利用已经开放的档案。
    第二十条  机关、团体、企业事业单位和其他组织以及公民根据经济建设、国防建设、教学科研和其他各项工作的需要，可以按照有关规定，利用档案馆未开放的档案以及有关机关、团体、企业事业单位和其他组织保存的档案。
    利用未开放档案的办法，由国家档案行政管理部门和有关主管部门规定。
2、《中华人民共和国档案法实施办法》
第二十一条  《档案法》所称档案的利用，是指对档案的阅览、复制和摘录。
   
  
    非开放档案（带密级、控制和涉及国家、社会和个人隐私）的都不能复制和邮寄, type is text, value_range is 
2018-12-02 22:21:39,101 check_required_field.pyc[line:45] INFO the post url is http://221.226.253.51:5065/onlineGovQl/PubServiceYwController.do?findQlMain=true
2018-12-02 22:21:39,101 check_required_field.pyc[line:46] INFO the post params is {u'idt': u'0b7730d8a1ca49b5bd0131cb1fb73fce'}
2018-12-02 22:21:39,102 check_required_field.pyc[line:47] INFO the cookies is <RequestsCookieJar[<Cookie JSESSIONID_WORKSPACE=lvFvQP4xQ7nQbVcuzvLmPz0SN0gvlnWrFV6XyUs2lRa8gWwgfpEB!962196520!1543759789617 for 221.226.253.51/>]>
2018-12-02 22:21:39,615 check_required_field.pyc[line:564] INFO 检查服务名称[政府信息公开利用服务]
2018-12-02 22:21:39,615 check_required_field.pyc[line:99] INFO 检查[服务内容]
2018-12-02 22:21:39,615 check_required_field.pyc[line:105] INFO 服务内容 is 政府公开信息的查阅、复制、摘抄, type is text, value_range is 
2018-12-02 22:21:39,615 check_required_field.pyc[line:99] INFO 检查[服务领域]
2018-12-02 22:21:39,615 check_required_field.pyc[line:105] INFO 服务领域 is 8, type is radio, value_range is 1,2,3,4,5,6,7,8,9,10,11,12,13,14,15,16,17,18,19,20,21,22,23,24,25,26,27,28,29,30,31,32,33,34,35,99
2018-12-02 22:21:39,617 check_required_field.pyc[line:99] INFO 检查[服务方式]
2018-12-02 22:21:39,617 check_required_field.pyc[line:105] INFO 服务方式 is 2, type is radio, value_range is 1,2
2018-12-02 22:21:39,617 check_required_field.pyc[line:99] INFO 检查[服务依据]
2018-12-02 22:21:39,618 check_required_field.pyc[line:105] INFO 服务依据 is 《中华人民共和国政府信息公开条例》（经2007年1月17日国务院第165次常务会议通过，自2008年5月1日起施行。）
    第十六条 各级人民政府应当在国家档案馆、公共图书馆设置政府信息查阅场所，并配备相应的设施、设备，为公民、法人或者其他组织获取政府信息提供便利。……
    行政机关应当及时向国家档案馆、公共图书馆提供主动公开的政府信息。, type is text, value_range is 
2018-12-02 22:21:39,618 check_required_field.pyc[line:45] INFO the post url is http://221.226.253.51:5065/onlineGovQl/PubServiceYwController.do?findQlyw=true&start=aoData["iDisplayStart"]
2018-12-02 22:21:39,618 check_required_field.pyc[line:46] INFO the post params is {u'sSortDir': u'', u'idt': u'0b7730d8a1ca49b5bd0131cb1fb73fce', u'sEcho': u'1', u'limit': u'-1', u'iSortCol': u'', u'pageStart': u'1'}
2018-12-02 22:21:39,618 check_required_field.pyc[line:47] INFO the cookies is <RequestsCookieJar[<Cookie JSESSIONID_WORKSPACE=lvFvQP4xQ7nQbVcuzvLmPz0SN0gvlnWrFV6XyUs2lRa8gWwgfpEB!962196520!1543759789617 for 221.226.253.51/>]>
2018-12-02 22:21:40,302 check_required_field.pyc[line:45] INFO the post url is http://221.226.253.51:5065/onlineGovQl/PubServiceYwController.do?findServiseData=true
2018-12-02 22:21:40,303 check_required_field.pyc[line:46] INFO the post params is {u'showTable': u'XK', u'idt': u'ecc4ed92226c4355baa968669ee2f93a', u'idtlog': u'393e2339b9db4272b260d94eeb7c4887'}
2018-12-02 22:21:40,306 check_required_field.pyc[line:47] INFO the cookies is <RequestsCookieJar[<Cookie JSESSIONID_WORKSPACE=lvFvQP4xQ7nQbVcuzvLmPz0SN0gvlnWrFV6XyUs2lRa8gWwgfpEB!962196520!1543759789617 for 221.226.253.51/>]>
2018-12-02 22:21:42,388 check_required_field.pyc[line:616] INFO 检查业务信息[政府信息公开利用服务]
2018-12-02 22:21:42,388 check_required_field.pyc[line:99] INFO 检查[办理地点]
2018-12-02 22:21:42,390 check_required_field.pyc[line:105] INFO 办理地点 is 丹阳市开发区兰陵路8号丹阳市档案局, type is text, value_range is 
2018-12-02 22:21:42,390 check_required_field.pyc[line:99] INFO 检查[工作时间]
2018-12-02 22:21:42,390 check_required_field.pyc[line:105] INFO 工作时间 is 周一到周五上午8:30~下午18:00, type is text, value_range is 
2018-12-02 22:21:42,391 check_required_field.pyc[line:99] INFO 检查[经办机构（处室）]
2018-12-02 22:21:42,391 check_required_field.pyc[line:105] INFO 经办机构（处室） is 保管利用科, type is text, value_range is 
2018-12-02 22:21:42,391 check_required_field.pyc[line:99] INFO 检查[数量限制]
2018-12-02 22:21:42,391 check_required_field.pyc[line:105] INFO 数量限制 is 1, type is radio, value_range is 1,2
2018-12-02 22:21:42,391 check_required_field.pyc[line:99] INFO 检查[服务对象]
2018-12-02 22:21:42,391 check_required_field.pyc[line:105] INFO 服务对象 is 1,2,3, type is checkbox, value_range is 1,2,3
2018-12-02 22:21:42,391 check_required_field.pyc[line:99] INFO 检查[业务名称]
2018-12-02 22:21:42,392 check_required_field.pyc[line:105] INFO 业务名称 is 政府信息公开利用服务, type is text, value_range is 
2018-12-02 22:21:42,392 check_required_field.pyc[line:99] INFO 检查[承办机构]
2018-12-02 22:21:42,392 check_required_field.pyc[line:105] INFO 承办机构 is 丹阳市档案局, type is text, value_range is 
2018-12-02 22:21:42,394 check_required_field.pyc[line:99] INFO 检查[监督投诉方式]
2018-12-02 22:21:42,394 check_required_field.pyc[line:105] INFO 监督投诉方式 is 投诉电话：0511-86525064；投诉信件邮寄地址：丹阳市开发区兰陵路8号丹阳市档案局；网上投诉网址：http://www.dydaj.gov.cn/, type is text, value_range is 
2018-12-02 22:21:42,395 check_required_field.pyc[line:99] INFO 检查[咨询方式]
2018-12-02 22:21:42,398 check_required_field.pyc[line:105] INFO 咨询方式 is 0511-86524094, type is text, value_range is 
2018-12-02 22:21:42,401 check_required_field.pyc[line:45] INFO the post url is http://221.226.253.51:5065/onlineGovQl/PubServiceYwController.do?findQlMain=true
2018-12-02 22:21:42,403 check_required_field.pyc[line:46] INFO the post params is {u'idt': u'fa3a0390841a426c894150a5ec5db365'}
2018-12-02 22:21:42,404 check_required_field.pyc[line:47] INFO the cookies is <RequestsCookieJar[<Cookie JSESSIONID_WORKSPACE=lvFvQP4xQ7nQbVcuzvLmPz0SN0gvlnWrFV6XyUs2lRa8gWwgfpEB!962196520!1543759789617 for 221.226.253.51/>]>
2018-12-02 22:21:43,914 check_required_field.pyc[line:564] INFO 检查服务名称[爱国主义教育基地]
2018-12-02 22:21:43,915 check_required_field.pyc[line:99] INFO 检查[服务内容]
2018-12-02 22:21:43,915 check_required_field.pyc[line:105] INFO 服务内容 is 通过举办夏令营、组织参观档案馆藏等方式宣传教育, type is text, value_range is 
2018-12-02 22:21:43,917 check_required_field.pyc[line:99] INFO 检查[服务领域]
2018-12-02 22:21:43,917 check_required_field.pyc[line:105] INFO 服务领域 is 8, type is radio, value_range is 1,2,3,4,5,6,7,8,9,10,11,12,13,14,15,16,17,18,19,20,21,22,23,24,25,26,27,28,29,30,31,32,33,34,35,99
2018-12-02 22:21:43,917 check_required_field.pyc[line:99] INFO 检查[服务方式]
2018-12-02 22:21:43,918 check_required_field.pyc[line:105] INFO 服务方式 is 2, type is radio, value_range is 1,2
2018-12-02 22:21:43,918 check_required_field.pyc[line:99] INFO 检查[服务依据]
2018-12-02 22:21:43,920 check_required_field.pyc[line:105] INFO 服务依据 is 《中华人民共和国档案法实施办法》(1987年9月5日第六届全国人民代表大会常务委员会第二十二次会议通过  根据1996年7月5日第八届全国人民代表大会常务委员会第二十次会议《关于修改〈中华人民共和国档案法〉的决定》、2016年11月7日全国人民代表大会常务委员会第二十四次会议《关于修改<中华人民共和国对外贸易法>等十二部法律的决定》修正)
    第八条 县级以上地方各级人民政府档案行政管理部门依照《档案法》第六条第二款的规定，履行下列职责：……(四)组织、指导本行政区域内档案理论与科学技术研究、档案宣传与档案教育、档案工作人员培训。, type is text, value_range is 
2018-12-02 22:21:43,920 check_required_field.pyc[line:45] INFO the post url is http://221.226.253.51:5065/onlineGovQl/PubServiceYwController.do?findQlyw=true&start=aoData["iDisplayStart"]
2018-12-02 22:21:43,921 check_required_field.pyc[line:46] INFO the post params is {u'sSortDir': u'', u'idt': u'fa3a0390841a426c894150a5ec5db365', u'sEcho': u'1', u'limit': u'-1', u'iSortCol': u'', u'pageStart': u'1'}
2018-12-02 22:21:43,921 check_required_field.pyc[line:47] INFO the cookies is <RequestsCookieJar[<Cookie JSESSIONID_WORKSPACE=lvFvQP4xQ7nQbVcuzvLmPz0SN0gvlnWrFV6XyUs2lRa8gWwgfpEB!962196520!1543759789617 for 221.226.253.51/>]>
2018-12-02 22:21:46,141 check_required_field.pyc[line:45] INFO the post url is http://221.226.253.51:5065/onlineGovQl/PubServiceYwController.do?findServiseData=true
2018-12-02 22:21:46,141 check_required_field.pyc[line:46] INFO the post params is {u'showTable': u'XK', u'idt': u'93e19dab1cf64e0b81304c79e857cd88', u'idtlog': u'112bc5dd28a74b0492f3471bdfaab539'}
2018-12-02 22:21:46,141 check_required_field.pyc[line:47] INFO the cookies is <RequestsCookieJar[<Cookie JSESSIONID_WORKSPACE=lvFvQP4xQ7nQbVcuzvLmPz0SN0gvlnWrFV6XyUs2lRa8gWwgfpEB!962196520!1543759789617 for 221.226.253.51/>]>
2018-12-02 22:21:48,473 check_required_field.pyc[line:616] INFO 检查业务信息[爱国主义教育基地]
2018-12-02 22:21:48,473 check_required_field.pyc[line:99] INFO 检查[办理地点]
2018-12-02 22:21:48,474 check_required_field.pyc[line:105] INFO 办理地点 is 丹阳市开发区兰陵路8号丹阳市档案局, type is text, value_range is 
2018-12-02 22:21:48,474 check_required_field.pyc[line:99] INFO 检查[工作时间]
2018-12-02 22:21:48,476 check_required_field.pyc[line:105] INFO 工作时间 is 夏令营及参观相关问题解答及咨询，周一至周五8:30-11:30，14：00-18:00（夏季15:00-18:00）, type is text, value_range is 
2018-12-02 22:21:48,477 check_required_field.pyc[line:99] INFO 检查[经办机构（处室）]
2018-12-02 22:21:48,480 check_required_field.pyc[line:105] INFO 经办机构（处室） is 保管利用科, type is text, value_range is 
2018-12-02 22:21:48,482 check_required_field.pyc[line:99] INFO 检查[数量限制]
2018-12-02 22:21:48,484 check_required_field.pyc[line:105] INFO 数量限制 is 1, type is radio, value_range is 1,2
2018-12-02 22:21:48,486 check_required_field.pyc[line:99] INFO 检查[服务对象]
2018-12-02 22:21:48,489 check_required_field.pyc[line:105] INFO 服务对象 is 1, type is checkbox, value_range is 1,2,3
2018-12-02 22:21:48,490 check_required_field.pyc[line:99] INFO 检查[业务名称]
2018-12-02 22:21:48,493 check_required_field.pyc[line:105] INFO 业务名称 is 爱国主义教育基地, type is text, value_range is 
2018-12-02 22:21:48,494 check_required_field.pyc[line:99] INFO 检查[承办机构]
2018-12-02 22:21:48,497 check_required_field.pyc[line:105] INFO 承办机构 is 丹阳市档案局, type is text, value_range is 
2018-12-02 22:21:48,499 check_required_field.pyc[line:99] INFO 检查[监督投诉方式]
2018-12-02 22:21:48,500 check_required_field.pyc[line:105] INFO 监督投诉方式 is 投诉电话：0511-86524094；投诉信件邮寄地址：丹阳市开发区兰陵路8号丹阳市档案局；网上投诉网址：http://www.dajs.gov.cn/, type is text, value_range is 
2018-12-02 22:21:48,500 check_required_field.pyc[line:99] INFO 检查[咨询方式]
2018-12-02 22:21:48,502 check_required_field.pyc[line:105] INFO 咨询方式 is 0511-86524094, type is text, value_range is 
2018-12-02 22:21:48,502 check_required_field.pyc[line:45] INFO the post url is http://221.226.253.51:5065/onlineGovQl/PubServiceYwController.do?findQlMain=true
2018-12-02 22:21:48,503 check_required_field.pyc[line:46] INFO the post params is {u'idt': u'dde46358da574f98a87454cdce538f38'}
2018-12-02 22:21:48,505 check_required_field.pyc[line:47] INFO the cookies is <RequestsCookieJar[<Cookie JSESSIONID_WORKSPACE=lvFvQP4xQ7nQbVcuzvLmPz0SN0gvlnWrFV6XyUs2lRa8gWwgfpEB!962196520!1543759789617 for 221.226.253.51/>]>
2018-12-02 22:21:49,233 check_required_field.pyc[line:564] INFO 检查服务名称[档案教育培训]
2018-12-02 22:21:49,233 check_required_field.pyc[line:99] INFO 检查[服务内容]
2018-12-02 22:21:49,233 check_required_field.pyc[line:105] INFO 服务内容 is 组织实施各类档案教育培训, type is text, value_range is 
2018-12-02 22:21:49,233 check_required_field.pyc[line:99] INFO 检查[服务领域]
2018-12-02 22:21:49,236 check_required_field.pyc[line:105] INFO 服务领域 is 8, type is radio, value_range is 1,2,3,4,5,6,7,8,9,10,11,12,13,14,15,16,17,18,19,20,21,22,23,24,25,26,27,28,29,30,31,32,33,34,35,99
2018-12-02 22:21:49,237 check_required_field.pyc[line:99] INFO 检查[服务方式]
2018-12-02 22:21:49,240 check_required_field.pyc[line:105] INFO 服务方式 is 2, type is radio, value_range is 1,2
2018-12-02 22:21:49,242 check_required_field.pyc[line:99] INFO 检查[服务依据]
2018-12-02 22:21:49,244 check_required_field.pyc[line:105] INFO 服务依据 is 1、《中华人民共和国档案法实施办法》(1987年9月5日第六届全国人民代表大会常务委员会第二十二次会议通过  根据1996年7月5日第八届全国人民代表大会常务委员会第二十次会议《关于修改〈中华人民共和国档案法〉的决定》、2016年11月7日全国人民代表大会常务委员会第二十四次会议《关于修改<中华人民共和国对外贸易法>等十二部法律的决定》修正)
    第八条 县级以上地方各级人民政府档案行政管理部门依照《档案法》第六条第二款的规定，履行下列职责：……(四)组织、指导本行政区域内档案理论与科学技术研究、档案宣传与档案教育、档案工作人员培训。
2、《江苏省档案管理条例》（1998年8月28日江苏省第九届人民代表大会常务委员会第四次会议通过根据2003年4月21日江苏省第十届人民代表大会常务委员会第二次会议《关于修改〈江苏省档案管理条例〉的决定》第一次修正根据2017年6月3日江苏省第十二届人民代表大会常务委员会第三十次会议《关于修改〈江苏省固体废物污染环境防治条例〉等二十六件地方性法规的决定》第二次修正）
    第六条 省档案管理部门主管全省档案事业，对全省档案工作实行统筹规划，组织协调，监督指导；市、县（市、区）档案管理部门主管本行政区域内的档案工作，并依法进行监督和指导。
    县级以上档案管理部门行使行政管理职能，主要职责是：……（四）组织并指导档案理论与科学技术研究、档案专业教育、档案宣传以及档案干部的培训工作；……, type is text, value_range is 
2018-12-02 22:21:49,246 check_required_field.pyc[line:45] INFO the post url is http://221.226.253.51:5065/onlineGovQl/PubServiceYwController.do?findQlyw=true&start=aoData["iDisplayStart"]
2018-12-02 22:21:49,247 check_required_field.pyc[line:46] INFO the post params is {u'sSortDir': u'', u'idt': u'dde46358da574f98a87454cdce538f38', u'sEcho': u'1', u'limit': u'-1', u'iSortCol': u'', u'pageStart': u'1'}
2018-12-02 22:21:49,249 check_required_field.pyc[line:47] INFO the cookies is <RequestsCookieJar[<Cookie JSESSIONID_WORKSPACE=lvFvQP4xQ7nQbVcuzvLmPz0SN0gvlnWrFV6XyUs2lRa8gWwgfpEB!962196520!1543759789617 for 221.226.253.51/>]>
2018-12-02 22:21:50,713 check_required_field.pyc[line:45] INFO the post url is http://221.226.253.51:5065/onlineGovQl/PubServiceYwController.do?findServiseData=true
2018-12-02 22:21:50,717 check_required_field.pyc[line:46] INFO the post params is {u'showTable': u'XK', u'idt': u'30b29249c7324318a0aa72b093b278c9', u'idtlog': u'1a0c57d93b4d47c6a3bd79fdf4376b29'}
2018-12-02 22:21:50,721 check_required_field.pyc[line:47] INFO the cookies is <RequestsCookieJar[<Cookie JSESSIONID_WORKSPACE=lvFvQP4xQ7nQbVcuzvLmPz0SN0gvlnWrFV6XyUs2lRa8gWwgfpEB!962196520!1543759789617 for 221.226.253.51/>]>
2018-12-02 22:21:53,045 check_required_field.pyc[line:616] INFO 检查业务信息[档案教育培训]
2018-12-02 22:21:53,045 check_required_field.pyc[line:99] INFO 检查[办理地点]
2018-12-02 22:21:53,046 check_required_field.pyc[line:105] INFO 办理地点 is 丹阳市开发区兰陵路8号丹阳市档案局, type is text, value_range is 
2018-12-02 22:21:53,046 check_required_field.pyc[line:99] INFO 检查[工作时间]
2018-12-02 22:21:53,046 check_required_field.pyc[line:105] INFO 工作时间 is 档案教育培训问题解答及咨询，周一至周五8:30-11:30，14：00-18:00夏季15:00-18:00）, type is text, value_range is 
2018-12-02 22:21:53,046 check_required_field.pyc[line:99] INFO 检查[经办机构（处室）]
2018-12-02 22:21:53,046 check_required_field.pyc[line:105] INFO 经办机构（处室） is 办公室, type is text, value_range is 
2018-12-02 22:21:53,046 check_required_field.pyc[line:99] INFO 检查[数量限制]
2018-12-02 22:21:53,048 check_required_field.pyc[line:105] INFO 数量限制 is 1, type is radio, value_range is 1,2
2018-12-02 22:21:53,048 check_required_field.pyc[line:99] INFO 检查[服务对象]
2018-12-02 22:21:53,048 check_required_field.pyc[line:105] INFO 服务对象 is 1, type is checkbox, value_range is 1,2,3
2018-12-02 22:21:53,049 check_required_field.pyc[line:99] INFO 检查[业务名称]
2018-12-02 22:21:53,049 check_required_field.pyc[line:105] INFO 业务名称 is 档案教育培训, type is text, value_range is 
2018-12-02 22:21:53,049 check_required_field.pyc[line:99] INFO 检查[承办机构]
2018-12-02 22:21:53,049 check_required_field.pyc[line:105] INFO 承办机构 is 丹阳市档案局, type is text, value_range is 
2018-12-02 22:21:53,049 check_required_field.pyc[line:99] INFO 检查[监督投诉方式]
2018-12-02 22:21:53,049 check_required_field.pyc[line:105] INFO 监督投诉方式 is 0511-86525064, type is text, value_range is 
2018-12-02 22:21:53,049 check_required_field.pyc[line:99] INFO 检查[咨询方式]
2018-12-02 22:21:53,051 check_required_field.pyc[line:105] INFO 咨询方式 is 0511-86525064, type is text, value_range is 
2018-12-02 22:21:53,051 check_required_field.pyc[line:643] INFO []
2018-12-02 22:21:53,051 check_required_field.pyc[line:63] INFO the get url is http://221.226.253.51:5065/onlineGovQl/j_spring_security_logout
2018-12-02 22:21:53,052 check_required_field.pyc[line:64] INFO the cookies is <RequestsCookieJar[<Cookie JSESSIONID_WORKSPACE=lvFvQP4xQ7nQbVcuzvLmPz0SN0gvlnWrFV6XyUs2lRa8gWwgfpEB!962196520!1543759789617 for 221.226.253.51/>]>
