2018-12-02 22:21:34,023 check_required_field.pyc[line:647] INFO start to check username JT1064_LR
2018-12-02 22:21:34,023 check_required_field.pyc[line:45] INFO the post url is http://221.226.253.51:5065/onlineGovQl/j_spring_security_check
2018-12-02 22:21:34,025 check_required_field.pyc[line:46] INFO the post params is {u'jsu': u'JT1064_LR', u'jsp': 'e10adc3949ba59abbe56e057f20f883e', u'jOrgNo': u''}
2018-12-02 22:21:34,025 check_required_field.pyc[line:47] INFO the cookies is <RequestsCookieJar[]>
2018-12-02 22:21:36,305 check_required_field.pyc[line:45] INFO the post url is http://221.226.253.51:5065/onlineGovQl/UserController.do?findAdmin=true
2018-12-02 22:21:36,305 check_required_field.pyc[line:46] INFO the post params is {}
2018-12-02 22:21:36,306 check_required_field.pyc[line:47] INFO the cookies is <RequestsCookieJar[<Cookie JSESSIONID_WORKSPACE=EApvQTfK7yNi8c1mJXOKdXvb3JBLOSmgM0ZJVN1jg6LJ9Geaxloz!962196520!1543759804362 for 221.226.253.51/>]>
2018-12-02 22:21:36,694 check_required_field.pyc[line:45] INFO the post url is http://221.226.253.51:5065/onlineGovQl/PubServiceYwController.do?findQlywMain=true
2018-12-02 22:21:36,694 check_required_field.pyc[line:46] INFO the post params is {u'B[YW_OPERATE][id]': u'', u'B[YW_OPERATE][text]': u'', u'B[YE_NAME]': u'', u'B[DEPT_YW_NUM]': u'', u'G_FW_RANGE[id]': u'', u'QL_DEPT[id]': u'JT1064', u'B[YE_FILENUM]': u'', u'G_FW_MODE[text]': u'', u'IF_AUDIT_TRANSFER[text]': u'\u5168\u90e8', u'QL_CODE': u'', u'QL_NAME': u'', u'G_FW_RANGE[text]': u'', u'NUM': u'', u'limit': u'-1', u'IF_AUDIT_TRANSFER[id]': u'all', u'QL_SHORT_NAME': u'', u'QL_DEPT[text]': u'\u4e39\u9633\u5e02\u4ea4\u901a\u8fd0\u8f93\u5c40', u'pageStart': u'1', u'QL_REG_NO': u'', u'B[TRANSACT_DEP]': u'', u'G_FW_MODE[id]': u''}
2018-12-02 22:21:36,694 check_required_field.pyc[line:47] INFO the cookies is <RequestsCookieJar[<Cookie JSESSIONID_WORKSPACE=EApvQTfK7yNi8c1mJXOKdXvb3JBLOSmgM0ZJVN1jg6LJ9Geaxloz!962196520!1543759804362 for 221.226.253.51/>]>
2018-12-02 22:21:39,997 check_required_field.pyc[line:45] INFO the post url is http://221.226.253.51:5065/onlineGovQl/PubServiceYwController.do?findQlMain=true
2018-12-02 22:21:39,999 check_required_field.pyc[line:46] INFO the post params is {u'idt': u'6efa5eafdc1c4777be1eb0f4e098599f'}
2018-12-02 22:21:40,000 check_required_field.pyc[line:47] INFO the cookies is <RequestsCookieJar[<Cookie JSESSIONID_WORKSPACE=EApvQTfK7yNi8c1mJXOKdXvb3JBLOSmgM0ZJVN1jg6LJ9Geaxloz!962196520!1543759804362 for 221.226.253.51/>]>
2018-12-02 22:21:40,844 check_required_field.pyc[line:564] INFO 检查服务名称[城市公交、城乡公交行业信息服务]
2018-12-02 22:21:40,845 check_required_field.pyc[line:99] INFO 检查[服务内容]
2018-12-02 22:21:40,845 check_required_field.pyc[line:105] INFO 服务内容 is 为公众提供公交线路、站点、走向信息；
提供公交卡相关业务的咨询服务, type is text, value_range is 
2018-12-02 22:21:40,845 check_required_field.pyc[line:99] INFO 检查[服务领域]
2018-12-02 22:21:40,845 check_required_field.pyc[line:105] INFO 服务领域 is 25, type is radio, value_range is 1,2,3,4,5,6,7,8,9,10,11,12,13,14,15,16,17,18,19,20,21,22,23,24,25,26,27,28,29,30,31,32,33,34,35,99
2018-12-02 22:21:40,846 check_required_field.pyc[line:99] INFO 检查[服务方式]
2018-12-02 22:21:40,846 check_required_field.pyc[line:105] INFO 服务方式 is 2, type is radio, value_range is 1,2
2018-12-02 22:21:40,846 check_required_field.pyc[line:99] INFO 检查[服务依据]
2018-12-02 22:21:40,848 check_required_field.pyc[line:105] INFO 服务依据 is 《中华人民共和国政府信息公开条例》, type is text, value_range is 
2018-12-02 22:21:40,848 check_required_field.pyc[line:45] INFO the post url is http://221.226.253.51:5065/onlineGovQl/PubServiceYwController.do?findQlyw=true&start=aoData["iDisplayStart"]
2018-12-02 22:21:40,848 check_required_field.pyc[line:46] INFO the post params is {u'sSortDir': u'', u'idt': u'6efa5eafdc1c4777be1eb0f4e098599f', u'sEcho': u'1', u'limit': u'-1', u'iSortCol': u'', u'pageStart': u'1'}
2018-12-02 22:21:40,848 check_required_field.pyc[line:47] INFO the cookies is <RequestsCookieJar[<Cookie JSESSIONID_WORKSPACE=EApvQTfK7yNi8c1mJXOKdXvb3JBLOSmgM0ZJVN1jg6LJ9Geaxloz!962196520!1543759804362 for 221.226.253.51/>]>
2018-12-02 22:21:41,515 check_required_field.pyc[line:45] INFO the post url is http://221.226.253.51:5065/onlineGovQl/PubServiceYwController.do?findServiseData=true
2018-12-02 22:21:41,515 check_required_field.pyc[line:46] INFO the post params is {u'showTable': u'XK', u'idt': u'8ef25d6b352948e281624c29a182fa4c', u'idtlog': u'c54e424b6eb143faab6f954f00a1d2c7'}
2018-12-02 22:21:41,516 check_required_field.pyc[line:47] INFO the cookies is <RequestsCookieJar[<Cookie JSESSIONID_WORKSPACE=EApvQTfK7yNi8c1mJXOKdXvb3JBLOSmgM0ZJVN1jg6LJ9Geaxloz!962196520!1543759804362 for 221.226.253.51/>]>
2018-12-02 22:21:44,493 check_required_field.pyc[line:616] INFO 检查业务信息[城市公交、城乡公交行业信息服务]
2018-12-02 22:21:44,493 check_required_field.pyc[line:99] INFO 检查[办理地点]
2018-12-02 22:21:44,493 check_required_field.pyc[line:105] INFO 办理地点 is 丹阳市华阳路客运中心, type is text, value_range is 
2018-12-02 22:21:44,493 check_required_field.pyc[line:99] INFO 检查[工作时间]
2018-12-02 22:21:44,494 check_required_field.pyc[line:105] INFO 工作时间 is 夏季：上午8:30-11:30，下午14:30-18:00；冬季：上午8:30-11:30，下午14:00-17:30。, type is text, value_range is 
2018-12-02 22:21:44,494 check_required_field.pyc[line:99] INFO 检查[经办机构（处室）]
2018-12-02 22:21:44,494 check_required_field.pyc[line:105] INFO 经办机构（处室） is 丹阳公共交通公司, type is text, value_range is 
2018-12-02 22:21:44,496 check_required_field.pyc[line:99] INFO 检查[数量限制]
2018-12-02 22:21:44,496 check_required_field.pyc[line:105] INFO 数量限制 is 1, type is radio, value_range is 1,2
2018-12-02 22:21:44,496 check_required_field.pyc[line:99] INFO 检查[服务对象]
2018-12-02 22:21:44,496 check_required_field.pyc[line:105] INFO 服务对象 is 1,2,3, type is checkbox, value_range is 1,2,3
2018-12-02 22:21:44,496 check_required_field.pyc[line:99] INFO 检查[业务名称]
2018-12-02 22:21:44,496 check_required_field.pyc[line:105] INFO 业务名称 is 城市公交、城乡公交行业信息服务, type is text, value_range is 
2018-12-02 22:21:44,497 check_required_field.pyc[line:99] INFO 检查[承办机构]
2018-12-02 22:21:44,497 check_required_field.pyc[line:105] INFO 承办机构 is 丹阳市交通运输局, type is text, value_range is 
2018-12-02 22:21:44,497 check_required_field.pyc[line:99] INFO 检查[监督投诉方式]
2018-12-02 22:21:44,499 check_required_field.pyc[line:105] INFO 监督投诉方式 is （0511）86519898, type is text, value_range is 
2018-12-02 22:21:44,499 check_required_field.pyc[line:99] INFO 检查[咨询方式]
2018-12-02 22:21:44,499 check_required_field.pyc[line:105] INFO 咨询方式 is （0511）86519898, type is text, value_range is 
2018-12-02 22:21:44,500 check_required_field.pyc[line:45] INFO the post url is http://221.226.253.51:5065/onlineGovQl/PubServiceYwController.do?findQlMain=true
2018-12-02 22:21:44,500 check_required_field.pyc[line:46] INFO the post params is {u'idt': u'28523af5cf324d56ad4cc282ad3246d3'}
2018-12-02 22:21:44,500 check_required_field.pyc[line:47] INFO the cookies is <RequestsCookieJar[<Cookie JSESSIONID_WORKSPACE=EApvQTfK7yNi8c1mJXOKdXvb3JBLOSmgM0ZJVN1jg6LJ9Geaxloz!962196520!1543759804362 for 221.226.253.51/>]>
2018-12-02 22:21:47,230 check_required_field.pyc[line:564] INFO 检查服务名称[道路运输行业信息服务]
2018-12-02 22:21:47,230 check_required_field.pyc[line:99] INFO 检查[服务内容]
2018-12-02 22:21:47,232 check_required_field.pyc[line:105] INFO 服务内容 is 提供我市道路运输经营者、营运车辆、从业人员等行业信息查询服务，及时发布我市行业最新动态信息、政策法规、公告公示等内容。, type is text, value_range is 
2018-12-02 22:21:47,232 check_required_field.pyc[line:99] INFO 检查[服务领域]
2018-12-02 22:21:47,233 check_required_field.pyc[line:105] INFO 服务领域 is 25, type is radio, value_range is 1,2,3,4,5,6,7,8,9,10,11,12,13,14,15,16,17,18,19,20,21,22,23,24,25,26,27,28,29,30,31,32,33,34,35,99
2018-12-02 22:21:47,236 check_required_field.pyc[line:99] INFO 检查[服务方式]
2018-12-02 22:21:47,239 check_required_field.pyc[line:105] INFO 服务方式 is 2, type is radio, value_range is 1,2
2018-12-02 22:21:47,240 check_required_field.pyc[line:99] INFO 检查[服务依据]
2018-12-02 22:21:47,243 check_required_field.pyc[line:105] INFO 服务依据 is 《江苏省道路运输条例》（2012年江苏省人大常委会第123号公告）第十四条 道路运输管理机构应当加强道路运输公共信息服务，建立管理信息系统，实现与相关服务系统的互联互通，并定期向社会发布有关运输信息。, type is text, value_range is 
2018-12-02 22:21:47,244 check_required_field.pyc[line:45] INFO the post url is http://221.226.253.51:5065/onlineGovQl/PubServiceYwController.do?findQlyw=true&start=aoData["iDisplayStart"]
2018-12-02 22:21:47,246 check_required_field.pyc[line:46] INFO the post params is {u'sSortDir': u'', u'idt': u'28523af5cf324d56ad4cc282ad3246d3', u'sEcho': u'1', u'limit': u'-1', u'iSortCol': u'', u'pageStart': u'1'}
2018-12-02 22:21:47,246 check_required_field.pyc[line:47] INFO the cookies is <RequestsCookieJar[<Cookie JSESSIONID_WORKSPACE=EApvQTfK7yNi8c1mJXOKdXvb3JBLOSmgM0ZJVN1jg6LJ9Geaxloz!962196520!1543759804362 for 221.226.253.51/>]>
2018-12-02 22:21:48,332 check_required_field.pyc[line:45] INFO the post url is http://221.226.253.51:5065/onlineGovQl/PubServiceYwController.do?findServiseData=true
2018-12-02 22:21:48,332 check_required_field.pyc[line:46] INFO the post params is {u'showTable': u'XK', u'idt': u'c5ba58481f174255a3a513a822b68648', u'idtlog': u'a162f01894ea4487aef0c2df6ca0a354'}
2018-12-02 22:21:48,332 check_required_field.pyc[line:47] INFO the cookies is <RequestsCookieJar[<Cookie JSESSIONID_WORKSPACE=EApvQTfK7yNi8c1mJXOKdXvb3JBLOSmgM0ZJVN1jg6LJ9Geaxloz!962196520!1543759804362 for 221.226.253.51/>]>
2018-12-02 22:21:51,375 check_required_field.pyc[line:616] INFO 检查业务信息[道路运输行业信息服务]
2018-12-02 22:21:51,377 check_required_field.pyc[line:99] INFO 检查[办理地点]
2018-12-02 22:21:51,377 check_required_field.pyc[line:105] INFO 办理地点 is 丹阳市机场路66号, type is text, value_range is 
2018-12-02 22:21:51,378 check_required_field.pyc[line:99] INFO 检查[工作时间]
2018-12-02 22:21:51,378 check_required_field.pyc[line:105] INFO 工作时间 is 夏季：上午8:30-11:30，下午14:30-18:00；冬季：上午8:30-11:30，下午13:30-17:30。, type is text, value_range is 
2018-12-02 22:21:51,378 check_required_field.pyc[line:99] INFO 检查[经办机构（处室）]
2018-12-02 22:21:51,378 check_required_field.pyc[line:105] INFO 经办机构（处室） is 丹阳市交通运输管理处, type is text, value_range is 
2018-12-02 22:21:51,378 check_required_field.pyc[line:99] INFO 检查[数量限制]
2018-12-02 22:21:51,378 check_required_field.pyc[line:105] INFO 数量限制 is 1, type is radio, value_range is 1,2
2018-12-02 22:21:51,380 check_required_field.pyc[line:99] INFO 检查[服务对象]
2018-12-02 22:21:51,380 check_required_field.pyc[line:105] INFO 服务对象 is 1,2,3, type is checkbox, value_range is 1,2,3
2018-12-02 22:21:51,380 check_required_field.pyc[line:99] INFO 检查[业务名称]
2018-12-02 22:21:51,381 check_required_field.pyc[line:105] INFO 业务名称 is 道路运输行业信息服务, type is text, value_range is 
2018-12-02 22:21:51,381 check_required_field.pyc[line:99] INFO 检查[承办机构]
2018-12-02 22:21:51,381 check_required_field.pyc[line:105] INFO 承办机构 is 丹阳市交通运输局, type is text, value_range is 
2018-12-02 22:21:51,381 check_required_field.pyc[line:99] INFO 检查[监督投诉方式]
2018-12-02 22:21:51,381 check_required_field.pyc[line:105] INFO 监督投诉方式 is （0511）12328、（0511）96196, type is text, value_range is 
2018-12-02 22:21:51,381 check_required_field.pyc[line:99] INFO 检查[咨询方式]
2018-12-02 22:21:51,382 check_required_field.pyc[line:105] INFO 咨询方式 is （0511）12328、（0511）96196, type is text, value_range is 
2018-12-02 22:21:51,382 check_required_field.pyc[line:45] INFO the post url is http://221.226.253.51:5065/onlineGovQl/PubServiceYwController.do?findQlMain=true
2018-12-02 22:21:51,382 check_required_field.pyc[line:46] INFO the post params is {u'idt': u'0c2ae90a04af447392530b5c95514374'}
2018-12-02 22:21:51,382 check_required_field.pyc[line:47] INFO the cookies is <RequestsCookieJar[<Cookie JSESSIONID_WORKSPACE=EApvQTfK7yNi8c1mJXOKdXvb3JBLOSmgM0ZJVN1jg6LJ9Geaxloz!962196520!1543759804362 for 221.226.253.51/>]>
2018-12-02 22:21:53,283 check_required_field.pyc[line:564] INFO 检查服务名称[通航水域水上突发事件应急救援]
2018-12-02 22:21:53,285 check_required_field.pyc[line:99] INFO 检查[服务内容]
2018-12-02 22:21:53,286 check_required_field.pyc[line:105] INFO 服务内容 is 遇险后，船舶应当采取自救互救措施；接警后，组织协调救援力量前往救助, type is text, value_range is 
2018-12-02 22:21:53,286 check_required_field.pyc[line:99] INFO 检查[服务领域]
2018-12-02 22:21:53,286 check_required_field.pyc[line:105] INFO 服务领域 is 25, type is radio, value_range is 1,2,3,4,5,6,7,8,9,10,11,12,13,14,15,16,17,18,19,20,21,22,23,24,25,26,27,28,29,30,31,32,33,34,35,99
2018-12-02 22:21:53,286 check_required_field.pyc[line:99] INFO 检查[服务方式]
2018-12-02 22:21:53,286 check_required_field.pyc[line:105] INFO 服务方式 is 1, type is radio, value_range is 1,2
2018-12-02 22:21:53,286 check_required_field.pyc[line:99] INFO 检查[服务依据]
2018-12-02 22:21:53,286 check_required_field.pyc[line:105] INFO 服务依据 is 1、《中华人民共和国突发事件应对法》“第四章应急处置与救援第四十八条突发事件发生后，履行统一领导职责或者组织处置突发事件的人民政府应当针对其性质、特点和危害程度，立即组织有关部门，调动应急救援队伍和社会力量，依照本章的规定和有关法律、法规、规章的规定采取应急处置措施。”；2、《中华人民共和国内河交通安全管理条例》“第七章救助第四十六条　船舶、浮动设施遇险，应当采取一切有效措施进行自救。船舶、浮动设施发生碰撞等事故，任何一方应当在不危及自身安全的情况下，积极救助遇险的他方，不得逃逸。船舶、浮动设施遇险，必须迅速将遇险的时间、地点、遇险状况、遇险原因、救助要求，向遇险地海事管理机构以及船舶、浮动设施所有人、经营人报告。第四十七条　船员、浮动设施上的工作人员或者其他人员发现其他船舶、浮动设施遇险，或者收到求救信号后，必须尽力救助遇险人员，并将有关情况及时向遇险地海事管理机构报告。第四十八条　海事管理机构收到船舶、浮动设施遇险求救信号或者报告后，必须立即组织力量救助遇险人员，同时向遇险地县级以上地方人民政府和上级海事管理机构报告。遇险地县级以上地方人民政府收到海事管理机构的报告后，应当对救助工作进行领导和协调，动员各方力量积极参与救助。第四十九条　船舶、浮动设施遇险时，有关部门和人员必须积极协助海事管理机构做好救助工作。遇险现场和附近的船舶、人员，必须服从海事管理机构的统一调度和指挥。；3、《江苏省水上搜救条例》。, type is text, value_range is 
2018-12-02 22:21:53,288 check_required_field.pyc[line:45] INFO the post url is http://221.226.253.51:5065/onlineGovQl/PubServiceYwController.do?findQlyw=true&start=aoData["iDisplayStart"]
2018-12-02 22:21:53,288 check_required_field.pyc[line:46] INFO the post params is {u'sSortDir': u'', u'idt': u'0c2ae90a04af447392530b5c95514374', u'sEcho': u'1', u'limit': u'-1', u'iSortCol': u'', u'pageStart': u'1'}
2018-12-02 22:21:53,288 check_required_field.pyc[line:47] INFO the cookies is <RequestsCookieJar[<Cookie JSESSIONID_WORKSPACE=EApvQTfK7yNi8c1mJXOKdXvb3JBLOSmgM0ZJVN1jg6LJ9Geaxloz!962196520!1543759804362 for 221.226.253.51/>]>
2018-12-02 22:21:54,288 check_required_field.pyc[line:45] INFO the post url is http://221.226.253.51:5065/onlineGovQl/PubServiceYwController.do?findServiseData=true
2018-12-02 22:21:54,289 check_required_field.pyc[line:46] INFO the post params is {u'showTable': u'XK', u'idt': u'070cb2702f1f4c65b1fc02219be07dbe', u'idtlog': u'1c9abddca6224189aba2aea432215089'}
2018-12-02 22:21:54,289 check_required_field.pyc[line:47] INFO the cookies is <RequestsCookieJar[<Cookie JSESSIONID_WORKSPACE=EApvQTfK7yNi8c1mJXOKdXvb3JBLOSmgM0ZJVN1jg6LJ9Geaxloz!962196520!1543759804362 for 221.226.253.51/>]>
2018-12-02 22:21:57,759 check_required_field.pyc[line:616] INFO 检查业务信息[通航水域水上突发事件应急救援]
2018-12-02 22:21:57,760 check_required_field.pyc[line:99] INFO 检查[办件类型]
2018-12-02 22:21:57,760 check_required_field.pyc[line:105] INFO 办件类型 is 即办件, type is radio, value_range is 承诺件,即办件
2018-12-02 22:21:57,762 check_required_field.pyc[line:99] INFO 检查[办理依据]
2018-12-02 22:21:57,762 check_required_field.pyc[line:105] INFO 办理依据 is 1、《中华人民共和国突发事件应对法》“第四章应急处置与救援第四十八条突发事件发生后，履行统一领导职责或者组织处置突发事件的人民政府应当针对其性质、特点和危害程度，立即组织有关部门，调动应急救援队伍和社会力量，依照本章的规定和有关法律、法规、规章的规定采取应急处置措施。”；2、《中华人民共和国内河交通安全管理条例》“第七章救助第四十六条　船舶、浮动设施遇险，应当采取一切有效措施进行自救。船舶、浮动设施发生碰撞等事故，任何一方应当在不危及自身安全的情况下，积极救助遇险的他方，不得逃逸。船舶、浮动设施遇险，必须迅速将遇险的时间、地点、遇险状况、遇险原因、救助要求，向遇险地海事管理机构以及船舶、浮动设施所有人、经营人报告。第四十七条　船员、浮动设施上的工作人员或者其他人员发现其他船舶、浮动设施遇险，或者收到求救信号后，必须尽力救助遇险人员，并将有关情况及时向遇险地海事管理机构报告。第四十八条　海事管理机构收到船舶、浮动设施遇险求救信号或者报告后，必须立即组织力量救助遇险人员，同时向遇险地县级以上地方人民政府和上级海事管理机构报告。遇险地县级以上地方人民政府收到海事管理机构的报告后，应当对救助工作进行领导和协调，动员各方力量积极参与救助。第四十九条　船舶、浮动设施遇险时，有关部门和人员必须积极协助海事管理机构做好救助工作。遇险现场和附近的船舶、人员，必须服从海事管理机构的统一调度和指挥。；3、《江苏省水上搜救条例》。, type is text, value_range is 
2018-12-02 22:21:57,762 check_required_field.pyc[line:99] INFO 检查[服务对象]
2018-12-02 22:21:57,763 check_required_field.pyc[line:105] INFO 服务对象 is 1,2,3, type is checkbox, value_range is 1,2,3
2018-12-02 22:21:57,763 check_required_field.pyc[line:99] INFO 检查[经办机构（处室）]
2018-12-02 22:21:57,763 check_required_field.pyc[line:105] INFO 经办机构（处室） is 丹阳市地方海事处, type is text, value_range is 
2018-12-02 22:21:57,763 check_required_field.pyc[line:99] INFO 检查[监督投诉方式]
2018-12-02 22:21:57,765 check_required_field.pyc[line:105] INFO 监督投诉方式 is （0511）12395；（0511)-86812395, type is text, value_range is 
2018-12-02 22:21:57,766 check_required_field.pyc[line:99] INFO 检查[办理地点]
2018-12-02 22:21:57,769 check_required_field.pyc[line:105] INFO 办理地点 is 在丹阳市内河（长江除外）通航水域发生的水上突发事件均可提供服务, type is text, value_range is 
2018-12-02 22:21:57,770 check_required_field.pyc[line:99] INFO 检查[工作时间]
2018-12-02 22:21:57,773 check_required_field.pyc[line:105] INFO 工作时间 is 全年24小时服务, type is text, value_range is 
2018-12-02 22:21:57,775 check_required_field.pyc[line:99] INFO 检查[数量限制]
2018-12-02 22:21:57,776 check_required_field.pyc[line:105] INFO 数量限制 is 1, type is radio, value_range is 1,2
2018-12-02 22:21:57,778 check_required_field.pyc[line:99] INFO 检查[是否收费]
2018-12-02 22:21:57,778 check_required_field.pyc[line:105] INFO 是否收费 is 0, type is radio, value_range is 0,1
2018-12-02 22:21:57,778 check_required_field.pyc[line:99] INFO 检查[咨询方式]
2018-12-02 22:21:57,779 check_required_field.pyc[line:105] INFO 咨询方式 is （0511）12395；（0511)-86812395, type is text, value_range is 
2018-12-02 22:21:57,779 check_required_field.pyc[line:99] INFO 检查[在线办理网址]
2018-12-02 22:21:57,779 check_required_field.pyc[line:105] INFO 在线办理网址 is 无, type is text, value_range is 
2018-12-02 22:21:57,779 check_required_field.pyc[line:99] INFO 检查[业务名称]
2018-12-02 22:21:57,779 check_required_field.pyc[line:105] INFO 业务名称 is 通航水域水上突发事件应急救援, type is text, value_range is 
2018-12-02 22:21:57,779 check_required_field.pyc[line:99] INFO 检查[承办机构]
2018-12-02 22:21:57,779 check_required_field.pyc[line:105] INFO 承办机构 is 丹阳市交通运输局, type is text, value_range is 
2018-12-02 22:21:57,780 check_required_field.pyc[line:99] INFO 检查[到现场次数]
2018-12-02 22:21:57,780 check_required_field.pyc[line:105] INFO 到现场次数 is 0, type is radio, value_range is 0,1,2,99
2018-12-02 22:21:57,780 check_required_field.pyc[line:45] INFO the post url is http://221.226.253.51:5065/onlineGovQl/PubServiceYwController.do?findQlMain=true
2018-12-02 22:21:57,782 check_required_field.pyc[line:46] INFO the post params is {u'idt': u'ca82eed2de28440081607c7ebe400034'}
2018-12-02 22:21:57,782 check_required_field.pyc[line:47] INFO the cookies is <RequestsCookieJar[<Cookie JSESSIONID_WORKSPACE=EApvQTfK7yNi8c1mJXOKdXvb3JBLOSmgM0ZJVN1jg6LJ9Geaxloz!962196520!1543759804362 for 221.226.253.51/>]>
2018-12-02 22:21:58,778 check_required_field.pyc[line:564] INFO 检查服务名称[依申请公开]
2018-12-02 22:21:58,778 check_required_field.pyc[line:99] INFO 检查[服务内容]
2018-12-02 22:21:58,779 check_required_field.pyc[line:105] INFO 服务内容 is 公民、法人和其他组织需要我单位提供主动公开以外的交通政务信息，可以向我单位申请获取。依申请提供信息时，根据掌握该信息的实际状态进行提供，不对信息进行加工、统计、研究、分析或者其他处理, type is text, value_range is 
2018-12-02 22:21:58,779 check_required_field.pyc[line:99] INFO 检查[服务领域]
2018-12-02 22:21:58,779 check_required_field.pyc[line:105] INFO 服务领域 is 25, type is radio, value_range is 1,2,3,4,5,6,7,8,9,10,11,12,13,14,15,16,17,18,19,20,21,22,23,24,25,26,27,28,29,30,31,32,33,34,35,99
2018-12-02 22:21:58,779 check_required_field.pyc[line:99] INFO 检查[服务方式]
2018-12-02 22:21:58,779 check_required_field.pyc[line:105] INFO 服务方式 is 1, type is radio, value_range is 1,2
2018-12-02 22:21:58,779 check_required_field.pyc[line:99] INFO 检查[服务依据]
2018-12-02 22:21:58,780 check_required_field.pyc[line:105] INFO 服务依据 is 《中华人民共和国行政许可法》
《中华人民共和国政府信息公开条例》
《中央办公厅、国务院办公厅关于进一步推行政务公开的意见》（中办发〔2005〕12号）
《政府信息公开目录》
《镇江市交通运输局政府信息公开工作依申请公开制度》, type is text, value_range is 
2018-12-02 22:21:58,780 check_required_field.pyc[line:45] INFO the post url is http://221.226.253.51:5065/onlineGovQl/PubServiceYwController.do?findQlyw=true&start=aoData["iDisplayStart"]
2018-12-02 22:21:58,780 check_required_field.pyc[line:46] INFO the post params is {u'sSortDir': u'', u'idt': u'ca82eed2de28440081607c7ebe400034', u'sEcho': u'1', u'limit': u'-1', u'iSortCol': u'', u'pageStart': u'1'}
2018-12-02 22:21:58,782 check_required_field.pyc[line:47] INFO the cookies is <RequestsCookieJar[<Cookie JSESSIONID_WORKSPACE=EApvQTfK7yNi8c1mJXOKdXvb3JBLOSmgM0ZJVN1jg6LJ9Geaxloz!962196520!1543759804362 for 221.226.253.51/>]>
2018-12-02 22:22:00,309 check_required_field.pyc[line:45] INFO the post url is http://221.226.253.51:5065/onlineGovQl/PubServiceYwController.do?findServiseData=true
2018-12-02 22:22:00,315 check_required_field.pyc[line:46] INFO the post params is {u'showTable': u'XK', u'idt': u'ef2a9719dc264a2fbc50b2d03d51cb2d', u'idtlog': u'3edf7f56c3b44399840f53061bff752f'}
2018-12-02 22:22:00,322 check_required_field.pyc[line:47] INFO the cookies is <RequestsCookieJar[<Cookie JSESSIONID_WORKSPACE=EApvQTfK7yNi8c1mJXOKdXvb3JBLOSmgM0ZJVN1jg6LJ9Geaxloz!962196520!1543759804362 for 221.226.253.51/>]>
2018-12-02 22:22:03,240 check_required_field.pyc[line:616] INFO 检查业务信息[依申请公开]
2018-12-02 22:22:03,240 check_required_field.pyc[line:99] INFO 检查[办件类型]
2018-12-02 22:22:03,240 check_required_field.pyc[line:105] INFO 办件类型 is 承诺件, type is radio, value_range is 承诺件,即办件
2018-12-02 22:22:03,240 check_required_field.pyc[line:99] INFO 检查[办理依据]
2018-12-02 22:22:03,242 check_required_field.pyc[line:105] INFO 办理依据 is 《中华人民共和国行政许可法》
《中华人民共和国政府信息公开条例》
《中央办公厅、国务院办公厅关于进一步推行政务公开的意见》（中办发〔2005〕12号）
《政府信息公开目录》
《镇江市交通运输局政府信息公开工作依申请公开制度》, type is text, value_range is 
2018-12-02 22:22:03,242 check_required_field.pyc[line:99] INFO 检查[服务对象]
2018-12-02 22:22:03,242 check_required_field.pyc[line:105] INFO 服务对象 is 1,2,3, type is checkbox, value_range is 1,2,3
2018-12-02 22:22:03,242 check_required_field.pyc[line:99] INFO 检查[经办机构（处室）]
2018-12-02 22:22:03,243 check_required_field.pyc[line:105] INFO 经办机构（处室） is 丹阳市交通运输局宣教科, type is text, value_range is 
2018-12-02 22:22:03,243 check_required_field.pyc[line:99] INFO 检查[监督投诉方式]
2018-12-02 22:22:03,243 check_required_field.pyc[line:105] INFO 监督投诉方式 is （0511）86570098，（0511）86570303, type is text, value_range is 
2018-12-02 22:22:03,243 check_required_field.pyc[line:99] INFO 检查[办理地点]
2018-12-02 22:22:03,243 check_required_field.pyc[line:105] INFO 办理地点 is 中国丹阳门户网站, type is text, value_range is 
2018-12-02 22:22:03,243 check_required_field.pyc[line:99] INFO 检查[工作时间]
2018-12-02 22:22:03,244 check_required_field.pyc[line:105] INFO 工作时间 is 每周一至周五上午8：30-11：30，下午14：00-18：00（法定节假日除外）, type is text, value_range is 
2018-12-02 22:22:03,244 check_required_field.pyc[line:99] INFO 检查[数量限制]
2018-12-02 22:22:03,246 check_required_field.pyc[line:105] INFO 数量限制 is 1, type is radio, value_range is 1,2
2018-12-02 22:22:03,246 check_required_field.pyc[line:99] INFO 检查[是否收费]
2018-12-02 22:22:03,246 check_required_field.pyc[line:105] INFO 是否收费 is 0, type is radio, value_range is 0,1
2018-12-02 22:22:03,246 check_required_field.pyc[line:99] INFO 检查[咨询方式]
2018-12-02 22:22:03,246 check_required_field.pyc[line:105] INFO 咨询方式 is （0511）86570098，（0511）86570303, type is text, value_range is 
2018-12-02 22:22:03,246 check_required_field.pyc[line:99] INFO 检查[在线办理网址]
2018-12-02 22:22:03,246 check_required_field.pyc[line:105] INFO 在线办理网址 is http://www.danyang.gov.cn/, type is text, value_range is 
2018-12-02 22:22:03,247 check_required_field.pyc[line:99] INFO 检查[业务名称]
2018-12-02 22:22:03,247 check_required_field.pyc[line:105] INFO 业务名称 is 依申请公开, type is text, value_range is 
2018-12-02 22:22:03,247 check_required_field.pyc[line:99] INFO 检查[承办机构]
2018-12-02 22:22:03,249 check_required_field.pyc[line:105] INFO 承办机构 is 丹阳市交通运输局, type is text, value_range is 
2018-12-02 22:22:03,249 check_required_field.pyc[line:99] INFO 检查[到现场次数]
2018-12-02 22:22:03,249 check_required_field.pyc[line:105] INFO 到现场次数 is 0, type is radio, value_range is 0,1,2,99
2018-12-02 22:22:03,250 check_required_field.pyc[line:45] INFO the post url is http://221.226.253.51:5065/onlineGovQl/PubServiceYwController.do?findQlMain=true
2018-12-02 22:22:03,250 check_required_field.pyc[line:46] INFO the post params is {u'idt': u'1847b8f0add24e41a11c312681e4cecc'}
2018-12-02 22:22:03,250 check_required_field.pyc[line:47] INFO the cookies is <RequestsCookieJar[<Cookie JSESSIONID_WORKSPACE=EApvQTfK7yNi8c1mJXOKdXvb3JBLOSmgM0ZJVN1jg6LJ9Geaxloz!962196520!1543759804362 for 221.226.253.51/>]>
2018-12-02 22:22:06,134 check_required_field.pyc[line:564] INFO 检查服务名称[政策解读与回应关切]
2018-12-02 22:22:06,134 check_required_field.pyc[line:99] INFO 检查[服务内容]
2018-12-02 22:22:06,134 check_required_field.pyc[line:105] INFO 服务内容 is 发布政策法规及相关解读信息，回应网上业务咨询及投诉类信息, type is text, value_range is 
2018-12-02 22:22:06,134 check_required_field.pyc[line:99] INFO 检查[服务领域]
2018-12-02 22:22:06,134 check_required_field.pyc[line:105] INFO 服务领域 is 25, type is radio, value_range is 1,2,3,4,5,6,7,8,9,10,11,12,13,14,15,16,17,18,19,20,21,22,23,24,25,26,27,28,29,30,31,32,33,34,35,99
2018-12-02 22:22:06,134 check_required_field.pyc[line:99] INFO 检查[服务方式]
2018-12-02 22:22:06,135 check_required_field.pyc[line:105] INFO 服务方式 is 2, type is radio, value_range is 1,2
2018-12-02 22:22:06,135 check_required_field.pyc[line:99] INFO 检查[服务依据]
2018-12-02 22:22:06,135 check_required_field.pyc[line:105] INFO 服务依据 is 《中华人民共和国政府信息公开条例》
《中央办公厅、国务院办公厅关于进一步推行政务公开的意见》（中办发〔2005〕12号）
《政府信息公开目录》, type is text, value_range is 
2018-12-02 22:22:06,137 check_required_field.pyc[line:45] INFO the post url is http://221.226.253.51:5065/onlineGovQl/PubServiceYwController.do?findQlyw=true&start=aoData["iDisplayStart"]
2018-12-02 22:22:06,137 check_required_field.pyc[line:46] INFO the post params is {u'sSortDir': u'', u'idt': u'1847b8f0add24e41a11c312681e4cecc', u'sEcho': u'1', u'limit': u'-1', u'iSortCol': u'', u'pageStart': u'1'}
2018-12-02 22:22:06,137 check_required_field.pyc[line:47] INFO the cookies is <RequestsCookieJar[<Cookie JSESSIONID_WORKSPACE=EApvQTfK7yNi8c1mJXOKdXvb3JBLOSmgM0ZJVN1jg6LJ9Geaxloz!962196520!1543759804362 for 221.226.253.51/>]>
2018-12-02 22:22:07,115 check_required_field.pyc[line:45] INFO the post url is http://221.226.253.51:5065/onlineGovQl/PubServiceYwController.do?findServiseData=true
2018-12-02 22:22:07,117 check_required_field.pyc[line:46] INFO the post params is {u'showTable': u'XK', u'idt': u'c08ff36d0a1a473499254bce2f0798ad', u'idtlog': u'1067ac45f809482a9906ae82871625f2'}
2018-12-02 22:22:07,117 check_required_field.pyc[line:47] INFO the cookies is <RequestsCookieJar[<Cookie JSESSIONID_WORKSPACE=EApvQTfK7yNi8c1mJXOKdXvb3JBLOSmgM0ZJVN1jg6LJ9Geaxloz!962196520!1543759804362 for 221.226.253.51/>]>
2018-12-02 22:22:10,148 check_required_field.pyc[line:616] INFO 检查业务信息[政策解读与回应关切]
2018-12-02 22:22:10,148 check_required_field.pyc[line:99] INFO 检查[办理地点]
2018-12-02 22:22:10,150 check_required_field.pyc[line:105] INFO 办理地点 is 中国丹阳门户网站, type is text, value_range is 
2018-12-02 22:22:10,150 check_required_field.pyc[line:99] INFO 检查[工作时间]
2018-12-02 22:22:10,150 check_required_field.pyc[line:105] INFO 工作时间 is 每周一至周五上午8:30-11:30,下午14：00-17：30（法定节假日除外）, type is text, value_range is 
2018-12-02 22:22:10,151 check_required_field.pyc[line:99] INFO 检查[经办机构（处室）]
2018-12-02 22:22:10,151 check_required_field.pyc[line:105] INFO 经办机构（处室） is 丹阳市交通运输局宣教科, type is text, value_range is 
2018-12-02 22:22:10,151 check_required_field.pyc[line:99] INFO 检查[数量限制]
2018-12-02 22:22:10,151 check_required_field.pyc[line:105] INFO 数量限制 is 1, type is radio, value_range is 1,2
2018-12-02 22:22:10,151 check_required_field.pyc[line:99] INFO 检查[服务对象]
2018-12-02 22:22:10,151 check_required_field.pyc[line:105] INFO 服务对象 is 1,2,3, type is checkbox, value_range is 1,2,3
2018-12-02 22:22:10,153 check_required_field.pyc[line:99] INFO 检查[业务名称]
2018-12-02 22:22:10,153 check_required_field.pyc[line:105] INFO 业务名称 is 政策解读与回应关切, type is text, value_range is 
2018-12-02 22:22:10,153 check_required_field.pyc[line:99] INFO 检查[承办机构]
2018-12-02 22:22:10,154 check_required_field.pyc[line:105] INFO 承办机构 is 丹阳市交通运输局, type is text, value_range is 
2018-12-02 22:22:10,154 check_required_field.pyc[line:99] INFO 检查[监督投诉方式]
2018-12-02 22:22:10,154 check_required_field.pyc[line:105] INFO 监督投诉方式 is （0511）86570098，（0511）86570303, type is text, value_range is 
2018-12-02 22:22:10,154 check_required_field.pyc[line:99] INFO 检查[咨询方式]
2018-12-02 22:22:10,154 check_required_field.pyc[line:105] INFO 咨询方式 is （0511）86570098，（0511）86570303, type is text, value_range is 
2018-12-02 22:22:10,154 check_required_field.pyc[line:643] INFO []
2018-12-02 22:22:10,154 check_required_field.pyc[line:63] INFO the get url is http://221.226.253.51:5065/onlineGovQl/j_spring_security_logout
2018-12-02 22:22:10,155 check_required_field.pyc[line:64] INFO the cookies is <RequestsCookieJar[<Cookie JSESSIONID_WORKSPACE=EApvQTfK7yNi8c1mJXOKdXvb3JBLOSmgM0ZJVN1jg6LJ9Geaxloz!962196520!1543759804362 for 221.226.253.51/>]>
