2018-12-02 22:21:36,298 check_required_field.pyc[line:647] INFO start to check username LS1074_LR
2018-12-02 22:21:36,298 check_required_field.pyc[line:45] INFO the post url is http://221.226.253.51:5065/onlineGovQl/j_spring_security_check
2018-12-02 22:21:36,298 check_required_field.pyc[line:46] INFO the post params is {u'jsu': u'LS1074_LR', u'jsp': 'e10adc3949ba59abbe56e057f20f883e', u'jOrgNo': u''}
2018-12-02 22:21:36,299 check_required_field.pyc[line:47] INFO the cookies is <RequestsCookieJar[]>
2018-12-02 22:21:40,436 check_required_field.pyc[line:45] INFO the post url is http://221.226.253.51:5065/onlineGovQl/UserController.do?findAdmin=true
2018-12-02 22:21:40,437 check_required_field.pyc[line:46] INFO the post params is {}
2018-12-02 22:21:40,437 check_required_field.pyc[line:47] INFO the cookies is <RequestsCookieJar[<Cookie JSESSIONID_WORKSPACE=HaRvQUJHBCMM50Ex5ISEk856kr2X6ImCPfQXWsy-1SFHsh2H7y-8!962196520!1543759807047 for 221.226.253.51/>]>
2018-12-02 22:21:41,378 check_required_field.pyc[line:45] INFO the post url is http://221.226.253.51:5065/onlineGovQl/PubServiceYwController.do?findQlywMain=true
2018-12-02 22:21:41,378 check_required_field.pyc[line:46] INFO the post params is {u'B[YW_OPERATE][id]': u'', u'B[YW_OPERATE][text]': u'', u'B[YE_NAME]': u'', u'B[DEPT_YW_NUM]': u'', u'G_FW_RANGE[id]': u'', u'QL_DEPT[id]': u'LS1074', u'B[YE_FILENUM]': u'', u'G_FW_MODE[text]': u'', u'IF_AUDIT_TRANSFER[text]': u'\u5168\u90e8', u'QL_CODE': u'', u'QL_NAME': u'', u'G_FW_RANGE[text]': u'', u'NUM': u'', u'limit': u'-1', u'IF_AUDIT_TRANSFER[id]': u'all', u'QL_SHORT_NAME': u'', u'QL_DEPT[text]': u'\u4e39\u9633\u5e02\u7cae\u98df\u5c40', u'pageStart': u'1', u'QL_REG_NO': u'', u'B[TRANSACT_DEP]': u'', u'G_FW_MODE[id]': u''}
2018-12-02 22:21:41,378 check_required_field.pyc[line:47] INFO the cookies is <RequestsCookieJar[<Cookie JSESSIONID_WORKSPACE=HaRvQUJHBCMM50Ex5ISEk856kr2X6ImCPfQXWsy-1SFHsh2H7y-8!962196520!1543759807047 for 221.226.253.51/>]>
2018-12-02 22:21:44,948 check_required_field.pyc[line:45] INFO the post url is http://221.226.253.51:5065/onlineGovQl/PubServiceYwController.do?findQlMain=true
2018-12-02 22:21:44,948 check_required_field.pyc[line:46] INFO the post params is {u'idt': u'2cab1207002c47b6af57e7ecf8869ca5'}
2018-12-02 22:21:44,948 check_required_field.pyc[line:47] INFO the cookies is <RequestsCookieJar[<Cookie JSESSIONID_WORKSPACE=HaRvQUJHBCMM50Ex5ISEk856kr2X6ImCPfQXWsy-1SFHsh2H7y-8!962196520!1543759807047 for 221.226.253.51/>]>
2018-12-02 22:21:47,316 check_required_field.pyc[line:564] INFO 检查服务名称[粮食供求形势的监测和预警分析]
2018-12-02 22:21:47,318 check_required_field.pyc[line:99] INFO 检查[服务内容]
2018-12-02 22:21:47,318 check_required_field.pyc[line:105] INFO 服务内容 is 提供市内主要粮油品种供求关系以及政策措施等行情分析与预测预警。, type is text, value_range is 
2018-12-02 22:21:47,319 check_required_field.pyc[line:99] INFO 检查[服务领域]
2018-12-02 22:21:47,319 check_required_field.pyc[line:105] INFO 服务领域 is 16, type is radio, value_range is 1,2,3,4,5,6,7,8,9,10,11,12,13,14,15,16,17,18,19,20,21,22,23,24,25,26,27,28,29,30,31,32,33,34,35,99
2018-12-02 22:21:47,319 check_required_field.pyc[line:99] INFO 检查[服务方式]
2018-12-02 22:21:47,319 check_required_field.pyc[line:105] INFO 服务方式 is 2, type is radio, value_range is 1,2
2018-12-02 22:21:47,319 check_required_field.pyc[line:99] INFO 检查[服务依据]
2018-12-02 22:21:47,319 check_required_field.pyc[line:105] INFO 服务依据 is 《粮食流通管理条例》（2016年2月6日国务院令第666号《国务院关于修改部分行政法规的决定》）第二十八条“国务院发展改革部门及国家粮食行政管理部门会同农业、统计、产品质量监督等部门负责粮食市场供求形势的监测和预警分析，建立粮食供需抽查制度，发布粮食生产、消费、价格、质量等信息”。, type is text, value_range is 
2018-12-02 22:21:47,321 check_required_field.pyc[line:45] INFO the post url is http://221.226.253.51:5065/onlineGovQl/PubServiceYwController.do?findQlyw=true&start=aoData["iDisplayStart"]
2018-12-02 22:21:47,321 check_required_field.pyc[line:46] INFO the post params is {u'sSortDir': u'', u'idt': u'2cab1207002c47b6af57e7ecf8869ca5', u'sEcho': u'1', u'limit': u'-1', u'iSortCol': u'', u'pageStart': u'1'}
2018-12-02 22:21:47,321 check_required_field.pyc[line:47] INFO the cookies is <RequestsCookieJar[<Cookie JSESSIONID_WORKSPACE=HaRvQUJHBCMM50Ex5ISEk856kr2X6ImCPfQXWsy-1SFHsh2H7y-8!962196520!1543759807047 for 221.226.253.51/>]>
2018-12-02 22:21:48,256 check_required_field.pyc[line:45] INFO the post url is http://221.226.253.51:5065/onlineGovQl/PubServiceYwController.do?findServiseData=true
2018-12-02 22:21:48,257 check_required_field.pyc[line:46] INFO the post params is {u'showTable': u'XK', u'idt': u'93836ba7a2234c65b75c52d82ec27edd', u'idtlog': u'a08525743b234a1dab1f26aea0123e37'}
2018-12-02 22:21:48,257 check_required_field.pyc[line:47] INFO the cookies is <RequestsCookieJar[<Cookie JSESSIONID_WORKSPACE=HaRvQUJHBCMM50Ex5ISEk856kr2X6ImCPfQXWsy-1SFHsh2H7y-8!962196520!1543759807047 for 221.226.253.51/>]>
2018-12-02 22:21:50,019 check_required_field.pyc[line:616] INFO 检查业务信息[粮食供求形势的监测和预警分析]
2018-12-02 22:21:50,019 check_required_field.pyc[line:99] INFO 检查[办理地点]
2018-12-02 22:21:50,019 check_required_field.pyc[line:105] INFO 办理地点 is 丹阳市云阳路4号。, type is text, value_range is 
2018-12-02 22:21:50,019 check_required_field.pyc[line:99] INFO 检查[工作时间]
2018-12-02 22:21:50,019 check_required_field.pyc[line:105] INFO 工作时间 is 夏季：上午8:30-11:30，下午15:00-18:00；冬季：上午8:30-11:30，下午14:00-18:00。法定节假日除外, type is text, value_range is 
2018-12-02 22:21:50,019 check_required_field.pyc[line:99] INFO 检查[经办机构（处室）]
2018-12-02 22:21:50,019 check_required_field.pyc[line:105] INFO 经办机构（处室） is 购销调控科, type is text, value_range is 
2018-12-02 22:21:50,019 check_required_field.pyc[line:99] INFO 检查[数量限制]
2018-12-02 22:21:50,020 check_required_field.pyc[line:105] INFO 数量限制 is 1, type is radio, value_range is 1,2
2018-12-02 22:21:50,020 check_required_field.pyc[line:99] INFO 检查[服务对象]
2018-12-02 22:21:50,020 check_required_field.pyc[line:105] INFO 服务对象 is 1, type is checkbox, value_range is 1,2,3
2018-12-02 22:21:50,020 check_required_field.pyc[line:99] INFO 检查[业务名称]
2018-12-02 22:21:50,020 check_required_field.pyc[line:105] INFO 业务名称 is 粮食供求形势的监测和预警分析, type is text, value_range is 
2018-12-02 22:21:50,022 check_required_field.pyc[line:99] INFO 检查[承办机构]
2018-12-02 22:21:50,022 check_required_field.pyc[line:105] INFO 承办机构 is 丹阳市粮食局, type is text, value_range is 
2018-12-02 22:21:50,022 check_required_field.pyc[line:99] INFO 检查[监督投诉方式]
2018-12-02 22:21:50,022 check_required_field.pyc[line:105] INFO 监督投诉方式 is 0511-86529726, type is text, value_range is 
2018-12-02 22:21:50,022 check_required_field.pyc[line:99] INFO 检查[咨询方式]
2018-12-02 22:21:50,022 check_required_field.pyc[line:105] INFO 咨询方式 is 0511-86524872, type is text, value_range is 
2018-12-02 22:21:50,023 check_required_field.pyc[line:45] INFO the post url is http://221.226.253.51:5065/onlineGovQl/PubServiceYwController.do?findQlMain=true
2018-12-02 22:21:50,023 check_required_field.pyc[line:46] INFO the post params is {u'idt': u'f73f7051d6e14b09ae33c2218d3cf89d'}
2018-12-02 22:21:50,023 check_required_field.pyc[line:47] INFO the cookies is <RequestsCookieJar[<Cookie JSESSIONID_WORKSPACE=HaRvQUJHBCMM50Ex5ISEk856kr2X6ImCPfQXWsy-1SFHsh2H7y-8!962196520!1543759807047 for 221.226.253.51/>]>
2018-12-02 22:21:51,220 check_required_field.pyc[line:564] INFO 检查服务名称[粮食价格信息发布]
2018-12-02 22:21:51,220 check_required_field.pyc[line:99] INFO 检查[服务内容]
2018-12-02 22:21:51,221 check_required_field.pyc[line:105] INFO 服务内容 is 监测发布市内粮食收购价格信息、省内主要粮食批发市场批发价格信息和零售价格信息。, type is text, value_range is 
2018-12-02 22:21:51,221 check_required_field.pyc[line:99] INFO 检查[服务领域]
2018-12-02 22:21:51,221 check_required_field.pyc[line:105] INFO 服务领域 is 16, type is radio, value_range is 1,2,3,4,5,6,7,8,9,10,11,12,13,14,15,16,17,18,19,20,21,22,23,24,25,26,27,28,29,30,31,32,33,34,35,99
2018-12-02 22:21:51,223 check_required_field.pyc[line:99] INFO 检查[服务方式]
2018-12-02 22:21:51,223 check_required_field.pyc[line:105] INFO 服务方式 is 2, type is radio, value_range is 1,2
2018-12-02 22:21:51,223 check_required_field.pyc[line:99] INFO 检查[服务依据]
2018-12-02 22:21:51,223 check_required_field.pyc[line:105] INFO 服务依据 is 《粮食流通管理条例》（2016年2月6日国务院令第666号《国务院关于修改部分行政法规的决定》）第二十八条“国务院发展改革部门及国家粮食行政管理部门会同农业、统计、产品质量监督等部门负责粮食市场供求形势的监测和预警分析，建立粮食供需抽查制度，发布粮食生产、消费、价格、质量等信息”。, type is text, value_range is 
2018-12-02 22:21:51,223 check_required_field.pyc[line:45] INFO the post url is http://221.226.253.51:5065/onlineGovQl/PubServiceYwController.do?findQlyw=true&start=aoData["iDisplayStart"]
2018-12-02 22:21:51,223 check_required_field.pyc[line:46] INFO the post params is {u'sSortDir': u'', u'idt': u'f73f7051d6e14b09ae33c2218d3cf89d', u'sEcho': u'1', u'limit': u'-1', u'iSortCol': u'', u'pageStart': u'1'}
2018-12-02 22:21:51,224 check_required_field.pyc[line:47] INFO the cookies is <RequestsCookieJar[<Cookie JSESSIONID_WORKSPACE=HaRvQUJHBCMM50Ex5ISEk856kr2X6ImCPfQXWsy-1SFHsh2H7y-8!962196520!1543759807047 for 221.226.253.51/>]>
2018-12-02 22:21:52,339 check_required_field.pyc[line:45] INFO the post url is http://221.226.253.51:5065/onlineGovQl/PubServiceYwController.do?findServiseData=true
2018-12-02 22:21:52,339 check_required_field.pyc[line:46] INFO the post params is {u'showTable': u'XK', u'idt': u'4e6b7ae633c94b82a27a46a222412714', u'idtlog': u'a4bd7f2a1d084ed5815ba01802eef666'}
2018-12-02 22:21:52,341 check_required_field.pyc[line:47] INFO the cookies is <RequestsCookieJar[<Cookie JSESSIONID_WORKSPACE=HaRvQUJHBCMM50Ex5ISEk856kr2X6ImCPfQXWsy-1SFHsh2H7y-8!962196520!1543759807047 for 221.226.253.51/>]>
2018-12-02 22:21:54,207 check_required_field.pyc[line:616] INFO 检查业务信息[粮食价格信息发布]
2018-12-02 22:21:54,209 check_required_field.pyc[line:99] INFO 检查[办理地点]
2018-12-02 22:21:54,209 check_required_field.pyc[line:105] INFO 办理地点 is 丹阳市云阳路4号。, type is text, value_range is 
2018-12-02 22:21:54,209 check_required_field.pyc[line:99] INFO 检查[工作时间]
2018-12-02 22:21:54,210 check_required_field.pyc[line:105] INFO 工作时间 is 夏季：上午8:30-11:30，下午15:00-18:00；冬季：上午8:30-11:30，下午14:00-18:00。法定节假日除外, type is text, value_range is 
2018-12-02 22:21:54,210 check_required_field.pyc[line:99] INFO 检查[经办机构（处室）]
2018-12-02 22:21:54,210 check_required_field.pyc[line:105] INFO 经办机构（处室） is 购销调控科, type is text, value_range is 
2018-12-02 22:21:54,210 check_required_field.pyc[line:99] INFO 检查[数量限制]
2018-12-02 22:21:54,210 check_required_field.pyc[line:105] INFO 数量限制 is 1, type is radio, value_range is 1,2
2018-12-02 22:21:54,210 check_required_field.pyc[line:99] INFO 检查[服务对象]
2018-12-02 22:21:54,211 check_required_field.pyc[line:105] INFO 服务对象 is 1, type is checkbox, value_range is 1,2,3
2018-12-02 22:21:54,213 check_required_field.pyc[line:99] INFO 检查[业务名称]
2018-12-02 22:21:54,213 check_required_field.pyc[line:105] INFO 业务名称 is 粮食价格信息发布, type is text, value_range is 
2018-12-02 22:21:54,213 check_required_field.pyc[line:99] INFO 检查[承办机构]
2018-12-02 22:21:54,213 check_required_field.pyc[line:105] INFO 承办机构 is 丹阳市粮食局, type is text, value_range is 
2018-12-02 22:21:54,213 check_required_field.pyc[line:99] INFO 检查[监督投诉方式]
2018-12-02 22:21:54,213 check_required_field.pyc[line:105] INFO 监督投诉方式 is 0511-86529726, type is text, value_range is 
2018-12-02 22:21:54,214 check_required_field.pyc[line:99] INFO 检查[咨询方式]
2018-12-02 22:21:54,214 check_required_field.pyc[line:105] INFO 咨询方式 is 0511-86524872, type is text, value_range is 
2018-12-02 22:21:54,214 check_required_field.pyc[line:45] INFO the post url is http://221.226.253.51:5065/onlineGovQl/PubServiceYwController.do?findQlMain=true
2018-12-02 22:21:54,214 check_required_field.pyc[line:46] INFO the post params is {u'idt': u'6fa3a44418c24eae8130dcadd7309795'}
2018-12-02 22:21:54,216 check_required_field.pyc[line:47] INFO the cookies is <RequestsCookieJar[<Cookie JSESSIONID_WORKSPACE=HaRvQUJHBCMM50Ex5ISEk856kr2X6ImCPfQXWsy-1SFHsh2H7y-8!962196520!1543759807047 for 221.226.253.51/>]>
2018-12-02 22:21:55,089 check_required_field.pyc[line:564] INFO 检查服务名称[节粮减损宣传与技术推广]
2018-12-02 22:21:55,091 check_required_field.pyc[line:99] INFO 检查[服务内容]
2018-12-02 22:21:55,091 check_required_field.pyc[line:105] INFO 服务内容 is 指导农户和粮食仓储企业积极推广应用先进适用、绿色生态、低碳节能的科学储粮新技术。, type is text, value_range is 
2018-12-02 22:21:55,091 check_required_field.pyc[line:99] INFO 检查[服务领域]
2018-12-02 22:21:55,092 check_required_field.pyc[line:105] INFO 服务领域 is 12, type is radio, value_range is 1,2,3,4,5,6,7,8,9,10,11,12,13,14,15,16,17,18,19,20,21,22,23,24,25,26,27,28,29,30,31,32,33,34,35,99
2018-12-02 22:21:55,092 check_required_field.pyc[line:99] INFO 检查[服务方式]
2018-12-02 22:21:55,092 check_required_field.pyc[line:105] INFO 服务方式 is 2, type is radio, value_range is 1,2
2018-12-02 22:21:55,092 check_required_field.pyc[line:99] INFO 检查[服务依据]
2018-12-02 22:21:55,092 check_required_field.pyc[line:105] INFO 服务依据 is 《粮食流通管理条例》（2016年2月6日国务院令第666号《国务院关于修改部分行政法规的决定》）第六条“国务院发展改革部门及国家粮食行政管理部门负责全国粮食的总量平衡、宏观调控和重要粮食品种的结构调整以及粮食流通的中长期规划；国家粮食行政管理部门负责粮食流通的行政管理、行业指导，监督有关粮食流通的法律、法规、政策及各项规章制度的执行。
国务院工商行政管理、产品质量监督、卫生、价格等部门在各自的职责范围内负责与粮食流通有关的工作。省、自治区、直辖市人民政府在国家宏观调控下，按照粮食省长负责制的要求，负责本地区粮食的总量平衡和地方储备粮的管理。县级以上地方人民政府粮食行政管理部门负责本地区粮食流通的行政管理、行业指导；县级以上地方人民政府工商行政管理、产品质量监督、卫生、价格等部门在各自的职责范围内负责与粮食流通有关的工作”。
《江苏省地方储备粮管理办法》(省政府令第106号)第十七条“承储企业储存地方储备粮，应当按照国家和省有关规定，对地方储备粮实行专仓储存、专人保管，保证地方储备粮数量真实、质量良好、储存安全；建立地方储备粮台账，及时反映分品种、分库点、分仓位、分年限的地方储备粮数量和成本，做到账账相符、账实相符”。, type is text, value_range is 
2018-12-02 22:21:55,092 check_required_field.pyc[line:45] INFO the post url is http://221.226.253.51:5065/onlineGovQl/PubServiceYwController.do?findQlyw=true&start=aoData["iDisplayStart"]
2018-12-02 22:21:55,094 check_required_field.pyc[line:46] INFO the post params is {u'sSortDir': u'', u'idt': u'6fa3a44418c24eae8130dcadd7309795', u'sEcho': u'1', u'limit': u'-1', u'iSortCol': u'', u'pageStart': u'1'}
2018-12-02 22:21:55,094 check_required_field.pyc[line:47] INFO the cookies is <RequestsCookieJar[<Cookie JSESSIONID_WORKSPACE=HaRvQUJHBCMM50Ex5ISEk856kr2X6ImCPfQXWsy-1SFHsh2H7y-8!962196520!1543759807047 for 221.226.253.51/>]>
2018-12-02 22:21:55,894 check_required_field.pyc[line:45] INFO the post url is http://221.226.253.51:5065/onlineGovQl/PubServiceYwController.do?findServiseData=true
2018-12-02 22:21:55,895 check_required_field.pyc[line:46] INFO the post params is {u'showTable': u'XK', u'idt': u'6e20aab459534ffbbbd0f687c26bb3a3', u'idtlog': u'a0057e87746a4c349d0f68f1da07b240'}
2018-12-02 22:21:55,895 check_required_field.pyc[line:47] INFO the cookies is <RequestsCookieJar[<Cookie JSESSIONID_WORKSPACE=HaRvQUJHBCMM50Ex5ISEk856kr2X6ImCPfQXWsy-1SFHsh2H7y-8!962196520!1543759807047 for 221.226.253.51/>]>
2018-12-02 22:21:58,594 check_required_field.pyc[line:616] INFO 检查业务信息[节粮减损宣传与技术推广]
2018-12-02 22:21:58,594 check_required_field.pyc[line:99] INFO 检查[办理地点]
2018-12-02 22:21:58,595 check_required_field.pyc[line:105] INFO 办理地点 is 江苏省丹阳市云阳路4号丹阳市粮食局。, type is text, value_range is 
2018-12-02 22:21:58,595 check_required_field.pyc[line:99] INFO 检查[工作时间]
2018-12-02 22:21:58,596 check_required_field.pyc[line:105] INFO 工作时间 is 夏季：上午8:30-11:30，下午13:30-17:00；冬季：上午8:30-11:00，下午13:00-17:00。, type is text, value_range is 
2018-12-02 22:21:58,598 check_required_field.pyc[line:99] INFO 检查[经办机构（处室）]
2018-12-02 22:21:58,601 check_required_field.pyc[line:105] INFO 经办机构（处室） is 产业发展科, type is text, value_range is 
2018-12-02 22:21:58,604 check_required_field.pyc[line:99] INFO 检查[数量限制]
2018-12-02 22:21:58,605 check_required_field.pyc[line:105] INFO 数量限制 is 1, type is radio, value_range is 1,2
2018-12-02 22:21:58,608 check_required_field.pyc[line:99] INFO 检查[服务对象]
2018-12-02 22:21:58,611 check_required_field.pyc[line:105] INFO 服务对象 is 1, type is checkbox, value_range is 1,2,3
2018-12-02 22:21:58,614 check_required_field.pyc[line:99] INFO 检查[业务名称]
2018-12-02 22:21:58,615 check_required_field.pyc[line:105] INFO 业务名称 is 节粮减损宣传与技术推广, type is text, value_range is 
2018-12-02 22:21:58,618 check_required_field.pyc[line:99] INFO 检查[承办机构]
2018-12-02 22:21:58,618 check_required_field.pyc[line:105] INFO 承办机构 is 丹阳市粮食局, type is text, value_range is 
2018-12-02 22:21:58,619 check_required_field.pyc[line:99] INFO 检查[监督投诉方式]
2018-12-02 22:21:58,621 check_required_field.pyc[line:105] INFO 监督投诉方式 is 0511-86529726, type is text, value_range is 
2018-12-02 22:21:58,622 check_required_field.pyc[line:99] INFO 检查[咨询方式]
2018-12-02 22:21:58,625 check_required_field.pyc[line:105] INFO 咨询方式 is 0511-86563218, type is text, value_range is 
2018-12-02 22:21:58,627 check_required_field.pyc[line:45] INFO the post url is http://221.226.253.51:5065/onlineGovQl/PubServiceYwController.do?findQlMain=true
2018-12-02 22:21:58,628 check_required_field.pyc[line:46] INFO the post params is {u'idt': u'08004a0d1e76410984bc5239ddb4e4db'}
2018-12-02 22:21:58,631 check_required_field.pyc[line:47] INFO the cookies is <RequestsCookieJar[<Cookie JSESSIONID_WORKSPACE=HaRvQUJHBCMM50Ex5ISEk856kr2X6ImCPfQXWsy-1SFHsh2H7y-8!962196520!1543759807047 for 221.226.253.51/>]>
2018-12-02 22:22:00,219 check_required_field.pyc[line:564] INFO 检查服务名称[粮油食品安全科普宣传]
2018-12-02 22:22:00,221 check_required_field.pyc[line:99] INFO 检查[服务内容]
2018-12-02 22:22:00,226 check_required_field.pyc[line:105] INFO 服务内容 is 结合粮食部门的特点，组织开展群众性宣传活动,因地制宜、重点突出、讲求实效、通俗易懂、形式多样，引导民众重视粮油食品质量安全，树立安全、健康、营养、节约的理念，共同营造良好的社会舆论氛围。, type is text, value_range is 
2018-12-02 22:22:00,230 check_required_field.pyc[line:99] INFO 检查[服务领域]
2018-12-02 22:22:00,233 check_required_field.pyc[line:105] INFO 服务领域 is 6, type is radio, value_range is 1,2,3,4,5,6,7,8,9,10,11,12,13,14,15,16,17,18,19,20,21,22,23,24,25,26,27,28,29,30,31,32,33,34,35,99
2018-12-02 22:22:00,236 check_required_field.pyc[line:99] INFO 检查[服务方式]
2018-12-02 22:22:00,240 check_required_field.pyc[line:105] INFO 服务方式 is 2, type is radio, value_range is 1,2
2018-12-02 22:22:00,243 check_required_field.pyc[line:99] INFO 检查[服务依据]
2018-12-02 22:22:00,246 check_required_field.pyc[line:105] INFO 服务依据 is 《粮食流通管理条例》（2016年2月6日国务院令第666号《国务院关于修改部分行政法规的决定》）第六条“国务院发展改革部门及国家粮食行政管理部门负责全国粮食的总量平衡、宏观调控和重要粮食品种的结构调整以及粮食流通的中长期规划；国家粮食行政管理部门负责粮食流通的行政管理、行业指导，监督有关粮食流通的法律、法规、政策及各项规章制度的执行。
国务院工商行政管理、产品质量监督、卫生、价格等部门在各自的职责范围内负责与粮食流通有关的工作。
省、自治区、直辖市人民政府在国家宏观调控下，按照粮食省长负责制的要求，负责本地区粮食的总量平衡和地方储备粮的管理。县级以上地方人民政府粮食行政管理部门负责本地区粮食流通的行政管理、行业指导；县级以上地方人民政府工商行政管理、产品质量监督、卫生、价格等部门在各自的职责范围内负责与粮食流通有关的工作”。, type is text, value_range is 
2018-12-02 22:22:00,249 check_required_field.pyc[line:45] INFO the post url is http://221.226.253.51:5065/onlineGovQl/PubServiceYwController.do?findQlyw=true&start=aoData["iDisplayStart"]
2018-12-02 22:22:00,252 check_required_field.pyc[line:46] INFO the post params is {u'sSortDir': u'', u'idt': u'08004a0d1e76410984bc5239ddb4e4db', u'sEcho': u'1', u'limit': u'-1', u'iSortCol': u'', u'pageStart': u'1'}
2018-12-02 22:22:00,256 check_required_field.pyc[line:47] INFO the cookies is <RequestsCookieJar[<Cookie JSESSIONID_WORKSPACE=HaRvQUJHBCMM50Ex5ISEk856kr2X6ImCPfQXWsy-1SFHsh2H7y-8!962196520!1543759807047 for 221.226.253.51/>]>
2018-12-02 22:22:01,298 check_required_field.pyc[line:45] INFO the post url is http://221.226.253.51:5065/onlineGovQl/PubServiceYwController.do?findServiseData=true
2018-12-02 22:22:01,299 check_required_field.pyc[line:46] INFO the post params is {u'showTable': u'XK', u'idt': u'903383211a004bfe9dd180491c516f2b', u'idtlog': u'cfacb87409394160bc7f3937b277db8d'}
2018-12-02 22:22:01,302 check_required_field.pyc[line:47] INFO the cookies is <RequestsCookieJar[<Cookie JSESSIONID_WORKSPACE=HaRvQUJHBCMM50Ex5ISEk856kr2X6ImCPfQXWsy-1SFHsh2H7y-8!962196520!1543759807047 for 221.226.253.51/>]>
2018-12-02 22:22:04,158 check_required_field.pyc[line:616] INFO 检查业务信息[粮油食品安全科普宣传]
2018-12-02 22:22:04,158 check_required_field.pyc[line:99] INFO 检查[办理地点]
2018-12-02 22:22:04,160 check_required_field.pyc[line:105] INFO 办理地点 is 丹阳市云阳路4号。, type is text, value_range is 
2018-12-02 22:22:04,160 check_required_field.pyc[line:99] INFO 检查[工作时间]
2018-12-02 22:22:04,160 check_required_field.pyc[line:105] INFO 工作时间 is 按照市食安办统一部署, type is text, value_range is 
2018-12-02 22:22:04,161 check_required_field.pyc[line:99] INFO 检查[经办机构（处室）]
2018-12-02 22:22:04,161 check_required_field.pyc[line:105] INFO 经办机构（处室） is 丹阳市粮食局监督检查科, type is text, value_range is 
2018-12-02 22:22:04,161 check_required_field.pyc[line:99] INFO 检查[数量限制]
2018-12-02 22:22:04,161 check_required_field.pyc[line:105] INFO 数量限制 is 1, type is radio, value_range is 1,2
2018-12-02 22:22:04,161 check_required_field.pyc[line:99] INFO 检查[服务对象]
2018-12-02 22:22:04,163 check_required_field.pyc[line:105] INFO 服务对象 is 1, type is checkbox, value_range is 1,2,3
2018-12-02 22:22:04,163 check_required_field.pyc[line:99] INFO 检查[业务名称]
2018-12-02 22:22:04,163 check_required_field.pyc[line:105] INFO 业务名称 is 粮油食品安全科普宣传, type is text, value_range is 
2018-12-02 22:22:04,163 check_required_field.pyc[line:99] INFO 检查[承办机构]
2018-12-02 22:22:04,164 check_required_field.pyc[line:105] INFO 承办机构 is 丹阳市粮食局, type is text, value_range is 
2018-12-02 22:22:04,164 check_required_field.pyc[line:99] INFO 检查[监督投诉方式]
2018-12-02 22:22:04,164 check_required_field.pyc[line:105] INFO 监督投诉方式 is 0511-86529726, type is text, value_range is 
2018-12-02 22:22:04,164 check_required_field.pyc[line:99] INFO 检查[咨询方式]
2018-12-02 22:22:04,164 check_required_field.pyc[line:105] INFO 咨询方式 is 0511-86526425, type is text, value_range is 
2018-12-02 22:22:04,164 check_required_field.pyc[line:643] INFO []
2018-12-02 22:22:04,165 check_required_field.pyc[line:63] INFO the get url is http://221.226.253.51:5065/onlineGovQl/j_spring_security_logout
2018-12-02 22:22:04,165 check_required_field.pyc[line:64] INFO the cookies is <RequestsCookieJar[<Cookie JSESSIONID_WORKSPACE=HaRvQUJHBCMM50Ex5ISEk856kr2X6ImCPfQXWsy-1SFHsh2H7y-8!962196520!1543759807047 for 221.226.253.51/>]>
