2018-12-02 22:22:07,101 check_required_field.pyc[line:647] INFO start to check username RR1040_LR
2018-12-02 22:22:07,101 check_required_field.pyc[line:45] INFO the post url is http://221.226.253.51:5065/onlineGovQl/j_spring_security_check
2018-12-02 22:22:07,101 check_required_field.pyc[line:46] INFO the post params is {u'jsu': u'RR1040_LR', u'jsp': 'e10adc3949ba59abbe56e057f20f883e', u'jOrgNo': u''}
2018-12-02 22:22:07,101 check_required_field.pyc[line:47] INFO the cookies is <RequestsCookieJar[]>
2018-12-02 22:22:12,874 check_required_field.pyc[line:45] INFO the post url is http://221.226.253.51:5065/onlineGovQl/UserController.do?findAdmin=true
2018-12-02 22:22:12,875 check_required_field.pyc[line:46] INFO the post params is {}
2018-12-02 22:22:12,875 check_required_field.pyc[line:47] INFO the cookies is <RequestsCookieJar[<Cookie JSESSIONID_WORKSPACE=cixvQb0iQI41Mjx5GWTs8yCoHFRzUG4wnQTU40vKjphgWOiDQtEC!962196520!1543759838498 for 221.226.253.51/>]>
2018-12-02 22:22:13,528 check_required_field.pyc[line:45] INFO the post url is http://221.226.253.51:5065/onlineGovQl/PubServiceYwController.do?findQlywMain=true
2018-12-02 22:22:13,528 check_required_field.pyc[line:46] INFO the post params is {u'B[YW_OPERATE][id]': u'', u'B[YW_OPERATE][text]': u'', u'B[YE_NAME]': u'', u'B[DEPT_YW_NUM]': u'', u'G_FW_RANGE[id]': u'', u'QL_DEPT[id]': u'RR1040', u'B[YE_FILENUM]': u'', u'G_FW_MODE[text]': u'', u'IF_AUDIT_TRANSFER[text]': u'\u5168\u90e8', u'QL_CODE': u'', u'QL_NAME': u'', u'G_FW_RANGE[text]': u'', u'NUM': u'', u'limit': u'-1', u'IF_AUDIT_TRANSFER[id]': u'all', u'QL_SHORT_NAME': u'', u'QL_DEPT[text]': u'\u56fd\u5bb6\u7edf\u8ba1\u5c40\u4e39\u9633\u8c03\u67e5\u961f', u'pageStart': u'1', u'QL_REG_NO': u'', u'B[TRANSACT_DEP]': u'', u'G_FW_MODE[id]': u''}
2018-12-02 22:22:13,529 check_required_field.pyc[line:47] INFO the cookies is <RequestsCookieJar[<Cookie JSESSIONID_WORKSPACE=cixvQb0iQI41Mjx5GWTs8yCoHFRzUG4wnQTU40vKjphgWOiDQtEC!962196520!1543759838498 for 221.226.253.51/>]>
2018-12-02 22:22:16,132 check_required_field.pyc[line:45] INFO the post url is http://221.226.253.51:5065/onlineGovQl/PubServiceYwController.do?findQlMain=true
2018-12-02 22:22:16,134 check_required_field.pyc[line:46] INFO the post params is {u'idt': u'49869230d60244349acbd70d3658f5d9'}
2018-12-02 22:22:16,134 check_required_field.pyc[line:47] INFO the cookies is <RequestsCookieJar[<Cookie JSESSIONID_WORKSPACE=cixvQb0iQI41Mjx5GWTs8yCoHFRzUG4wnQTU40vKjphgWOiDQtEC!962196520!1543759838498 for 221.226.253.51/>]>
2018-12-02 22:22:16,592 check_required_field.pyc[line:564] INFO 检查服务名称[定期公布统计资料]
2018-12-02 22:22:16,592 check_required_field.pyc[line:99] INFO 检查[服务内容]
2018-12-02 22:22:16,592 check_required_field.pyc[line:105] INFO 服务内容 is 通过统计公报、统计年鉴及新闻发布会，门户网站等载体发布统计调查资料, type is text, value_range is 
2018-12-02 22:22:16,592 check_required_field.pyc[line:99] INFO 检查[服务领域]
2018-12-02 22:22:16,592 check_required_field.pyc[line:105] INFO 服务领域 is 8, type is radio, value_range is 1,2,3,4,5,6,7,8,9,10,11,12,13,14,15,16,17,18,19,20,21,22,23,24,25,26,27,28,29,30,31,32,33,34,35,99
2018-12-02 22:22:16,594 check_required_field.pyc[line:99] INFO 检查[服务方式]
2018-12-02 22:22:16,594 check_required_field.pyc[line:105] INFO 服务方式 is 2, type is radio, value_range is 1,2
2018-12-02 22:22:16,594 check_required_field.pyc[line:99] INFO 检查[服务依据]
2018-12-02 22:22:16,595 check_required_field.pyc[line:105] INFO 服务依据 is 《中华人民共和国统计法》第二十三条　县级以上人民政府统计机构按照国家有关规定，定期公布统计资料。, type is text, value_range is 
2018-12-02 22:22:16,595 check_required_field.pyc[line:45] INFO the post url is http://221.226.253.51:5065/onlineGovQl/PubServiceYwController.do?findQlyw=true&start=aoData["iDisplayStart"]
2018-12-02 22:22:16,595 check_required_field.pyc[line:46] INFO the post params is {u'sSortDir': u'', u'idt': u'49869230d60244349acbd70d3658f5d9', u'sEcho': u'1', u'limit': u'-1', u'iSortCol': u'', u'pageStart': u'1'}
2018-12-02 22:22:16,595 check_required_field.pyc[line:47] INFO the cookies is <RequestsCookieJar[<Cookie JSESSIONID_WORKSPACE=cixvQb0iQI41Mjx5GWTs8yCoHFRzUG4wnQTU40vKjphgWOiDQtEC!962196520!1543759838498 for 221.226.253.51/>]>
2018-12-02 22:22:17,012 check_required_field.pyc[line:45] INFO the post url is http://221.226.253.51:5065/onlineGovQl/PubServiceYwController.do?findServiseData=true
2018-12-02 22:22:17,012 check_required_field.pyc[line:46] INFO the post params is {u'showTable': u'XK', u'idt': u'bcf87a781c3c46d3b1065ec2e3a7496b', u'idtlog': u'afd069200bb54650a249e94b1975fb1d'}
2018-12-02 22:22:17,012 check_required_field.pyc[line:47] INFO the cookies is <RequestsCookieJar[<Cookie JSESSIONID_WORKSPACE=cixvQb0iQI41Mjx5GWTs8yCoHFRzUG4wnQTU40vKjphgWOiDQtEC!962196520!1543759838498 for 221.226.253.51/>]>
2018-12-02 22:22:18,637 check_required_field.pyc[line:616] INFO 检查业务信息[定期公布统计资料]
2018-12-02 22:22:18,638 check_required_field.pyc[line:99] INFO 检查[办理地点]
2018-12-02 22:22:18,641 check_required_field.pyc[line:105] INFO 办理地点 is 江苏省丹阳市开发区兰陵路8号市行政中心C3028室, type is text, value_range is 
2018-12-02 22:22:18,641 check_required_field.pyc[line:99] INFO 检查[工作时间]
2018-12-02 22:22:18,644 check_required_field.pyc[line:105] INFO 工作时间 is 上午8:30-11:30，下午14:00-18:00。, type is text, value_range is 
2018-12-02 22:22:18,647 check_required_field.pyc[line:99] INFO 检查[经办机构（处室）]
2018-12-02 22:22:18,648 check_required_field.pyc[line:105] INFO 经办机构（处室） is 综合科, type is text, value_range is 
2018-12-02 22:22:18,648 check_required_field.pyc[line:99] INFO 检查[数量限制]
2018-12-02 22:22:18,651 check_required_field.pyc[line:105] INFO 数量限制 is 1, type is radio, value_range is 1,2
2018-12-02 22:22:18,651 check_required_field.pyc[line:99] INFO 检查[服务对象]
2018-12-02 22:22:18,653 check_required_field.pyc[line:105] INFO 服务对象 is 1,3,2, type is checkbox, value_range is 1,2,3
2018-12-02 22:22:18,653 check_required_field.pyc[line:99] INFO 检查[业务名称]
2018-12-02 22:22:18,654 check_required_field.pyc[line:105] INFO 业务名称 is 定期公布统计资料, type is text, value_range is 
2018-12-02 22:22:18,655 check_required_field.pyc[line:99] INFO 检查[承办机构]
2018-12-02 22:22:18,657 check_required_field.pyc[line:105] INFO 承办机构 is 国家统计局丹阳调查队, type is text, value_range is 
2018-12-02 22:22:18,658 check_required_field.pyc[line:99] INFO 检查[监督投诉方式]
2018-12-02 22:22:18,660 check_required_field.pyc[line:105] INFO 监督投诉方式 is 0511-86887198, type is text, value_range is 
2018-12-02 22:22:18,661 check_required_field.pyc[line:99] INFO 检查[咨询方式]
2018-12-02 22:22:18,661 check_required_field.pyc[line:105] INFO 咨询方式 is 0511-86922078, type is text, value_range is 
2018-12-02 22:22:18,663 check_required_field.pyc[line:45] INFO the post url is http://221.226.253.51:5065/onlineGovQl/PubServiceYwController.do?findQlMain=true
2018-12-02 22:22:18,664 check_required_field.pyc[line:46] INFO the post params is {u'idt': u'ab2dc2e797f34dee96b0e51b0a4329e1'}
2018-12-02 22:22:18,664 check_required_field.pyc[line:47] INFO the cookies is <RequestsCookieJar[<Cookie JSESSIONID_WORKSPACE=cixvQb0iQI41Mjx5GWTs8yCoHFRzUG4wnQTU40vKjphgWOiDQtEC!962196520!1543759838498 for 221.226.253.51/>]>
2018-12-02 22:22:20,161 check_required_field.pyc[line:564] INFO 检查服务名称[调查数据查询]
2018-12-02 22:22:20,161 check_required_field.pyc[line:99] INFO 检查[服务内容]
2018-12-02 22:22:20,161 check_required_field.pyc[line:105] INFO 服务内容 is 提供统计调查数据查询咨询, type is text, value_range is 
2018-12-02 22:22:20,163 check_required_field.pyc[line:99] INFO 检查[服务领域]
2018-12-02 22:22:20,163 check_required_field.pyc[line:105] INFO 服务领域 is 8, type is radio, value_range is 1,2,3,4,5,6,7,8,9,10,11,12,13,14,15,16,17,18,19,20,21,22,23,24,25,26,27,28,29,30,31,32,33,34,35,99
2018-12-02 22:22:20,163 check_required_field.pyc[line:99] INFO 检查[服务方式]
2018-12-02 22:22:20,164 check_required_field.pyc[line:105] INFO 服务方式 is 1, type is radio, value_range is 1,2
2018-12-02 22:22:20,164 check_required_field.pyc[line:99] INFO 检查[服务依据]
2018-12-02 22:22:20,164 check_required_field.pyc[line:105] INFO 服务依据 is 《中华人民共和国统计法》第二十六条　县级以上人民政府统计机构和有关部门统计调查取得的统计资料，除依法应当保密的外，应当及时公开，供社会公众查询。, type is text, value_range is 
2018-12-02 22:22:20,164 check_required_field.pyc[line:45] INFO the post url is http://221.226.253.51:5065/onlineGovQl/PubServiceYwController.do?findQlyw=true&start=aoData["iDisplayStart"]
2018-12-02 22:22:20,164 check_required_field.pyc[line:46] INFO the post params is {u'sSortDir': u'', u'idt': u'ab2dc2e797f34dee96b0e51b0a4329e1', u'sEcho': u'1', u'limit': u'-1', u'iSortCol': u'', u'pageStart': u'1'}
2018-12-02 22:22:20,164 check_required_field.pyc[line:47] INFO the cookies is <RequestsCookieJar[<Cookie JSESSIONID_WORKSPACE=cixvQb0iQI41Mjx5GWTs8yCoHFRzUG4wnQTU40vKjphgWOiDQtEC!962196520!1543759838498 for 221.226.253.51/>]>
2018-12-02 22:22:22,961 check_required_field.pyc[line:45] INFO the post url is http://221.226.253.51:5065/onlineGovQl/PubServiceYwController.do?findServiseData=true
2018-12-02 22:22:22,961 check_required_field.pyc[line:46] INFO the post params is {u'showTable': u'XK', u'idt': u'5281853d8eac4008b754e1f1c775f19e', u'idtlog': u'0b9d5a2d2f6544038dfeb73497af391d'}
2018-12-02 22:22:22,961 check_required_field.pyc[line:47] INFO the cookies is <RequestsCookieJar[<Cookie JSESSIONID_WORKSPACE=cixvQb0iQI41Mjx5GWTs8yCoHFRzUG4wnQTU40vKjphgWOiDQtEC!962196520!1543759838498 for 221.226.253.51/>]>
2018-12-02 22:22:24,680 check_required_field.pyc[line:616] INFO 检查业务信息[调查数据查询]
2018-12-02 22:22:24,680 check_required_field.pyc[line:99] INFO 检查[办件类型]
2018-12-02 22:22:24,680 check_required_field.pyc[line:105] INFO 办件类型 is 承诺件, type is radio, value_range is 承诺件,即办件
2018-12-02 22:22:24,680 check_required_field.pyc[line:99] INFO 检查[办理依据]
2018-12-02 22:22:24,681 check_required_field.pyc[line:105] INFO 办理依据 is 《中华人民共和国统计法》第二十六条　县级以上人民政府统计机构和有关部门统计调查取得的统计资料，除依法应当保密的外，应当及时公开，供社会公众查询。, type is text, value_range is 
2018-12-02 22:22:24,681 check_required_field.pyc[line:99] INFO 检查[服务对象]
2018-12-02 22:22:24,681 check_required_field.pyc[line:105] INFO 服务对象 is 1,3,2, type is checkbox, value_range is 1,2,3
2018-12-02 22:22:24,683 check_required_field.pyc[line:99] INFO 检查[经办机构（处室）]
2018-12-02 22:22:24,683 check_required_field.pyc[line:105] INFO 经办机构（处室） is 综合科, type is text, value_range is 
2018-12-02 22:22:24,683 check_required_field.pyc[line:99] INFO 检查[监督投诉方式]
2018-12-02 22:22:24,683 check_required_field.pyc[line:105] INFO 监督投诉方式 is 0511-86887198, type is text, value_range is 
2018-12-02 22:22:24,684 check_required_field.pyc[line:99] INFO 检查[办理地点]
2018-12-02 22:22:24,684 check_required_field.pyc[line:105] INFO 办理地点 is 江苏省丹阳市开发区兰陵路8号市行政中心C3028室, type is text, value_range is 
2018-12-02 22:22:24,684 check_required_field.pyc[line:99] INFO 检查[工作时间]
2018-12-02 22:22:24,684 check_required_field.pyc[line:105] INFO 工作时间 is 上午8:30-11:30，下午14:00-18:00。, type is text, value_range is 
2018-12-02 22:22:24,684 check_required_field.pyc[line:99] INFO 检查[数量限制]
2018-12-02 22:22:24,684 check_required_field.pyc[line:105] INFO 数量限制 is 1, type is radio, value_range is 1,2
2018-12-02 22:22:24,686 check_required_field.pyc[line:99] INFO 检查[是否收费]
2018-12-02 22:22:24,686 check_required_field.pyc[line:105] INFO 是否收费 is 0, type is radio, value_range is 0,1
2018-12-02 22:22:24,686 check_required_field.pyc[line:99] INFO 检查[咨询方式]
2018-12-02 22:22:24,687 check_required_field.pyc[line:105] INFO 咨询方式 is 0511-86922078, type is text, value_range is 
2018-12-02 22:22:24,687 check_required_field.pyc[line:99] INFO 检查[在线办理网址]
2018-12-02 22:22:24,687 check_required_field.pyc[line:105] INFO 在线办理网址 is 无, type is text, value_range is 
2018-12-02 22:22:24,687 check_required_field.pyc[line:99] INFO 检查[业务名称]
2018-12-02 22:22:24,687 check_required_field.pyc[line:105] INFO 业务名称 is 调查数据查询, type is text, value_range is 
2018-12-02 22:22:24,687 check_required_field.pyc[line:99] INFO 检查[承办机构]
2018-12-02 22:22:24,687 check_required_field.pyc[line:105] INFO 承办机构 is 国家统计局丹阳调查队, type is text, value_range is 
2018-12-02 22:22:24,688 check_required_field.pyc[line:99] INFO 检查[到现场次数]
2018-12-02 22:22:24,688 check_required_field.pyc[line:105] INFO 到现场次数 is 0, type is radio, value_range is 0,1,2,99
2018-12-02 22:22:24,688 check_required_field.pyc[line:643] INFO []
2018-12-02 22:22:24,690 check_required_field.pyc[line:63] INFO the get url is http://221.226.253.51:5065/onlineGovQl/j_spring_security_logout
2018-12-02 22:22:24,690 check_required_field.pyc[line:64] INFO the cookies is <RequestsCookieJar[<Cookie JSESSIONID_WORKSPACE=cixvQb0iQI41Mjx5GWTs8yCoHFRzUG4wnQTU40vKjphgWOiDQtEC!962196520!1543759838498 for 221.226.253.51/>]>
