2018-12-02 22:21:46,776 check_required_field.pyc[line:647] INFO start to check username V1057_LR
2018-12-02 22:21:46,776 check_required_field.pyc[line:45] INFO the post url is http://221.226.253.51:5065/onlineGovQl/j_spring_security_check
2018-12-02 22:21:46,776 check_required_field.pyc[line:46] INFO the post params is {u'jsu': u'V1057_LR', u'jsp': 'e10adc3949ba59abbe56e057f20f883e', u'jOrgNo': u''}
2018-12-02 22:21:46,778 check_required_field.pyc[line:47] INFO the cookies is <RequestsCookieJar[]>
2018-12-02 22:21:53,380 check_required_field.pyc[line:45] INFO the post url is http://221.226.253.51:5065/onlineGovQl/UserController.do?findAdmin=true
2018-12-02 22:21:53,381 check_required_field.pyc[line:46] INFO the post params is {}
2018-12-02 22:21:53,381 check_required_field.pyc[line:47] INFO the cookies is <RequestsCookieJar[<Cookie JSESSIONID_WORKSPACE=7WFvQWpZwKphPoEAE7MDnIiISH_bhYrOw8pg2Zu4LZkMItG_VbZ1!962196520!1543759817305 for 221.226.253.51/>]>
2018-12-02 22:21:54,101 check_required_field.pyc[line:45] INFO the post url is http://221.226.253.51:5065/onlineGovQl/PubServiceYwController.do?findQlywMain=true
2018-12-02 22:21:54,104 check_required_field.pyc[line:46] INFO the post params is {u'B[YW_OPERATE][id]': u'', u'B[YW_OPERATE][text]': u'', u'B[YE_NAME]': u'', u'B[DEPT_YW_NUM]': u'', u'G_FW_RANGE[id]': u'', u'QL_DEPT[id]': u'V1057', u'B[YE_FILENUM]': u'', u'G_FW_MODE[text]': u'', u'IF_AUDIT_TRANSFER[text]': u'\u5168\u90e8', u'QL_CODE': u'', u'QL_NAME': u'', u'G_FW_RANGE[text]': u'', u'NUM': u'', u'limit': u'-1', u'IF_AUDIT_TRANSFER[id]': u'all', u'QL_SHORT_NAME': u'', u'QL_DEPT[text]': u'\u4e2d\u56fd\u4eba\u6c11\u94f6\u884c\u4e39\u9633\u5e02\u652f\u884c', u'pageStart': u'1', u'QL_REG_NO': u'', u'B[TRANSACT_DEP]': u'', u'G_FW_MODE[id]': u''}
2018-12-02 22:21:54,108 check_required_field.pyc[line:47] INFO the cookies is <RequestsCookieJar[<Cookie JSESSIONID_WORKSPACE=7WFvQWpZwKphPoEAE7MDnIiISH_bhYrOw8pg2Zu4LZkMItG_VbZ1!962196520!1543759817305 for 221.226.253.51/>]>
2018-12-02 22:21:57,214 check_required_field.pyc[line:45] INFO the post url is http://221.226.253.51:5065/onlineGovQl/PubServiceYwController.do?findQlMain=true
2018-12-02 22:21:57,216 check_required_field.pyc[line:46] INFO the post params is {u'idt': u'1ffcf8c963884dc8b589c917352b5dcc'}
2018-12-02 22:21:57,216 check_required_field.pyc[line:47] INFO the cookies is <RequestsCookieJar[<Cookie JSESSIONID_WORKSPACE=7WFvQWpZwKphPoEAE7MDnIiISH_bhYrOw8pg2Zu4LZkMItG_VbZ1!962196520!1543759817305 for 221.226.253.51/>]>
2018-12-02 22:21:58,526 check_required_field.pyc[line:564] INFO 检查服务名称[个人信用报告查询]
2018-12-02 22:21:58,526 check_required_field.pyc[line:99] INFO 检查[服务内容]
2018-12-02 22:21:58,526 check_required_field.pyc[line:105] INFO 服务内容 is 向个人和取得其本人书面同意的信息使用者提供信用报告, type is text, value_range is 
2018-12-02 22:21:58,528 check_required_field.pyc[line:99] INFO 检查[服务领域]
2018-12-02 22:21:58,528 check_required_field.pyc[line:105] INFO 服务领域 is 15, type is radio, value_range is 1,2,3,4,5,6,7,8,9,10,11,12,13,14,15,16,17,18,19,20,21,22,23,24,25,26,27,28,29,30,31,32,33,34,35,99
2018-12-02 22:21:58,528 check_required_field.pyc[line:99] INFO 检查[服务方式]
2018-12-02 22:21:58,529 check_required_field.pyc[line:105] INFO 服务方式 is 1, type is radio, value_range is 1,2
2018-12-02 22:21:58,529 check_required_field.pyc[line:99] INFO 检查[服务依据]
2018-12-02 22:21:58,529 check_required_field.pyc[line:105] INFO 服务依据 is 《征信业管理条例》（国务院令第631号）
第二十八条　金融信用信息基础数据库为信息主体和取得信息主体本人书面同意的信息使用者提供查询服务。

《中国人民银行征信中心关于印发企业及个人信用报告查询和异议处理业务规程的通知》（银征信中心〔2013〕97号）
“附件3：金融信用信息基础数据库本人信用报告查询业务规程”
第五条  个人向查询点查询信用报告的，应提供本人有效身份证件原件供查验，同时填写《个人信用报告本人查询申请表》，并留有效身份证件复印件备查。
委托他人代理向查询点查询个人信用报告的，代理人应提供委托人和代理人的有效身份证件原件、授权委托公证证明供查验，同时填写《个人信用报告本人查询申请表》，并留委托人和代理人的有效身份证件复印件、授权委托公证证明原件备查。, type is text, value_range is 
2018-12-02 22:21:58,529 check_required_field.pyc[line:45] INFO the post url is http://221.226.253.51:5065/onlineGovQl/PubServiceYwController.do?findQlyw=true&start=aoData["iDisplayStart"]
2018-12-02 22:21:58,529 check_required_field.pyc[line:46] INFO the post params is {u'sSortDir': u'', u'idt': u'1ffcf8c963884dc8b589c917352b5dcc', u'sEcho': u'1', u'limit': u'-1', u'iSortCol': u'', u'pageStart': u'1'}
2018-12-02 22:21:58,529 check_required_field.pyc[line:47] INFO the cookies is <RequestsCookieJar[<Cookie JSESSIONID_WORKSPACE=7WFvQWpZwKphPoEAE7MDnIiISH_bhYrOw8pg2Zu4LZkMItG_VbZ1!962196520!1543759817305 for 221.226.253.51/>]>
2018-12-02 22:22:00,193 check_required_field.pyc[line:45] INFO the post url is http://221.226.253.51:5065/onlineGovQl/PubServiceYwController.do?findServiseData=true
2018-12-02 22:22:00,197 check_required_field.pyc[line:46] INFO the post params is {u'showTable': u'XK', u'idt': u'018dc90b4ecf4bfab7149e55277b2e39', u'idtlog': u'45fa599ae943436eba6df4b023a87ac6'}
2018-12-02 22:22:00,200 check_required_field.pyc[line:47] INFO the cookies is <RequestsCookieJar[<Cookie JSESSIONID_WORKSPACE=7WFvQWpZwKphPoEAE7MDnIiISH_bhYrOw8pg2Zu4LZkMItG_VbZ1!962196520!1543759817305 for 221.226.253.51/>]>
2018-12-02 22:22:10,424 check_required_field.pyc[line:616] INFO 检查业务信息[个人信用报告查询]
2018-12-02 22:22:10,424 check_required_field.pyc[line:99] INFO 检查[办件类型]
2018-12-02 22:22:10,426 check_required_field.pyc[line:105] INFO 办件类型 is 承诺件, type is radio, value_range is 承诺件,即办件
2018-12-02 22:22:10,426 check_required_field.pyc[line:99] INFO 检查[办理依据]
2018-12-02 22:22:10,427 check_required_field.pyc[line:105] INFO 办理依据 is 《征信业管理条例》（国务院令第631号）
第二十八条　金融信用信息基础数据库为信息主体和取得信息主体本人书面同意的信息使用者提供查询服务。

《中国人民银行征信中心关于印发企业及个人信用报告查询和异议处理业务规程的通知》（银征信中心〔2013〕97号）
“附件3：金融信用信息基础数据库本人信用报告查询业务规程”
第五条  个人向查询点查询信用报告的，应提供本人有效身份证件原件供查验，同时填写《个人信用报告本人查询申请表》，并留有效身份证件复印件备查。
委托他人代理向查询点查询个人信用报告的，代理人应提供委托人和代理人的有效身份证件原件、授权委托公证证明供查验，同时填写《个人信用报告本人查询申请表》，并留委托人和代理人的有效身份证件复印件、授权委托公证证明原件备查。, type is text, value_range is 
2018-12-02 22:22:10,427 check_required_field.pyc[line:99] INFO 检查[服务对象]
2018-12-02 22:22:10,427 check_required_field.pyc[line:105] INFO 服务对象 is 1, type is checkbox, value_range is 1,2,3
2018-12-02 22:22:10,427 check_required_field.pyc[line:99] INFO 检查[经办机构（处室）]
2018-12-02 22:22:10,427 check_required_field.pyc[line:105] INFO 经办机构（处室） is 金融管理部, type is text, value_range is 
2018-12-02 22:22:10,428 check_required_field.pyc[line:99] INFO 检查[监督投诉方式]
2018-12-02 22:22:10,430 check_required_field.pyc[line:105] INFO 监督投诉方式 is 0511-86968827, type is text, value_range is 
2018-12-02 22:22:10,433 check_required_field.pyc[line:99] INFO 检查[办理地点]
2018-12-02 22:22:10,436 check_required_field.pyc[line:105] INFO 办理地点 is 丹阳市东方路22号, type is text, value_range is 
2018-12-02 22:22:10,437 check_required_field.pyc[line:99] INFO 检查[工作时间]
2018-12-02 22:22:10,440 check_required_field.pyc[line:105] INFO 工作时间 is 工作日：上午8:30-11:30，下午13:30-17:00（夏季14：00-17：30）。, type is text, value_range is 
2018-12-02 22:22:10,441 check_required_field.pyc[line:99] INFO 检查[数量限制]
2018-12-02 22:22:10,444 check_required_field.pyc[line:105] INFO 数量限制 is 1, type is radio, value_range is 1,2
2018-12-02 22:22:10,447 check_required_field.pyc[line:99] INFO 检查[是否收费]
2018-12-02 22:22:10,448 check_required_field.pyc[line:105] INFO 是否收费 is 1, type is radio, value_range is 0,1
2018-12-02 22:22:10,450 check_required_field.pyc[line:99] INFO 检查[咨询方式]
2018-12-02 22:22:10,453 check_required_field.pyc[line:105] INFO 咨询方式 is 0511-86968827, type is text, value_range is 
2018-12-02 22:22:10,454 check_required_field.pyc[line:99] INFO 检查[在线办理网址]
2018-12-02 22:22:10,454 check_required_field.pyc[line:105] INFO 在线办理网址 is 无, type is text, value_range is 
2018-12-02 22:22:10,454 check_required_field.pyc[line:99] INFO 检查[业务名称]
2018-12-02 22:22:10,456 check_required_field.pyc[line:105] INFO 业务名称 is 个人信用报告查询, type is text, value_range is 
2018-12-02 22:22:10,456 check_required_field.pyc[line:99] INFO 检查[承办机构]
2018-12-02 22:22:10,456 check_required_field.pyc[line:105] INFO 承办机构 is 中国人民银行丹阳市支行, type is text, value_range is 
2018-12-02 22:22:10,457 check_required_field.pyc[line:99] INFO 检查[材料是否必须]
2018-12-02 22:22:10,457 check_required_field.pyc[line:105] INFO 材料是否必须 is true, type is radio, value_range is true,false
2018-12-02 22:22:10,457 check_required_field.pyc[line:99] INFO 检查[是否需要电子版]
2018-12-02 22:22:10,457 check_required_field.pyc[line:105] INFO 是否需要电子版 is 0, type is radio, value_range is 0,1
2018-12-02 22:22:10,459 check_required_field.pyc[line:99] INFO 检查[材料名称]
2018-12-02 22:22:10,460 check_required_field.pyc[line:105] INFO 材料名称 is 本人有效身份证件；委托他人代理的，提供委托人和代理人的有效身份证件、授权委托公证证明原件, type is text, value_range is 
2018-12-02 22:22:10,461 check_required_field.pyc[line:99] INFO 检查[收费项目]
2018-12-02 22:22:10,464 check_required_field.pyc[line:105] INFO 收费项目 is 中国人民银行征信中心服务费, type is text, value_range is 
2018-12-02 22:22:10,467 check_required_field.pyc[line:99] INFO 检查[收费标准]
2018-12-02 22:22:10,470 check_required_field.pyc[line:105] INFO 收费标准 is 个人查询本人信用报告每年查询3次及以上的，每次收取查询服务费10元。, type is text, value_range is 
2018-12-02 22:22:10,471 check_required_field.pyc[line:99] INFO 检查[收费依据]
2018-12-02 22:22:10,473 check_required_field.pyc[line:105] INFO 收费依据 is 《国家发展改革委关于降低中国人民银行征信中心服务收费标准的通知》(发改价格规〔2017〕1232号)。, type is text, value_range is 
2018-12-02 22:22:10,474 check_required_field.pyc[line:99] INFO 检查[到现场次数]
2018-12-02 22:22:10,476 check_required_field.pyc[line:105] INFO 到现场次数 is 1, type is radio, value_range is 0,1,2,99
2018-12-02 22:22:10,477 check_required_field.pyc[line:99] INFO 检查[见面法律依据]
2018-12-02 22:22:10,483 check_required_field.pyc[line:105] INFO 见面法律依据 is 《征信业管理条例》（国务院令第631号）, type is text, value_range is 
2018-12-02 22:22:10,486 check_required_field.pyc[line:45] INFO the post url is http://221.226.253.51:5065/onlineGovQl/PubServiceYwController.do?findQlMain=true
2018-12-02 22:22:10,490 check_required_field.pyc[line:46] INFO the post params is {u'idt': u'e1872d1a05604489898c989a5e197325'}
2018-12-02 22:22:10,493 check_required_field.pyc[line:47] INFO the cookies is <RequestsCookieJar[<Cookie JSESSIONID_WORKSPACE=7WFvQWpZwKphPoEAE7MDnIiISH_bhYrOw8pg2Zu4LZkMItG_VbZ1!962196520!1543759817305 for 221.226.253.51/>]>
2018-12-02 22:22:11,214 check_required_field.pyc[line:564] INFO 检查服务名称[企业信用报告查询]
2018-12-02 22:22:11,214 check_required_field.pyc[line:99] INFO 检查[服务内容]
2018-12-02 22:22:11,216 check_required_field.pyc[line:105] INFO 服务内容 is 向企业和取得企业书面同意的信息使用者提供信用报告, type is text, value_range is 
2018-12-02 22:22:11,216 check_required_field.pyc[line:99] INFO 检查[服务领域]
2018-12-02 22:22:11,216 check_required_field.pyc[line:105] INFO 服务领域 is 15, type is radio, value_range is 1,2,3,4,5,6,7,8,9,10,11,12,13,14,15,16,17,18,19,20,21,22,23,24,25,26,27,28,29,30,31,32,33,34,35,99
2018-12-02 22:22:11,217 check_required_field.pyc[line:99] INFO 检查[服务方式]
2018-12-02 22:22:11,217 check_required_field.pyc[line:105] INFO 服务方式 is 1, type is radio, value_range is 1,2
2018-12-02 22:22:11,217 check_required_field.pyc[line:99] INFO 检查[服务依据]
2018-12-02 22:22:11,220 check_required_field.pyc[line:105] INFO 服务依据 is 《征信业管理条例》（国务院令第631号）
第二十八条　金融信用信息基础数据库为信息主体和取得信息主体本人书面同意的信息使用者提供查询服务。

《中国人民银行征信中心关于印发企业及个人信用报告查询和异议处理业务规程的通知》（银征信中心〔2013〕97号）
“附件1：金融信用信息基础数据库企业信用报告查询业务规程”
第五条  企业法定代表人向查询点查询企业信用报告的，应提供本人有效身份证件原件、企业的有效注册登记证件（工商营业执照或事业单位法人登记证等）原件、其他证件（机构信用代码证、企业贷款卡或组织机构代码证）原件供查验，同时填写《企业信用报告查询申请表》，并留企业法定代表人有效身份证件复印件、有效注册登记证件复印件、其他证件复印件备查。
企业法定代表人委托经办人代理查询企业信用报告的，还应提供经办人有效身份证件原件、《企业法定代表人授权委托证明书》原件，并留经办人留有效身份证件复印件、有效注册登记证件复印件、其他证件复印件备查。
第六条  本企业以外的其他单位或个人查询本企业信用报告的，应取得企业书面授权，提供被查企业出具的《企业法定代表人授权委托证明书》原件、有效注册登记证件原件、其他证件原件、经办人有效身份证件原件供查验，并留《企业法定代表人授权委托证明书》原件、有效注册登记证件复印件、其他证件复印件及经办人有效身份证件复印件备查。, type is text, value_range is 
2018-12-02 22:22:11,221 check_required_field.pyc[line:45] INFO the post url is http://221.226.253.51:5065/onlineGovQl/PubServiceYwController.do?findQlyw=true&start=aoData["iDisplayStart"]
2018-12-02 22:22:11,224 check_required_field.pyc[line:46] INFO the post params is {u'sSortDir': u'', u'idt': u'e1872d1a05604489898c989a5e197325', u'sEcho': u'1', u'limit': u'-1', u'iSortCol': u'', u'pageStart': u'1'}
2018-12-02 22:22:11,226 check_required_field.pyc[line:47] INFO the cookies is <RequestsCookieJar[<Cookie JSESSIONID_WORKSPACE=7WFvQWpZwKphPoEAE7MDnIiISH_bhYrOw8pg2Zu4LZkMItG_VbZ1!962196520!1543759817305 for 221.226.253.51/>]>
2018-12-02 22:22:12,055 check_required_field.pyc[line:45] INFO the post url is http://221.226.253.51:5065/onlineGovQl/PubServiceYwController.do?findServiseData=true
2018-12-02 22:22:12,056 check_required_field.pyc[line:46] INFO the post params is {u'showTable': u'XK', u'idt': u'1dc4a6c0f9c142a7869bd04295a57e9a', u'idtlog': u'b3c52a6e2b174089a9e792aa304811eb'}
2018-12-02 22:22:12,056 check_required_field.pyc[line:47] INFO the cookies is <RequestsCookieJar[<Cookie JSESSIONID_WORKSPACE=7WFvQWpZwKphPoEAE7MDnIiISH_bhYrOw8pg2Zu4LZkMItG_VbZ1!962196520!1543759817305 for 221.226.253.51/>]>
2018-12-02 22:22:22,894 check_required_field.pyc[line:616] INFO 检查业务信息[企业信用报告查询]
2018-12-02 22:22:22,894 check_required_field.pyc[line:99] INFO 检查[办件类型]
2018-12-02 22:22:22,894 check_required_field.pyc[line:105] INFO 办件类型 is 承诺件, type is radio, value_range is 承诺件,即办件
2018-12-02 22:22:22,895 check_required_field.pyc[line:99] INFO 检查[办理依据]
2018-12-02 22:22:22,895 check_required_field.pyc[line:105] INFO 办理依据 is 《征信业管理条例》（国务院令第631号）
第二十八条　金融信用信息基础数据库为信息主体和取得信息主体本人书面同意的信息使用者提供查询服务。

《中国人民银行征信中心关于印发企业及个人信用报告查询和异议处理业务规程的通知》（银征信中心〔2013〕97号）
“附件1：金融信用信息基础数据库企业信用报告查询业务规程”
第五条  企业法定代表人向查询点查询企业信用报告的，应提供本人有效身份证件原件、企业的有效注册登记证件（工商营业执照或事业单位法人登记证等）原件、其他证件（机构信用代码证、企业贷款卡或组织机构代码证）原件供查验，同时填写《企业信用报告查询申请表》，并留企业法定代表人有效身份证件复印件、有效注册登记证件复印件、其他证件复印件备查。
企业法定代表人委托经办人代理查询企业信用报告的，还应提供经办人有效身份证件原件、《企业法定代表人授权委托证明书》原件，并留经办人留有效身份证件复印件、有效注册登记证件复印件、其他证件复印件备查。
第六条  本企业以外的其他单位或个人查询本企业信用报告的，应取得企业书面授权，提供被查企业出具的《企业法定代表人授权委托证明书》原件、有效注册登记证件原件、其他证件原件、经办人有效身份证件原件供查验，并留《企业法定代表人授权委托证明书》原件、有效注册登记证件复印件、其他证件复印件及经办人有效身份证件复印件备查。, type is text, value_range is 
2018-12-02 22:22:22,897 check_required_field.pyc[line:99] INFO 检查[服务对象]
2018-12-02 22:22:22,897 check_required_field.pyc[line:105] INFO 服务对象 is 2,3, type is checkbox, value_range is 1,2,3
2018-12-02 22:22:22,897 check_required_field.pyc[line:99] INFO 检查[经办机构（处室）]
2018-12-02 22:22:22,898 check_required_field.pyc[line:105] INFO 经办机构（处室） is 金融管理部, type is text, value_range is 
2018-12-02 22:22:22,898 check_required_field.pyc[line:99] INFO 检查[监督投诉方式]
2018-12-02 22:22:22,898 check_required_field.pyc[line:105] INFO 监督投诉方式 is 051186968827, type is text, value_range is 
2018-12-02 22:22:22,898 check_required_field.pyc[line:99] INFO 检查[办理地点]
2018-12-02 22:22:22,898 check_required_field.pyc[line:105] INFO 办理地点 is 丹阳市开发区东方路22号, type is text, value_range is 
2018-12-02 22:22:22,898 check_required_field.pyc[line:99] INFO 检查[工作时间]
2018-12-02 22:22:22,898 check_required_field.pyc[line:105] INFO 工作时间 is 工作日：上午8:30-11:30，下午13:30-17:00（夏季14：00-17：30）, type is text, value_range is 
2018-12-02 22:22:22,900 check_required_field.pyc[line:99] INFO 检查[数量限制]
2018-12-02 22:22:22,900 check_required_field.pyc[line:105] INFO 数量限制 is 1, type is radio, value_range is 1,2
2018-12-02 22:22:22,900 check_required_field.pyc[line:99] INFO 检查[是否收费]
2018-12-02 22:22:22,901 check_required_field.pyc[line:105] INFO 是否收费 is 0, type is radio, value_range is 0,1
2018-12-02 22:22:22,901 check_required_field.pyc[line:99] INFO 检查[咨询方式]
2018-12-02 22:22:22,901 check_required_field.pyc[line:105] INFO 咨询方式 is 051186968827, type is text, value_range is 
2018-12-02 22:22:22,901 check_required_field.pyc[line:99] INFO 检查[在线办理网址]
2018-12-02 22:22:22,903 check_required_field.pyc[line:105] INFO 在线办理网址 is 不支持网上办理, type is text, value_range is 
2018-12-02 22:22:22,903 check_required_field.pyc[line:99] INFO 检查[业务名称]
2018-12-02 22:22:22,903 check_required_field.pyc[line:105] INFO 业务名称 is 企业信用报告查询, type is text, value_range is 
2018-12-02 22:22:22,904 check_required_field.pyc[line:99] INFO 检查[承办机构]
2018-12-02 22:22:22,904 check_required_field.pyc[line:105] INFO 承办机构 is 中国人民银行丹阳市支行, type is text, value_range is 
2018-12-02 22:22:22,904 check_required_field.pyc[line:99] INFO 检查[材料是否必须]
2018-12-02 22:22:22,904 check_required_field.pyc[line:105] INFO 材料是否必须 is true, type is radio, value_range is true,false
2018-12-02 22:22:22,904 check_required_field.pyc[line:99] INFO 检查[是否需要电子版]
2018-12-02 22:22:22,904 check_required_field.pyc[line:105] INFO 是否需要电子版 is 0, type is radio, value_range is 0,1
2018-12-02 22:22:22,905 check_required_field.pyc[line:99] INFO 检查[材料名称]
2018-12-02 22:22:22,905 check_required_field.pyc[line:105] INFO 材料名称 is 企业法定代表人有效身份证件、企业的有效注册登记证件（工商营业执照或事业单位法人登记证等）、其他证件（机构信用代码证、企业贷款卡或组织机构代码证）；企业法定代表人委托经办人办理，还需提供经办人有效身份证件、《企业法定代表人授权委托证明书》。, type is text, value_range is 
2018-12-02 22:22:22,905 check_required_field.pyc[line:99] INFO 检查[到现场次数]
2018-12-02 22:22:22,907 check_required_field.pyc[line:105] INFO 到现场次数 is 1, type is radio, value_range is 0,1,2,99
2018-12-02 22:22:22,907 check_required_field.pyc[line:99] INFO 检查[见面法律依据]
2018-12-02 22:22:22,907 check_required_field.pyc[line:105] INFO 见面法律依据 is 《征信业管理条例》（国务院令第631号）, type is text, value_range is 
2018-12-02 22:22:22,907 check_required_field.pyc[line:45] INFO the post url is http://221.226.253.51:5065/onlineGovQl/PubServiceYwController.do?findQlMain=true
2018-12-02 22:22:22,907 check_required_field.pyc[line:46] INFO the post params is {u'idt': u'4cc39f2c06ae4c71a71094faadde3c8c'}
2018-12-02 22:22:22,907 check_required_field.pyc[line:47] INFO the cookies is <RequestsCookieJar[<Cookie JSESSIONID_WORKSPACE=7WFvQWpZwKphPoEAE7MDnIiISH_bhYrOw8pg2Zu4LZkMItG_VbZ1!962196520!1543759817305 for 221.226.253.51/>]>
2018-12-02 22:22:23,262 check_required_field.pyc[line:564] INFO 检查服务名称[货币真伪鉴定]
2018-12-02 22:22:23,262 check_required_field.pyc[line:99] INFO 检查[服务内容]
2018-12-02 22:22:23,262 check_required_field.pyc[line:105] INFO 服务内容 is 对货币真伪进行鉴定，并出具《货币真伪鉴定书》, type is text, value_range is 
2018-12-02 22:22:23,263 check_required_field.pyc[line:99] INFO 检查[服务领域]
2018-12-02 22:22:23,263 check_required_field.pyc[line:105] INFO 服务领域 is 15, type is radio, value_range is 1,2,3,4,5,6,7,8,9,10,11,12,13,14,15,16,17,18,19,20,21,22,23,24,25,26,27,28,29,30,31,32,33,34,35,99
2018-12-02 22:22:23,263 check_required_field.pyc[line:99] INFO 检查[服务方式]
2018-12-02 22:22:23,263 check_required_field.pyc[line:105] INFO 服务方式 is 1, type is radio, value_range is 1,2
2018-12-02 22:22:23,263 check_required_field.pyc[line:99] INFO 检查[服务依据]
2018-12-02 22:22:23,265 check_required_field.pyc[line:105] INFO 服务依据 is 《中华人民共和国人民币管理条例》（国务院令第280号）
第三十四条　办理人民币存取款业务的金融机构发现伪造、变造的人民币，数量较多、有新版的伪造人民币或者有其他制造贩卖伪造、变造的人民币线索的，应当立即报告公安机关；数量较少的，由该金融机构两名以上工作人员当面予以收缴，加盖“假币”字样的戳记，登记造册，向持有人出具中国人民银行统一印制的收缴凭证，并告知持有人可以向中国人民银行或者向中国人民银行授权的国有独资商业银行的业务机构申请鉴定。对伪造、变造的人民币收缴及鉴定的具体办法，由中国人民银行制定。
办理人民币存取款业务的金融机构应当将收缴的伪造、变造的人民币解缴当地中国人民银行。

《中国人民银行假币收缴、鉴定管理办法》（中国人民银行令〔2003〕第4号）
第三条　本办法所称货币是指人民币和外币。人民币是指中国人民银行依法发行的货币，包括纸币和硬币；外币是指在我国境内(香港特别行政区、澳门特别行政区及台湾地区除外)可收兑的其他国家或地区的法定货币。
本办法所称假币是指伪造、变造的货币。
第十条　持有人对被收缴货币的真伪有异议，可以自收缴之日起3个工作日内，持《假币收缴凭证》直接或通过收缴单位向中国人民银行当地分支机构或中国人民银行授权的当地鉴定机构提出书面鉴定申请。
中国人民银行分支机构和中国人民银行授权的鉴定机构应当无偿提供鉴定货币真伪的服务，鉴定后应出具中国人民银行统一印制的《货币真伪鉴定书》，并加盖货币鉴定专用章和鉴定人名章。
中国人民银行授权的鉴定机构，应当在营业场所公示授权证书。
第十二条　中国人民银行分支机构和中国人民银行授权的鉴定机构应当自受理鉴定之日起15个工作日内，出具《货币真伪鉴定书》。因情况复杂不能在规定期限内完成的，可延长至30个工作日，但必须以书面形式向申请人或申请单位说明原因。
第十三条　对盖有“假币”字样戳记的人民币纸币，经鉴定为真币的，由鉴定单位交收缴单位按照面额兑换完整券退还持有人，收回持有人的《假币收缴凭证》，盖有“假币”戳记的人民币按损伤人民币处理；经鉴定为假币的，由鉴定单位予以没收，并向收缴单位和持有人开具《货币真伪鉴定书》和《假币没收收据》。
对收缴的外币纸币和各种硬币，经鉴定为真币的，由鉴定单位交收缴单位退还持有人，并收回《假币收缴凭证》；经鉴定为假币的，由鉴定单位将假币退回收缴单位依法收缴，并向收缴单位和持有人出具《货币真伪鉴定书》。
第十六条　持有人对金融机构作出的有关收缴或鉴定假币的具体行政行为有异议，可在收到《假币收缴凭证》或《货币真伪鉴定书》之日起60个工作日内向直接监管该金融机构的中国人民银行分支机构申请行政复议，或依法提起行政诉讼。
持有人对中国人民银行分支机构作出的有关鉴定假币的具体行政行为有异议，可在收到《货币真伪鉴定书》之日起60个工作日内向其上一级机构申请行政复议，或依法提起行政诉讼。, type is text, value_range is 
2018-12-02 22:22:23,265 check_required_field.pyc[line:45] INFO the post url is http://221.226.253.51:5065/onlineGovQl/PubServiceYwController.do?findQlyw=true&start=aoData["iDisplayStart"]
2018-12-02 22:22:23,265 check_required_field.pyc[line:46] INFO the post params is {u'sSortDir': u'', u'idt': u'4cc39f2c06ae4c71a71094faadde3c8c', u'sEcho': u'1', u'limit': u'-1', u'iSortCol': u'', u'pageStart': u'1'}
2018-12-02 22:22:23,266 check_required_field.pyc[line:47] INFO the cookies is <RequestsCookieJar[<Cookie JSESSIONID_WORKSPACE=7WFvQWpZwKphPoEAE7MDnIiISH_bhYrOw8pg2Zu4LZkMItG_VbZ1!962196520!1543759817305 for 221.226.253.51/>]>
2018-12-02 22:22:23,788 check_required_field.pyc[line:45] INFO the post url is http://221.226.253.51:5065/onlineGovQl/PubServiceYwController.do?findServiseData=true
2018-12-02 22:22:23,788 check_required_field.pyc[line:46] INFO the post params is {u'showTable': u'XK', u'idt': u'03405458ad8a4faabb8d8ab42ba68fe9', u'idtlog': u'219ff8b2f20b4ae6a70bf97db9a8199e'}
2018-12-02 22:22:23,789 check_required_field.pyc[line:47] INFO the cookies is <RequestsCookieJar[<Cookie JSESSIONID_WORKSPACE=7WFvQWpZwKphPoEAE7MDnIiISH_bhYrOw8pg2Zu4LZkMItG_VbZ1!962196520!1543759817305 for 221.226.253.51/>]>
2018-12-02 22:22:36,611 check_required_field.pyc[line:616] INFO 检查业务信息[货币真伪鉴定]
2018-12-02 22:22:36,611 check_required_field.pyc[line:99] INFO 检查[办件类型]
2018-12-02 22:22:36,611 check_required_field.pyc[line:105] INFO 办件类型 is 承诺件, type is radio, value_range is 承诺件,即办件
2018-12-02 22:22:36,611 check_required_field.pyc[line:99] INFO 检查[办理依据]
2018-12-02 22:22:36,611 check_required_field.pyc[line:105] INFO 办理依据 is 《中华人民共和国人民币管理条例》（国务院令第280号）
第三十四条　办理人民币存取款业务的金融机构发现伪造、变造的人民币，数量较多、有新版的伪造人民币或者有其他制造贩卖伪造、变造的人民币线索的，应当立即报告公安机关；数量较少的，由该金融机构两名以上工作人员当面予以收缴，加盖“假币”字样的戳记，登记造册，向持有人出具中国人民银行统一印制的收缴凭证，并告知持有人可以向中国人民银行或者向中国人民银行授权的国有独资商业银行的业务机构申请鉴定。对伪造、变造的人民币收缴及鉴定的具体办法，由中国人民银行制定。
办理人民币存取款业务的金融机构应当将收缴的伪造、变造的人民币解缴当地中国人民银行。

《中国人民银行假币收缴、鉴定管理办法》（中国人民银行令〔2003〕第4号）
第三条　本办法所称货币是指人民币和外币。人民币是指中国人民银行依法发行的货币，包括纸币和硬币；外币是指在我国境内(香港特别行政区、澳门特别行政区及台湾地区除外)可收兑的其他国家或地区的法定货币。
本办法所称假币是指伪造、变造的货币。
第十条　持有人对被收缴货币的真伪有异议，可以自收缴之日起3个工作日内，持《假币收缴凭证》直接或通过收缴单位向中国人民银行当地分支机构或中国人民银行授权的当地鉴定机构提出书面鉴定申请。
中国人民银行分支机构和中国人民银行授权的鉴定机构应当无偿提供鉴定货币真伪的服务，鉴定后应出具中国人民银行统一印制的《货币真伪鉴定书》，并加盖货币鉴定专用章和鉴定人名章。
中国人民银行授权的鉴定机构，应当在营业场所公示授权证书。
第十二条　中国人民银行分支机构和中国人民银行授权的鉴定机构应当自受理鉴定之日起15个工作日内，出具《货币真伪鉴定书》。因情况复杂不能在规定期限内完成的，可延长至30个工作日，但必须以书面形式向申请人或申请单位说明原因。
第十三条　对盖有“假币”字样戳记的人民币纸币，经鉴定为真币的，由鉴定单位交收缴单位按照面额兑换完整券退还持有人，收回持有人的《假币收缴凭证》，盖有“假币”戳记的人民币按损伤人民币处理；经鉴定为假币的，由鉴定单位予以没收，并向收缴单位和持有人开具《货币真伪鉴定书》和《假币没收收据》。
对收缴的外币纸币和各种硬币，经鉴定为真币的，由鉴定单位交收缴单位退还持有人，并收回《假币收缴凭证》；经鉴定为假币的，由鉴定单位将假币退回收缴单位依法收缴，并向收缴单位和持有人出具《货币真伪鉴定书》。
第十六条　持有人对金融机构作出的有关收缴或鉴定假币的具体行政行为有异议，可在收到《假币收缴凭证》或《货币真伪鉴定书》之日起60个工作日内向直接监管该金融机构的中国人民银行分支机构申请行政复议，或依法提起行政诉讼。
持有人对中国人民银行分支机构作出的有关鉴定假币的具体行政行为有异议，可在收到《货币真伪鉴定书》之日起60个工作日内向其上一级机构申请行政复议，或依法提起行政诉讼。, type is text, value_range is 
2018-12-02 22:22:36,612 check_required_field.pyc[line:99] INFO 检查[服务对象]
2018-12-02 22:22:36,614 check_required_field.pyc[line:105] INFO 服务对象 is 1,2,3, type is checkbox, value_range is 1,2,3
2018-12-02 22:22:36,614 check_required_field.pyc[line:99] INFO 检查[经办机构（处室）]
2018-12-02 22:22:36,615 check_required_field.pyc[line:105] INFO 经办机构（处室） is 人民银行丹阳市支行金融服务二部和经过授权的工商银行、农业银行、中国银行、建设银行, type is text, value_range is 
2018-12-02 22:22:36,615 check_required_field.pyc[line:99] INFO 检查[监督投诉方式]
2018-12-02 22:22:36,615 check_required_field.pyc[line:105] INFO 监督投诉方式 is 051186968808, type is text, value_range is 
2018-12-02 22:22:36,615 check_required_field.pyc[line:99] INFO 检查[办理地点]
2018-12-02 22:22:36,615 check_required_field.pyc[line:105] INFO 办理地点 is 丹阳市东方路22号和授权的工行、农行、中行、建行的营业网点, type is text, value_range is 
2018-12-02 22:22:36,615 check_required_field.pyc[line:99] INFO 检查[工作时间]
2018-12-02 22:22:36,617 check_required_field.pyc[line:105] INFO 工作时间 is 工作日：上午8:30-11:30，下午13:30-17:00（夏季14：00-17：30）, type is text, value_range is 
2018-12-02 22:22:36,617 check_required_field.pyc[line:99] INFO 检查[数量限制]
2018-12-02 22:22:36,617 check_required_field.pyc[line:105] INFO 数量限制 is 1, type is radio, value_range is 1,2
2018-12-02 22:22:36,618 check_required_field.pyc[line:99] INFO 检查[是否收费]
2018-12-02 22:22:36,618 check_required_field.pyc[line:105] INFO 是否收费 is 0, type is radio, value_range is 0,1
2018-12-02 22:22:36,618 check_required_field.pyc[line:99] INFO 检查[咨询方式]
2018-12-02 22:22:36,618 check_required_field.pyc[line:105] INFO 咨询方式 is 051186968808, type is text, value_range is 
2018-12-02 22:22:36,618 check_required_field.pyc[line:99] INFO 检查[在线办理网址]
2018-12-02 22:22:36,618 check_required_field.pyc[line:105] INFO 在线办理网址 is 不支持网上办理, type is text, value_range is 
2018-12-02 22:22:36,618 check_required_field.pyc[line:99] INFO 检查[业务名称]
2018-12-02 22:22:36,619 check_required_field.pyc[line:105] INFO 业务名称 is 货币真伪鉴定, type is text, value_range is 
2018-12-02 22:22:36,619 check_required_field.pyc[line:99] INFO 检查[承办机构]
2018-12-02 22:22:36,619 check_required_field.pyc[line:105] INFO 承办机构 is 中国人民银行丹阳市支行, type is text, value_range is 
2018-12-02 22:22:36,621 check_required_field.pyc[line:99] INFO 检查[材料是否必须]
2018-12-02 22:22:36,621 check_required_field.pyc[line:105] INFO 材料是否必须 is true, type is radio, value_range is true,false
2018-12-02 22:22:36,621 check_required_field.pyc[line:99] INFO 检查[是否需要电子版]
2018-12-02 22:22:36,621 check_required_field.pyc[line:105] INFO 是否需要电子版 is 0, type is radio, value_range is 0,1
2018-12-02 22:22:36,621 check_required_field.pyc[line:99] INFO 检查[材料名称]
2018-12-02 22:22:36,621 check_required_field.pyc[line:105] INFO 材料名称 is 《假币收缴凭证》或《中国人民银行假币收缴、鉴定管理办法》第三条所称货币, type is text, value_range is 
2018-12-02 22:22:36,622 check_required_field.pyc[line:99] INFO 检查[到现场次数]
2018-12-02 22:22:36,622 check_required_field.pyc[line:105] INFO 到现场次数 is 1, type is radio, value_range is 0,1,2,99
2018-12-02 22:22:36,622 check_required_field.pyc[line:99] INFO 检查[见面法律依据]
2018-12-02 22:22:36,624 check_required_field.pyc[line:105] INFO 见面法律依据 is 《中华人民共和国人民币管理条例》（国务院令第280号）, type is text, value_range is 
2018-12-02 22:22:36,624 check_required_field.pyc[line:643] INFO []
2018-12-02 22:22:36,625 check_required_field.pyc[line:63] INFO the get url is http://221.226.253.51:5065/onlineGovQl/j_spring_security_logout
2018-12-02 22:22:36,625 check_required_field.pyc[line:64] INFO the cookies is <RequestsCookieJar[<Cookie JSESSIONID_WORKSPACE=7WFvQWpZwKphPoEAE7MDnIiISH_bhYrOw8pg2Zu4LZkMItG_VbZ1!962196520!1543759817305 for 221.226.253.51/>]>
