2018-12-02 22:21:50,358 check_required_field.pyc[line:647] INFO start to check username WHWX1104_LR
2018-12-02 22:21:50,361 check_required_field.pyc[line:45] INFO the post url is http://221.226.253.51:5065/onlineGovQl/j_spring_security_check
2018-12-02 22:21:50,362 check_required_field.pyc[line:46] INFO the post params is {u'jsu': u'WHWX1104_LR', u'jsp': 'e10adc3949ba59abbe56e057f20f883e', u'jOrgNo': u''}
2018-12-02 22:21:50,365 check_required_field.pyc[line:47] INFO the cookies is <RequestsCookieJar[]>
2018-12-02 22:21:54,632 check_required_field.pyc[line:45] INFO the post url is http://221.226.253.51:5065/onlineGovQl/UserController.do?findAdmin=true
2018-12-02 22:21:54,634 check_required_field.pyc[line:46] INFO the post params is {}
2018-12-02 22:21:54,635 check_required_field.pyc[line:47] INFO the cookies is <RequestsCookieJar[<Cookie JSESSIONID_WORKSPACE=uJ1vQX1ycN58b6g9rIlI75Hba_7hsPSBYORs77rzOlfrBzn8Ckzp!962196520!1543759822194 for 221.226.253.51/>]>
2018-12-02 22:21:55,313 check_required_field.pyc[line:45] INFO the post url is http://221.226.253.51:5065/onlineGovQl/PubServiceYwController.do?findQlywMain=true
2018-12-02 22:21:55,318 check_required_field.pyc[line:46] INFO the post params is {u'B[YW_OPERATE][id]': u'', u'B[YW_OPERATE][text]': u'', u'B[YE_NAME]': u'', u'B[DEPT_YW_NUM]': u'', u'G_FW_RANGE[id]': u'', u'QL_DEPT[id]': u'WHWX1104', u'B[YE_FILENUM]': u'', u'G_FW_MODE[text]': u'', u'IF_AUDIT_TRANSFER[text]': u'\u5168\u90e8', u'QL_CODE': u'', u'QL_NAME': u'', u'G_FW_RANGE[text]': u'', u'NUM': u'', u'limit': u'-1', u'IF_AUDIT_TRANSFER[id]': u'all', u'QL_SHORT_NAME': u'', u'QL_DEPT[text]': u'\u4e39\u9633\u5e02\u6587\u5316\u5e7f\u7535\u65b0\u95fb\u51fa\u7248\u5c40', u'pageStart': u'1', u'QL_REG_NO': u'', u'B[TRANSACT_DEP]': u'', u'G_FW_MODE[id]': u''}
2018-12-02 22:21:55,319 check_required_field.pyc[line:47] INFO the cookies is <RequestsCookieJar[<Cookie JSESSIONID_WORKSPACE=uJ1vQX1ycN58b6g9rIlI75Hba_7hsPSBYORs77rzOlfrBzn8Ckzp!962196520!1543759822194 for 221.226.253.51/>]>
2018-12-02 22:22:00,974 check_required_field.pyc[line:45] INFO the post url is http://221.226.253.51:5065/onlineGovQl/PubServiceYwController.do?findQlMain=true
2018-12-02 22:22:00,974 check_required_field.pyc[line:46] INFO the post params is {u'idt': u'080898b9b6dc44cabe96e781a5cd8563'}
2018-12-02 22:22:00,976 check_required_field.pyc[line:47] INFO the cookies is <RequestsCookieJar[<Cookie JSESSIONID_WORKSPACE=uJ1vQX1ycN58b6g9rIlI75Hba_7hsPSBYORs77rzOlfrBzn8Ckzp!962196520!1543759822194 for 221.226.253.51/>]>
2018-12-02 22:22:02,372 check_required_field.pyc[line:564] INFO 检查服务名称[公共图书馆公益性培训]
2018-12-02 22:22:02,372 check_required_field.pyc[line:99] INFO 检查[服务内容]
2018-12-02 22:22:02,374 check_required_field.pyc[line:105] INFO 服务内容 is 培训, type is text, value_range is 
2018-12-02 22:22:02,374 check_required_field.pyc[line:99] INFO 检查[服务领域]
2018-12-02 22:22:02,374 check_required_field.pyc[line:105] INFO 服务领域 is 8, type is radio, value_range is 1,2,3,4,5,6,7,8,9,10,11,12,13,14,15,16,17,18,19,20,21,22,23,24,25,26,27,28,29,30,31,32,33,34,35,99
2018-12-02 22:22:02,375 check_required_field.pyc[line:99] INFO 检查[服务方式]
2018-12-02 22:22:02,375 check_required_field.pyc[line:105] INFO 服务方式 is 2, type is radio, value_range is 1,2
2018-12-02 22:22:02,375 check_required_field.pyc[line:99] INFO 检查[服务依据]
2018-12-02 22:22:02,375 check_required_field.pyc[line:105] INFO 服务依据 is 【法律】《中华人民共和国公共图书馆法》
     第三十三条　公共图书馆应当免费向社会公众提供下列服务：
    （三）公益性讲座、阅读推广、培训、展览；, type is text, value_range is 
2018-12-02 22:22:02,375 check_required_field.pyc[line:45] INFO the post url is http://221.226.253.51:5065/onlineGovQl/PubServiceYwController.do?findQlyw=true&start=aoData["iDisplayStart"]
2018-12-02 22:22:02,375 check_required_field.pyc[line:46] INFO the post params is {u'sSortDir': u'', u'idt': u'080898b9b6dc44cabe96e781a5cd8563', u'sEcho': u'1', u'limit': u'-1', u'iSortCol': u'', u'pageStart': u'1'}
2018-12-02 22:22:02,377 check_required_field.pyc[line:47] INFO the cookies is <RequestsCookieJar[<Cookie JSESSIONID_WORKSPACE=uJ1vQX1ycN58b6g9rIlI75Hba_7hsPSBYORs77rzOlfrBzn8Ckzp!962196520!1543759822194 for 221.226.253.51/>]>
2018-12-02 22:22:04,627 check_required_field.pyc[line:45] INFO the post url is http://221.226.253.51:5065/onlineGovQl/PubServiceYwController.do?findServiseData=true
2018-12-02 22:22:04,628 check_required_field.pyc[line:46] INFO the post params is {u'showTable': u'XK', u'idt': u'64657609036842b69650592c74877893', u'idtlog': u'd6c3540441f3447c993d496d85ce8cd7'}
2018-12-02 22:22:04,628 check_required_field.pyc[line:47] INFO the cookies is <RequestsCookieJar[<Cookie JSESSIONID_WORKSPACE=uJ1vQX1ycN58b6g9rIlI75Hba_7hsPSBYORs77rzOlfrBzn8Ckzp!962196520!1543759822194 for 221.226.253.51/>]>
2018-12-02 22:22:07,877 check_required_field.pyc[line:616] INFO 检查业务信息[公共图书馆公益性培训]
2018-12-02 22:22:07,877 check_required_field.pyc[line:99] INFO 检查[办理地点]
2018-12-02 22:22:07,877 check_required_field.pyc[line:105] INFO 办理地点 is 如:丹阳市西环路21号, type is text, value_range is 
2018-12-02 22:22:07,878 check_required_field.pyc[line:99] INFO 检查[工作时间]
2018-12-02 22:22:07,878 check_required_field.pyc[line:105] INFO 工作时间 is 夏季：上午8:30-11:30，下午14:00-17:00；冬季：上午8:30-11:30，下午14:00-17:00。, type is text, value_range is 
2018-12-02 22:22:07,878 check_required_field.pyc[line:99] INFO 检查[经办机构（处室）]
2018-12-02 22:22:07,878 check_required_field.pyc[line:105] INFO 经办机构（处室） is 图书馆, type is text, value_range is 
2018-12-02 22:22:07,878 check_required_field.pyc[line:99] INFO 检查[数量限制]
2018-12-02 22:22:07,878 check_required_field.pyc[line:105] INFO 数量限制 is 1, type is radio, value_range is 1,2
2018-12-02 22:22:07,880 check_required_field.pyc[line:99] INFO 检查[服务对象]
2018-12-02 22:22:07,880 check_required_field.pyc[line:105] INFO 服务对象 is 1, type is checkbox, value_range is 1,2,3
2018-12-02 22:22:07,880 check_required_field.pyc[line:99] INFO 检查[业务名称]
2018-12-02 22:22:07,881 check_required_field.pyc[line:105] INFO 业务名称 is 公共图书馆公益性培训, type is text, value_range is 
2018-12-02 22:22:07,881 check_required_field.pyc[line:99] INFO 检查[承办机构]
2018-12-02 22:22:07,881 check_required_field.pyc[line:105] INFO 承办机构 is 丹阳市文化广电新闻出版局, type is text, value_range is 
2018-12-02 22:22:07,881 check_required_field.pyc[line:99] INFO 检查[监督投诉方式]
2018-12-02 22:22:07,881 check_required_field.pyc[line:105] INFO 监督投诉方式 is 83917012, type is text, value_range is 
2018-12-02 22:22:07,881 check_required_field.pyc[line:99] INFO 检查[咨询方式]
2018-12-02 22:22:07,882 check_required_field.pyc[line:105] INFO 咨询方式 is 86541129, type is text, value_range is 
2018-12-02 22:22:07,882 check_required_field.pyc[line:45] INFO the post url is http://221.226.253.51:5065/onlineGovQl/PubServiceYwController.do?findQlMain=true
2018-12-02 22:22:07,882 check_required_field.pyc[line:46] INFO the post params is {u'idt': u'862b1315da964d31b2b2078e5fd2b43d'}
2018-12-02 22:22:07,882 check_required_field.pyc[line:47] INFO the cookies is <RequestsCookieJar[<Cookie JSESSIONID_WORKSPACE=uJ1vQX1ycN58b6g9rIlI75Hba_7hsPSBYORs77rzOlfrBzn8Ckzp!962196520!1543759822194 for 221.226.253.51/>]>
2018-12-02 22:22:08,818 check_required_field.pyc[line:564] INFO 检查服务名称[文化馆辅导群众文艺作品创作]
2018-12-02 22:22:08,819 check_required_field.pyc[line:99] INFO 检查[服务内容]
2018-12-02 22:22:08,819 check_required_field.pyc[line:105] INFO 服务内容 is 年度组织群众业余文艺创作和群众业余文艺作品推广活动1次。, type is text, value_range is 
2018-12-02 22:22:08,819 check_required_field.pyc[line:99] INFO 检查[服务领域]
2018-12-02 22:22:08,819 check_required_field.pyc[line:105] INFO 服务领域 is 8, type is radio, value_range is 1,2,3,4,5,6,7,8,9,10,11,12,13,14,15,16,17,18,19,20,21,22,23,24,25,26,27,28,29,30,31,32,33,34,35,99
2018-12-02 22:22:08,819 check_required_field.pyc[line:99] INFO 检查[服务方式]
2018-12-02 22:22:08,821 check_required_field.pyc[line:105] INFO 服务方式 is 2, type is radio, value_range is 1,2
2018-12-02 22:22:08,822 check_required_field.pyc[line:99] INFO 检查[服务依据]
2018-12-02 22:22:08,822 check_required_field.pyc[line:105] INFO 服务依据 is 【规范性文件】《文化馆服务标准》(GB T 32939-2016 )
6.1.2　服务内容
...辅导群众文艺作品创作，开展时政法制科普教育等服务。, type is text, value_range is 
2018-12-02 22:22:08,822 check_required_field.pyc[line:45] INFO the post url is http://221.226.253.51:5065/onlineGovQl/PubServiceYwController.do?findQlyw=true&start=aoData["iDisplayStart"]
2018-12-02 22:22:08,822 check_required_field.pyc[line:46] INFO the post params is {u'sSortDir': u'', u'idt': u'862b1315da964d31b2b2078e5fd2b43d', u'sEcho': u'1', u'limit': u'-1', u'iSortCol': u'', u'pageStart': u'1'}
2018-12-02 22:22:08,822 check_required_field.pyc[line:47] INFO the cookies is <RequestsCookieJar[<Cookie JSESSIONID_WORKSPACE=uJ1vQX1ycN58b6g9rIlI75Hba_7hsPSBYORs77rzOlfrBzn8Ckzp!962196520!1543759822194 for 221.226.253.51/>]>
2018-12-02 22:22:09,579 check_required_field.pyc[line:45] INFO the post url is http://221.226.253.51:5065/onlineGovQl/PubServiceYwController.do?findServiseData=true
2018-12-02 22:22:09,579 check_required_field.pyc[line:46] INFO the post params is {u'showTable': u'XK', u'idt': u'21927c6fcef04c79929877b16db26369', u'idtlog': u'aeee2de71c87439c840811c0caf2f973'}
2018-12-02 22:22:09,581 check_required_field.pyc[line:47] INFO the cookies is <RequestsCookieJar[<Cookie JSESSIONID_WORKSPACE=uJ1vQX1ycN58b6g9rIlI75Hba_7hsPSBYORs77rzOlfrBzn8Ckzp!962196520!1543759822194 for 221.226.253.51/>]>
2018-12-02 22:22:11,704 check_required_field.pyc[line:616] INFO 检查业务信息[文化馆辅导群众文艺作品创作]
2018-12-02 22:22:11,704 check_required_field.pyc[line:99] INFO 检查[办理地点]
2018-12-02 22:22:11,704 check_required_field.pyc[line:105] INFO 办理地点 is 如:丹阳市云扬路12号。, type is text, value_range is 
2018-12-02 22:22:11,706 check_required_field.pyc[line:99] INFO 检查[工作时间]
2018-12-02 22:22:11,706 check_required_field.pyc[line:105] INFO 工作时间 is 夏季：上午8:30-11:30，下午12:00-17:00；冬季：上午8:30-11:00，下午14:00-17:00。, type is text, value_range is 
2018-12-02 22:22:11,706 check_required_field.pyc[line:99] INFO 检查[经办机构（处室）]
2018-12-02 22:22:11,707 check_required_field.pyc[line:105] INFO 经办机构（处室） is 文化馆, type is text, value_range is 
2018-12-02 22:22:11,707 check_required_field.pyc[line:99] INFO 检查[数量限制]
2018-12-02 22:22:11,707 check_required_field.pyc[line:105] INFO 数量限制 is 1, type is radio, value_range is 1,2
2018-12-02 22:22:11,707 check_required_field.pyc[line:99] INFO 检查[服务对象]
2018-12-02 22:22:11,707 check_required_field.pyc[line:105] INFO 服务对象 is 1, type is checkbox, value_range is 1,2,3
2018-12-02 22:22:11,707 check_required_field.pyc[line:99] INFO 检查[业务名称]
2018-12-02 22:22:11,709 check_required_field.pyc[line:105] INFO 业务名称 is 文化馆辅导群众文艺作品创作, type is text, value_range is 
2018-12-02 22:22:11,709 check_required_field.pyc[line:99] INFO 检查[承办机构]
2018-12-02 22:22:11,709 check_required_field.pyc[line:105] INFO 承办机构 is 丹阳市文化广电新闻出版局, type is text, value_range is 
2018-12-02 22:22:11,710 check_required_field.pyc[line:99] INFO 检查[监督投诉方式]
2018-12-02 22:22:11,710 check_required_field.pyc[line:105] INFO 监督投诉方式 is 86917012, type is text, value_range is 
2018-12-02 22:22:11,710 check_required_field.pyc[line:99] INFO 检查[咨询方式]
2018-12-02 22:22:11,710 check_required_field.pyc[line:105] INFO 咨询方式 is 86524215, type is text, value_range is 
2018-12-02 22:22:11,710 check_required_field.pyc[line:45] INFO the post url is http://221.226.253.51:5065/onlineGovQl/PubServiceYwController.do?findQlMain=true
2018-12-02 22:22:11,710 check_required_field.pyc[line:46] INFO the post params is {u'idt': u'e9f291a6cd6044ed8e5992f5eecb9836'}
2018-12-02 22:22:11,711 check_required_field.pyc[line:47] INFO the cookies is <RequestsCookieJar[<Cookie JSESSIONID_WORKSPACE=uJ1vQX1ycN58b6g9rIlI75Hba_7hsPSBYORs77rzOlfrBzn8Ckzp!962196520!1543759822194 for 221.226.253.51/>]>
2018-12-02 22:22:12,670 check_required_field.pyc[line:564] INFO 检查服务名称[文化馆下基层辅导、演出、展览和指导基层群众文化活动]
2018-12-02 22:22:12,671 check_required_field.pyc[line:99] INFO 检查[服务内容]
2018-12-02 22:22:12,671 check_required_field.pyc[line:105] INFO 服务内容 is 年度深入基层开展培训、辅导、调研、指导工作的时间人居不少于20天/年。
建设基层文化活动基地不少于4个。, type is text, value_range is 
2018-12-02 22:22:12,671 check_required_field.pyc[line:99] INFO 检查[服务领域]
2018-12-02 22:22:12,671 check_required_field.pyc[line:105] INFO 服务领域 is 8, type is radio, value_range is 1,2,3,4,5,6,7,8,9,10,11,12,13,14,15,16,17,18,19,20,21,22,23,24,25,26,27,28,29,30,31,32,33,34,35,99
2018-12-02 22:22:12,671 check_required_field.pyc[line:99] INFO 检查[服务方式]
2018-12-02 22:22:12,673 check_required_field.pyc[line:105] INFO 服务方式 is 2, type is radio, value_range is 1,2
2018-12-02 22:22:12,673 check_required_field.pyc[line:99] INFO 检查[服务依据]
2018-12-02 22:22:12,673 check_required_field.pyc[line:105] INFO 服务依据 is 【规范性文件】《文化馆服务标准》(GB T 32939-2016 )
6.2.1　服务内容
通过组织社会群众文化活动、建立基层服务点、流动车等形式，定期下基层辅导、演出、展览和指导基层群众文化活动，将文化馆的服务延伸到基层馆（站）和社区、村。, type is text, value_range is 
2018-12-02 22:22:12,674 check_required_field.pyc[line:45] INFO the post url is http://221.226.253.51:5065/onlineGovQl/PubServiceYwController.do?findQlyw=true&start=aoData["iDisplayStart"]
2018-12-02 22:22:12,674 check_required_field.pyc[line:46] INFO the post params is {u'sSortDir': u'', u'idt': u'e9f291a6cd6044ed8e5992f5eecb9836', u'sEcho': u'1', u'limit': u'-1', u'iSortCol': u'', u'pageStart': u'1'}
2018-12-02 22:22:12,674 check_required_field.pyc[line:47] INFO the cookies is <RequestsCookieJar[<Cookie JSESSIONID_WORKSPACE=uJ1vQX1ycN58b6g9rIlI75Hba_7hsPSBYORs77rzOlfrBzn8Ckzp!962196520!1543759822194 for 221.226.253.51/>]>
2018-12-02 22:22:13,586 check_required_field.pyc[line:45] INFO the post url is http://221.226.253.51:5065/onlineGovQl/PubServiceYwController.do?findServiseData=true
2018-12-02 22:22:13,586 check_required_field.pyc[line:46] INFO the post params is {u'showTable': u'XK', u'idt': u'42ff24857b164654b19f6005c7353363', u'idtlog': u'36299b801506420f9926e96346e9e06c'}
2018-12-02 22:22:13,586 check_required_field.pyc[line:47] INFO the cookies is <RequestsCookieJar[<Cookie JSESSIONID_WORKSPACE=uJ1vQX1ycN58b6g9rIlI75Hba_7hsPSBYORs77rzOlfrBzn8Ckzp!962196520!1543759822194 for 221.226.253.51/>]>
2018-12-02 22:22:15,434 check_required_field.pyc[line:616] INFO 检查业务信息[文化馆下基层辅导、演出、展览和指导基层群众文化活动]
2018-12-02 22:22:15,434 check_required_field.pyc[line:99] INFO 检查[办理地点]
2018-12-02 22:22:15,436 check_required_field.pyc[line:105] INFO 办理地点 is 如:丹阳市云扬路12号。, type is text, value_range is 
2018-12-02 22:22:15,436 check_required_field.pyc[line:99] INFO 检查[工作时间]
2018-12-02 22:22:15,437 check_required_field.pyc[line:105] INFO 工作时间 is 夏季：上午8:30-11:30，下午14:00-17:00；冬季：上午8:30-11:30，下午14:00-17:00。, type is text, value_range is 
2018-12-02 22:22:15,438 check_required_field.pyc[line:99] INFO 检查[经办机构（处室）]
2018-12-02 22:22:15,441 check_required_field.pyc[line:105] INFO 经办机构（处室） is 文化馆, type is text, value_range is 
2018-12-02 22:22:15,443 check_required_field.pyc[line:99] INFO 检查[数量限制]
2018-12-02 22:22:15,446 check_required_field.pyc[line:105] INFO 数量限制 is 1, type is radio, value_range is 1,2
2018-12-02 22:22:15,447 check_required_field.pyc[line:99] INFO 检查[服务对象]
2018-12-02 22:22:15,448 check_required_field.pyc[line:105] INFO 服务对象 is 1, type is checkbox, value_range is 1,2,3
2018-12-02 22:22:15,448 check_required_field.pyc[line:99] INFO 检查[业务名称]
2018-12-02 22:22:15,448 check_required_field.pyc[line:105] INFO 业务名称 is 文化馆下基层辅导、演出、展览和指导基层群众文化活动, type is text, value_range is 
2018-12-02 22:22:15,450 check_required_field.pyc[line:99] INFO 检查[承办机构]
2018-12-02 22:22:15,450 check_required_field.pyc[line:105] INFO 承办机构 is 丹阳市文化广电新闻出版局, type is text, value_range is 
2018-12-02 22:22:15,450 check_required_field.pyc[line:99] INFO 检查[监督投诉方式]
2018-12-02 22:22:15,450 check_required_field.pyc[line:105] INFO 监督投诉方式 is 86917012, type is text, value_range is 
2018-12-02 22:22:15,450 check_required_field.pyc[line:99] INFO 检查[咨询方式]
2018-12-02 22:22:15,450 check_required_field.pyc[line:105] INFO 咨询方式 is 86524215, type is text, value_range is 
2018-12-02 22:22:15,451 check_required_field.pyc[line:45] INFO the post url is http://221.226.253.51:5065/onlineGovQl/PubServiceYwController.do?findQlMain=true
2018-12-02 22:22:15,451 check_required_field.pyc[line:46] INFO the post params is {u'idt': u'34ad38934aaf48e789f4fc4fa3da9a7b'}
2018-12-02 22:22:15,451 check_required_field.pyc[line:47] INFO the cookies is <RequestsCookieJar[<Cookie JSESSIONID_WORKSPACE=uJ1vQX1ycN58b6g9rIlI75Hba_7hsPSBYORs77rzOlfrBzn8Ckzp!962196520!1543759822194 for 221.226.253.51/>]>
2018-12-02 22:22:15,792 check_required_field.pyc[line:564] INFO 检查服务名称[为基层免费送戏曲等文艺演出]
2018-12-02 22:22:15,793 check_required_field.pyc[line:99] INFO 检查[服务内容]
2018-12-02 22:22:15,793 check_required_field.pyc[line:105] INFO 服务内容 is 县级文化部门组织辖区内各文艺团体每年分别为基层免费送戏曲等文艺演出, type is text, value_range is 
2018-12-02 22:22:15,793 check_required_field.pyc[line:99] INFO 检查[服务领域]
2018-12-02 22:22:15,795 check_required_field.pyc[line:105] INFO 服务领域 is 8, type is radio, value_range is 1,2,3,4,5,6,7,8,9,10,11,12,13,14,15,16,17,18,19,20,21,22,23,24,25,26,27,28,29,30,31,32,33,34,35,99
2018-12-02 22:22:15,795 check_required_field.pyc[line:99] INFO 检查[服务方式]
2018-12-02 22:22:15,796 check_required_field.pyc[line:105] INFO 服务方式 is 2, type is radio, value_range is 1,2
2018-12-02 22:22:15,796 check_required_field.pyc[line:99] INFO 检查[服务依据]
2018-12-02 22:22:15,796 check_required_field.pyc[line:105] INFO 服务依据 is 【文件】《省政府办公厅关于印发江苏省“十三五”时期基本公共服务清单的通知》（苏政办发〔2017〕65号）
    60.……县级文化部门组织辖区内各文艺团体每年分别为基层免费送戏曲等文艺演出不少于12场。
【文件】《省委办公厅　省政府办公厅印发〈关于推进现代公共文化服务体系建设的实施意见》的通知〉（苏办发〔2015〕49号）
    附件：江苏省基本公共文化服务保障标准（2015-2020年）
    19.……县级文化部门组织辖区内各文艺团体每年分别为基层免费送戏曲等文艺演出不少于12场。, type is text, value_range is 
2018-12-02 22:22:15,796 check_required_field.pyc[line:45] INFO the post url is http://221.226.253.51:5065/onlineGovQl/PubServiceYwController.do?findQlyw=true&start=aoData["iDisplayStart"]
2018-12-02 22:22:15,798 check_required_field.pyc[line:46] INFO the post params is {u'sSortDir': u'', u'idt': u'34ad38934aaf48e789f4fc4fa3da9a7b', u'sEcho': u'1', u'limit': u'-1', u'iSortCol': u'', u'pageStart': u'1'}
2018-12-02 22:22:15,798 check_required_field.pyc[line:47] INFO the cookies is <RequestsCookieJar[<Cookie JSESSIONID_WORKSPACE=uJ1vQX1ycN58b6g9rIlI75Hba_7hsPSBYORs77rzOlfrBzn8Ckzp!962196520!1543759822194 for 221.226.253.51/>]>
2018-12-02 22:22:16,240 check_required_field.pyc[line:45] INFO the post url is http://221.226.253.51:5065/onlineGovQl/PubServiceYwController.do?findServiseData=true
2018-12-02 22:22:16,240 check_required_field.pyc[line:46] INFO the post params is {u'showTable': u'XK', u'idt': u'12ce48878aa04dbfa67b14cffbcbcb65', u'idtlog': u'dda8de6a12124701883cb81656aae52a'}
2018-12-02 22:22:16,242 check_required_field.pyc[line:47] INFO the cookies is <RequestsCookieJar[<Cookie JSESSIONID_WORKSPACE=uJ1vQX1ycN58b6g9rIlI75Hba_7hsPSBYORs77rzOlfrBzn8Ckzp!962196520!1543759822194 for 221.226.253.51/>]>
2018-12-02 22:22:18,048 check_required_field.pyc[line:616] INFO 检查业务信息[为基层免费送戏曲等文艺演出]
2018-12-02 22:22:18,049 check_required_field.pyc[line:99] INFO 检查[办理地点]
2018-12-02 22:22:18,049 check_required_field.pyc[line:105] INFO 办理地点 is 丹阳市云阳路12号, type is text, value_range is 
2018-12-02 22:22:18,049 check_required_field.pyc[line:99] INFO 检查[工作时间]
2018-12-02 22:22:18,049 check_required_field.pyc[line:105] INFO 工作时间 is 夏季：上午8:30-11:30，下午13:30-17:00；冬季：上午8:30-11:00，下午13:00-17:00。, type is text, value_range is 
2018-12-02 22:22:18,049 check_required_field.pyc[line:99] INFO 检查[经办机构（处室）]
2018-12-02 22:22:18,049 check_required_field.pyc[line:105] INFO 经办机构（处室） is 文化艺术科, type is text, value_range is 
2018-12-02 22:22:18,051 check_required_field.pyc[line:99] INFO 检查[数量限制]
2018-12-02 22:22:18,051 check_required_field.pyc[line:105] INFO 数量限制 is 1, type is radio, value_range is 1,2
2018-12-02 22:22:18,052 check_required_field.pyc[line:99] INFO 检查[服务对象]
2018-12-02 22:22:18,053 check_required_field.pyc[line:105] INFO 服务对象 is 1, type is checkbox, value_range is 1,2,3
2018-12-02 22:22:18,055 check_required_field.pyc[line:99] INFO 检查[业务名称]
2018-12-02 22:22:18,059 check_required_field.pyc[line:105] INFO 业务名称 is 为基层免费送戏曲等文艺演出, type is text, value_range is 
2018-12-02 22:22:18,061 check_required_field.pyc[line:99] INFO 检查[承办机构]
2018-12-02 22:22:18,062 check_required_field.pyc[line:105] INFO 承办机构 is 丹阳市文化广电新闻出版局, type is text, value_range is 
2018-12-02 22:22:18,065 check_required_field.pyc[line:99] INFO 检查[监督投诉方式]
2018-12-02 22:22:18,065 check_required_field.pyc[line:105] INFO 监督投诉方式 is 86917011, type is text, value_range is 
2018-12-02 22:22:18,065 check_required_field.pyc[line:99] INFO 检查[咨询方式]
2018-12-02 22:22:18,065 check_required_field.pyc[line:105] INFO 咨询方式 is 86917012, type is text, value_range is 
2018-12-02 22:22:18,065 check_required_field.pyc[line:45] INFO the post url is http://221.226.253.51:5065/onlineGovQl/PubServiceYwController.do?findQlMain=true
2018-12-02 22:22:18,066 check_required_field.pyc[line:46] INFO the post params is {u'idt': u'41872cad076d4dd4b8d7c3b178fd237f'}
2018-12-02 22:22:18,066 check_required_field.pyc[line:47] INFO the cookies is <RequestsCookieJar[<Cookie JSESSIONID_WORKSPACE=uJ1vQX1ycN58b6g9rIlI75Hba_7hsPSBYORs77rzOlfrBzn8Ckzp!962196520!1543759822194 for 221.226.253.51/>]>
2018-12-02 22:22:18,634 check_required_field.pyc[line:564] INFO 检查服务名称[公共图书馆免费开放]
2018-12-02 22:22:18,634 check_required_field.pyc[line:99] INFO 检查[服务内容]
2018-12-02 22:22:18,635 check_required_field.pyc[line:105] INFO 服务内容 is 阅览室、自习室等公共空间设施场地开放，免费提供基本服务项目，全年开放时间不少于10个月, type is text, value_range is 
2018-12-02 22:22:18,638 check_required_field.pyc[line:99] INFO 检查[服务领域]
2018-12-02 22:22:18,641 check_required_field.pyc[line:105] INFO 服务领域 is 8, type is radio, value_range is 1,2,3,4,5,6,7,8,9,10,11,12,13,14,15,16,17,18,19,20,21,22,23,24,25,26,27,28,29,30,31,32,33,34,35,99
2018-12-02 22:22:18,641 check_required_field.pyc[line:99] INFO 检查[服务方式]
2018-12-02 22:22:18,644 check_required_field.pyc[line:105] INFO 服务方式 is 2, type is radio, value_range is 1,2
2018-12-02 22:22:18,647 check_required_field.pyc[line:99] INFO 检查[服务依据]
2018-12-02 22:22:18,648 check_required_field.pyc[line:105] INFO 服务依据 is 【法律】《中华人民共和国公共图书馆法》
     第三十三条　公共图书馆应当免费向社会公众提供下列服务：
    （二）阅览室、自习室等公共空间设施场地开放；
【文件】《省政府办公厅关于印发江苏省“十三五”时期基本公共服务清单的通知》（苏政办发〔2017〕65号）
    59.公共图书馆（室）、文化馆（站）、公共博物馆（非文物建筑及遗址类）、公共美术馆等公共文化设施免费开放，免费提供基本服务项目，全年开放时间不少于10个月。
【文件】《省委办公厅　省政府办公厅印发〈关于推进现代公共文化服务体系建设的实施意见》的通知〉（苏办发〔2015〕49号）
    附件：江苏省基本公共文化服务保障标准（2015-2020年）
    20.公共图书馆、文化馆（站）、博物馆（非文物建筑及遗址类）、美术馆等公共文化设施免费开放，基本服务项目健全。, type is text, value_range is 
2018-12-02 22:22:18,648 check_required_field.pyc[line:45] INFO the post url is http://221.226.253.51:5065/onlineGovQl/PubServiceYwController.do?findQlyw=true&start=aoData["iDisplayStart"]
2018-12-02 22:22:18,650 check_required_field.pyc[line:46] INFO the post params is {u'sSortDir': u'', u'idt': u'41872cad076d4dd4b8d7c3b178fd237f', u'sEcho': u'1', u'limit': u'-1', u'iSortCol': u'', u'pageStart': u'1'}
2018-12-02 22:22:18,651 check_required_field.pyc[line:47] INFO the cookies is <RequestsCookieJar[<Cookie JSESSIONID_WORKSPACE=uJ1vQX1ycN58b6g9rIlI75Hba_7hsPSBYORs77rzOlfrBzn8Ckzp!962196520!1543759822194 for 221.226.253.51/>]>
2018-12-02 22:22:19,112 check_required_field.pyc[line:45] INFO the post url is http://221.226.253.51:5065/onlineGovQl/PubServiceYwController.do?findServiseData=true
2018-12-02 22:22:19,115 check_required_field.pyc[line:46] INFO the post params is {u'showTable': u'XK', u'idt': u'd453c9ea92d54cecb1219897ad1e0427', u'idtlog': u'3d250f9c032942b6a5b14c3defcb3211'}
2018-12-02 22:22:19,117 check_required_field.pyc[line:47] INFO the cookies is <RequestsCookieJar[<Cookie JSESSIONID_WORKSPACE=uJ1vQX1ycN58b6g9rIlI75Hba_7hsPSBYORs77rzOlfrBzn8Ckzp!962196520!1543759822194 for 221.226.253.51/>]>
2018-12-02 22:22:21,032 check_required_field.pyc[line:616] INFO 检查业务信息[公共图书馆免费开放]
2018-12-02 22:22:21,033 check_required_field.pyc[line:99] INFO 检查[办理地点]
2018-12-02 22:22:21,033 check_required_field.pyc[line:105] INFO 办理地点 is 丹阳市西环路21号, type is text, value_range is 
2018-12-02 22:22:21,033 check_required_field.pyc[line:99] INFO 检查[工作时间]
2018-12-02 22:22:21,035 check_required_field.pyc[line:105] INFO 工作时间 is 夏季：上午8:30-11:30，下午14:30-18:00；冬季：上午8:30-11:30，下午12:00-18:00。, type is text, value_range is 
2018-12-02 22:22:21,035 check_required_field.pyc[line:99] INFO 检查[经办机构（处室）]
2018-12-02 22:22:21,035 check_required_field.pyc[line:105] INFO 经办机构（处室） is 图书馆, type is text, value_range is 
2018-12-02 22:22:21,036 check_required_field.pyc[line:99] INFO 检查[数量限制]
2018-12-02 22:22:21,036 check_required_field.pyc[line:105] INFO 数量限制 is 1, type is radio, value_range is 1,2
2018-12-02 22:22:21,036 check_required_field.pyc[line:99] INFO 检查[服务对象]
2018-12-02 22:22:21,036 check_required_field.pyc[line:105] INFO 服务对象 is 1, type is checkbox, value_range is 1,2,3
2018-12-02 22:22:21,036 check_required_field.pyc[line:99] INFO 检查[业务名称]
2018-12-02 22:22:21,036 check_required_field.pyc[line:105] INFO 业务名称 is 公共图书馆免费开放, type is text, value_range is 
2018-12-02 22:22:21,038 check_required_field.pyc[line:99] INFO 检查[承办机构]
2018-12-02 22:22:21,038 check_required_field.pyc[line:105] INFO 承办机构 is 丹阳市文化广电新闻出版局, type is text, value_range is 
2018-12-02 22:22:21,038 check_required_field.pyc[line:99] INFO 检查[监督投诉方式]
2018-12-02 22:22:21,039 check_required_field.pyc[line:105] INFO 监督投诉方式 is 86917012, type is text, value_range is 
2018-12-02 22:22:21,039 check_required_field.pyc[line:99] INFO 检查[咨询方式]
2018-12-02 22:22:21,039 check_required_field.pyc[line:105] INFO 咨询方式 is 86541129, type is text, value_range is 
2018-12-02 22:22:21,039 check_required_field.pyc[line:45] INFO the post url is http://221.226.253.51:5065/onlineGovQl/PubServiceYwController.do?findQlMain=true
2018-12-02 22:22:21,039 check_required_field.pyc[line:46] INFO the post params is {u'idt': u'c90b803dff2343f094cf28d47dc97d7b'}
2018-12-02 22:22:21,039 check_required_field.pyc[line:47] INFO the cookies is <RequestsCookieJar[<Cookie JSESSIONID_WORKSPACE=uJ1vQX1ycN58b6g9rIlI75Hba_7hsPSBYORs77rzOlfrBzn8Ckzp!962196520!1543759822194 for 221.226.253.51/>]>
2018-12-02 22:22:21,361 check_required_field.pyc[line:564] INFO 检查服务名称[公共图书馆公益性讲座]
2018-12-02 22:22:21,361 check_required_field.pyc[line:99] INFO 检查[服务内容]
2018-12-02 22:22:21,361 check_required_field.pyc[line:105] INFO 服务内容 is 公益性讲座, type is text, value_range is 
2018-12-02 22:22:21,361 check_required_field.pyc[line:99] INFO 检查[服务领域]
2018-12-02 22:22:21,362 check_required_field.pyc[line:105] INFO 服务领域 is 8, type is radio, value_range is 1,2,3,4,5,6,7,8,9,10,11,12,13,14,15,16,17,18,19,20,21,22,23,24,25,26,27,28,29,30,31,32,33,34,35,99
2018-12-02 22:22:21,362 check_required_field.pyc[line:99] INFO 检查[服务方式]
2018-12-02 22:22:21,362 check_required_field.pyc[line:105] INFO 服务方式 is 2, type is radio, value_range is 1,2
2018-12-02 22:22:21,364 check_required_field.pyc[line:99] INFO 检查[服务依据]
2018-12-02 22:22:21,364 check_required_field.pyc[line:105] INFO 服务依据 is 【法律】《中华人民共和国公共图书馆法》
     第三十三条　公共图书馆应当免费向社会公众提供下列服务：
    （三）公益性讲座、阅读推广、培训、展览；, type is text, value_range is 
2018-12-02 22:22:21,364 check_required_field.pyc[line:45] INFO the post url is http://221.226.253.51:5065/onlineGovQl/PubServiceYwController.do?findQlyw=true&start=aoData["iDisplayStart"]
2018-12-02 22:22:21,364 check_required_field.pyc[line:46] INFO the post params is {u'sSortDir': u'', u'idt': u'c90b803dff2343f094cf28d47dc97d7b', u'sEcho': u'1', u'limit': u'-1', u'iSortCol': u'', u'pageStart': u'1'}
2018-12-02 22:22:21,365 check_required_field.pyc[line:47] INFO the cookies is <RequestsCookieJar[<Cookie JSESSIONID_WORKSPACE=uJ1vQX1ycN58b6g9rIlI75Hba_7hsPSBYORs77rzOlfrBzn8Ckzp!962196520!1543759822194 for 221.226.253.51/>]>
2018-12-02 22:22:21,983 check_required_field.pyc[line:45] INFO the post url is http://221.226.253.51:5065/onlineGovQl/PubServiceYwController.do?findServiseData=true
2018-12-02 22:22:21,986 check_required_field.pyc[line:46] INFO the post params is {u'showTable': u'XK', u'idt': u'214c4615875b4a2d86243709d03f2e68', u'idtlog': u'ad16b8891853437cba418361f97cf796'}
2018-12-02 22:22:21,987 check_required_field.pyc[line:47] INFO the cookies is <RequestsCookieJar[<Cookie JSESSIONID_WORKSPACE=uJ1vQX1ycN58b6g9rIlI75Hba_7hsPSBYORs77rzOlfrBzn8Ckzp!962196520!1543759822194 for 221.226.253.51/>]>
2018-12-02 22:22:23,766 check_required_field.pyc[line:616] INFO 检查业务信息[公共图书馆公益性讲座]
2018-12-02 22:22:23,766 check_required_field.pyc[line:99] INFO 检查[办理地点]
2018-12-02 22:22:23,766 check_required_field.pyc[line:105] INFO 办理地点 is 丹阳市西环路21号, type is text, value_range is 
2018-12-02 22:22:23,767 check_required_field.pyc[line:99] INFO 检查[工作时间]
2018-12-02 22:22:23,767 check_required_field.pyc[line:105] INFO 工作时间 is 夏季：上午8:30-11:30，下午13:30-17:00；冬季：上午8:30-11:00，下午13:00-17:00。, type is text, value_range is 
2018-12-02 22:22:23,767 check_required_field.pyc[line:99] INFO 检查[经办机构（处室）]
2018-12-02 22:22:23,769 check_required_field.pyc[line:105] INFO 经办机构（处室） is 图书馆, type is text, value_range is 
2018-12-02 22:22:23,769 check_required_field.pyc[line:99] INFO 检查[数量限制]
2018-12-02 22:22:23,769 check_required_field.pyc[line:105] INFO 数量限制 is 1, type is radio, value_range is 1,2
2018-12-02 22:22:23,769 check_required_field.pyc[line:99] INFO 检查[服务对象]
2018-12-02 22:22:23,769 check_required_field.pyc[line:105] INFO 服务对象 is 1, type is checkbox, value_range is 1,2,3
2018-12-02 22:22:23,769 check_required_field.pyc[line:99] INFO 检查[业务名称]
2018-12-02 22:22:23,769 check_required_field.pyc[line:105] INFO 业务名称 is 公共图书馆公益性讲座, type is text, value_range is 
2018-12-02 22:22:23,770 check_required_field.pyc[line:99] INFO 检查[承办机构]
2018-12-02 22:22:23,770 check_required_field.pyc[line:105] INFO 承办机构 is 丹阳市文化广电新闻出版局, type is text, value_range is 
2018-12-02 22:22:23,770 check_required_field.pyc[line:99] INFO 检查[监督投诉方式]
2018-12-02 22:22:23,772 check_required_field.pyc[line:105] INFO 监督投诉方式 is 86917012, type is text, value_range is 
2018-12-02 22:22:23,772 check_required_field.pyc[line:99] INFO 检查[咨询方式]
2018-12-02 22:22:23,772 check_required_field.pyc[line:105] INFO 咨询方式 is 86541129, type is text, value_range is 
2018-12-02 22:22:23,773 check_required_field.pyc[line:45] INFO the post url is http://221.226.253.51:5065/onlineGovQl/PubServiceYwController.do?findQlMain=true
2018-12-02 22:22:23,773 check_required_field.pyc[line:46] INFO the post params is {u'idt': u'd8453b68bf1d496988f81c7747c79d6f'}
2018-12-02 22:22:23,773 check_required_field.pyc[line:47] INFO the cookies is <RequestsCookieJar[<Cookie JSESSIONID_WORKSPACE=uJ1vQX1ycN58b6g9rIlI75Hba_7hsPSBYORs77rzOlfrBzn8Ckzp!962196520!1543759822194 for 221.226.253.51/>]>
2018-12-02 22:22:24,121 check_required_field.pyc[line:564] INFO 检查服务名称[公共图书馆公益性展览]
2018-12-02 22:22:24,121 check_required_field.pyc[line:99] INFO 检查[服务内容]
2018-12-02 22:22:24,121 check_required_field.pyc[line:105] INFO 服务内容 is 展览, type is text, value_range is 
2018-12-02 22:22:24,121 check_required_field.pyc[line:99] INFO 检查[服务领域]
2018-12-02 22:22:24,121 check_required_field.pyc[line:105] INFO 服务领域 is 8, type is radio, value_range is 1,2,3,4,5,6,7,8,9,10,11,12,13,14,15,16,17,18,19,20,21,22,23,24,25,26,27,28,29,30,31,32,33,34,35,99
2018-12-02 22:22:24,122 check_required_field.pyc[line:99] INFO 检查[服务方式]
2018-12-02 22:22:24,122 check_required_field.pyc[line:105] INFO 服务方式 is 2, type is radio, value_range is 1,2
2018-12-02 22:22:24,122 check_required_field.pyc[line:99] INFO 检查[服务依据]
2018-12-02 22:22:24,124 check_required_field.pyc[line:105] INFO 服务依据 is 【法律】《中华人民共和国公共图书馆法》
     第三十三条　公共图书馆应当免费向社会公众提供下列服务：
    （三）公益性讲座、阅读推广、培训、展览；, type is text, value_range is 
2018-12-02 22:22:24,124 check_required_field.pyc[line:45] INFO the post url is http://221.226.253.51:5065/onlineGovQl/PubServiceYwController.do?findQlyw=true&start=aoData["iDisplayStart"]
2018-12-02 22:22:24,124 check_required_field.pyc[line:46] INFO the post params is {u'sSortDir': u'', u'idt': u'd8453b68bf1d496988f81c7747c79d6f', u'sEcho': u'1', u'limit': u'-1', u'iSortCol': u'', u'pageStart': u'1'}
2018-12-02 22:22:24,125 check_required_field.pyc[line:47] INFO the cookies is <RequestsCookieJar[<Cookie JSESSIONID_WORKSPACE=uJ1vQX1ycN58b6g9rIlI75Hba_7hsPSBYORs77rzOlfrBzn8Ckzp!962196520!1543759822194 for 221.226.253.51/>]>
2018-12-02 22:22:24,568 check_required_field.pyc[line:45] INFO the post url is http://221.226.253.51:5065/onlineGovQl/PubServiceYwController.do?findServiseData=true
2018-12-02 22:22:24,569 check_required_field.pyc[line:46] INFO the post params is {u'showTable': u'XK', u'idt': u'3fc17b22692144b4a446a417d0e5ef77', u'idtlog': u'2d88319b510d47eea41307440023b574'}
2018-12-02 22:22:24,569 check_required_field.pyc[line:47] INFO the cookies is <RequestsCookieJar[<Cookie JSESSIONID_WORKSPACE=uJ1vQX1ycN58b6g9rIlI75Hba_7hsPSBYORs77rzOlfrBzn8Ckzp!962196520!1543759822194 for 221.226.253.51/>]>
2018-12-02 22:22:26,348 check_required_field.pyc[line:616] INFO 检查业务信息[公共图书馆公益性展览]
2018-12-02 22:22:26,349 check_required_field.pyc[line:99] INFO 检查[办理地点]
2018-12-02 22:22:26,349 check_required_field.pyc[line:105] INFO 办理地点 is 丹阳市西环路21号, type is text, value_range is 
2018-12-02 22:22:26,351 check_required_field.pyc[line:99] INFO 检查[工作时间]
2018-12-02 22:22:26,351 check_required_field.pyc[line:105] INFO 工作时间 is 夏季：上午8:30-11:30，下午13:30-17:00；冬季：上午8:30-11:00，下午13:00-17:00。, type is text, value_range is 
2018-12-02 22:22:26,351 check_required_field.pyc[line:99] INFO 检查[经办机构（处室）]
2018-12-02 22:22:26,351 check_required_field.pyc[line:105] INFO 经办机构（处室） is 图书馆, type is text, value_range is 
2018-12-02 22:22:26,351 check_required_field.pyc[line:99] INFO 检查[数量限制]
2018-12-02 22:22:26,351 check_required_field.pyc[line:105] INFO 数量限制 is 1, type is radio, value_range is 1,2
2018-12-02 22:22:26,352 check_required_field.pyc[line:99] INFO 检查[服务对象]
2018-12-02 22:22:26,352 check_required_field.pyc[line:105] INFO 服务对象 is 1, type is checkbox, value_range is 1,2,3
2018-12-02 22:22:26,352 check_required_field.pyc[line:99] INFO 检查[业务名称]
2018-12-02 22:22:26,352 check_required_field.pyc[line:105] INFO 业务名称 is 公共图书馆公益性展览, type is text, value_range is 
2018-12-02 22:22:26,354 check_required_field.pyc[line:99] INFO 检查[承办机构]
2018-12-02 22:22:26,354 check_required_field.pyc[line:105] INFO 承办机构 is 丹阳市文化广电新闻出版局, type is text, value_range is 
2018-12-02 22:22:26,354 check_required_field.pyc[line:99] INFO 检查[监督投诉方式]
2018-12-02 22:22:26,355 check_required_field.pyc[line:105] INFO 监督投诉方式 is 86917012, type is text, value_range is 
2018-12-02 22:22:26,355 check_required_field.pyc[line:99] INFO 检查[咨询方式]
2018-12-02 22:22:26,355 check_required_field.pyc[line:105] INFO 咨询方式 is 86541129, type is text, value_range is 
2018-12-02 22:22:26,355 check_required_field.pyc[line:45] INFO the post url is http://221.226.253.51:5065/onlineGovQl/PubServiceYwController.do?findQlMain=true
2018-12-02 22:22:26,355 check_required_field.pyc[line:46] INFO the post params is {u'idt': u'457cb8ca0bab4dc29bf4c363d5cb60f8'}
2018-12-02 22:22:26,355 check_required_field.pyc[line:47] INFO the cookies is <RequestsCookieJar[<Cookie JSESSIONID_WORKSPACE=uJ1vQX1ycN58b6g9rIlI75Hba_7hsPSBYORs77rzOlfrBzn8Ckzp!962196520!1543759822194 for 221.226.253.51/>]>
2018-12-02 22:22:26,779 check_required_field.pyc[line:564] INFO 检查服务名称[图书资料借阅服务]
2018-12-02 22:22:26,779 check_required_field.pyc[line:99] INFO 检查[服务内容]
2018-12-02 22:22:26,780 check_required_field.pyc[line:105] INFO 服务内容 is 图书资料外借、阅览；流动服务, type is text, value_range is 
2018-12-02 22:22:26,780 check_required_field.pyc[line:99] INFO 检查[服务领域]
2018-12-02 22:22:26,780 check_required_field.pyc[line:105] INFO 服务领域 is 8, type is radio, value_range is 1,2,3,4,5,6,7,8,9,10,11,12,13,14,15,16,17,18,19,20,21,22,23,24,25,26,27,28,29,30,31,32,33,34,35,99
2018-12-02 22:22:26,782 check_required_field.pyc[line:99] INFO 检查[服务方式]
2018-12-02 22:22:26,782 check_required_field.pyc[line:105] INFO 服务方式 is 2, type is radio, value_range is 1,2
2018-12-02 22:22:26,782 check_required_field.pyc[line:99] INFO 检查[服务依据]
2018-12-02 22:22:26,782 check_required_field.pyc[line:105] INFO 服务依据 is 根据文化部有关文件规定, type is text, value_range is 
2018-12-02 22:22:26,782 check_required_field.pyc[line:45] INFO the post url is http://221.226.253.51:5065/onlineGovQl/PubServiceYwController.do?findQlyw=true&start=aoData["iDisplayStart"]
2018-12-02 22:22:26,782 check_required_field.pyc[line:46] INFO the post params is {u'sSortDir': u'', u'idt': u'457cb8ca0bab4dc29bf4c363d5cb60f8', u'sEcho': u'1', u'limit': u'-1', u'iSortCol': u'', u'pageStart': u'1'}
2018-12-02 22:22:26,783 check_required_field.pyc[line:47] INFO the cookies is <RequestsCookieJar[<Cookie JSESSIONID_WORKSPACE=uJ1vQX1ycN58b6g9rIlI75Hba_7hsPSBYORs77rzOlfrBzn8Ckzp!962196520!1543759822194 for 221.226.253.51/>]>
2018-12-02 22:22:27,256 check_required_field.pyc[line:45] INFO the post url is http://221.226.253.51:5065/onlineGovQl/PubServiceYwController.do?findServiseData=true
2018-12-02 22:22:27,256 check_required_field.pyc[line:46] INFO the post params is {u'showTable': u'XK', u'idt': u'becff20bc8aa45a48cf195f3b5a8a812', u'idtlog': u'947a76928e584e3c99ad61718c3175f8'}
2018-12-02 22:22:27,257 check_required_field.pyc[line:47] INFO the cookies is <RequestsCookieJar[<Cookie JSESSIONID_WORKSPACE=uJ1vQX1ycN58b6g9rIlI75Hba_7hsPSBYORs77rzOlfrBzn8Ckzp!962196520!1543759822194 for 221.226.253.51/>]>
2018-12-02 22:22:28,941 check_required_field.pyc[line:616] INFO 检查业务信息[图书资料借阅服务]
2018-12-02 22:22:28,941 check_required_field.pyc[line:99] INFO 检查[办理地点]
2018-12-02 22:22:28,943 check_required_field.pyc[line:105] INFO 办理地点 is 丹阳市西环路21号, type is text, value_range is 
2018-12-02 22:22:28,943 check_required_field.pyc[line:99] INFO 检查[工作时间]
2018-12-02 22:22:28,943 check_required_field.pyc[line:105] INFO 工作时间 is 夏季：上午8:30-11:30，下午13:30-17:00；冬季：上午8:30-11:00，下午13:00-17:00。, type is text, value_range is 
2018-12-02 22:22:28,944 check_required_field.pyc[line:99] INFO 检查[经办机构（处室）]
2018-12-02 22:22:28,944 check_required_field.pyc[line:105] INFO 经办机构（处室） is 图书馆, type is text, value_range is 
2018-12-02 22:22:28,944 check_required_field.pyc[line:99] INFO 检查[数量限制]
2018-12-02 22:22:28,944 check_required_field.pyc[line:105] INFO 数量限制 is 1, type is radio, value_range is 1,2
2018-12-02 22:22:28,944 check_required_field.pyc[line:99] INFO 检查[服务对象]
2018-12-02 22:22:28,944 check_required_field.pyc[line:105] INFO 服务对象 is 1, type is checkbox, value_range is 1,2,3
2018-12-02 22:22:28,946 check_required_field.pyc[line:99] INFO 检查[业务名称]
2018-12-02 22:22:28,946 check_required_field.pyc[line:105] INFO 业务名称 is 图书资料借阅服务, type is text, value_range is 
2018-12-02 22:22:28,946 check_required_field.pyc[line:99] INFO 检查[承办机构]
2018-12-02 22:22:28,947 check_required_field.pyc[line:105] INFO 承办机构 is 丹阳市文化广电新闻出版局, type is text, value_range is 
2018-12-02 22:22:28,947 check_required_field.pyc[line:99] INFO 检查[监督投诉方式]
2018-12-02 22:22:28,947 check_required_field.pyc[line:105] INFO 监督投诉方式 is 86917012, type is text, value_range is 
2018-12-02 22:22:28,947 check_required_field.pyc[line:99] INFO 检查[咨询方式]
2018-12-02 22:22:28,947 check_required_field.pyc[line:105] INFO 咨询方式 is 86541129, type is text, value_range is 
2018-12-02 22:22:28,947 check_required_field.pyc[line:45] INFO the post url is http://221.226.253.51:5065/onlineGovQl/PubServiceYwController.do?findQlMain=true
2018-12-02 22:22:28,947 check_required_field.pyc[line:46] INFO the post params is {u'idt': u'937860526bba445d8e5e7863cba2e88f'}
2018-12-02 22:22:28,948 check_required_field.pyc[line:47] INFO the cookies is <RequestsCookieJar[<Cookie JSESSIONID_WORKSPACE=uJ1vQX1ycN58b6g9rIlI75Hba_7hsPSBYORs77rzOlfrBzn8Ckzp!962196520!1543759822194 for 221.226.253.51/>]>
2018-12-02 22:22:29,302 check_required_field.pyc[line:564] INFO 检查服务名称[文化馆免费开放]
2018-12-02 22:22:29,302 check_required_field.pyc[line:99] INFO 检查[服务内容]
2018-12-02 22:22:29,302 check_required_field.pyc[line:105] INFO 服务内容 is 免费提供基本服务项目，全年开放时间不少于10个月。馆内常设的基本服务项目不低于5项。, type is text, value_range is 
2018-12-02 22:22:29,302 check_required_field.pyc[line:99] INFO 检查[服务领域]
2018-12-02 22:22:29,302 check_required_field.pyc[line:105] INFO 服务领域 is 8, type is radio, value_range is 1,2,3,4,5,6,7,8,9,10,11,12,13,14,15,16,17,18,19,20,21,22,23,24,25,26,27,28,29,30,31,32,33,34,35,99
2018-12-02 22:22:29,302 check_required_field.pyc[line:99] INFO 检查[服务方式]
2018-12-02 22:22:29,303 check_required_field.pyc[line:105] INFO 服务方式 is 2, type is radio, value_range is 1,2
2018-12-02 22:22:29,303 check_required_field.pyc[line:99] INFO 检查[服务依据]
2018-12-02 22:22:29,303 check_required_field.pyc[line:105] INFO 服务依据 is 【规范性文件】《文化馆服务标准》(GB T 32939-2016 )
6.1.1　服务性质
文化馆实现无障碍、零门槛进入，公共空间设施场地实行免费开放，所提供基本服务项目全部免费。
【文件】《省政府办公厅关于印发江苏省“十三五”时期基本公共服务清单的通知》（苏政办发〔2017〕65号）
    59.公共图书馆（室）、文化馆（站）、公共博物馆（非文物建筑及遗址类）、公共美术馆等公共文化设施免费开放，免费提供基本服务项目，全年开放时间不少于10个月。
【文件】《省委办公厅　省政府办公厅印发〈关于推进现代公共文化服务体系建设的实施意见》的通知〉（苏办发〔2015〕49号）
    附件：江苏省基本公共文化服务保障标准（2015-2020年）
    20.公共图书馆、文化馆（站）、博物馆（非文物建筑及遗址类）、美术馆等公共文化设施免费开放，基本服务项目健全。, type is text, value_range is 
2018-12-02 22:22:29,305 check_required_field.pyc[line:45] INFO the post url is http://221.226.253.51:5065/onlineGovQl/PubServiceYwController.do?findQlyw=true&start=aoData["iDisplayStart"]
2018-12-02 22:22:29,305 check_required_field.pyc[line:46] INFO the post params is {u'sSortDir': u'', u'idt': u'937860526bba445d8e5e7863cba2e88f', u'sEcho': u'1', u'limit': u'-1', u'iSortCol': u'', u'pageStart': u'1'}
2018-12-02 22:22:29,305 check_required_field.pyc[line:47] INFO the cookies is <RequestsCookieJar[<Cookie JSESSIONID_WORKSPACE=uJ1vQX1ycN58b6g9rIlI75Hba_7hsPSBYORs77rzOlfrBzn8Ckzp!962196520!1543759822194 for 221.226.253.51/>]>
2018-12-02 22:22:29,740 check_required_field.pyc[line:45] INFO the post url is http://221.226.253.51:5065/onlineGovQl/PubServiceYwController.do?findServiseData=true
2018-12-02 22:22:29,740 check_required_field.pyc[line:46] INFO the post params is {u'showTable': u'XK', u'idt': u'c06e7a804bfa478286001746216ad5ff', u'idtlog': u'734c112cb53c46d7aa59629f52e2990a'}
2018-12-02 22:22:29,742 check_required_field.pyc[line:47] INFO the cookies is <RequestsCookieJar[<Cookie JSESSIONID_WORKSPACE=uJ1vQX1ycN58b6g9rIlI75Hba_7hsPSBYORs77rzOlfrBzn8Ckzp!962196520!1543759822194 for 221.226.253.51/>]>
2018-12-02 22:22:31,230 check_required_field.pyc[line:616] INFO 检查业务信息[文化馆免费开放]
2018-12-02 22:22:31,230 check_required_field.pyc[line:99] INFO 检查[办理地点]
2018-12-02 22:22:31,230 check_required_field.pyc[line:105] INFO 办理地点 is 丹阳市云阳路12号, type is text, value_range is 
2018-12-02 22:22:31,230 check_required_field.pyc[line:99] INFO 检查[工作时间]
2018-12-02 22:22:31,230 check_required_field.pyc[line:105] INFO 工作时间 is 夏季：上午8:30-11:30，下午13:30-17:00；冬季：上午8:30-11:00，下午13:00-17:00。, type is text, value_range is 
2018-12-02 22:22:31,232 check_required_field.pyc[line:99] INFO 检查[经办机构（处室）]
2018-12-02 22:22:31,232 check_required_field.pyc[line:105] INFO 经办机构（处室） is 文化馆, type is text, value_range is 
2018-12-02 22:22:31,232 check_required_field.pyc[line:99] INFO 检查[数量限制]
2018-12-02 22:22:31,233 check_required_field.pyc[line:105] INFO 数量限制 is 1, type is radio, value_range is 1,2
2018-12-02 22:22:31,233 check_required_field.pyc[line:99] INFO 检查[服务对象]
2018-12-02 22:22:31,233 check_required_field.pyc[line:105] INFO 服务对象 is 1, type is checkbox, value_range is 1,2,3
2018-12-02 22:22:31,233 check_required_field.pyc[line:99] INFO 检查[业务名称]
2018-12-02 22:22:31,233 check_required_field.pyc[line:105] INFO 业务名称 is 文化馆免费开放, type is text, value_range is 
2018-12-02 22:22:31,233 check_required_field.pyc[line:99] INFO 检查[承办机构]
2018-12-02 22:22:31,234 check_required_field.pyc[line:105] INFO 承办机构 is 丹阳市文化广电新闻出版局, type is text, value_range is 
2018-12-02 22:22:31,234 check_required_field.pyc[line:99] INFO 检查[监督投诉方式]
2018-12-02 22:22:31,236 check_required_field.pyc[line:105] INFO 监督投诉方式 is 86917012, type is text, value_range is 
2018-12-02 22:22:31,236 check_required_field.pyc[line:99] INFO 检查[咨询方式]
2018-12-02 22:22:31,236 check_required_field.pyc[line:105] INFO 咨询方式 is 86524215, type is text, value_range is 
2018-12-02 22:22:31,236 check_required_field.pyc[line:45] INFO the post url is http://221.226.253.51:5065/onlineGovQl/PubServiceYwController.do?findQlMain=true
2018-12-02 22:22:31,236 check_required_field.pyc[line:46] INFO the post params is {u'idt': u'9b36b1a9c3104cf6906f29e3b2dba2d3'}
2018-12-02 22:22:31,236 check_required_field.pyc[line:47] INFO the cookies is <RequestsCookieJar[<Cookie JSESSIONID_WORKSPACE=uJ1vQX1ycN58b6g9rIlI75Hba_7hsPSBYORs77rzOlfrBzn8Ckzp!962196520!1543759822194 for 221.226.253.51/>]>
2018-12-02 22:22:31,595 check_required_field.pyc[line:564] INFO 检查服务名称[文化馆组织开展群众文化展示活动]
2018-12-02 22:22:31,595 check_required_field.pyc[line:99] INFO 检查[服务内容]
2018-12-02 22:22:31,595 check_required_field.pyc[line:105] INFO 服务内容 is 年度组织文艺活动（含非物质文化遗产展示活动）不少于30次，其中综合性大型文化活动不少于3次。
年度组织展览活动不少于4次。
年度组织各类理论研讨活动和对外交流活动不少于2次。
。, type is text, value_range is 
2018-12-02 22:22:31,596 check_required_field.pyc[line:99] INFO 检查[服务领域]
2018-12-02 22:22:31,596 check_required_field.pyc[line:105] INFO 服务领域 is 8, type is radio, value_range is 1,2,3,4,5,6,7,8,9,10,11,12,13,14,15,16,17,18,19,20,21,22,23,24,25,26,27,28,29,30,31,32,33,34,35,99
2018-12-02 22:22:31,596 check_required_field.pyc[line:99] INFO 检查[服务方式]
2018-12-02 22:22:31,598 check_required_field.pyc[line:105] INFO 服务方式 is 2, type is radio, value_range is 1,2
2018-12-02 22:22:31,598 check_required_field.pyc[line:99] INFO 检查[服务依据]
2018-12-02 22:22:31,598 check_required_field.pyc[line:105] INFO 服务依据 is 【规范性文件】《文化馆服务标准》(GB T 32939-2016 )
6.1.2　服务内容
组织开展演出、展览等公益性群众文化展示活动。
【文件】《省委办公厅　省政府办公厅印发〈关于推进现代公共文化服务体系建设的实施意见》的通知〉（苏办发〔2015〕49号）
    附件：江苏省基本公共文化服务保障标准（2015-2020年）
    23.文化馆（站）和村（社区）综合文化服务中心每年组织开展文体活动不少于6次。, type is text, value_range is 
2018-12-02 22:22:31,598 check_required_field.pyc[line:45] INFO the post url is http://221.226.253.51:5065/onlineGovQl/PubServiceYwController.do?findQlyw=true&start=aoData["iDisplayStart"]
2018-12-02 22:22:31,598 check_required_field.pyc[line:46] INFO the post params is {u'sSortDir': u'', u'idt': u'9b36b1a9c3104cf6906f29e3b2dba2d3', u'sEcho': u'1', u'limit': u'-1', u'iSortCol': u'', u'pageStart': u'1'}
2018-12-02 22:22:31,598 check_required_field.pyc[line:47] INFO the cookies is <RequestsCookieJar[<Cookie JSESSIONID_WORKSPACE=uJ1vQX1ycN58b6g9rIlI75Hba_7hsPSBYORs77rzOlfrBzn8Ckzp!962196520!1543759822194 for 221.226.253.51/>]>
2018-12-02 22:22:34,095 check_required_field.pyc[line:45] INFO the post url is http://221.226.253.51:5065/onlineGovQl/PubServiceYwController.do?findServiseData=true
2018-12-02 22:22:34,096 check_required_field.pyc[line:46] INFO the post params is {u'showTable': u'XK', u'idt': u'0e52fb942a824bb2a8faa299df7b1952', u'idtlog': u'7819b345b85440d8ac3f632a9604eac6'}
2018-12-02 22:22:34,096 check_required_field.pyc[line:47] INFO the cookies is <RequestsCookieJar[<Cookie JSESSIONID_WORKSPACE=uJ1vQX1ycN58b6g9rIlI75Hba_7hsPSBYORs77rzOlfrBzn8Ckzp!962196520!1543759822194 for 221.226.253.51/>]>
2018-12-02 22:22:35,713 check_required_field.pyc[line:616] INFO 检查业务信息[文化馆组织开展群众文化展示活动]
2018-12-02 22:22:35,713 check_required_field.pyc[line:99] INFO 检查[办理地点]
2018-12-02 22:22:35,714 check_required_field.pyc[line:105] INFO 办理地点 is 丹阳市云阳路12号, type is text, value_range is 
2018-12-02 22:22:35,714 check_required_field.pyc[line:99] INFO 检查[工作时间]
2018-12-02 22:22:35,716 check_required_field.pyc[line:105] INFO 工作时间 is 夏季：上午8:30-11:30，下午13:30-17:00；冬季：上午8:30-11:00，下午13:00-17:00。, type is text, value_range is 
2018-12-02 22:22:35,716 check_required_field.pyc[line:99] INFO 检查[经办机构（处室）]
2018-12-02 22:22:35,716 check_required_field.pyc[line:105] INFO 经办机构（处室） is 文化馆, type is text, value_range is 
2018-12-02 22:22:35,716 check_required_field.pyc[line:99] INFO 检查[数量限制]
2018-12-02 22:22:35,717 check_required_field.pyc[line:105] INFO 数量限制 is 1, type is radio, value_range is 1,2
2018-12-02 22:22:35,717 check_required_field.pyc[line:99] INFO 检查[服务对象]
2018-12-02 22:22:35,717 check_required_field.pyc[line:105] INFO 服务对象 is 1, type is checkbox, value_range is 1,2,3
2018-12-02 22:22:35,717 check_required_field.pyc[line:99] INFO 检查[业务名称]
2018-12-02 22:22:35,717 check_required_field.pyc[line:105] INFO 业务名称 is 文化馆组织开展群众文化展示活动, type is text, value_range is 
2018-12-02 22:22:35,717 check_required_field.pyc[line:99] INFO 检查[承办机构]
2018-12-02 22:22:35,719 check_required_field.pyc[line:105] INFO 承办机构 is 丹阳市文化广电新闻出版局, type is text, value_range is 
2018-12-02 22:22:35,719 check_required_field.pyc[line:99] INFO 检查[监督投诉方式]
2018-12-02 22:22:35,719 check_required_field.pyc[line:105] INFO 监督投诉方式 is 86917012, type is text, value_range is 
2018-12-02 22:22:35,720 check_required_field.pyc[line:99] INFO 检查[咨询方式]
2018-12-02 22:22:35,720 check_required_field.pyc[line:105] INFO 咨询方式 is 86524215, type is text, value_range is 
2018-12-02 22:22:35,720 check_required_field.pyc[line:45] INFO the post url is http://221.226.253.51:5065/onlineGovQl/PubServiceYwController.do?findQlMain=true
2018-12-02 22:22:35,720 check_required_field.pyc[line:46] INFO the post params is {u'idt': u'95b310ff657c4a788e4f09f2499a4b87'}
2018-12-02 22:22:35,720 check_required_field.pyc[line:47] INFO the cookies is <RequestsCookieJar[<Cookie JSESSIONID_WORKSPACE=uJ1vQX1ycN58b6g9rIlI75Hba_7hsPSBYORs77rzOlfrBzn8Ckzp!962196520!1543759822194 for 221.226.253.51/>]>
2018-12-02 22:22:36,045 check_required_field.pyc[line:564] INFO 检查服务名称[举办公益展览及讲座]
2018-12-02 22:22:36,046 check_required_field.pyc[line:99] INFO 检查[服务内容]
2018-12-02 22:22:36,046 check_required_field.pyc[line:105] INFO 服务内容 is 南图讲座；公益巡讲；公益巡展；历史文献系列展；中华古籍保护计划成果展, type is text, value_range is 
2018-12-02 22:22:36,046 check_required_field.pyc[line:99] INFO 检查[服务领域]
2018-12-02 22:22:36,046 check_required_field.pyc[line:105] INFO 服务领域 is 8, type is radio, value_range is 1,2,3,4,5,6,7,8,9,10,11,12,13,14,15,16,17,18,19,20,21,22,23,24,25,26,27,28,29,30,31,32,33,34,35,99
2018-12-02 22:22:36,046 check_required_field.pyc[line:99] INFO 检查[服务方式]
2018-12-02 22:22:36,048 check_required_field.pyc[line:105] INFO 服务方式 is 2, type is radio, value_range is 1,2
2018-12-02 22:22:36,048 check_required_field.pyc[line:99] INFO 检查[服务依据]
2018-12-02 22:22:36,048 check_required_field.pyc[line:105] INFO 服务依据 is 根据文化部有关文件规定, type is text, value_range is 
2018-12-02 22:22:36,048 check_required_field.pyc[line:45] INFO the post url is http://221.226.253.51:5065/onlineGovQl/PubServiceYwController.do?findQlyw=true&start=aoData["iDisplayStart"]
2018-12-02 22:22:36,049 check_required_field.pyc[line:46] INFO the post params is {u'sSortDir': u'', u'idt': u'95b310ff657c4a788e4f09f2499a4b87', u'sEcho': u'1', u'limit': u'-1', u'iSortCol': u'', u'pageStart': u'1'}
2018-12-02 22:22:36,049 check_required_field.pyc[line:47] INFO the cookies is <RequestsCookieJar[<Cookie JSESSIONID_WORKSPACE=uJ1vQX1ycN58b6g9rIlI75Hba_7hsPSBYORs77rzOlfrBzn8Ckzp!962196520!1543759822194 for 221.226.253.51/>]>
2018-12-02 22:22:36,440 check_required_field.pyc[line:45] INFO the post url is http://221.226.253.51:5065/onlineGovQl/PubServiceYwController.do?findServiseData=true
2018-12-02 22:22:36,441 check_required_field.pyc[line:46] INFO the post params is {u'showTable': u'XK', u'idt': u'cd0ae87f28024de3b4e87deff701ccfb', u'idtlog': u'c4de6e7a55d84d3099e513b555865388'}
2018-12-02 22:22:36,441 check_required_field.pyc[line:47] INFO the cookies is <RequestsCookieJar[<Cookie JSESSIONID_WORKSPACE=uJ1vQX1ycN58b6g9rIlI75Hba_7hsPSBYORs77rzOlfrBzn8Ckzp!962196520!1543759822194 for 221.226.253.51/>]>
2018-12-02 22:22:38,101 check_required_field.pyc[line:616] INFO 检查业务信息[举办公益展览及讲座]
2018-12-02 22:22:38,101 check_required_field.pyc[line:99] INFO 检查[办理地点]
2018-12-02 22:22:38,102 check_required_field.pyc[line:105] INFO 办理地点 is 丹阳市云阳路12号, type is text, value_range is 
2018-12-02 22:22:38,102 check_required_field.pyc[line:99] INFO 检查[工作时间]
2018-12-02 22:22:38,104 check_required_field.pyc[line:105] INFO 工作时间 is 夏季：上午8:30-11:30，下午13:30-17:00；冬季：上午8:30-11:00，下午13:00-17:00。, type is text, value_range is 
2018-12-02 22:22:38,104 check_required_field.pyc[line:99] INFO 检查[经办机构（处室）]
2018-12-02 22:22:38,104 check_required_field.pyc[line:105] INFO 经办机构（处室） is 文化馆, type is text, value_range is 
2018-12-02 22:22:38,105 check_required_field.pyc[line:99] INFO 检查[数量限制]
2018-12-02 22:22:38,105 check_required_field.pyc[line:105] INFO 数量限制 is 1, type is radio, value_range is 1,2
2018-12-02 22:22:38,105 check_required_field.pyc[line:99] INFO 检查[服务对象]
2018-12-02 22:22:38,105 check_required_field.pyc[line:105] INFO 服务对象 is 1, type is checkbox, value_range is 1,2,3
2018-12-02 22:22:38,107 check_required_field.pyc[line:99] INFO 检查[业务名称]
2018-12-02 22:22:38,107 check_required_field.pyc[line:105] INFO 业务名称 is 举办公益展览及讲座, type is text, value_range is 
2018-12-02 22:22:38,108 check_required_field.pyc[line:99] INFO 检查[承办机构]
2018-12-02 22:22:38,108 check_required_field.pyc[line:105] INFO 承办机构 is 丹阳市文化广电新闻出版局, type is text, value_range is 
2018-12-02 22:22:38,108 check_required_field.pyc[line:99] INFO 检查[监督投诉方式]
2018-12-02 22:22:38,108 check_required_field.pyc[line:105] INFO 监督投诉方式 is 86917012, type is text, value_range is 
2018-12-02 22:22:38,108 check_required_field.pyc[line:99] INFO 检查[咨询方式]
2018-12-02 22:22:38,108 check_required_field.pyc[line:105] INFO 咨询方式 is 86524215, type is text, value_range is 
2018-12-02 22:22:38,109 check_required_field.pyc[line:45] INFO the post url is http://221.226.253.51:5065/onlineGovQl/PubServiceYwController.do?findQlMain=true
2018-12-02 22:22:38,109 check_required_field.pyc[line:46] INFO the post params is {u'idt': u'a416696032bb48338fa1d8335228a3ec'}
2018-12-02 22:22:38,109 check_required_field.pyc[line:47] INFO the cookies is <RequestsCookieJar[<Cookie JSESSIONID_WORKSPACE=uJ1vQX1ycN58b6g9rIlI75Hba_7hsPSBYORs77rzOlfrBzn8Ckzp!962196520!1543759822194 for 221.226.253.51/>]>
2018-12-02 22:22:38,444 check_required_field.pyc[line:564] INFO 检查服务名称[文化馆培训基层队伍和业余文艺骨干]
2018-12-02 22:22:38,446 check_required_field.pyc[line:99] INFO 检查[服务内容]
2018-12-02 22:22:38,446 check_required_field.pyc[line:105] INFO 服务内容 is 年度组织下一级文化馆（站）人员培训辅导活动不少于两次。, type is text, value_range is 
2018-12-02 22:22:38,447 check_required_field.pyc[line:99] INFO 检查[服务领域]
2018-12-02 22:22:38,447 check_required_field.pyc[line:105] INFO 服务领域 is 8, type is radio, value_range is 1,2,3,4,5,6,7,8,9,10,11,12,13,14,15,16,17,18,19,20,21,22,23,24,25,26,27,28,29,30,31,32,33,34,35,99
2018-12-02 22:22:38,447 check_required_field.pyc[line:99] INFO 检查[服务方式]
2018-12-02 22:22:38,447 check_required_field.pyc[line:105] INFO 服务方式 is 2, type is radio, value_range is 1,2
2018-12-02 22:22:38,447 check_required_field.pyc[line:99] INFO 检查[服务依据]
2018-12-02 22:22:38,447 check_required_field.pyc[line:105] INFO 服务依据 is 【规范性文件】《文化馆服务标准》(GB T 32939-2016 )
6.1.2　服务内容
...培训基层队伍和业余文艺骨干。, type is text, value_range is 
2018-12-02 22:22:38,448 check_required_field.pyc[line:45] INFO the post url is http://221.226.253.51:5065/onlineGovQl/PubServiceYwController.do?findQlyw=true&start=aoData["iDisplayStart"]
2018-12-02 22:22:38,448 check_required_field.pyc[line:46] INFO the post params is {u'sSortDir': u'', u'idt': u'a416696032bb48338fa1d8335228a3ec', u'sEcho': u'1', u'limit': u'-1', u'iSortCol': u'', u'pageStart': u'1'}
2018-12-02 22:22:38,448 check_required_field.pyc[line:47] INFO the cookies is <RequestsCookieJar[<Cookie JSESSIONID_WORKSPACE=uJ1vQX1ycN58b6g9rIlI75Hba_7hsPSBYORs77rzOlfrBzn8Ckzp!962196520!1543759822194 for 221.226.253.51/>]>
2018-12-02 22:22:38,839 check_required_field.pyc[line:45] INFO the post url is http://221.226.253.51:5065/onlineGovQl/PubServiceYwController.do?findServiseData=true
2018-12-02 22:22:38,839 check_required_field.pyc[line:46] INFO the post params is {u'showTable': u'XK', u'idt': u'0b4de32c2c32440f8dbdcff5a5942561', u'idtlog': u'533d85a4f496481cbf0da9ace84d6b4d'}
2018-12-02 22:22:38,841 check_required_field.pyc[line:47] INFO the cookies is <RequestsCookieJar[<Cookie JSESSIONID_WORKSPACE=uJ1vQX1ycN58b6g9rIlI75Hba_7hsPSBYORs77rzOlfrBzn8Ckzp!962196520!1543759822194 for 221.226.253.51/>]>
2018-12-02 22:22:40,505 check_required_field.pyc[line:616] INFO 检查业务信息[文化馆培训基层队伍和业余文艺骨干]
2018-12-02 22:22:40,506 check_required_field.pyc[line:99] INFO 检查[办理地点]
2018-12-02 22:22:40,506 check_required_field.pyc[line:105] INFO 办理地点 is 丹阳市云阳路12号, type is text, value_range is 
2018-12-02 22:22:40,506 check_required_field.pyc[line:99] INFO 检查[工作时间]
2018-12-02 22:22:40,506 check_required_field.pyc[line:105] INFO 工作时间 is 夏季：上午8:30-11:30，下午13:30-17:00；冬季：上午8:30-11:00，下午13:00-17:00。, type is text, value_range is 
2018-12-02 22:22:40,506 check_required_field.pyc[line:99] INFO 检查[经办机构（处室）]
2018-12-02 22:22:40,506 check_required_field.pyc[line:105] INFO 经办机构（处室） is 文化馆, type is text, value_range is 
2018-12-02 22:22:40,507 check_required_field.pyc[line:99] INFO 检查[数量限制]
2018-12-02 22:22:40,507 check_required_field.pyc[line:105] INFO 数量限制 is 1, type is radio, value_range is 1,2
2018-12-02 22:22:40,509 check_required_field.pyc[line:99] INFO 检查[服务对象]
2018-12-02 22:22:40,509 check_required_field.pyc[line:105] INFO 服务对象 is 1, type is checkbox, value_range is 1,2,3
2018-12-02 22:22:40,509 check_required_field.pyc[line:99] INFO 检查[业务名称]
2018-12-02 22:22:40,509 check_required_field.pyc[line:105] INFO 业务名称 is 文化馆培训基层队伍和业余文艺骨干, type is text, value_range is 
2018-12-02 22:22:40,509 check_required_field.pyc[line:99] INFO 检查[承办机构]
2018-12-02 22:22:40,509 check_required_field.pyc[line:105] INFO 承办机构 is 丹阳市文化广电新闻出版局, type is text, value_range is 
2018-12-02 22:22:40,509 check_required_field.pyc[line:99] INFO 检查[监督投诉方式]
2018-12-02 22:22:40,510 check_required_field.pyc[line:105] INFO 监督投诉方式 is 86917012, type is text, value_range is 
2018-12-02 22:22:40,510 check_required_field.pyc[line:99] INFO 检查[咨询方式]
2018-12-02 22:22:40,510 check_required_field.pyc[line:105] INFO 咨询方式 is 86524215, type is text, value_range is 
2018-12-02 22:22:40,512 check_required_field.pyc[line:45] INFO the post url is http://221.226.253.51:5065/onlineGovQl/PubServiceYwController.do?findQlMain=true
2018-12-02 22:22:40,512 check_required_field.pyc[line:46] INFO the post params is {u'idt': u'00b064f31cf14d9ebda34c936f46b16d'}
2018-12-02 22:22:40,512 check_required_field.pyc[line:47] INFO the cookies is <RequestsCookieJar[<Cookie JSESSIONID_WORKSPACE=uJ1vQX1ycN58b6g9rIlI75Hba_7hsPSBYORs77rzOlfrBzn8Ckzp!962196520!1543759822194 for 221.226.253.51/>]>
2018-12-02 22:22:40,859 check_required_field.pyc[line:564] INFO 检查服务名称[举办书画展览]
2018-12-02 22:22:40,859 check_required_field.pyc[line:99] INFO 检查[服务内容]
2018-12-02 22:22:40,859 check_required_field.pyc[line:105] INFO 服务内容 is 举办系列的书画展览，出版系列书画精品及理论丛书，以精美艺术作品奉献社会、服务民众, type is text, value_range is 
2018-12-02 22:22:40,859 check_required_field.pyc[line:99] INFO 检查[服务领域]
2018-12-02 22:22:40,859 check_required_field.pyc[line:105] INFO 服务领域 is 8, type is radio, value_range is 1,2,3,4,5,6,7,8,9,10,11,12,13,14,15,16,17,18,19,20,21,22,23,24,25,26,27,28,29,30,31,32,33,34,35,99
2018-12-02 22:22:40,859 check_required_field.pyc[line:99] INFO 检查[服务方式]
2018-12-02 22:22:40,861 check_required_field.pyc[line:105] INFO 服务方式 is 2, type is radio, value_range is 1,2
2018-12-02 22:22:40,861 check_required_field.pyc[line:99] INFO 检查[服务依据]
2018-12-02 22:22:40,861 check_required_field.pyc[line:105] INFO 服务依据 is 根据文化部有关文件规定, type is text, value_range is 
2018-12-02 22:22:40,861 check_required_field.pyc[line:45] INFO the post url is http://221.226.253.51:5065/onlineGovQl/PubServiceYwController.do?findQlyw=true&start=aoData["iDisplayStart"]
2018-12-02 22:22:40,861 check_required_field.pyc[line:46] INFO the post params is {u'sSortDir': u'', u'idt': u'00b064f31cf14d9ebda34c936f46b16d', u'sEcho': u'1', u'limit': u'-1', u'iSortCol': u'', u'pageStart': u'1'}
2018-12-02 22:22:40,861 check_required_field.pyc[line:47] INFO the cookies is <RequestsCookieJar[<Cookie JSESSIONID_WORKSPACE=uJ1vQX1ycN58b6g9rIlI75Hba_7hsPSBYORs77rzOlfrBzn8Ckzp!962196520!1543759822194 for 221.226.253.51/>]>
2018-12-02 22:22:41,286 check_required_field.pyc[line:45] INFO the post url is http://221.226.253.51:5065/onlineGovQl/PubServiceYwController.do?findServiseData=true
2018-12-02 22:22:41,286 check_required_field.pyc[line:46] INFO the post params is {u'showTable': u'XK', u'idt': u'b927d6b79bf042d48f5213c336151aa6', u'idtlog': u'1c551533d37c4476ab780f6701802ddf'}
2018-12-02 22:22:41,286 check_required_field.pyc[line:47] INFO the cookies is <RequestsCookieJar[<Cookie JSESSIONID_WORKSPACE=uJ1vQX1ycN58b6g9rIlI75Hba_7hsPSBYORs77rzOlfrBzn8Ckzp!962196520!1543759822194 for 221.226.253.51/>]>
2018-12-02 22:22:42,907 check_required_field.pyc[line:616] INFO 检查业务信息[举办书画展览]
2018-12-02 22:22:42,908 check_required_field.pyc[line:99] INFO 检查[办理地点]
2018-12-02 22:22:42,908 check_required_field.pyc[line:105] INFO 办理地点 is 丹阳市云阳路12号, type is text, value_range is 
2018-12-02 22:22:42,910 check_required_field.pyc[line:99] INFO 检查[工作时间]
2018-12-02 22:22:42,910 check_required_field.pyc[line:105] INFO 工作时间 is 夏季：上午8:30-11:30，下午13:30-17:00；冬季：上午8:30-11:00，下午13:00-17:00。, type is text, value_range is 
2018-12-02 22:22:42,910 check_required_field.pyc[line:99] INFO 检查[经办机构（处室）]
2018-12-02 22:22:42,911 check_required_field.pyc[line:105] INFO 经办机构（处室） is 文化馆, type is text, value_range is 
2018-12-02 22:22:42,911 check_required_field.pyc[line:99] INFO 检查[数量限制]
2018-12-02 22:22:42,911 check_required_field.pyc[line:105] INFO 数量限制 is 1, type is radio, value_range is 1,2
2018-12-02 22:22:42,911 check_required_field.pyc[line:99] INFO 检查[服务对象]
2018-12-02 22:22:42,911 check_required_field.pyc[line:105] INFO 服务对象 is 1, type is checkbox, value_range is 1,2,3
2018-12-02 22:22:42,911 check_required_field.pyc[line:99] INFO 检查[业务名称]
2018-12-02 22:22:42,913 check_required_field.pyc[line:105] INFO 业务名称 is 举办书画展览, type is text, value_range is 
2018-12-02 22:22:42,913 check_required_field.pyc[line:99] INFO 检查[承办机构]
2018-12-02 22:22:42,913 check_required_field.pyc[line:105] INFO 承办机构 is 丹阳市文化广电新闻出版局, type is text, value_range is 
2018-12-02 22:22:42,913 check_required_field.pyc[line:99] INFO 检查[监督投诉方式]
2018-12-02 22:22:42,914 check_required_field.pyc[line:105] INFO 监督投诉方式 is 86917012, type is text, value_range is 
2018-12-02 22:22:42,914 check_required_field.pyc[line:99] INFO 检查[咨询方式]
2018-12-02 22:22:42,914 check_required_field.pyc[line:105] INFO 咨询方式 is 86524215, type is text, value_range is 
2018-12-02 22:22:42,914 check_required_field.pyc[line:45] INFO the post url is http://221.226.253.51:5065/onlineGovQl/PubServiceYwController.do?findQlMain=true
2018-12-02 22:22:42,914 check_required_field.pyc[line:46] INFO the post params is {u'idt': u'f4641faf57294edca6eecbf054cbb9bc'}
2018-12-02 22:22:42,914 check_required_field.pyc[line:47] INFO the cookies is <RequestsCookieJar[<Cookie JSESSIONID_WORKSPACE=uJ1vQX1ycN58b6g9rIlI75Hba_7hsPSBYORs77rzOlfrBzn8Ckzp!962196520!1543759822194 for 221.226.253.51/>]>
2018-12-02 22:22:43,266 check_required_field.pyc[line:564] INFO 检查服务名称[文化馆数字文化信息服务]
2018-12-02 22:22:43,266 check_required_field.pyc[line:99] INFO 检查[服务内容]
2018-12-02 22:22:43,266 check_required_field.pyc[line:105] INFO 服务内容 is 通过组织社会群众文化活动、建立基层服务点、流动车等形式，定期下基层辅导、演出、展览和指导基层群众文化活动，将文化馆的服务延伸到基层馆（站）和社区、村。, type is text, value_range is 
2018-12-02 22:22:43,266 check_required_field.pyc[line:99] INFO 检查[服务领域]
2018-12-02 22:22:43,266 check_required_field.pyc[line:105] INFO 服务领域 is 8, type is radio, value_range is 1,2,3,4,5,6,7,8,9,10,11,12,13,14,15,16,17,18,19,20,21,22,23,24,25,26,27,28,29,30,31,32,33,34,35,99
2018-12-02 22:22:43,267 check_required_field.pyc[line:99] INFO 检查[服务方式]
2018-12-02 22:22:43,269 check_required_field.pyc[line:105] INFO 服务方式 is 2, type is radio, value_range is 1,2
2018-12-02 22:22:43,269 check_required_field.pyc[line:99] INFO 检查[服务依据]
2018-12-02 22:22:43,269 check_required_field.pyc[line:105] INFO 服务依据 is 【规范性文件】《文化馆服务标准》(GB T 32939-2016 )
6.1.2　服务内容
组织开展演出、展览等公益性群众文化展示活动，指导下级文化馆（站）群众文化业务工作，培训基层队伍和业余文艺骨干，辅导群众文艺作品创作，开展时政法制科普教育等服务，以及为保障基本职能实现提供的一些辅助性服务。, type is text, value_range is 
2018-12-02 22:22:43,269 check_required_field.pyc[line:45] INFO the post url is http://221.226.253.51:5065/onlineGovQl/PubServiceYwController.do?findQlyw=true&start=aoData["iDisplayStart"]
2018-12-02 22:22:43,269 check_required_field.pyc[line:46] INFO the post params is {u'sSortDir': u'', u'idt': u'f4641faf57294edca6eecbf054cbb9bc', u'sEcho': u'1', u'limit': u'-1', u'iSortCol': u'', u'pageStart': u'1'}
2018-12-02 22:22:43,269 check_required_field.pyc[line:47] INFO the cookies is <RequestsCookieJar[<Cookie JSESSIONID_WORKSPACE=uJ1vQX1ycN58b6g9rIlI75Hba_7hsPSBYORs77rzOlfrBzn8Ckzp!962196520!1543759822194 for 221.226.253.51/>]>
2018-12-02 22:22:43,707 check_required_field.pyc[line:45] INFO the post url is http://221.226.253.51:5065/onlineGovQl/PubServiceYwController.do?findServiseData=true
2018-12-02 22:22:43,707 check_required_field.pyc[line:46] INFO the post params is {u'showTable': u'XK', u'idt': u'5d303368d65d485f92fb03f0018dcfb8', u'idtlog': u'9db882a47b16481288effc3a9b22bba4'}
2018-12-02 22:22:43,707 check_required_field.pyc[line:47] INFO the cookies is <RequestsCookieJar[<Cookie JSESSIONID_WORKSPACE=uJ1vQX1ycN58b6g9rIlI75Hba_7hsPSBYORs77rzOlfrBzn8Ckzp!962196520!1543759822194 for 221.226.253.51/>]>
2018-12-02 22:22:45,259 check_required_field.pyc[line:616] INFO 检查业务信息[文化馆数字文化信息服务]
2018-12-02 22:22:45,259 check_required_field.pyc[line:99] INFO 检查[办理地点]
2018-12-02 22:22:45,259 check_required_field.pyc[line:105] INFO 办理地点 is 丹阳市云阳路12号, type is text, value_range is 
2018-12-02 22:22:45,259 check_required_field.pyc[line:99] INFO 检查[工作时间]
2018-12-02 22:22:45,259 check_required_field.pyc[line:105] INFO 工作时间 is 夏季：上午8:30-11:30，下午13:30-17:00；冬季：上午8:30-11:00，下午13:00-17:00。, type is text, value_range is 
2018-12-02 22:22:45,259 check_required_field.pyc[line:99] INFO 检查[经办机构（处室）]
2018-12-02 22:22:45,259 check_required_field.pyc[line:105] INFO 经办机构（处室） is 文化馆, type is text, value_range is 
2018-12-02 22:22:45,259 check_required_field.pyc[line:99] INFO 检查[数量限制]
2018-12-02 22:22:45,260 check_required_field.pyc[line:105] INFO 数量限制 is 1, type is radio, value_range is 1,2
2018-12-02 22:22:45,260 check_required_field.pyc[line:99] INFO 检查[服务对象]
2018-12-02 22:22:45,260 check_required_field.pyc[line:105] INFO 服务对象 is 1, type is checkbox, value_range is 1,2,3
2018-12-02 22:22:45,260 check_required_field.pyc[line:99] INFO 检查[业务名称]
2018-12-02 22:22:45,262 check_required_field.pyc[line:105] INFO 业务名称 is 文化馆数字文化信息服务, type is text, value_range is 
2018-12-02 22:22:45,262 check_required_field.pyc[line:99] INFO 检查[承办机构]
2018-12-02 22:22:45,262 check_required_field.pyc[line:105] INFO 承办机构 is 丹阳市文化广电新闻出版局, type is text, value_range is 
2018-12-02 22:22:45,262 check_required_field.pyc[line:99] INFO 检查[监督投诉方式]
2018-12-02 22:22:45,262 check_required_field.pyc[line:105] INFO 监督投诉方式 is 86917012, type is text, value_range is 
2018-12-02 22:22:45,263 check_required_field.pyc[line:99] INFO 检查[咨询方式]
2018-12-02 22:22:45,263 check_required_field.pyc[line:105] INFO 咨询方式 is 86524215, type is text, value_range is 
2018-12-02 22:22:45,263 check_required_field.pyc[line:45] INFO the post url is http://221.226.253.51:5065/onlineGovQl/PubServiceYwController.do?findQlMain=true
2018-12-02 22:22:45,263 check_required_field.pyc[line:46] INFO the post params is {u'idt': u'f1be4b43517b43a5888eaf88a1b8b04e'}
2018-12-02 22:22:45,263 check_required_field.pyc[line:47] INFO the cookies is <RequestsCookieJar[<Cookie JSESSIONID_WORKSPACE=uJ1vQX1ycN58b6g9rIlI75Hba_7hsPSBYORs77rzOlfrBzn8Ckzp!962196520!1543759822194 for 221.226.253.51/>]>
2018-12-02 22:22:45,562 check_required_field.pyc[line:564] INFO 检查服务名称[开展群众文化活动]
2018-12-02 22:22:45,562 check_required_field.pyc[line:99] INFO 检查[服务内容]
2018-12-02 22:22:45,562 check_required_field.pyc[line:105] INFO 服务内容 is 组织开展时政法制科普教育、公益性群众文化活动, type is text, value_range is 
2018-12-02 22:22:45,562 check_required_field.pyc[line:99] INFO 检查[服务领域]
2018-12-02 22:22:45,562 check_required_field.pyc[line:105] INFO 服务领域 is 8, type is radio, value_range is 1,2,3,4,5,6,7,8,9,10,11,12,13,14,15,16,17,18,19,20,21,22,23,24,25,26,27,28,29,30,31,32,33,34,35,99
2018-12-02 22:22:45,562 check_required_field.pyc[line:99] INFO 检查[服务方式]
2018-12-02 22:22:45,562 check_required_field.pyc[line:105] INFO 服务方式 is 2, type is radio, value_range is 1,2
2018-12-02 22:22:45,562 check_required_field.pyc[line:99] INFO 检查[服务依据]
2018-12-02 22:22:45,562 check_required_field.pyc[line:105] INFO 服务依据 is 中共中央办公厅、国务院办公厅印发《关于加快构建现代公共文化服务体系的意见》, type is text, value_range is 
2018-12-02 22:22:45,562 check_required_field.pyc[line:45] INFO the post url is http://221.226.253.51:5065/onlineGovQl/PubServiceYwController.do?findQlyw=true&start=aoData["iDisplayStart"]
2018-12-02 22:22:45,562 check_required_field.pyc[line:46] INFO the post params is {u'sSortDir': u'', u'idt': u'f1be4b43517b43a5888eaf88a1b8b04e', u'sEcho': u'1', u'limit': u'-1', u'iSortCol': u'', u'pageStart': u'1'}
2018-12-02 22:22:45,562 check_required_field.pyc[line:47] INFO the cookies is <RequestsCookieJar[<Cookie JSESSIONID_WORKSPACE=uJ1vQX1ycN58b6g9rIlI75Hba_7hsPSBYORs77rzOlfrBzn8Ckzp!962196520!1543759822194 for 221.226.253.51/>]>
2018-12-02 22:22:45,951 check_required_field.pyc[line:45] INFO the post url is http://221.226.253.51:5065/onlineGovQl/PubServiceYwController.do?findServiseData=true
2018-12-02 22:22:45,953 check_required_field.pyc[line:46] INFO the post params is {u'showTable': u'XK', u'idt': u'e12c2f9b2ebf49059e55420ce65c2d98', u'idtlog': u'78c0ea1d4c3b475ab017b0d48dfeda9a'}
2018-12-02 22:22:45,953 check_required_field.pyc[line:47] INFO the cookies is <RequestsCookieJar[<Cookie JSESSIONID_WORKSPACE=uJ1vQX1ycN58b6g9rIlI75Hba_7hsPSBYORs77rzOlfrBzn8Ckzp!962196520!1543759822194 for 221.226.253.51/>]>
2018-12-02 22:22:47,512 check_required_field.pyc[line:616] INFO 检查业务信息[开展群众文化活动]
2018-12-02 22:22:47,512 check_required_field.pyc[line:99] INFO 检查[办理地点]
2018-12-02 22:22:47,512 check_required_field.pyc[line:105] INFO 办理地点 is 丹阳市云阳路12号, type is text, value_range is 
2018-12-02 22:22:47,512 check_required_field.pyc[line:99] INFO 检查[工作时间]
2018-12-02 22:22:47,512 check_required_field.pyc[line:105] INFO 工作时间 is 夏季：上午8:30-11:30，下午13:30-17:00；冬季：上午8:30-11:00，下午13:00-17:00。, type is text, value_range is 
2018-12-02 22:22:47,512 check_required_field.pyc[line:99] INFO 检查[经办机构（处室）]
2018-12-02 22:22:47,512 check_required_field.pyc[line:105] INFO 经办机构（处室） is 文化馆, type is text, value_range is 
2018-12-02 22:22:47,512 check_required_field.pyc[line:99] INFO 检查[数量限制]
2018-12-02 22:22:47,512 check_required_field.pyc[line:105] INFO 数量限制 is 1, type is radio, value_range is 1,2
2018-12-02 22:22:47,512 check_required_field.pyc[line:99] INFO 检查[服务对象]
2018-12-02 22:22:47,512 check_required_field.pyc[line:105] INFO 服务对象 is 1, type is checkbox, value_range is 1,2,3
2018-12-02 22:22:47,512 check_required_field.pyc[line:99] INFO 检查[业务名称]
2018-12-02 22:22:47,513 check_required_field.pyc[line:105] INFO 业务名称 is 开展群众文化活动, type is text, value_range is 
2018-12-02 22:22:47,513 check_required_field.pyc[line:99] INFO 检查[承办机构]
2018-12-02 22:22:47,513 check_required_field.pyc[line:105] INFO 承办机构 is 丹阳市文化广电新闻出版局, type is text, value_range is 
2018-12-02 22:22:47,513 check_required_field.pyc[line:99] INFO 检查[监督投诉方式]
2018-12-02 22:22:47,513 check_required_field.pyc[line:105] INFO 监督投诉方式 is 83917012, type is text, value_range is 
2018-12-02 22:22:47,513 check_required_field.pyc[line:99] INFO 检查[咨询方式]
2018-12-02 22:22:47,513 check_required_field.pyc[line:105] INFO 咨询方式 is 86524215, type is text, value_range is 
2018-12-02 22:22:47,513 check_required_field.pyc[line:45] INFO the post url is http://221.226.253.51:5065/onlineGovQl/PubServiceYwController.do?findQlMain=true
2018-12-02 22:22:47,513 check_required_field.pyc[line:46] INFO the post params is {u'idt': u'197d83b9149d4082931a91e2fd46db1d'}
2018-12-02 22:22:47,513 check_required_field.pyc[line:47] INFO the cookies is <RequestsCookieJar[<Cookie JSESSIONID_WORKSPACE=uJ1vQX1ycN58b6g9rIlI75Hba_7hsPSBYORs77rzOlfrBzn8Ckzp!962196520!1543759822194 for 221.226.253.51/>]>
2018-12-02 22:22:47,809 check_required_field.pyc[line:564] INFO 检查服务名称[组织基层文化队伍和业余文艺骨干培训]
2018-12-02 22:22:47,811 check_required_field.pyc[line:99] INFO 检查[服务内容]
2018-12-02 22:22:47,811 check_required_field.pyc[line:105] INFO 服务内容 is 培训基层文化队伍和业余文艺骨干，指导群众文艺创作和推广, type is text, value_range is 
2018-12-02 22:22:47,811 check_required_field.pyc[line:99] INFO 检查[服务领域]
2018-12-02 22:22:47,811 check_required_field.pyc[line:105] INFO 服务领域 is 8, type is radio, value_range is 1,2,3,4,5,6,7,8,9,10,11,12,13,14,15,16,17,18,19,20,21,22,23,24,25,26,27,28,29,30,31,32,33,34,35,99
2018-12-02 22:22:47,811 check_required_field.pyc[line:99] INFO 检查[服务方式]
2018-12-02 22:22:47,811 check_required_field.pyc[line:105] INFO 服务方式 is 2, type is radio, value_range is 1,2
2018-12-02 22:22:47,811 check_required_field.pyc[line:99] INFO 检查[服务依据]
2018-12-02 22:22:47,811 check_required_field.pyc[line:105] INFO 服务依据 is 中共中央办公厅、国务院办公厅印发《关于加快构建现代公共文化服务体系的意见》, type is text, value_range is 
2018-12-02 22:22:47,811 check_required_field.pyc[line:45] INFO the post url is http://221.226.253.51:5065/onlineGovQl/PubServiceYwController.do?findQlyw=true&start=aoData["iDisplayStart"]
2018-12-02 22:22:47,811 check_required_field.pyc[line:46] INFO the post params is {u'sSortDir': u'', u'idt': u'197d83b9149d4082931a91e2fd46db1d', u'sEcho': u'1', u'limit': u'-1', u'iSortCol': u'', u'pageStart': u'1'}
2018-12-02 22:22:47,811 check_required_field.pyc[line:47] INFO the cookies is <RequestsCookieJar[<Cookie JSESSIONID_WORKSPACE=uJ1vQX1ycN58b6g9rIlI75Hba_7hsPSBYORs77rzOlfrBzn8Ckzp!962196520!1543759822194 for 221.226.253.51/>]>
2018-12-02 22:22:48,292 check_required_field.pyc[line:45] INFO the post url is http://221.226.253.51:5065/onlineGovQl/PubServiceYwController.do?findServiseData=true
2018-12-02 22:22:48,292 check_required_field.pyc[line:46] INFO the post params is {u'showTable': u'XK', u'idt': u'95dbd284bc7a4751be8584a49b7cebc2', u'idtlog': u'67a78ae96b3748359c4c1a352cba8d8b'}
2018-12-02 22:22:48,292 check_required_field.pyc[line:47] INFO the cookies is <RequestsCookieJar[<Cookie JSESSIONID_WORKSPACE=uJ1vQX1ycN58b6g9rIlI75Hba_7hsPSBYORs77rzOlfrBzn8Ckzp!962196520!1543759822194 for 221.226.253.51/>]>
2018-12-02 22:22:49,716 check_required_field.pyc[line:616] INFO 检查业务信息[组织基层文化队伍和业余文艺骨干培训]
2018-12-02 22:22:49,716 check_required_field.pyc[line:99] INFO 检查[办理地点]
2018-12-02 22:22:49,717 check_required_field.pyc[line:105] INFO 办理地点 is 丹阳市云阳路12号, type is text, value_range is 
2018-12-02 22:22:49,717 check_required_field.pyc[line:99] INFO 检查[工作时间]
2018-12-02 22:22:49,717 check_required_field.pyc[line:105] INFO 工作时间 is 夏季：上午8:30-11:30，下午13:30-17:00；冬季：上午8:30-11:00，下午13:00-17:00。, type is text, value_range is 
2018-12-02 22:22:49,717 check_required_field.pyc[line:99] INFO 检查[经办机构（处室）]
2018-12-02 22:22:49,717 check_required_field.pyc[line:105] INFO 经办机构（处室） is 文化馆, type is text, value_range is 
2018-12-02 22:22:49,717 check_required_field.pyc[line:99] INFO 检查[数量限制]
2018-12-02 22:22:49,719 check_required_field.pyc[line:105] INFO 数量限制 is 1, type is radio, value_range is 1,2
2018-12-02 22:22:49,719 check_required_field.pyc[line:99] INFO 检查[服务对象]
2018-12-02 22:22:49,719 check_required_field.pyc[line:105] INFO 服务对象 is 1, type is checkbox, value_range is 1,2,3
2018-12-02 22:22:49,719 check_required_field.pyc[line:99] INFO 检查[业务名称]
2018-12-02 22:22:49,720 check_required_field.pyc[line:105] INFO 业务名称 is 组织基层文化队伍和业余文艺骨干培训, type is text, value_range is 
2018-12-02 22:22:49,720 check_required_field.pyc[line:99] INFO 检查[承办机构]
2018-12-02 22:22:49,720 check_required_field.pyc[line:105] INFO 承办机构 is 丹阳市文化广电新闻出版局, type is text, value_range is 
2018-12-02 22:22:49,720 check_required_field.pyc[line:99] INFO 检查[监督投诉方式]
2018-12-02 22:22:49,720 check_required_field.pyc[line:105] INFO 监督投诉方式 is 86917012, type is text, value_range is 
2018-12-02 22:22:49,720 check_required_field.pyc[line:99] INFO 检查[咨询方式]
2018-12-02 22:22:49,721 check_required_field.pyc[line:105] INFO 咨询方式 is 86524215, type is text, value_range is 
2018-12-02 22:22:49,721 check_required_field.pyc[line:45] INFO the post url is http://221.226.253.51:5065/onlineGovQl/PubServiceYwController.do?findQlMain=true
2018-12-02 22:22:49,721 check_required_field.pyc[line:46] INFO the post params is {u'idt': u'b1db1dffa3b94a209a367d78a8c01816'}
2018-12-02 22:22:49,723 check_required_field.pyc[line:47] INFO the cookies is <RequestsCookieJar[<Cookie JSESSIONID_WORKSPACE=uJ1vQX1ycN58b6g9rIlI75Hba_7hsPSBYORs77rzOlfrBzn8Ckzp!962196520!1543759822194 for 221.226.253.51/>]>
2018-12-02 22:22:50,026 check_required_field.pyc[line:564] INFO 检查服务名称[组织公益性展览展示]
2018-12-02 22:22:50,028 check_required_field.pyc[line:99] INFO 检查[服务内容]
2018-12-02 22:22:50,028 check_required_field.pyc[line:105] INFO 服务内容 is 组织美术书法摄影艺术、非物质文化遗产等公益性展览展示, type is text, value_range is 
2018-12-02 22:22:50,029 check_required_field.pyc[line:99] INFO 检查[服务领域]
2018-12-02 22:22:50,029 check_required_field.pyc[line:105] INFO 服务领域 is 8, type is radio, value_range is 1,2,3,4,5,6,7,8,9,10,11,12,13,14,15,16,17,18,19,20,21,22,23,24,25,26,27,28,29,30,31,32,33,34,35,99
2018-12-02 22:22:50,029 check_required_field.pyc[line:99] INFO 检查[服务方式]
2018-12-02 22:22:50,029 check_required_field.pyc[line:105] INFO 服务方式 is 2, type is radio, value_range is 1,2
2018-12-02 22:22:50,029 check_required_field.pyc[line:99] INFO 检查[服务依据]
2018-12-02 22:22:50,030 check_required_field.pyc[line:105] INFO 服务依据 is 中共中央办公厅、国务院办公厅印发《关于加快构建现代公共文化服务体系的意见》, type is text, value_range is 
2018-12-02 22:22:50,030 check_required_field.pyc[line:45] INFO the post url is http://221.226.253.51:5065/onlineGovQl/PubServiceYwController.do?findQlyw=true&start=aoData["iDisplayStart"]
2018-12-02 22:22:50,030 check_required_field.pyc[line:46] INFO the post params is {u'sSortDir': u'', u'idt': u'b1db1dffa3b94a209a367d78a8c01816', u'sEcho': u'1', u'limit': u'-1', u'iSortCol': u'', u'pageStart': u'1'}
2018-12-02 22:22:50,030 check_required_field.pyc[line:47] INFO the cookies is <RequestsCookieJar[<Cookie JSESSIONID_WORKSPACE=uJ1vQX1ycN58b6g9rIlI75Hba_7hsPSBYORs77rzOlfrBzn8Ckzp!962196520!1543759822194 for 221.226.253.51/>]>
2018-12-02 22:22:50,411 check_required_field.pyc[line:45] INFO the post url is http://221.226.253.51:5065/onlineGovQl/PubServiceYwController.do?findServiseData=true
2018-12-02 22:22:50,411 check_required_field.pyc[line:46] INFO the post params is {u'showTable': u'XK', u'idt': u'ee434568de564fd6859f0ec7dbbfcc66', u'idtlog': u'98ac77c03901472eb800f3c22f8b50d0'}
2018-12-02 22:22:50,413 check_required_field.pyc[line:47] INFO the cookies is <RequestsCookieJar[<Cookie JSESSIONID_WORKSPACE=uJ1vQX1ycN58b6g9rIlI75Hba_7hsPSBYORs77rzOlfrBzn8Ckzp!962196520!1543759822194 for 221.226.253.51/>]>
2018-12-02 22:22:52,062 check_required_field.pyc[line:616] INFO 检查业务信息[组织公益性展览展示]
2018-12-02 22:22:52,062 check_required_field.pyc[line:99] INFO 检查[办理地点]
2018-12-02 22:22:52,062 check_required_field.pyc[line:105] INFO 办理地点 is 丹阳市云阳路12号, type is text, value_range is 
2018-12-02 22:22:52,062 check_required_field.pyc[line:99] INFO 检查[工作时间]
2018-12-02 22:22:52,062 check_required_field.pyc[line:105] INFO 工作时间 is 夏季：上午8:30-11:30，下午13:30-17:00；冬季：上午8:30-11:00，下午13:00-17:00。, type is text, value_range is 
2018-12-02 22:22:52,062 check_required_field.pyc[line:99] INFO 检查[经办机构（处室）]
2018-12-02 22:22:52,062 check_required_field.pyc[line:105] INFO 经办机构（处室） is 文化馆, type is text, value_range is 
2018-12-02 22:22:52,062 check_required_field.pyc[line:99] INFO 检查[数量限制]
2018-12-02 22:22:52,063 check_required_field.pyc[line:105] INFO 数量限制 is 1, type is radio, value_range is 1,2
2018-12-02 22:22:52,063 check_required_field.pyc[line:99] INFO 检查[服务对象]
2018-12-02 22:22:52,063 check_required_field.pyc[line:105] INFO 服务对象 is 1, type is checkbox, value_range is 1,2,3
2018-12-02 22:22:52,063 check_required_field.pyc[line:99] INFO 检查[业务名称]
2018-12-02 22:22:52,063 check_required_field.pyc[line:105] INFO 业务名称 is 组织公益性展览展示, type is text, value_range is 
2018-12-02 22:22:52,063 check_required_field.pyc[line:99] INFO 检查[承办机构]
2018-12-02 22:22:52,065 check_required_field.pyc[line:105] INFO 承办机构 is 丹阳市文化广电新闻出版局, type is text, value_range is 
2018-12-02 22:22:52,065 check_required_field.pyc[line:99] INFO 检查[监督投诉方式]
2018-12-02 22:22:52,065 check_required_field.pyc[line:105] INFO 监督投诉方式 is 86917012, type is text, value_range is 
2018-12-02 22:22:52,065 check_required_field.pyc[line:99] INFO 检查[咨询方式]
2018-12-02 22:22:52,065 check_required_field.pyc[line:105] INFO 咨询方式 is 86524215, type is text, value_range is 
2018-12-02 22:22:52,065 check_required_field.pyc[line:643] INFO []
2018-12-02 22:22:52,065 check_required_field.pyc[line:63] INFO the get url is http://221.226.253.51:5065/onlineGovQl/j_spring_security_logout
2018-12-02 22:22:52,065 check_required_field.pyc[line:64] INFO the cookies is <RequestsCookieJar[<Cookie JSESSIONID_WORKSPACE=uJ1vQX1ycN58b6g9rIlI75Hba_7hsPSBYORs77rzOlfrBzn8Ckzp!962196520!1543759822194 for 221.226.253.51/>]>
