2018-12-02 22:22:06,878 check_required_field.pyc[line:647] INFO start to check username ZJDY1008_LR
2018-12-02 22:22:06,880 check_required_field.pyc[line:45] INFO the post url is http://221.226.253.51:5065/onlineGovQl/j_spring_security_check
2018-12-02 22:22:06,882 check_required_field.pyc[line:46] INFO the post params is {u'jsu': u'ZJDY1008_LR', u'jsp': 'e10adc3949ba59abbe56e057f20f883e', u'jOrgNo': u''}
2018-12-02 22:22:06,885 check_required_field.pyc[line:47] INFO the cookies is <RequestsCookieJar[]>
2018-12-02 22:22:12,954 check_required_field.pyc[line:45] INFO the post url is http://221.226.253.51:5065/onlineGovQl/UserController.do?findAdmin=true
2018-12-02 22:22:12,956 check_required_field.pyc[line:46] INFO the post params is {}
2018-12-02 22:22:12,956 check_required_field.pyc[line:47] INFO the cookies is <RequestsCookieJar[<Cookie JSESSIONID_WORKSPACE=lihvQbznsmN6BZeg7eUSJSoj-vKLH2i3xUzUwUJm6N77AgezoDcn!962196520!1543759838439 for 221.226.253.51/>]>
2018-12-02 22:22:13,693 check_required_field.pyc[line:45] INFO the post url is http://221.226.253.51:5065/onlineGovQl/PubServiceYwController.do?findQlywMain=true
2018-12-02 22:22:13,693 check_required_field.pyc[line:46] INFO the post params is {u'B[YW_OPERATE][id]': u'', u'B[YW_OPERATE][text]': u'', u'B[YE_NAME]': u'', u'B[DEPT_YW_NUM]': u'', u'G_FW_RANGE[id]': u'', u'QL_DEPT[id]': u'ZJDY1008', u'B[YE_FILENUM]': u'', u'G_FW_MODE[text]': u'', u'IF_AUDIT_TRANSFER[text]': u'\u5168\u90e8', u'QL_CODE': u'', u'QL_NAME': u'', u'G_FW_RANGE[text]': u'', u'NUM': u'', u'limit': u'-1', u'IF_AUDIT_TRANSFER[id]': u'all', u'QL_SHORT_NAME': u'', u'QL_DEPT[text]': u'\u4e39\u9633\u5e02\u5e02\u573a\u76d1\u7763\u7ba1\u7406\u5c40', u'pageStart': u'1', u'QL_REG_NO': u'', u'B[TRANSACT_DEP]': u'', u'G_FW_MODE[id]': u''}
2018-12-02 22:22:13,693 check_required_field.pyc[line:47] INFO the cookies is <RequestsCookieJar[<Cookie JSESSIONID_WORKSPACE=lihvQbznsmN6BZeg7eUSJSoj-vKLH2i3xUzUwUJm6N77AgezoDcn!962196520!1543759838439 for 221.226.253.51/>]>
2018-12-02 22:22:16,322 check_required_field.pyc[line:45] INFO the post url is http://221.226.253.51:5065/onlineGovQl/PubServiceYwController.do?findQlMain=true
2018-12-02 22:22:16,322 check_required_field.pyc[line:46] INFO the post params is {u'idt': u'a2b5f081dec847e7b398be584e48c22c'}
2018-12-02 22:22:16,322 check_required_field.pyc[line:47] INFO the cookies is <RequestsCookieJar[<Cookie JSESSIONID_WORKSPACE=lihvQbznsmN6BZeg7eUSJSoj-vKLH2i3xUzUwUJm6N77AgezoDcn!962196520!1543759838439 for 221.226.253.51/>]>
2018-12-02 22:22:16,779 check_required_field.pyc[line:564] INFO 检查服务名称[食品安全宣传周]
2018-12-02 22:22:16,779 check_required_field.pyc[line:99] INFO 检查[服务内容]
2018-12-02 22:22:16,779 check_required_field.pyc[line:105] INFO 服务内容 is 每年开展，通过多种形式、角度和途径，开展形式多样、内容丰富的食品安全主题宣传活动，广泛普及食品安全法律法规和科普知识，提高公众食品安全科学素养, type is text, value_range is 
2018-12-02 22:22:16,780 check_required_field.pyc[line:99] INFO 检查[服务领域]
2018-12-02 22:22:16,780 check_required_field.pyc[line:105] INFO 服务领域 is 6, type is radio, value_range is 1,2,3,4,5,6,7,8,9,10,11,12,13,14,15,16,17,18,19,20,21,22,23,24,25,26,27,28,29,30,31,32,33,34,35,99
2018-12-02 22:22:16,782 check_required_field.pyc[line:99] INFO 检查[服务方式]
2018-12-02 22:22:16,782 check_required_field.pyc[line:105] INFO 服务方式 is 2, type is radio, value_range is 1,2
2018-12-02 22:22:16,782 check_required_field.pyc[line:99] INFO 检查[服务依据]
2018-12-02 22:22:16,782 check_required_field.pyc[line:105] INFO 服务依据 is 1.《省政府办公厅关于印发江苏省“十三五”食品药品安全规划的通知》（苏政办发〔2017〕87号）
三、主要任务（十）完善食品药品安全社会共治格局。6．强化舆论监督和社会监督。完善媒体、专家等各有关方面共同参与食品药品安全治理的有效机制，加强正面舆论引导和突发事件舆情应对。建设省、市、县食品安全舆情监测网络，到“十三五”末，舆情监测网络覆盖率达到100%。实施立体化科普宣传计划，广泛开展面向公众和全社会的食品药品安全宣传教育，促进公众提高食品药品安全意识和防范能力。组织开展“食品安全宣传周”“放心农资下乡进村”“安全用药月”等主题宣传活动，广泛传播食品药品安全法律法规和科普知识，引导社会各界和人民群众积极支持、参与食品药品安全工作。
2. 《国务院食品安全办等19部门关于开展2017年全国食品安全宣传周活动的通知》（食安办〔2017〕10号）
（备注：根据国务院食安办年度工作文件部署开展工作）, type is text, value_range is 
2018-12-02 22:22:16,782 check_required_field.pyc[line:45] INFO the post url is http://221.226.253.51:5065/onlineGovQl/PubServiceYwController.do?findQlyw=true&start=aoData["iDisplayStart"]
2018-12-02 22:22:16,782 check_required_field.pyc[line:46] INFO the post params is {u'sSortDir': u'', u'idt': u'a2b5f081dec847e7b398be584e48c22c', u'sEcho': u'1', u'limit': u'-1', u'iSortCol': u'', u'pageStart': u'1'}
2018-12-02 22:22:16,783 check_required_field.pyc[line:47] INFO the cookies is <RequestsCookieJar[<Cookie JSESSIONID_WORKSPACE=lihvQbznsmN6BZeg7eUSJSoj-vKLH2i3xUzUwUJm6N77AgezoDcn!962196520!1543759838439 for 221.226.253.51/>]>
2018-12-02 22:22:17,174 check_required_field.pyc[line:45] INFO the post url is http://221.226.253.51:5065/onlineGovQl/PubServiceYwController.do?findServiseData=true
2018-12-02 22:22:17,176 check_required_field.pyc[line:46] INFO the post params is {u'showTable': u'XK', u'idt': u'1d872453226d489b99f3a89b133eccc2', u'idtlog': u'344d6394764f40f1aa0263087328643e'}
2018-12-02 22:22:17,176 check_required_field.pyc[line:47] INFO the cookies is <RequestsCookieJar[<Cookie JSESSIONID_WORKSPACE=lihvQbznsmN6BZeg7eUSJSoj-vKLH2i3xUzUwUJm6N77AgezoDcn!962196520!1543759838439 for 221.226.253.51/>]>
2018-12-02 22:22:18,855 check_required_field.pyc[line:616] INFO 检查业务信息[食品安全宣传周]
2018-12-02 22:22:18,855 check_required_field.pyc[line:99] INFO 检查[办理地点]
2018-12-02 22:22:18,855 check_required_field.pyc[line:105] INFO 办理地点 is 丹阳市开发区齐梁路万通大厦对面, type is text, value_range is 
2018-12-02 22:22:18,855 check_required_field.pyc[line:99] INFO 检查[工作时间]
2018-12-02 22:22:18,855 check_required_field.pyc[line:105] INFO 工作时间 is 夏季：上午8:30-11:30，下午13:30-17:00；冬季：上午8:30-11:00，下午13:00-17:00。, type is text, value_range is 
2018-12-02 22:22:18,855 check_required_field.pyc[line:99] INFO 检查[经办机构（处室）]
2018-12-02 22:22:18,857 check_required_field.pyc[line:105] INFO 经办机构（处室） is 丹阳市市场监督管理局食品科, type is text, value_range is 
2018-12-02 22:22:18,857 check_required_field.pyc[line:99] INFO 检查[数量限制]
2018-12-02 22:22:18,857 check_required_field.pyc[line:105] INFO 数量限制 is 1, type is radio, value_range is 1,2
2018-12-02 22:22:18,857 check_required_field.pyc[line:99] INFO 检查[服务对象]
2018-12-02 22:22:18,858 check_required_field.pyc[line:105] INFO 服务对象 is 1, type is checkbox, value_range is 1,2,3
2018-12-02 22:22:18,858 check_required_field.pyc[line:99] INFO 检查[业务名称]
2018-12-02 22:22:18,858 check_required_field.pyc[line:105] INFO 业务名称 is 食品安全宣传周, type is text, value_range is 
2018-12-02 22:22:18,858 check_required_field.pyc[line:99] INFO 检查[承办机构]
2018-12-02 22:22:18,858 check_required_field.pyc[line:105] INFO 承办机构 is 丹阳市市场监督管理局, type is text, value_range is 
2018-12-02 22:22:18,858 check_required_field.pyc[line:99] INFO 检查[监督投诉方式]
2018-12-02 22:22:18,858 check_required_field.pyc[line:105] INFO 监督投诉方式 is 丹阳市市场监督管理局投诉举报12331、12315, type is text, value_range is 
2018-12-02 22:22:18,858 check_required_field.pyc[line:99] INFO 检查[咨询方式]
2018-12-02 22:22:18,859 check_required_field.pyc[line:105] INFO 咨询方式 is 电话0511-86986012, type is text, value_range is 
2018-12-02 22:22:18,859 check_required_field.pyc[line:45] INFO the post url is http://221.226.253.51:5065/onlineGovQl/PubServiceYwController.do?findQlMain=true
2018-12-02 22:22:18,859 check_required_field.pyc[line:46] INFO the post params is {u'idt': u'8ad1e0f339654680b70d4354f02e1a79'}
2018-12-02 22:22:18,861 check_required_field.pyc[line:47] INFO the cookies is <RequestsCookieJar[<Cookie JSESSIONID_WORKSPACE=lihvQbznsmN6BZeg7eUSJSoj-vKLH2i3xUzUwUJm6N77AgezoDcn!962196520!1543759838439 for 221.226.253.51/>]>
2018-12-02 22:22:19,200 check_required_field.pyc[line:564] INFO 检查服务名称[安全用药月]
2018-12-02 22:22:19,200 check_required_field.pyc[line:99] INFO 检查[服务内容]
2018-12-02 22:22:19,200 check_required_field.pyc[line:105] INFO 服务内容 is 宣传安全用药理念和实用知识；宣传儿童、老年人等特殊群体安全用药知识，形成有效的科普干预；宣传监管工作，增进公众对药品安全监管工作的认知和理解。, type is text, value_range is 
2018-12-02 22:22:19,201 check_required_field.pyc[line:99] INFO 检查[服务领域]
2018-12-02 22:22:19,201 check_required_field.pyc[line:105] INFO 服务领域 is 6, type is radio, value_range is 1,2,3,4,5,6,7,8,9,10,11,12,13,14,15,16,17,18,19,20,21,22,23,24,25,26,27,28,29,30,31,32,33,34,35,99
2018-12-02 22:22:19,201 check_required_field.pyc[line:99] INFO 检查[服务方式]
2018-12-02 22:22:19,203 check_required_field.pyc[line:105] INFO 服务方式 is 2, type is radio, value_range is 1,2
2018-12-02 22:22:19,203 check_required_field.pyc[line:99] INFO 检查[服务依据]
2018-12-02 22:22:19,203 check_required_field.pyc[line:105] INFO 服务依据 is 1.《省政府办公厅关于印发江苏省“十三五”食品药品安全规划的通知》（苏政办发〔2017〕87号）
三、主要任务（十）完善食品药品安全社会共治格局。6．强化舆论监督和社会监督。完善媒体、专家等各有关方面共同参与食品药品安全治理的有效机制，加强正面舆论引导和突发事件舆情应对。建设省、市、县食品安全舆情监测网络，到“十三五”末，舆情监测网络覆盖率达到100%。实施立体化科普宣传计划，广泛开展面向公众和全社会的食品药品安全宣传教育，促进公众提高食品药品安全意识和防范能力。组织开展“食品安全宣传周”“放心农资下乡进村”“安全用药月”等主题宣传活动，广泛传播食品药品安全法律法规和科普知识，引导社会各界和人民群众积极支持、参与食品药品安全工作。
2.《国家食品药品监管总局关于开展全国安全用药月活动的通知》（食药监宣〔2017〕79号）
（备注：根据总局年度工作文件部署开展工作）, type is text, value_range is 
2018-12-02 22:22:19,203 check_required_field.pyc[line:45] INFO the post url is http://221.226.253.51:5065/onlineGovQl/PubServiceYwController.do?findQlyw=true&start=aoData["iDisplayStart"]
2018-12-02 22:22:19,203 check_required_field.pyc[line:46] INFO the post params is {u'sSortDir': u'', u'idt': u'8ad1e0f339654680b70d4354f02e1a79', u'sEcho': u'1', u'limit': u'-1', u'iSortCol': u'', u'pageStart': u'1'}
2018-12-02 22:22:19,203 check_required_field.pyc[line:47] INFO the cookies is <RequestsCookieJar[<Cookie JSESSIONID_WORKSPACE=lihvQbznsmN6BZeg7eUSJSoj-vKLH2i3xUzUwUJm6N77AgezoDcn!962196520!1543759838439 for 221.226.253.51/>]>
2018-12-02 22:22:19,720 check_required_field.pyc[line:45] INFO the post url is http://221.226.253.51:5065/onlineGovQl/PubServiceYwController.do?findServiseData=true
2018-12-02 22:22:19,723 check_required_field.pyc[line:46] INFO the post params is {u'showTable': u'XK', u'idt': u'60f9e99938a1486da98cf556c9214e27', u'idtlog': u'5dd3cd78c1bb48b88d0cd0c14aea79c7'}
2018-12-02 22:22:19,726 check_required_field.pyc[line:47] INFO the cookies is <RequestsCookieJar[<Cookie JSESSIONID_WORKSPACE=lihvQbznsmN6BZeg7eUSJSoj-vKLH2i3xUzUwUJm6N77AgezoDcn!962196520!1543759838439 for 221.226.253.51/>]>
2018-12-02 22:22:21,430 check_required_field.pyc[line:616] INFO 检查业务信息[安全用药月]
2018-12-02 22:22:21,431 check_required_field.pyc[line:99] INFO 检查[办理地点]
2018-12-02 22:22:21,431 check_required_field.pyc[line:105] INFO 办理地点 is 丹阳市齐梁路万通大厦对面, type is text, value_range is 
2018-12-02 22:22:21,431 check_required_field.pyc[line:99] INFO 检查[工作时间]
2018-12-02 22:22:21,433 check_required_field.pyc[line:105] INFO 工作时间 is 夏季：上午8:30-11:30，下午13:30-17:00；冬季：上午8:30-11:00，下午13:00-17:00。, type is text, value_range is 
2018-12-02 22:22:21,433 check_required_field.pyc[line:99] INFO 检查[经办机构（处室）]
2018-12-02 22:22:21,433 check_required_field.pyc[line:105] INFO 经办机构（处室） is 丹阳市市场监督管理局药品科, type is text, value_range is 
2018-12-02 22:22:21,434 check_required_field.pyc[line:99] INFO 检查[数量限制]
2018-12-02 22:22:21,434 check_required_field.pyc[line:105] INFO 数量限制 is 1, type is radio, value_range is 1,2
2018-12-02 22:22:21,434 check_required_field.pyc[line:99] INFO 检查[服务对象]
2018-12-02 22:22:21,434 check_required_field.pyc[line:105] INFO 服务对象 is 1, type is checkbox, value_range is 1,2,3
2018-12-02 22:22:21,434 check_required_field.pyc[line:99] INFO 检查[业务名称]
2018-12-02 22:22:21,434 check_required_field.pyc[line:105] INFO 业务名称 is 安全用药月, type is text, value_range is 
2018-12-02 22:22:21,436 check_required_field.pyc[line:99] INFO 检查[承办机构]
2018-12-02 22:22:21,436 check_required_field.pyc[line:105] INFO 承办机构 is 丹阳市市场监督管理局, type is text, value_range is 
2018-12-02 22:22:21,436 check_required_field.pyc[line:99] INFO 检查[监督投诉方式]
2018-12-02 22:22:21,437 check_required_field.pyc[line:105] INFO 监督投诉方式 is 丹阳市市场监督管理局投诉举报12331、12315, type is text, value_range is 
2018-12-02 22:22:21,437 check_required_field.pyc[line:99] INFO 检查[咨询方式]
2018-12-02 22:22:21,437 check_required_field.pyc[line:105] INFO 咨询方式 is 电话0511-86500286, type is text, value_range is 
2018-12-02 22:22:21,437 check_required_field.pyc[line:45] INFO the post url is http://221.226.253.51:5065/onlineGovQl/PubServiceYwController.do?findQlMain=true
2018-12-02 22:22:21,437 check_required_field.pyc[line:46] INFO the post params is {u'idt': u'38cc2f91fdd2481fa4822149655e0631'}
2018-12-02 22:22:21,437 check_required_field.pyc[line:47] INFO the cookies is <RequestsCookieJar[<Cookie JSESSIONID_WORKSPACE=lihvQbznsmN6BZeg7eUSJSoj-vKLH2i3xUzUwUJm6N77AgezoDcn!962196520!1543759838439 for 221.226.253.51/>]>
2018-12-02 22:22:21,835 check_required_field.pyc[line:564] INFO 检查服务名称[食品药品投诉举报处置]
2018-12-02 22:22:21,836 check_required_field.pyc[line:99] INFO 检查[服务内容]
2018-12-02 22:22:21,836 check_required_field.pyc[line:105] INFO 服务内容 is 根据职能，处理公众有关食品药品投诉举报事项。, type is text, value_range is 
2018-12-02 22:22:21,836 check_required_field.pyc[line:99] INFO 检查[服务领域]
2018-12-02 22:22:21,838 check_required_field.pyc[line:105] INFO 服务领域 is 6, type is radio, value_range is 1,2,3,4,5,6,7,8,9,10,11,12,13,14,15,16,17,18,19,20,21,22,23,24,25,26,27,28,29,30,31,32,33,34,35,99
2018-12-02 22:22:21,838 check_required_field.pyc[line:99] INFO 检查[服务方式]
2018-12-02 22:22:21,838 check_required_field.pyc[line:105] INFO 服务方式 is 1, type is radio, value_range is 1,2
2018-12-02 22:22:21,838 check_required_field.pyc[line:99] INFO 检查[服务依据]
2018-12-02 22:22:21,838 check_required_field.pyc[line:105] INFO 服务依据 is 1.《中华人员共和国食品安全法》第一百一十五条  县级以上人民政府食品药品监督管理、质量监督等部门应当公布本部门的电子邮件地址或者电话，接受咨询、投诉、举报。接到咨询、投诉、举报，对属于本部门职责的，应当受理并在法定期限内及时答复、核实、处理；对不属于本部门职责的，应当移交有权处理的部门并书面通知咨询、投诉、举报人。有权处理的部门应当在法定期限内及时处理，不得推诿。对查证属实的举报，给予举报人奖励。
2.《食品药品投诉举报管理办法》(国家食品药品监督管理总局令 第21号) 第五条　地方各级食品药品监督管理部门主管本行政区域的食品药品投诉举报管理工作，主要履行下列职责：
（一）根据本办法制定本行政区域的食品药品投诉举报管理制度和政策并监督实施；
（二）调查处理本行政区域的食品药品投诉举报并发布相关信息；
（三）通报并向上级报告本行政区域的食品药品投诉举报管理工作情况；
（四）协调指导同级食品药品投诉举报机构的具体工作。
   3.江苏省机构编制委员会《关于对省食品药品监督管理局所属承担行政职能事业单位职能和机构编制调整事项的批复》二、机构调整（二）省食品药品监督管理局稽查局加挂省食品药品监督投诉举报中心牌子。  稽查局（省食品药品监督投诉举报中心）主要职责是：……负责食品药品安全投诉举报工作。, type is text, value_range is 
2018-12-02 22:22:21,838 check_required_field.pyc[line:45] INFO the post url is http://221.226.253.51:5065/onlineGovQl/PubServiceYwController.do?findQlyw=true&start=aoData["iDisplayStart"]
2018-12-02 22:22:21,839 check_required_field.pyc[line:46] INFO the post params is {u'sSortDir': u'', u'idt': u'38cc2f91fdd2481fa4822149655e0631', u'sEcho': u'1', u'limit': u'-1', u'iSortCol': u'', u'pageStart': u'1'}
2018-12-02 22:22:21,839 check_required_field.pyc[line:47] INFO the cookies is <RequestsCookieJar[<Cookie JSESSIONID_WORKSPACE=lihvQbznsmN6BZeg7eUSJSoj-vKLH2i3xUzUwUJm6N77AgezoDcn!962196520!1543759838439 for 221.226.253.51/>]>
2018-12-02 22:22:22,282 check_required_field.pyc[line:45] INFO the post url is http://221.226.253.51:5065/onlineGovQl/PubServiceYwController.do?findServiseData=true
2018-12-02 22:22:22,282 check_required_field.pyc[line:46] INFO the post params is {u'showTable': u'XK', u'idt': u'823a57cc3a7447e2bbe9cdbbe171399c', u'idtlog': u'2b528574a1cf4965b966276d615bb245'}
2018-12-02 22:22:22,282 check_required_field.pyc[line:47] INFO the cookies is <RequestsCookieJar[<Cookie JSESSIONID_WORKSPACE=lihvQbznsmN6BZeg7eUSJSoj-vKLH2i3xUzUwUJm6N77AgezoDcn!962196520!1543759838439 for 221.226.253.51/>]>
2018-12-02 22:22:24,387 check_required_field.pyc[line:616] INFO 检查业务信息[食品药品投诉举报处置]
2018-12-02 22:22:24,388 check_required_field.pyc[line:99] INFO 检查[办件类型]
2018-12-02 22:22:24,388 check_required_field.pyc[line:105] INFO 办件类型 is 即办件, type is radio, value_range is 承诺件,即办件
2018-12-02 22:22:24,388 check_required_field.pyc[line:99] INFO 检查[办理依据]
2018-12-02 22:22:24,388 check_required_field.pyc[line:105] INFO 办理依据 is 1.《中华人员共和国食品安全法》第一百一十五条  县级以上人民政府食品药品监督管理、质量监督等部门应当公布本部门的电子邮件地址或者电话，接受咨询、投诉、举报。接到咨询、投诉、举报，对属于本部门职责的，应当受理并在法定期限内及时答复、核实、处理；对不属于本部门职责的，应当移交有权处理的部门并书面通知咨询、投诉、举报人。有权处理的部门应当在法定期限内及时处理，不得推诿。对查证属实的举报，给予举报人奖励。
2.《食品药品投诉举报管理办法》(国家食品药品监督管理总局令 第21号) 第五条　地方各级食品药品监督管理部门主管本行政区域的食品药品投诉举报管理工作，主要履行下列职责：
（一）根据本办法制定本行政区域的食品药品投诉举报管理制度和政策并监督实施；
（二）调查处理本行政区域的食品药品投诉举报并发布相关信息；
（三）通报并向上级报告本行政区域的食品药品投诉举报管理工作情况；
（四）协调指导同级食品药品投诉举报机构的具体工作。
   3.江苏省机构编制委员会《关于对省食品药品监督管理局所属承担行政职能事业单位职能和机构编制调整事项的批复》二、机构调整（二）省食品药品监督管理局稽查局加挂省食品药品监督投诉举报中心牌子。  稽查局（省食品药品监督投诉举报中心）主要职责是：……负责食品药品安全投诉举报工作。, type is text, value_range is 
2018-12-02 22:22:24,388 check_required_field.pyc[line:99] INFO 检查[服务对象]
2018-12-02 22:22:24,390 check_required_field.pyc[line:105] INFO 服务对象 is 1,3, type is checkbox, value_range is 1,2,3
2018-12-02 22:22:24,390 check_required_field.pyc[line:99] INFO 检查[经办机构（处室）]
2018-12-02 22:22:24,390 check_required_field.pyc[line:105] INFO 经办机构（处室） is 丹阳市市场监督管理局, type is text, value_range is 
2018-12-02 22:22:24,391 check_required_field.pyc[line:99] INFO 检查[监督投诉方式]
2018-12-02 22:22:24,391 check_required_field.pyc[line:105] INFO 监督投诉方式 is 丹阳市市场监督管理局投诉举报12331、12315, type is text, value_range is 
2018-12-02 22:22:24,391 check_required_field.pyc[line:99] INFO 检查[办理地点]
2018-12-02 22:22:24,391 check_required_field.pyc[line:105] INFO 办理地点 is 丹阳市开发区齐梁路万通大厦对面, type is text, value_range is 
2018-12-02 22:22:24,391 check_required_field.pyc[line:99] INFO 检查[工作时间]
2018-12-02 22:22:24,391 check_required_field.pyc[line:105] INFO 工作时间 is 夏季：上午8:30-11:30，下午13:30-17:00；冬季：上午8:30-11:00，下午13:00-17:00。, type is text, value_range is 
2018-12-02 22:22:24,392 check_required_field.pyc[line:99] INFO 检查[数量限制]
2018-12-02 22:22:24,392 check_required_field.pyc[line:105] INFO 数量限制 is 1, type is radio, value_range is 1,2
2018-12-02 22:22:24,392 check_required_field.pyc[line:99] INFO 检查[是否收费]
2018-12-02 22:22:24,394 check_required_field.pyc[line:105] INFO 是否收费 is 0, type is radio, value_range is 0,1
2018-12-02 22:22:24,394 check_required_field.pyc[line:99] INFO 检查[咨询方式]
2018-12-02 22:22:24,394 check_required_field.pyc[line:105] INFO 咨询方式 is 电话0511-86515315, type is text, value_range is 
2018-12-02 22:22:24,394 check_required_field.pyc[line:99] INFO 检查[在线办理网址]
2018-12-02 22:22:24,394 check_required_field.pyc[line:105] INFO 在线办理网址 is 暂无, type is text, value_range is 
2018-12-02 22:22:24,394 check_required_field.pyc[line:99] INFO 检查[业务名称]
2018-12-02 22:22:24,395 check_required_field.pyc[line:105] INFO 业务名称 is 食品药品投诉举报处置, type is text, value_range is 
2018-12-02 22:22:24,395 check_required_field.pyc[line:99] INFO 检查[承办机构]
2018-12-02 22:22:24,397 check_required_field.pyc[line:105] INFO 承办机构 is 丹阳市市场监督管理局, type is text, value_range is 
2018-12-02 22:22:24,397 check_required_field.pyc[line:99] INFO 检查[材料是否必须]
2018-12-02 22:22:24,397 check_required_field.pyc[line:105] INFO 材料是否必须 is true, type is radio, value_range is true,false
2018-12-02 22:22:24,397 check_required_field.pyc[line:99] INFO 检查[是否需要电子版]
2018-12-02 22:22:24,398 check_required_field.pyc[line:105] INFO 是否需要电子版 is 0, type is radio, value_range is 0,1
2018-12-02 22:22:24,398 check_required_field.pyc[line:99] INFO 检查[材料名称]
2018-12-02 22:22:24,398 check_required_field.pyc[line:105] INFO 材料名称 is 投诉举报材料, type is text, value_range is 
2018-12-02 22:22:24,398 check_required_field.pyc[line:99] INFO 检查[常见问题回答]
2018-12-02 22:22:24,398 check_required_field.pyc[line:105] INFO 常见问题回答 is 0511-86515315, type is text, value_range is 
2018-12-02 22:22:24,398 check_required_field.pyc[line:99] INFO 检查[常见问题]
2018-12-02 22:22:24,400 check_required_field.pyc[line:105] INFO 常见问题 is 食品药品投诉举报问题咨询电话是多少？, type is text, value_range is 
2018-12-02 22:22:24,400 check_required_field.pyc[line:99] INFO 检查[到现场次数]
2018-12-02 22:22:24,400 check_required_field.pyc[line:105] INFO 到现场次数 is 0, type is radio, value_range is 0,1,2,99
2018-12-02 22:22:24,401 check_required_field.pyc[line:643] INFO []
2018-12-02 22:22:24,401 check_required_field.pyc[line:63] INFO the get url is http://221.226.253.51:5065/onlineGovQl/j_spring_security_logout
2018-12-02 22:22:24,401 check_required_field.pyc[line:64] INFO the cookies is <RequestsCookieJar[<Cookie JSESSIONID_WORKSPACE=lihvQbznsmN6BZeg7eUSJSoj-vKLH2i3xUzUwUJm6N77AgezoDcn!962196520!1543759838439 for 221.226.253.51/>]>
