2018-12-02 16:30:21,098 check_required_field.py[line:647] INFO start to check username ZJDY1010_LR
2018-12-02 16:30:21,099 check_required_field.py[line:45] INFO the post url is http://221.226.253.51:5065/onlineGovQl/j_spring_security_check
2018-12-02 16:30:21,101 check_required_field.py[line:46] INFO the post params is {u'jsu': u'ZJDY1010_LR', u'jsp': 'e10adc3949ba59abbe56e057f20f883e', u'jOrgNo': u''}
2018-12-02 16:30:21,102 check_required_field.py[line:47] INFO the cookies is <RequestsCookieJar[]>
2018-12-02 16:30:22,259 check_required_field.py[line:45] INFO the post url is http://221.226.253.51:5065/onlineGovQl/UserController.do?findAdmin=true
2018-12-02 16:30:22,259 check_required_field.py[line:46] INFO the post params is {}
2018-12-02 16:30:22,259 check_required_field.py[line:47] INFO the cookies is <RequestsCookieJar[<Cookie JSESSIONID_WORKSPACE=_Hxt_6vnx8adzwGsp5AVxRQYszfLBstSviBXmwRWfHjwFcSnLmPV!962196520!1543738731495 for 221.226.253.51/>]>
2018-12-02 16:30:22,457 check_required_field.py[line:45] INFO the post url is http://221.226.253.51:5065/onlineGovQl/PubServiceYwController.do?findQlywMain=true
2018-12-02 16:30:22,457 check_required_field.py[line:46] INFO the post params is {u'B[YW_OPERATE][id]': u'', u'B[YW_OPERATE][text]': u'', u'B[YE_NAME]': u'', u'B[DEPT_YW_NUM]': u'', u'G_FW_RANGE[id]': u'', u'QL_DEPT[id]': u'ZJDY1010', u'B[YE_FILENUM]': u'', u'G_FW_MODE[text]': u'', u'IF_AUDIT_TRANSFER[text]': u'\u5168\u90e8', u'QL_CODE': u'', u'QL_NAME': u'', u'G_FW_RANGE[text]': u'', u'NUM': u'', u'limit': u'-1', u'IF_AUDIT_TRANSFER[id]': u'all', u'QL_SHORT_NAME': u'', u'QL_DEPT[text]': u'\u4e39\u9633\u5e02\u6c14\u8c61\u5c40', u'pageStart': u'1', u'QL_REG_NO': u'', u'B[TRANSACT_DEP]': u'', u'G_FW_MODE[id]': u''}
2018-12-02 16:30:22,457 check_required_field.py[line:47] INFO the cookies is <RequestsCookieJar[<Cookie JSESSIONID_WORKSPACE=_Hxt_6vnx8adzwGsp5AVxRQYszfLBstSviBXmwRWfHjwFcSnLmPV!962196520!1543738731495 for 221.226.253.51/>]>
2018-12-02 16:30:24,578 check_required_field.py[line:45] INFO the post url is http://221.226.253.51:5065/onlineGovQl/PubServiceYwController.do?findQlMain=true
2018-12-02 16:30:24,578 check_required_field.py[line:46] INFO the post params is {u'idt': u'43605e046df1428fb63c6d76f2ee4d97'}
2018-12-02 16:30:24,578 check_required_field.py[line:47] INFO the cookies is <RequestsCookieJar[<Cookie JSESSIONID_WORKSPACE=_Hxt_6vnx8adzwGsp5AVxRQYszfLBstSviBXmwRWfHjwFcSnLmPV!962196520!1543738731495 for 221.226.253.51/>]>
2018-12-02 16:30:24,723 check_required_field.py[line:564] INFO 检查服务名称[公众气象预报和灾害性天气警报]
2018-12-02 16:30:24,723 check_required_field.py[line:99] INFO 检查[服务内容]
2018-12-02 16:30:24,724 check_required_field.py[line:105] INFO 服务内容 is 通过广播、电视、报纸、气象网站、微信、微博及手机客户端统一发布公众气象预报、灾害性天气警报、气象灾害预警信号及防御指南。重大气象灾害发生时，通过广播、电视、手机短信及有关公共媒体等“绿色通道”快速发布重大气象灾害预警信号。
制作发布江苏沿海及相关海域海洋气象预报，通过广播、电视、大功率电台等开展海洋气象预报预警服务。, type is text, value_range is 
2018-12-02 16:30:24,724 check_required_field.py[line:99] INFO 检查[服务领域]
2018-12-02 16:30:24,724 check_required_field.py[line:105] INFO 服务领域 is 5, type is radio, value_range is 1,2,3,4,5,6,7,8,9,10,11,12,13,14,15,16,17,18,19,20,21,22,23,24,25,26,27,28,29,30,31,32,33,34,35,99
2018-12-02 16:30:24,724 check_required_field.py[line:99] INFO 检查[服务方式]
2018-12-02 16:30:24,726 check_required_field.py[line:105] INFO 服务方式 is 2, type is radio, value_range is 1,2
2018-12-02 16:30:24,726 check_required_field.py[line:99] INFO 检查[服务依据]
2018-12-02 16:30:24,726 check_required_field.py[line:105] INFO 服务依据 is 《中华人民共和国气象法》
第二十二条第二款　各级气象主管机构所属的气象台站应当按照职责向社会发布公众气象预报和灾害性天气警报，并根据天气变化情况及时补充或者订正。其他任何组织或者个人不得向社会发布公众气象预报和灾害性天气警报。
《气象灾害预警信号发布与传播办法》
第八条　各级气象主管机构所属的气象台站应当及时发布预警信号，并根据天气变化情况，及时更新或者解除预警信号，同时通报本级人民政府及有关部门、防灾减灾机构。
当同时出现或者预报可能出现多种气象灾害时，可以按照相对应的标准同时发布多种预警信号。, type is text, value_range is 
2018-12-02 16:30:24,726 check_required_field.py[line:45] INFO the post url is http://221.226.253.51:5065/onlineGovQl/PubServiceYwController.do?findQlyw=true&start=aoData["iDisplayStart"]
2018-12-02 16:30:24,726 check_required_field.py[line:46] INFO the post params is {u'sSortDir': u'', u'idt': u'43605e046df1428fb63c6d76f2ee4d97', u'sEcho': u'1', u'limit': u'-1', u'iSortCol': u'', u'pageStart': u'1'}
2018-12-02 16:30:24,726 check_required_field.py[line:47] INFO the cookies is <RequestsCookieJar[<Cookie JSESSIONID_WORKSPACE=_Hxt_6vnx8adzwGsp5AVxRQYszfLBstSviBXmwRWfHjwFcSnLmPV!962196520!1543738731495 for 221.226.253.51/>]>
2018-12-02 16:30:24,917 check_required_field.py[line:45] INFO the post url is http://221.226.253.51:5065/onlineGovQl/PubServiceYwController.do?findServiseData=true
2018-12-02 16:30:24,917 check_required_field.py[line:46] INFO the post params is {u'showTable': u'XK', u'idt': u'40a3c554d0974316aafb34159370568c', u'idtlog': u'd591e111ace14be59e5e3a0dca016e2d'}
2018-12-02 16:30:24,917 check_required_field.py[line:47] INFO the cookies is <RequestsCookieJar[<Cookie JSESSIONID_WORKSPACE=_Hxt_6vnx8adzwGsp5AVxRQYszfLBstSviBXmwRWfHjwFcSnLmPV!962196520!1543738731495 for 221.226.253.51/>]>
2018-12-02 16:30:25,851 check_required_field.py[line:616] INFO 检查业务信息[公众气象预报和灾害性天气警报]
2018-12-02 16:30:25,851 check_required_field.py[line:99] INFO 检查[办理地点]
2018-12-02 16:30:25,851 check_required_field.py[line:105] INFO 办理地点 is 丹阳市开发区普善社区前杨村西, type is text, value_range is 
2018-12-02 16:30:25,851 check_required_field.py[line:99] INFO 检查[工作时间]
2018-12-02 16:30:25,851 check_required_field.py[line:105] INFO 工作时间 is 周一至周五夏季：上午8:30-11:30，下午15:00-18:00；冬季：上午8:30-11:30，下午14:00-17:00。, type is text, value_range is 
2018-12-02 16:30:25,851 check_required_field.py[line:99] INFO 检查[经办机构（处室）]
2018-12-02 16:30:25,851 check_required_field.py[line:105] INFO 经办机构（处室） is 丹阳市气象台, type is text, value_range is 
2018-12-02 16:30:25,851 check_required_field.py[line:99] INFO 检查[数量限制]
2018-12-02 16:30:25,851 check_required_field.py[line:105] INFO 数量限制 is 1, type is radio, value_range is 1,2
2018-12-02 16:30:25,851 check_required_field.py[line:99] INFO 检查[服务对象]
2018-12-02 16:30:25,851 check_required_field.py[line:105] INFO 服务对象 is 1,2,3, type is checkbox, value_range is 1,2,3
2018-12-02 16:30:25,851 check_required_field.py[line:99] INFO 检查[业务名称]
2018-12-02 16:30:25,851 check_required_field.py[line:105] INFO 业务名称 is 公众气象预报和灾害性天气警报, type is text, value_range is 
2018-12-02 16:30:25,851 check_required_field.py[line:99] INFO 检查[承办机构]
2018-12-02 16:30:25,851 check_required_field.py[line:105] INFO 承办机构 is 丹阳市气象局, type is text, value_range is 
2018-12-02 16:30:25,851 check_required_field.py[line:99] INFO 检查[监督投诉方式]
2018-12-02 16:30:25,851 check_required_field.py[line:105] INFO 监督投诉方式 is 051186522018, type is text, value_range is 
2018-12-02 16:30:25,852 check_required_field.py[line:99] INFO 检查[咨询方式]
2018-12-02 16:30:25,852 check_required_field.py[line:105] INFO 咨询方式 is 051186534290, type is text, value_range is 
2018-12-02 16:30:25,852 check_required_field.py[line:45] INFO the post url is http://221.226.253.51:5065/onlineGovQl/PubServiceYwController.do?findQlMain=true
2018-12-02 16:30:25,852 check_required_field.py[line:46] INFO the post params is {u'idt': u'7cec3f8afd1a45fba1e7324c8ad3e6ce'}
2018-12-02 16:30:25,852 check_required_field.py[line:47] INFO the cookies is <RequestsCookieJar[<Cookie JSESSIONID_WORKSPACE=_Hxt_6vnx8adzwGsp5AVxRQYszfLBstSviBXmwRWfHjwFcSnLmPV!962196520!1543738731495 for 221.226.253.51/>]>
2018-12-02 16:30:26,006 check_required_field.py[line:564] INFO 检查服务名称[专业气象服务]
2018-12-02 16:30:26,006 check_required_field.py[line:99] INFO 检查[服务内容]
2018-12-02 16:30:26,006 check_required_field.py[line:105] INFO 服务内容 is 通过气象网站向社会公众提供农业气象监测信息、气象为农服务产品、农业气象防灾减灾知识、农业气象灾害评估产品，为农民和涉农人员提供农业气象监测、预报、预警及评估信息。向农业管理部门、农技部门提供农业气象旬报、月报、年报等为农气象服务产品，开展作物关键发育期气象服务，作物产量气象预报，农业干旱监测预报，农业气象病虫害预测预报，农业气象灾害监测预警，生态质量气象评价，特色农业气象服务，农用天气预报，夏收夏种气象服务，秋收秋种气象服务。
开展大气污染气象条件等级预报、雾霾预警预报，与环保部门联合开展空气质量预报；开展森林火险气象预报服务，发布森林火险气象等级预报，通过广播、电视、报纸及网站、微信、微博发布相关监测预报信息。, type is text, value_range is 
2018-12-02 16:30:26,006 check_required_field.py[line:99] INFO 检查[服务领域]
2018-12-02 16:30:26,006 check_required_field.py[line:105] INFO 服务领域 is 5, type is radio, value_range is 1,2,3,4,5,6,7,8,9,10,11,12,13,14,15,16,17,18,19,20,21,22,23,24,25,26,27,28,29,30,31,32,33,34,35,99
2018-12-02 16:30:26,006 check_required_field.py[line:99] INFO 检查[服务方式]
2018-12-02 16:30:26,006 check_required_field.py[line:105] INFO 服务方式 is 2, type is radio, value_range is 1,2
2018-12-02 16:30:26,006 check_required_field.py[line:99] INFO 检查[服务依据]
2018-12-02 16:30:26,006 check_required_field.py[line:105] INFO 服务依据 is 《中华人民共和国气象法》
第二十三条  各级气象主管机构所属的气象台站应当根据需要，发布农业气象预报、城市环境气象预报、火险气象等级预报等专业气象预报，并配合军事气象部门进行国防建设所需的气象服务工作。, type is text, value_range is 
2018-12-02 16:30:26,007 check_required_field.py[line:45] INFO the post url is http://221.226.253.51:5065/onlineGovQl/PubServiceYwController.do?findQlyw=true&start=aoData["iDisplayStart"]
2018-12-02 16:30:26,007 check_required_field.py[line:46] INFO the post params is {u'sSortDir': u'', u'idt': u'7cec3f8afd1a45fba1e7324c8ad3e6ce', u'sEcho': u'1', u'limit': u'-1', u'iSortCol': u'', u'pageStart': u'1'}
2018-12-02 16:30:26,007 check_required_field.py[line:47] INFO the cookies is <RequestsCookieJar[<Cookie JSESSIONID_WORKSPACE=_Hxt_6vnx8adzwGsp5AVxRQYszfLBstSviBXmwRWfHjwFcSnLmPV!962196520!1543738731495 for 221.226.253.51/>]>
2018-12-02 16:30:26,197 check_required_field.py[line:45] INFO the post url is http://221.226.253.51:5065/onlineGovQl/PubServiceYwController.do?findServiseData=true
2018-12-02 16:30:26,198 check_required_field.py[line:46] INFO the post params is {u'showTable': u'XK', u'idt': u'fbb4dfa78b344927a115ec95a183209e', u'idtlog': u'f5e33cc6364a42f3883479fef3edcbf6'}
2018-12-02 16:30:26,198 check_required_field.py[line:47] INFO the cookies is <RequestsCookieJar[<Cookie JSESSIONID_WORKSPACE=_Hxt_6vnx8adzwGsp5AVxRQYszfLBstSviBXmwRWfHjwFcSnLmPV!962196520!1543738731495 for 221.226.253.51/>]>
2018-12-02 16:30:27,135 check_required_field.py[line:616] INFO 检查业务信息[专业气象服务]
2018-12-02 16:30:27,135 check_required_field.py[line:99] INFO 检查[办理地点]
2018-12-02 16:30:27,135 check_required_field.py[line:105] INFO 办理地点 is 丹阳市开发区普善社区前杨村西, type is text, value_range is 
2018-12-02 16:30:27,135 check_required_field.py[line:99] INFO 检查[工作时间]
2018-12-02 16:30:27,135 check_required_field.py[line:105] INFO 工作时间 is 周一到周五夏季：上午8:30-11:30，下午15:00-18:00；冬季：上午8:30-11:30，下午14:00-17:00。, type is text, value_range is 
2018-12-02 16:30:27,135 check_required_field.py[line:99] INFO 检查[经办机构（处室）]
2018-12-02 16:30:27,137 check_required_field.py[line:105] INFO 经办机构（处室） is 丹阳市气象台, type is text, value_range is 
2018-12-02 16:30:27,137 check_required_field.py[line:99] INFO 检查[数量限制]
2018-12-02 16:30:27,137 check_required_field.py[line:105] INFO 数量限制 is 1, type is radio, value_range is 1,2
2018-12-02 16:30:27,137 check_required_field.py[line:99] INFO 检查[服务对象]
2018-12-02 16:30:27,137 check_required_field.py[line:105] INFO 服务对象 is 1,2,3, type is checkbox, value_range is 1,2,3
2018-12-02 16:30:27,137 check_required_field.py[line:99] INFO 检查[业务名称]
2018-12-02 16:30:27,137 check_required_field.py[line:105] INFO 业务名称 is 专业气象服务, type is text, value_range is 
2018-12-02 16:30:27,137 check_required_field.py[line:99] INFO 检查[承办机构]
2018-12-02 16:30:27,138 check_required_field.py[line:105] INFO 承办机构 is 丹阳市气象局, type is text, value_range is 
2018-12-02 16:30:27,138 check_required_field.py[line:99] INFO 检查[监督投诉方式]
2018-12-02 16:30:27,138 check_required_field.py[line:105] INFO 监督投诉方式 is 051186522018, type is text, value_range is 
2018-12-02 16:30:27,138 check_required_field.py[line:99] INFO 检查[咨询方式]
2018-12-02 16:30:27,138 check_required_field.py[line:105] INFO 咨询方式 is 051186534290, type is text, value_range is 
2018-12-02 16:30:27,138 check_required_field.py[line:45] INFO the post url is http://221.226.253.51:5065/onlineGovQl/PubServiceYwController.do?findQlMain=true
2018-12-02 16:30:27,138 check_required_field.py[line:46] INFO the post params is {u'idt': u'9d1b1bbc57494417b64a3bb85d13332e'}
2018-12-02 16:30:27,138 check_required_field.py[line:47] INFO the cookies is <RequestsCookieJar[<Cookie JSESSIONID_WORKSPACE=_Hxt_6vnx8adzwGsp5AVxRQYszfLBstSviBXmwRWfHjwFcSnLmPV!962196520!1543738731495 for 221.226.253.51/>]>
2018-12-02 16:30:27,301 check_required_field.py[line:564] INFO 检查服务名称[气象科普服务]
2018-12-02 16:30:27,302 check_required_field.py[line:99] INFO 检查[服务内容]
2018-12-02 16:30:27,302 check_required_field.py[line:105] INFO 服务内容 is “3·23”世界气象日、“5·12”防灾减灾日、“12﹒4”宪法日气象防灾减灾知识、天气气候常识、应对气候变化宣传等。, type is text, value_range is 
2018-12-02 16:30:27,302 check_required_field.py[line:99] INFO 检查[服务领域]
2018-12-02 16:30:27,302 check_required_field.py[line:105] INFO 服务领域 is 5, type is radio, value_range is 1,2,3,4,5,6,7,8,9,10,11,12,13,14,15,16,17,18,19,20,21,22,23,24,25,26,27,28,29,30,31,32,33,34,35,99
2018-12-02 16:30:27,302 check_required_field.py[line:99] INFO 检查[服务方式]
2018-12-02 16:30:27,303 check_required_field.py[line:105] INFO 服务方式 is 2, type is radio, value_range is 1,2
2018-12-02 16:30:27,303 check_required_field.py[line:99] INFO 检查[服务依据]
2018-12-02 16:30:27,303 check_required_field.py[line:105] INFO 服务依据 is 《中华人民共和国气象法》
第七条  国家鼓励和支持气象科学技术研究、气象科学知识普及，培养气象人才，推广先进的气象科学技术，保护气象科技成果，加强国际气象合作与交流，发展气象信息产业，提高气象工作水平。, type is text, value_range is 
2018-12-02 16:30:27,305 check_required_field.py[line:45] INFO the post url is http://221.226.253.51:5065/onlineGovQl/PubServiceYwController.do?findQlyw=true&start=aoData["iDisplayStart"]
2018-12-02 16:30:27,305 check_required_field.py[line:46] INFO the post params is {u'sSortDir': u'', u'idt': u'9d1b1bbc57494417b64a3bb85d13332e', u'sEcho': u'1', u'limit': u'-1', u'iSortCol': u'', u'pageStart': u'1'}
2018-12-02 16:30:27,305 check_required_field.py[line:47] INFO the cookies is <RequestsCookieJar[<Cookie JSESSIONID_WORKSPACE=_Hxt_6vnx8adzwGsp5AVxRQYszfLBstSviBXmwRWfHjwFcSnLmPV!962196520!1543738731495 for 221.226.253.51/>]>
2018-12-02 16:30:27,516 check_required_field.py[line:45] INFO the post url is http://221.226.253.51:5065/onlineGovQl/PubServiceYwController.do?findServiseData=true
2018-12-02 16:30:27,516 check_required_field.py[line:46] INFO the post params is {u'showTable': u'XK', u'idt': u'f94b8fafc5b84b309d0fc6a3362938bd', u'idtlog': u'3bfbe1db722442e882b8b2f1ce3d5f57'}
2018-12-02 16:30:27,516 check_required_field.py[line:47] INFO the cookies is <RequestsCookieJar[<Cookie JSESSIONID_WORKSPACE=_Hxt_6vnx8adzwGsp5AVxRQYszfLBstSviBXmwRWfHjwFcSnLmPV!962196520!1543738731495 for 221.226.253.51/>]>
2018-12-02 16:30:28,500 check_required_field.py[line:616] INFO 检查业务信息[气象科普服务]
2018-12-02 16:30:28,500 check_required_field.py[line:99] INFO 检查[办理地点]
2018-12-02 16:30:28,500 check_required_field.py[line:105] INFO 办理地点 is 丹阳市开发区普善社区前杨村西, type is text, value_range is 
2018-12-02 16:30:28,502 check_required_field.py[line:99] INFO 检查[工作时间]
2018-12-02 16:30:28,502 check_required_field.py[line:105] INFO 工作时间 is 周一到周五夏季：上午8:30-11:30，下午15:00-18:00；冬季：上午8:30-11:30，下午14:00-17:00。, type is text, value_range is 
2018-12-02 16:30:28,503 check_required_field.py[line:99] INFO 检查[经办机构（处室）]
2018-12-02 16:30:28,503 check_required_field.py[line:105] INFO 经办机构（处室） is 丹阳市气象台, type is text, value_range is 
2018-12-02 16:30:28,503 check_required_field.py[line:99] INFO 检查[数量限制]
2018-12-02 16:30:28,503 check_required_field.py[line:105] INFO 数量限制 is 1, type is radio, value_range is 1,2
2018-12-02 16:30:28,503 check_required_field.py[line:99] INFO 检查[服务对象]
2018-12-02 16:30:28,505 check_required_field.py[line:105] INFO 服务对象 is 1,2,3, type is checkbox, value_range is 1,2,3
2018-12-02 16:30:28,505 check_required_field.py[line:99] INFO 检查[业务名称]
2018-12-02 16:30:28,506 check_required_field.py[line:105] INFO 业务名称 is 气象科普服务, type is text, value_range is 
2018-12-02 16:30:28,506 check_required_field.py[line:99] INFO 检查[承办机构]
2018-12-02 16:30:28,506 check_required_field.py[line:105] INFO 承办机构 is 丹阳市气象局, type is text, value_range is 
2018-12-02 16:30:28,506 check_required_field.py[line:99] INFO 检查[监督投诉方式]
2018-12-02 16:30:28,506 check_required_field.py[line:105] INFO 监督投诉方式 is 051186522018, type is text, value_range is 
2018-12-02 16:30:28,506 check_required_field.py[line:99] INFO 检查[咨询方式]
2018-12-02 16:30:28,507 check_required_field.py[line:105] INFO 咨询方式 is 051186534290, type is text, value_range is 
2018-12-02 16:30:28,507 check_required_field.py[line:643] INFO []
2018-12-02 16:30:28,507 check_required_field.py[line:63] INFO the get url is http://221.226.253.51:5065/onlineGovQl/j_spring_security_logout
2018-12-02 16:30:28,509 check_required_field.py[line:64] INFO the cookies is <RequestsCookieJar[<Cookie JSESSIONID_WORKSPACE=_Hxt_6vnx8adzwGsp5AVxRQYszfLBstSviBXmwRWfHjwFcSnLmPV!962196520!1543738731495 for 221.226.253.51/>]>
2018-12-02 16:43:46,214 check_required_field.py[line:647] INFO start to check username ZJDY1010_LR
2018-12-02 16:43:46,216 check_required_field.py[line:45] INFO the post url is http://221.226.253.51:5065/onlineGovQl/j_spring_security_check
2018-12-02 16:43:46,216 check_required_field.py[line:46] INFO the post params is {u'jsu': u'ZJDY1010_LR', u'jsp': 'e10adc3949ba59abbe56e057f20f883e', u'jOrgNo': u''}
2018-12-02 16:43:46,216 check_required_field.py[line:47] INFO the cookies is <RequestsCookieJar[]>
2018-12-02 16:43:50,289 check_required_field.py[line:45] INFO the post url is http://221.226.253.51:5065/onlineGovQl/UserController.do?findAdmin=true
2018-12-02 16:43:50,290 check_required_field.py[line:46] INFO the post params is {}
2018-12-02 16:43:50,290 check_required_field.py[line:47] INFO the cookies is <RequestsCookieJar[<Cookie JSESSIONID_WORKSPACE=vYtuC_TZ3HD94YK259jkgvzPv5L8Gs1Mlk9A7sd3kAoZHYLKhIjz!962196520!1543739536601 for 221.226.253.51/>]>
2018-12-02 16:43:50,710 check_required_field.py[line:45] INFO the post url is http://221.226.253.51:5065/onlineGovQl/PubServiceYwController.do?findQlywMain=true
2018-12-02 16:43:50,713 check_required_field.py[line:46] INFO the post params is {u'B[YW_OPERATE][id]': u'', u'B[YW_OPERATE][text]': u'', u'B[YE_NAME]': u'', u'B[DEPT_YW_NUM]': u'', u'G_FW_RANGE[id]': u'', u'QL_DEPT[id]': u'ZJDY1010', u'B[YE_FILENUM]': u'', u'G_FW_MODE[text]': u'', u'IF_AUDIT_TRANSFER[text]': u'\u5168\u90e8', u'QL_CODE': u'', u'QL_NAME': u'', u'G_FW_RANGE[text]': u'', u'NUM': u'', u'limit': u'-1', u'IF_AUDIT_TRANSFER[id]': u'all', u'QL_SHORT_NAME': u'', u'QL_DEPT[text]': u'\u4e39\u9633\u5e02\u6c14\u8c61\u5c40', u'pageStart': u'1', u'QL_REG_NO': u'', u'B[TRANSACT_DEP]': u'', u'G_FW_MODE[id]': u''}
2018-12-02 16:43:50,714 check_required_field.py[line:47] INFO the cookies is <RequestsCookieJar[<Cookie JSESSIONID_WORKSPACE=vYtuC_TZ3HD94YK259jkgvzPv5L8Gs1Mlk9A7sd3kAoZHYLKhIjz!962196520!1543739536601 for 221.226.253.51/>]>
2018-12-02 16:43:53,381 check_required_field.py[line:45] INFO the post url is http://221.226.253.51:5065/onlineGovQl/PubServiceYwController.do?findQlMain=true
2018-12-02 16:43:53,385 check_required_field.py[line:46] INFO the post params is {u'idt': u'43605e046df1428fb63c6d76f2ee4d97'}
2018-12-02 16:43:53,388 check_required_field.py[line:47] INFO the cookies is <RequestsCookieJar[<Cookie JSESSIONID_WORKSPACE=vYtuC_TZ3HD94YK259jkgvzPv5L8Gs1Mlk9A7sd3kAoZHYLKhIjz!962196520!1543739536601 for 221.226.253.51/>]>
2018-12-02 16:43:53,796 check_required_field.py[line:564] INFO 检查服务名称[公众气象预报和灾害性天气警报]
2018-12-02 16:43:53,798 check_required_field.py[line:99] INFO 检查[服务内容]
2018-12-02 16:43:53,799 check_required_field.py[line:105] INFO 服务内容 is 通过广播、电视、报纸、气象网站、微信、微博及手机客户端统一发布公众气象预报、灾害性天气警报、气象灾害预警信号及防御指南。重大气象灾害发生时，通过广播、电视、手机短信及有关公共媒体等“绿色通道”快速发布重大气象灾害预警信号。
制作发布江苏沿海及相关海域海洋气象预报，通过广播、电视、大功率电台等开展海洋气象预报预警服务。, type is text, value_range is 
2018-12-02 16:43:53,802 check_required_field.py[line:99] INFO 检查[服务领域]
2018-12-02 16:43:53,805 check_required_field.py[line:105] INFO 服务领域 is 5, type is radio, value_range is 1,2,3,4,5,6,7,8,9,10,11,12,13,14,15,16,17,18,19,20,21,22,23,24,25,26,27,28,29,30,31,32,33,34,35,99
2018-12-02 16:43:53,808 check_required_field.py[line:99] INFO 检查[服务方式]
2018-12-02 16:43:53,812 check_required_field.py[line:105] INFO 服务方式 is 2, type is radio, value_range is 1,2
2018-12-02 16:43:53,815 check_required_field.py[line:99] INFO 检查[服务依据]
2018-12-02 16:43:53,819 check_required_field.py[line:105] INFO 服务依据 is 《中华人民共和国气象法》
第二十二条第二款　各级气象主管机构所属的气象台站应当按照职责向社会发布公众气象预报和灾害性天气警报，并根据天气变化情况及时补充或者订正。其他任何组织或者个人不得向社会发布公众气象预报和灾害性天气警报。
《气象灾害预警信号发布与传播办法》
第八条　各级气象主管机构所属的气象台站应当及时发布预警信号，并根据天气变化情况，及时更新或者解除预警信号，同时通报本级人民政府及有关部门、防灾减灾机构。
当同时出现或者预报可能出现多种气象灾害时，可以按照相对应的标准同时发布多种预警信号。, type is text, value_range is 
2018-12-02 16:43:53,822 check_required_field.py[line:45] INFO the post url is http://221.226.253.51:5065/onlineGovQl/PubServiceYwController.do?findQlyw=true&start=aoData["iDisplayStart"]
2018-12-02 16:43:53,823 check_required_field.py[line:46] INFO the post params is {u'sSortDir': u'', u'idt': u'43605e046df1428fb63c6d76f2ee4d97', u'sEcho': u'1', u'limit': u'-1', u'iSortCol': u'', u'pageStart': u'1'}
2018-12-02 16:43:53,826 check_required_field.py[line:47] INFO the cookies is <RequestsCookieJar[<Cookie JSESSIONID_WORKSPACE=vYtuC_TZ3HD94YK259jkgvzPv5L8Gs1Mlk9A7sd3kAoZHYLKhIjz!962196520!1543739536601 for 221.226.253.51/>]>
2018-12-02 16:43:54,289 check_required_field.py[line:45] INFO the post url is http://221.226.253.51:5065/onlineGovQl/PubServiceYwController.do?findServiseData=true
2018-12-02 16:43:54,289 check_required_field.py[line:46] INFO the post params is {u'showTable': u'XK', u'idt': u'40a3c554d0974316aafb34159370568c', u'idtlog': u'd591e111ace14be59e5e3a0dca016e2d'}
2018-12-02 16:43:54,289 check_required_field.py[line:47] INFO the cookies is <RequestsCookieJar[<Cookie JSESSIONID_WORKSPACE=vYtuC_TZ3HD94YK259jkgvzPv5L8Gs1Mlk9A7sd3kAoZHYLKhIjz!962196520!1543739536601 for 221.226.253.51/>]>
2018-12-02 16:43:55,954 check_required_field.py[line:616] INFO 检查业务信息[公众气象预报和灾害性天气警报]
2018-12-02 16:43:55,954 check_required_field.py[line:99] INFO 检查[办理地点]
2018-12-02 16:43:55,956 check_required_field.py[line:105] INFO 办理地点 is 丹阳市开发区普善社区前杨村西, type is text, value_range is 
2018-12-02 16:43:55,956 check_required_field.py[line:99] INFO 检查[工作时间]
2018-12-02 16:43:55,956 check_required_field.py[line:105] INFO 工作时间 is 周一至周五夏季：上午8:30-11:30，下午15:00-18:00；冬季：上午8:30-11:30，下午14:00-17:00。, type is text, value_range is 
2018-12-02 16:43:55,956 check_required_field.py[line:99] INFO 检查[经办机构（处室）]
2018-12-02 16:43:55,956 check_required_field.py[line:105] INFO 经办机构（处室） is 丹阳市气象台, type is text, value_range is 
2018-12-02 16:43:55,956 check_required_field.py[line:99] INFO 检查[数量限制]
2018-12-02 16:43:55,956 check_required_field.py[line:105] INFO 数量限制 is 1, type is radio, value_range is 1,2
2018-12-02 16:43:55,956 check_required_field.py[line:99] INFO 检查[服务对象]
2018-12-02 16:43:55,956 check_required_field.py[line:105] INFO 服务对象 is 1,2,3, type is checkbox, value_range is 1,2,3
2018-12-02 16:43:55,956 check_required_field.py[line:99] INFO 检查[业务名称]
2018-12-02 16:43:55,956 check_required_field.py[line:105] INFO 业务名称 is 公众气象预报和灾害性天气警报, type is text, value_range is 
2018-12-02 16:43:55,956 check_required_field.py[line:99] INFO 检查[承办机构]
2018-12-02 16:43:55,956 check_required_field.py[line:105] INFO 承办机构 is 丹阳市气象局, type is text, value_range is 
2018-12-02 16:43:55,957 check_required_field.py[line:99] INFO 检查[监督投诉方式]
2018-12-02 16:43:55,957 check_required_field.py[line:105] INFO 监督投诉方式 is 051186522018, type is text, value_range is 
2018-12-02 16:43:55,957 check_required_field.py[line:99] INFO 检查[咨询方式]
2018-12-02 16:43:55,957 check_required_field.py[line:105] INFO 咨询方式 is 051186534290, type is text, value_range is 
2018-12-02 16:43:55,957 check_required_field.py[line:45] INFO the post url is http://221.226.253.51:5065/onlineGovQl/PubServiceYwController.do?findQlMain=true
2018-12-02 16:43:55,957 check_required_field.py[line:46] INFO the post params is {u'idt': u'7cec3f8afd1a45fba1e7324c8ad3e6ce'}
2018-12-02 16:43:55,957 check_required_field.py[line:47] INFO the cookies is <RequestsCookieJar[<Cookie JSESSIONID_WORKSPACE=vYtuC_TZ3HD94YK259jkgvzPv5L8Gs1Mlk9A7sd3kAoZHYLKhIjz!962196520!1543739536601 for 221.226.253.51/>]>
2018-12-02 16:43:56,323 check_required_field.py[line:564] INFO 检查服务名称[专业气象服务]
2018-12-02 16:43:56,325 check_required_field.py[line:99] INFO 检查[服务内容]
2018-12-02 16:43:56,325 check_required_field.py[line:105] INFO 服务内容 is 通过气象网站向社会公众提供农业气象监测信息、气象为农服务产品、农业气象防灾减灾知识、农业气象灾害评估产品，为农民和涉农人员提供农业气象监测、预报、预警及评估信息。向农业管理部门、农技部门提供农业气象旬报、月报、年报等为农气象服务产品，开展作物关键发育期气象服务，作物产量气象预报，农业干旱监测预报，农业气象病虫害预测预报，农业气象灾害监测预警，生态质量气象评价，特色农业气象服务，农用天气预报，夏收夏种气象服务，秋收秋种气象服务。
开展大气污染气象条件等级预报、雾霾预警预报，与环保部门联合开展空气质量预报；开展森林火险气象预报服务，发布森林火险气象等级预报，通过广播、电视、报纸及网站、微信、微博发布相关监测预报信息。, type is text, value_range is 
2018-12-02 16:43:56,325 check_required_field.py[line:99] INFO 检查[服务领域]
2018-12-02 16:43:56,326 check_required_field.py[line:105] INFO 服务领域 is 5, type is radio, value_range is 1,2,3,4,5,6,7,8,9,10,11,12,13,14,15,16,17,18,19,20,21,22,23,24,25,26,27,28,29,30,31,32,33,34,35,99
2018-12-02 16:43:56,326 check_required_field.py[line:99] INFO 检查[服务方式]
2018-12-02 16:43:56,326 check_required_field.py[line:105] INFO 服务方式 is 2, type is radio, value_range is 1,2
2018-12-02 16:43:56,328 check_required_field.py[line:99] INFO 检查[服务依据]
2018-12-02 16:43:56,328 check_required_field.py[line:105] INFO 服务依据 is 《中华人民共和国气象法》
第二十三条  各级气象主管机构所属的气象台站应当根据需要，发布农业气象预报、城市环境气象预报、火险气象等级预报等专业气象预报，并配合军事气象部门进行国防建设所需的气象服务工作。, type is text, value_range is 
2018-12-02 16:43:56,328 check_required_field.py[line:45] INFO the post url is http://221.226.253.51:5065/onlineGovQl/PubServiceYwController.do?findQlyw=true&start=aoData["iDisplayStart"]
2018-12-02 16:43:56,328 check_required_field.py[line:46] INFO the post params is {u'sSortDir': u'', u'idt': u'7cec3f8afd1a45fba1e7324c8ad3e6ce', u'sEcho': u'1', u'limit': u'-1', u'iSortCol': u'', u'pageStart': u'1'}
2018-12-02 16:43:56,328 check_required_field.py[line:47] INFO the cookies is <RequestsCookieJar[<Cookie JSESSIONID_WORKSPACE=vYtuC_TZ3HD94YK259jkgvzPv5L8Gs1Mlk9A7sd3kAoZHYLKhIjz!962196520!1543739536601 for 221.226.253.51/>]>
2018-12-02 16:43:56,846 check_required_field.py[line:45] INFO the post url is http://221.226.253.51:5065/onlineGovQl/PubServiceYwController.do?findServiseData=true
2018-12-02 16:43:56,848 check_required_field.py[line:46] INFO the post params is {u'showTable': u'XK', u'idt': u'fbb4dfa78b344927a115ec95a183209e', u'idtlog': u'f5e33cc6364a42f3883479fef3edcbf6'}
2018-12-02 16:43:56,851 check_required_field.py[line:47] INFO the cookies is <RequestsCookieJar[<Cookie JSESSIONID_WORKSPACE=vYtuC_TZ3HD94YK259jkgvzPv5L8Gs1Mlk9A7sd3kAoZHYLKhIjz!962196520!1543739536601 for 221.226.253.51/>]>
2018-12-02 16:43:58,607 check_required_field.py[line:616] INFO 检查业务信息[专业气象服务]
2018-12-02 16:43:58,608 check_required_field.py[line:99] INFO 检查[办理地点]
2018-12-02 16:43:58,611 check_required_field.py[line:105] INFO 办理地点 is 丹阳市开发区普善社区前杨村西, type is text, value_range is 
2018-12-02 16:43:58,614 check_required_field.py[line:99] INFO 检查[工作时间]
2018-12-02 16:43:58,617 check_required_field.py[line:105] INFO 工作时间 is 周一到周五夏季：上午8:30-11:30，下午15:00-18:00；冬季：上午8:30-11:30，下午14:00-17:00。, type is text, value_range is 
2018-12-02 16:43:58,618 check_required_field.py[line:99] INFO 检查[经办机构（处室）]
2018-12-02 16:43:58,621 check_required_field.py[line:105] INFO 经办机构（处室） is 丹阳市气象台, type is text, value_range is 
2018-12-02 16:43:58,622 check_required_field.py[line:99] INFO 检查[数量限制]
2018-12-02 16:43:58,625 check_required_field.py[line:105] INFO 数量限制 is 1, type is radio, value_range is 1,2
2018-12-02 16:43:58,628 check_required_field.py[line:99] INFO 检查[服务对象]
2018-12-02 16:43:58,630 check_required_field.py[line:105] INFO 服务对象 is 1,2,3, type is checkbox, value_range is 1,2,3
2018-12-02 16:43:58,631 check_required_field.py[line:99] INFO 检查[业务名称]
2018-12-02 16:43:58,634 check_required_field.py[line:105] INFO 业务名称 is 专业气象服务, type is text, value_range is 
2018-12-02 16:43:58,634 check_required_field.py[line:99] INFO 检查[承办机构]
2018-12-02 16:43:58,637 check_required_field.py[line:105] INFO 承办机构 is 丹阳市气象局, type is text, value_range is 
2018-12-02 16:43:58,638 check_required_field.py[line:99] INFO 检查[监督投诉方式]
2018-12-02 16:43:58,641 check_required_field.py[line:105] INFO 监督投诉方式 is 051186522018, type is text, value_range is 
2018-12-02 16:43:58,642 check_required_field.py[line:99] INFO 检查[咨询方式]
2018-12-02 16:43:58,644 check_required_field.py[line:105] INFO 咨询方式 is 051186534290, type is text, value_range is 
2018-12-02 16:43:58,645 check_required_field.py[line:45] INFO the post url is http://221.226.253.51:5065/onlineGovQl/PubServiceYwController.do?findQlMain=true
2018-12-02 16:43:58,647 check_required_field.py[line:46] INFO the post params is {u'idt': u'9d1b1bbc57494417b64a3bb85d13332e'}
2018-12-02 16:43:58,648 check_required_field.py[line:47] INFO the cookies is <RequestsCookieJar[<Cookie JSESSIONID_WORKSPACE=vYtuC_TZ3HD94YK259jkgvzPv5L8Gs1Mlk9A7sd3kAoZHYLKhIjz!962196520!1543739536601 for 221.226.253.51/>]>
2018-12-02 16:43:59,049 check_required_field.py[line:564] INFO 检查服务名称[气象科普服务]
2018-12-02 16:43:59,049 check_required_field.py[line:99] INFO 检查[服务内容]
2018-12-02 16:43:59,049 check_required_field.py[line:105] INFO 服务内容 is “3·23”世界气象日、“5·12”防灾减灾日、“12﹒4”宪法日气象防灾减灾知识、天气气候常识、应对气候变化宣传等。, type is text, value_range is 
2018-12-02 16:43:59,051 check_required_field.py[line:99] INFO 检查[服务领域]
2018-12-02 16:43:59,052 check_required_field.py[line:105] INFO 服务领域 is 5, type is radio, value_range is 1,2,3,4,5,6,7,8,9,10,11,12,13,14,15,16,17,18,19,20,21,22,23,24,25,26,27,28,29,30,31,32,33,34,35,99
2018-12-02 16:43:59,052 check_required_field.py[line:99] INFO 检查[服务方式]
2018-12-02 16:43:59,052 check_required_field.py[line:105] INFO 服务方式 is 2, type is radio, value_range is 1,2
2018-12-02 16:43:59,052 check_required_field.py[line:99] INFO 检查[服务依据]
2018-12-02 16:43:59,055 check_required_field.py[line:105] INFO 服务依据 is 《中华人民共和国气象法》
第七条  国家鼓励和支持气象科学技术研究、气象科学知识普及，培养气象人才，推广先进的气象科学技术，保护气象科技成果，加强国际气象合作与交流，发展气象信息产业，提高气象工作水平。, type is text, value_range is 
2018-12-02 16:43:59,058 check_required_field.py[line:45] INFO the post url is http://221.226.253.51:5065/onlineGovQl/PubServiceYwController.do?findQlyw=true&start=aoData["iDisplayStart"]
2018-12-02 16:43:59,059 check_required_field.py[line:46] INFO the post params is {u'sSortDir': u'', u'idt': u'9d1b1bbc57494417b64a3bb85d13332e', u'sEcho': u'1', u'limit': u'-1', u'iSortCol': u'', u'pageStart': u'1'}
2018-12-02 16:43:59,062 check_required_field.py[line:47] INFO the cookies is <RequestsCookieJar[<Cookie JSESSIONID_WORKSPACE=vYtuC_TZ3HD94YK259jkgvzPv5L8Gs1Mlk9A7sd3kAoZHYLKhIjz!962196520!1543739536601 for 221.226.253.51/>]>
2018-12-02 16:43:59,423 check_required_field.py[line:45] INFO the post url is http://221.226.253.51:5065/onlineGovQl/PubServiceYwController.do?findServiseData=true
2018-12-02 16:43:59,424 check_required_field.py[line:46] INFO the post params is {u'showTable': u'XK', u'idt': u'f94b8fafc5b84b309d0fc6a3362938bd', u'idtlog': u'3bfbe1db722442e882b8b2f1ce3d5f57'}
2018-12-02 16:43:59,426 check_required_field.py[line:47] INFO the cookies is <RequestsCookieJar[<Cookie JSESSIONID_WORKSPACE=vYtuC_TZ3HD94YK259jkgvzPv5L8Gs1Mlk9A7sd3kAoZHYLKhIjz!962196520!1543739536601 for 221.226.253.51/>]>
2018-12-02 16:44:01,069 check_required_field.py[line:616] INFO 检查业务信息[气象科普服务]
2018-12-02 16:44:01,069 check_required_field.py[line:99] INFO 检查[办理地点]
2018-12-02 16:44:01,072 check_required_field.py[line:105] INFO 办理地点 is 丹阳市开发区普善社区前杨村西, type is text, value_range is 
2018-12-02 16:44:01,075 check_required_field.py[line:99] INFO 检查[工作时间]
2018-12-02 16:44:01,076 check_required_field.py[line:105] INFO 工作时间 is 周一到周五夏季：上午8:30-11:30，下午15:00-18:00；冬季：上午8:30-11:30，下午14:00-17:00。, type is text, value_range is 
2018-12-02 16:44:01,078 check_required_field.py[line:99] INFO 检查[经办机构（处室）]
2018-12-02 16:44:01,079 check_required_field.py[line:105] INFO 经办机构（处室） is 丹阳市气象台, type is text, value_range is 
2018-12-02 16:44:01,081 check_required_field.py[line:99] INFO 检查[数量限制]
2018-12-02 16:44:01,082 check_required_field.py[line:105] INFO 数量限制 is 1, type is radio, value_range is 1,2
2018-12-02 16:44:01,085 check_required_field.py[line:99] INFO 检查[服务对象]
2018-12-02 16:44:01,086 check_required_field.py[line:105] INFO 服务对象 is 1,2,3, type is checkbox, value_range is 1,2,3
2018-12-02 16:44:01,088 check_required_field.py[line:99] INFO 检查[业务名称]
2018-12-02 16:44:01,089 check_required_field.py[line:105] INFO 业务名称 is 气象科普服务, type is text, value_range is 
2018-12-02 16:44:01,091 check_required_field.py[line:99] INFO 检查[承办机构]
2018-12-02 16:44:01,092 check_required_field.py[line:105] INFO 承办机构 is 丹阳市气象局, type is text, value_range is 
2018-12-02 16:44:01,095 check_required_field.py[line:99] INFO 检查[监督投诉方式]
2018-12-02 16:44:01,095 check_required_field.py[line:105] INFO 监督投诉方式 is 051186522018, type is text, value_range is 
2018-12-02 16:44:01,096 check_required_field.py[line:99] INFO 检查[咨询方式]
2018-12-02 16:44:01,098 check_required_field.py[line:105] INFO 咨询方式 is 051186534290, type is text, value_range is 
2018-12-02 16:44:01,099 check_required_field.py[line:643] INFO []
2018-12-02 16:44:01,101 check_required_field.py[line:63] INFO the get url is http://221.226.253.51:5065/onlineGovQl/j_spring_security_logout
2018-12-02 16:44:01,102 check_required_field.py[line:64] INFO the cookies is <RequestsCookieJar[<Cookie JSESSIONID_WORKSPACE=vYtuC_TZ3HD94YK259jkgvzPv5L8Gs1Mlk9A7sd3kAoZHYLKhIjz!962196520!1543739536601 for 221.226.253.51/>]>
2018-12-02 19:42:42,141 check_required_field.py[line:647] INFO start to check username ZJDY1010_LR
2018-12-02 19:42:42,141 check_required_field.py[line:45] INFO the post url is http://221.226.253.51:5065/onlineGovQl/j_spring_security_check
2018-12-02 19:42:42,141 check_required_field.py[line:46] INFO the post params is {u'jsu': u'ZJDY1010_LR', u'jsp': 'e10adc3949ba59abbe56e057f20f883e', u'jOrgNo': u''}
2018-12-02 19:42:42,142 check_required_field.py[line:47] INFO the cookies is <RequestsCookieJar[]>
2018-12-02 19:42:45,246 check_required_field.py[line:45] INFO the post url is http://221.226.253.51:5065/onlineGovQl/UserController.do?findAdmin=true
2018-12-02 19:42:45,246 check_required_field.py[line:46] INFO the post params is {}
2018-12-02 19:42:45,246 check_required_field.py[line:47] INFO the cookies is <RequestsCookieJar[<Cookie JSESSIONID_WORKSPACE=3wNur8XtZdNKsSOSvt1RaFjywtuF_m2bqS2MbmzeqPqG3HqtYwYv!962196520!1543750272493 for 221.226.253.51/>]>
2018-12-02 19:42:45,617 check_required_field.py[line:45] INFO the post url is http://221.226.253.51:5065/onlineGovQl/PubServiceYwController.do?findQlywMain=true
2018-12-02 19:42:45,617 check_required_field.py[line:46] INFO the post params is {u'B[YW_OPERATE][id]': u'', u'B[YW_OPERATE][text]': u'', u'B[YE_NAME]': u'', u'B[DEPT_YW_NUM]': u'', u'G_FW_RANGE[id]': u'', u'QL_DEPT[id]': u'ZJDY1010', u'B[YE_FILENUM]': u'', u'G_FW_MODE[text]': u'', u'IF_AUDIT_TRANSFER[text]': u'\u5168\u90e8', u'QL_CODE': u'', u'QL_NAME': u'', u'G_FW_RANGE[text]': u'', u'NUM': u'', u'limit': u'-1', u'IF_AUDIT_TRANSFER[id]': u'all', u'QL_SHORT_NAME': u'', u'QL_DEPT[text]': u'\u4e39\u9633\u5e02\u6c14\u8c61\u5c40', u'pageStart': u'1', u'QL_REG_NO': u'', u'B[TRANSACT_DEP]': u'', u'G_FW_MODE[id]': u''}
2018-12-02 19:42:45,618 check_required_field.py[line:47] INFO the cookies is <RequestsCookieJar[<Cookie JSESSIONID_WORKSPACE=3wNur8XtZdNKsSOSvt1RaFjywtuF_m2bqS2MbmzeqPqG3HqtYwYv!962196520!1543750272493 for 221.226.253.51/>]>
2018-12-02 19:42:48,122 check_required_field.py[line:45] INFO the post url is http://221.226.253.51:5065/onlineGovQl/PubServiceYwController.do?findQlMain=true
2018-12-02 19:42:48,124 check_required_field.py[line:46] INFO the post params is {u'idt': u'43605e046df1428fb63c6d76f2ee4d97'}
2018-12-02 19:42:48,124 check_required_field.py[line:47] INFO the cookies is <RequestsCookieJar[<Cookie JSESSIONID_WORKSPACE=3wNur8XtZdNKsSOSvt1RaFjywtuF_m2bqS2MbmzeqPqG3HqtYwYv!962196520!1543750272493 for 221.226.253.51/>]>
2018-12-02 19:42:48,411 check_required_field.py[line:564] INFO 检查服务名称[公众气象预报和灾害性天气警报]
2018-12-02 19:42:48,411 check_required_field.py[line:99] INFO 检查[服务内容]
2018-12-02 19:42:48,413 check_required_field.py[line:105] INFO 服务内容 is 通过广播、电视、报纸、气象网站、微信、微博及手机客户端统一发布公众气象预报、灾害性天气警报、气象灾害预警信号及防御指南。重大气象灾害发生时，通过广播、电视、手机短信及有关公共媒体等“绿色通道”快速发布重大气象灾害预警信号。
制作发布江苏沿海及相关海域海洋气象预报，通过广播、电视、大功率电台等开展海洋气象预报预警服务。, type is text, value_range is 
2018-12-02 19:42:48,413 check_required_field.py[line:99] INFO 检查[服务领域]
2018-12-02 19:42:48,414 check_required_field.py[line:105] INFO 服务领域 is 5, type is radio, value_range is 1,2,3,4,5,6,7,8,9,10,11,12,13,14,15,16,17,18,19,20,21,22,23,24,25,26,27,28,29,30,31,32,33,34,35,99
2018-12-02 19:42:48,414 check_required_field.py[line:99] INFO 检查[服务方式]
2018-12-02 19:42:48,414 check_required_field.py[line:105] INFO 服务方式 is 2, type is radio, value_range is 1,2
2018-12-02 19:42:48,414 check_required_field.py[line:99] INFO 检查[服务依据]
2018-12-02 19:42:48,414 check_required_field.py[line:105] INFO 服务依据 is 《中华人民共和国气象法》
第二十二条第二款　各级气象主管机构所属的气象台站应当按照职责向社会发布公众气象预报和灾害性天气警报，并根据天气变化情况及时补充或者订正。其他任何组织或者个人不得向社会发布公众气象预报和灾害性天气警报。
《气象灾害预警信号发布与传播办法》
第八条　各级气象主管机构所属的气象台站应当及时发布预警信号，并根据天气变化情况，及时更新或者解除预警信号，同时通报本级人民政府及有关部门、防灾减灾机构。
当同时出现或者预报可能出现多种气象灾害时，可以按照相对应的标准同时发布多种预警信号。, type is text, value_range is 
2018-12-02 19:42:48,414 check_required_field.py[line:45] INFO the post url is http://221.226.253.51:5065/onlineGovQl/PubServiceYwController.do?findQlyw=true&start=aoData["iDisplayStart"]
2018-12-02 19:42:48,415 check_required_field.py[line:46] INFO the post params is {u'sSortDir': u'', u'idt': u'43605e046df1428fb63c6d76f2ee4d97', u'sEcho': u'1', u'limit': u'-1', u'iSortCol': u'', u'pageStart': u'1'}
2018-12-02 19:42:48,415 check_required_field.py[line:47] INFO the cookies is <RequestsCookieJar[<Cookie JSESSIONID_WORKSPACE=3wNur8XtZdNKsSOSvt1RaFjywtuF_m2bqS2MbmzeqPqG3HqtYwYv!962196520!1543750272493 for 221.226.253.51/>]>
2018-12-02 19:42:48,798 check_required_field.py[line:45] INFO the post url is http://221.226.253.51:5065/onlineGovQl/PubServiceYwController.do?findServiseData=true
2018-12-02 19:42:48,798 check_required_field.py[line:46] INFO the post params is {u'showTable': u'XK', u'idt': u'40a3c554d0974316aafb34159370568c', u'idtlog': u'd591e111ace14be59e5e3a0dca016e2d'}
2018-12-02 19:42:48,799 check_required_field.py[line:47] INFO the cookies is <RequestsCookieJar[<Cookie JSESSIONID_WORKSPACE=3wNur8XtZdNKsSOSvt1RaFjywtuF_m2bqS2MbmzeqPqG3HqtYwYv!962196520!1543750272493 for 221.226.253.51/>]>
2018-12-02 19:42:50,358 check_required_field.py[line:616] INFO 检查业务信息[公众气象预报和灾害性天气警报]
2018-12-02 19:42:50,358 check_required_field.py[line:99] INFO 检查[办理地点]
2018-12-02 19:42:50,359 check_required_field.py[line:105] INFO 办理地点 is 丹阳市开发区普善社区前杨村西, type is text, value_range is 
2018-12-02 19:42:50,359 check_required_field.py[line:99] INFO 检查[工作时间]
2018-12-02 19:42:50,359 check_required_field.py[line:105] INFO 工作时间 is 周一至周五夏季：上午8:30-11:30，下午15:00-18:00；冬季：上午8:30-11:30，下午14:00-17:00。, type is text, value_range is 
2018-12-02 19:42:50,361 check_required_field.py[line:99] INFO 检查[经办机构（处室）]
2018-12-02 19:42:50,361 check_required_field.py[line:105] INFO 经办机构（处室） is 丹阳市气象台, type is text, value_range is 
2018-12-02 19:42:50,361 check_required_field.py[line:99] INFO 检查[数量限制]
2018-12-02 19:42:50,361 check_required_field.py[line:105] INFO 数量限制 is 1, type is radio, value_range is 1,2
2018-12-02 19:42:50,361 check_required_field.py[line:99] INFO 检查[服务对象]
2018-12-02 19:42:50,361 check_required_field.py[line:105] INFO 服务对象 is 1,2,3, type is checkbox, value_range is 1,2,3
2018-12-02 19:42:50,362 check_required_field.py[line:99] INFO 检查[业务名称]
2018-12-02 19:42:50,362 check_required_field.py[line:105] INFO 业务名称 is 公众气象预报和灾害性天气警报, type is text, value_range is 
2018-12-02 19:42:50,362 check_required_field.py[line:99] INFO 检查[承办机构]
2018-12-02 19:42:50,364 check_required_field.py[line:105] INFO 承办机构 is 丹阳市气象局, type is text, value_range is 
2018-12-02 19:42:50,364 check_required_field.py[line:99] INFO 检查[监督投诉方式]
2018-12-02 19:42:50,364 check_required_field.py[line:105] INFO 监督投诉方式 is 051186522018, type is text, value_range is 
2018-12-02 19:42:50,364 check_required_field.py[line:99] INFO 检查[咨询方式]
2018-12-02 19:42:50,365 check_required_field.py[line:105] INFO 咨询方式 is 051186534290, type is text, value_range is 
2018-12-02 19:42:50,365 check_required_field.py[line:45] INFO the post url is http://221.226.253.51:5065/onlineGovQl/PubServiceYwController.do?findQlMain=true
2018-12-02 19:42:50,365 check_required_field.py[line:46] INFO the post params is {u'idt': u'7cec3f8afd1a45fba1e7324c8ad3e6ce'}
2018-12-02 19:42:50,365 check_required_field.py[line:47] INFO the cookies is <RequestsCookieJar[<Cookie JSESSIONID_WORKSPACE=3wNur8XtZdNKsSOSvt1RaFjywtuF_m2bqS2MbmzeqPqG3HqtYwYv!962196520!1543750272493 for 221.226.253.51/>]>
2018-12-02 19:42:50,789 check_required_field.py[line:564] INFO 检查服务名称[专业气象服务]
2018-12-02 19:42:50,792 check_required_field.py[line:99] INFO 检查[服务内容]
2018-12-02 19:42:50,793 check_required_field.py[line:105] INFO 服务内容 is 通过气象网站向社会公众提供农业气象监测信息、气象为农服务产品、农业气象防灾减灾知识、农业气象灾害评估产品，为农民和涉农人员提供农业气象监测、预报、预警及评估信息。向农业管理部门、农技部门提供农业气象旬报、月报、年报等为农气象服务产品，开展作物关键发育期气象服务，作物产量气象预报，农业干旱监测预报，农业气象病虫害预测预报，农业气象灾害监测预警，生态质量气象评价，特色农业气象服务，农用天气预报，夏收夏种气象服务，秋收秋种气象服务。
开展大气污染气象条件等级预报、雾霾预警预报，与环保部门联合开展空气质量预报；开展森林火险气象预报服务，发布森林火险气象等级预报，通过广播、电视、报纸及网站、微信、微博发布相关监测预报信息。, type is text, value_range is 
2018-12-02 19:42:50,796 check_required_field.py[line:99] INFO 检查[服务领域]
2018-12-02 19:42:50,798 check_required_field.py[line:105] INFO 服务领域 is 5, type is radio, value_range is 1,2,3,4,5,6,7,8,9,10,11,12,13,14,15,16,17,18,19,20,21,22,23,24,25,26,27,28,29,30,31,32,33,34,35,99
2018-12-02 19:42:50,799 check_required_field.py[line:99] INFO 检查[服务方式]
2018-12-02 19:42:50,802 check_required_field.py[line:105] INFO 服务方式 is 2, type is radio, value_range is 1,2
2018-12-02 19:42:50,803 check_required_field.py[line:99] INFO 检查[服务依据]
2018-12-02 19:42:50,805 check_required_field.py[line:105] INFO 服务依据 is 《中华人民共和国气象法》
第二十三条  各级气象主管机构所属的气象台站应当根据需要，发布农业气象预报、城市环境气象预报、火险气象等级预报等专业气象预报，并配合军事气象部门进行国防建设所需的气象服务工作。, type is text, value_range is 
2018-12-02 19:42:50,806 check_required_field.py[line:45] INFO the post url is http://221.226.253.51:5065/onlineGovQl/PubServiceYwController.do?findQlyw=true&start=aoData["iDisplayStart"]
2018-12-02 19:42:50,806 check_required_field.py[line:46] INFO the post params is {u'sSortDir': u'', u'idt': u'7cec3f8afd1a45fba1e7324c8ad3e6ce', u'sEcho': u'1', u'limit': u'-1', u'iSortCol': u'', u'pageStart': u'1'}
2018-12-02 19:42:50,808 check_required_field.py[line:47] INFO the cookies is <RequestsCookieJar[<Cookie JSESSIONID_WORKSPACE=3wNur8XtZdNKsSOSvt1RaFjywtuF_m2bqS2MbmzeqPqG3HqtYwYv!962196520!1543750272493 for 221.226.253.51/>]>
2018-12-02 19:42:51,243 check_required_field.py[line:45] INFO the post url is http://221.226.253.51:5065/onlineGovQl/PubServiceYwController.do?findServiseData=true
2018-12-02 19:42:51,243 check_required_field.py[line:46] INFO the post params is {u'showTable': u'XK', u'idt': u'fbb4dfa78b344927a115ec95a183209e', u'idtlog': u'f5e33cc6364a42f3883479fef3edcbf6'}
2018-12-02 19:42:51,243 check_required_field.py[line:47] INFO the cookies is <RequestsCookieJar[<Cookie JSESSIONID_WORKSPACE=3wNur8XtZdNKsSOSvt1RaFjywtuF_m2bqS2MbmzeqPqG3HqtYwYv!962196520!1543750272493 for 221.226.253.51/>]>
2018-12-02 19:42:52,690 check_required_field.py[line:616] INFO 检查业务信息[专业气象服务]
2018-12-02 19:42:52,690 check_required_field.py[line:99] INFO 检查[办理地点]
2018-12-02 19:42:52,690 check_required_field.py[line:105] INFO 办理地点 is 丹阳市开发区普善社区前杨村西, type is text, value_range is 
2018-12-02 19:42:52,691 check_required_field.py[line:99] INFO 检查[工作时间]
2018-12-02 19:42:52,691 check_required_field.py[line:105] INFO 工作时间 is 周一到周五夏季：上午8:30-11:30，下午15:00-18:00；冬季：上午8:30-11:30，下午14:00-17:00。, type is text, value_range is 
2018-12-02 19:42:52,691 check_required_field.py[line:99] INFO 检查[经办机构（处室）]
2018-12-02 19:42:52,693 check_required_field.py[line:105] INFO 经办机构（处室） is 丹阳市气象台, type is text, value_range is 
2018-12-02 19:42:52,693 check_required_field.py[line:99] INFO 检查[数量限制]
2018-12-02 19:42:52,693 check_required_field.py[line:105] INFO 数量限制 is 1, type is radio, value_range is 1,2
2018-12-02 19:42:52,694 check_required_field.py[line:99] INFO 检查[服务对象]
2018-12-02 19:42:52,694 check_required_field.py[line:105] INFO 服务对象 is 1,2,3, type is checkbox, value_range is 1,2,3
2018-12-02 19:42:52,694 check_required_field.py[line:99] INFO 检查[业务名称]
2018-12-02 19:42:52,694 check_required_field.py[line:105] INFO 业务名称 is 专业气象服务, type is text, value_range is 
2018-12-02 19:42:52,694 check_required_field.py[line:99] INFO 检查[承办机构]
2018-12-02 19:42:52,696 check_required_field.py[line:105] INFO 承办机构 is 丹阳市气象局, type is text, value_range is 
2018-12-02 19:42:52,696 check_required_field.py[line:99] INFO 检查[监督投诉方式]
2018-12-02 19:42:52,696 check_required_field.py[line:105] INFO 监督投诉方式 is 051186522018, type is text, value_range is 
2018-12-02 19:42:52,696 check_required_field.py[line:99] INFO 检查[咨询方式]
2018-12-02 19:42:52,697 check_required_field.py[line:105] INFO 咨询方式 is 051186534290, type is text, value_range is 
2018-12-02 19:42:52,697 check_required_field.py[line:45] INFO the post url is http://221.226.253.51:5065/onlineGovQl/PubServiceYwController.do?findQlMain=true
2018-12-02 19:42:52,697 check_required_field.py[line:46] INFO the post params is {u'idt': u'9d1b1bbc57494417b64a3bb85d13332e'}
2018-12-02 19:42:52,697 check_required_field.py[line:47] INFO the cookies is <RequestsCookieJar[<Cookie JSESSIONID_WORKSPACE=3wNur8XtZdNKsSOSvt1RaFjywtuF_m2bqS2MbmzeqPqG3HqtYwYv!962196520!1543750272493 for 221.226.253.51/>]>
2018-12-02 19:42:53,017 check_required_field.py[line:564] INFO 检查服务名称[气象科普服务]
2018-12-02 19:42:53,017 check_required_field.py[line:99] INFO 检查[服务内容]
2018-12-02 19:42:53,017 check_required_field.py[line:105] INFO 服务内容 is “3·23”世界气象日、“5·12”防灾减灾日、“12﹒4”宪法日气象防灾减灾知识、天气气候常识、应对气候变化宣传等。, type is text, value_range is 
2018-12-02 19:42:53,019 check_required_field.py[line:99] INFO 检查[服务领域]
2018-12-02 19:42:53,019 check_required_field.py[line:105] INFO 服务领域 is 5, type is radio, value_range is 1,2,3,4,5,6,7,8,9,10,11,12,13,14,15,16,17,18,19,20,21,22,23,24,25,26,27,28,29,30,31,32,33,34,35,99
2018-12-02 19:42:53,019 check_required_field.py[line:99] INFO 检查[服务方式]
2018-12-02 19:42:53,019 check_required_field.py[line:105] INFO 服务方式 is 2, type is radio, value_range is 1,2
2018-12-02 19:42:53,019 check_required_field.py[line:99] INFO 检查[服务依据]
2018-12-02 19:42:53,020 check_required_field.py[line:105] INFO 服务依据 is 《中华人民共和国气象法》
第七条  国家鼓励和支持气象科学技术研究、气象科学知识普及，培养气象人才，推广先进的气象科学技术，保护气象科技成果，加强国际气象合作与交流，发展气象信息产业，提高气象工作水平。, type is text, value_range is 
2018-12-02 19:42:53,020 check_required_field.py[line:45] INFO the post url is http://221.226.253.51:5065/onlineGovQl/PubServiceYwController.do?findQlyw=true&start=aoData["iDisplayStart"]
2018-12-02 19:42:53,020 check_required_field.py[line:46] INFO the post params is {u'sSortDir': u'', u'idt': u'9d1b1bbc57494417b64a3bb85d13332e', u'sEcho': u'1', u'limit': u'-1', u'iSortCol': u'', u'pageStart': u'1'}
2018-12-02 19:42:53,020 check_required_field.py[line:47] INFO the cookies is <RequestsCookieJar[<Cookie JSESSIONID_WORKSPACE=3wNur8XtZdNKsSOSvt1RaFjywtuF_m2bqS2MbmzeqPqG3HqtYwYv!962196520!1543750272493 for 221.226.253.51/>]>
2018-12-02 19:42:53,368 check_required_field.py[line:45] INFO the post url is http://221.226.253.51:5065/onlineGovQl/PubServiceYwController.do?findServiseData=true
2018-12-02 19:42:53,371 check_required_field.py[line:46] INFO the post params is {u'showTable': u'XK', u'idt': u'f94b8fafc5b84b309d0fc6a3362938bd', u'idtlog': u'3bfbe1db722442e882b8b2f1ce3d5f57'}
2018-12-02 19:42:53,371 check_required_field.py[line:47] INFO the cookies is <RequestsCookieJar[<Cookie JSESSIONID_WORKSPACE=3wNur8XtZdNKsSOSvt1RaFjywtuF_m2bqS2MbmzeqPqG3HqtYwYv!962196520!1543750272493 for 221.226.253.51/>]>
2018-12-02 19:42:55,040 check_required_field.py[line:616] INFO 检查业务信息[气象科普服务]
2018-12-02 19:42:55,042 check_required_field.py[line:99] INFO 检查[办理地点]
2018-12-02 19:42:55,042 check_required_field.py[line:105] INFO 办理地点 is 丹阳市开发区普善社区前杨村西, type is text, value_range is 
2018-12-02 19:42:55,043 check_required_field.py[line:99] INFO 检查[工作时间]
2018-12-02 19:42:55,043 check_required_field.py[line:105] INFO 工作时间 is 周一到周五夏季：上午8:30-11:30，下午15:00-18:00；冬季：上午8:30-11:30，下午14:00-17:00。, type is text, value_range is 
2018-12-02 19:42:55,043 check_required_field.py[line:99] INFO 检查[经办机构（处室）]
2018-12-02 19:42:55,045 check_required_field.py[line:105] INFO 经办机构（处室） is 丹阳市气象台, type is text, value_range is 
2018-12-02 19:42:55,045 check_required_field.py[line:99] INFO 检查[数量限制]
2018-12-02 19:42:55,046 check_required_field.py[line:105] INFO 数量限制 is 1, type is radio, value_range is 1,2
2018-12-02 19:42:55,046 check_required_field.py[line:99] INFO 检查[服务对象]
2018-12-02 19:42:55,046 check_required_field.py[line:105] INFO 服务对象 is 1,2,3, type is checkbox, value_range is 1,2,3
2018-12-02 19:42:55,046 check_required_field.py[line:99] INFO 检查[业务名称]
2018-12-02 19:42:55,046 check_required_field.py[line:105] INFO 业务名称 is 气象科普服务, type is text, value_range is 
2018-12-02 19:42:55,046 check_required_field.py[line:99] INFO 检查[承办机构]
2018-12-02 19:42:55,046 check_required_field.py[line:105] INFO 承办机构 is 丹阳市气象局, type is text, value_range is 
2018-12-02 19:42:55,048 check_required_field.py[line:99] INFO 检查[监督投诉方式]
2018-12-02 19:42:55,049 check_required_field.py[line:105] INFO 监督投诉方式 is 051186522018, type is text, value_range is 
2018-12-02 19:42:55,049 check_required_field.py[line:99] INFO 检查[咨询方式]
2018-12-02 19:42:55,049 check_required_field.py[line:105] INFO 咨询方式 is 051186534290, type is text, value_range is 
2018-12-02 19:42:55,049 check_required_field.py[line:643] INFO []
2018-12-02 19:42:55,049 check_required_field.py[line:63] INFO the get url is http://221.226.253.51:5065/onlineGovQl/j_spring_security_logout
2018-12-02 19:42:55,051 check_required_field.py[line:64] INFO the cookies is <RequestsCookieJar[<Cookie JSESSIONID_WORKSPACE=3wNur8XtZdNKsSOSvt1RaFjywtuF_m2bqS2MbmzeqPqG3HqtYwYv!962196520!1543750272493 for 221.226.253.51/>]>
