2018-12-02 16:30:20,163 check_required_field.py[line:647] INFO start to check username ZJDY1008_LR
2018-12-02 16:30:20,163 check_required_field.py[line:45] INFO the post url is http://221.226.253.51:5065/onlineGovQl/j_spring_security_check
2018-12-02 16:30:20,164 check_required_field.py[line:46] INFO the post params is {u'jsu': u'ZJDY1008_LR', u'jsp': 'e10adc3949ba59abbe56e057f20f883e', u'jOrgNo': u''}
2018-12-02 16:30:20,164 check_required_field.py[line:47] INFO the cookies is <RequestsCookieJar[]>
2018-12-02 16:30:21,548 check_required_field.py[line:45] INFO the post url is http://221.226.253.51:5065/onlineGovQl/UserController.do?findAdmin=true
2018-12-02 16:30:21,548 check_required_field.py[line:46] INFO the post params is {}
2018-12-02 16:30:21,548 check_required_field.py[line:47] INFO the cookies is <RequestsCookieJar[<Cookie JSESSIONID_WORKSPACE=9XNt_6hA7cRvaqgbbOSBZD8x_hHae4u407LRmhwZ5i97B3ZQNl1b!962196520!1543738730560 for 221.226.253.51/>]>
2018-12-02 16:30:21,746 check_required_field.py[line:45] INFO the post url is http://221.226.253.51:5065/onlineGovQl/PubServiceYwController.do?findQlywMain=true
2018-12-02 16:30:21,747 check_required_field.py[line:46] INFO the post params is {u'B[YW_OPERATE][id]': u'', u'B[YW_OPERATE][text]': u'', u'B[YE_NAME]': u'', u'B[DEPT_YW_NUM]': u'', u'G_FW_RANGE[id]': u'', u'QL_DEPT[id]': u'ZJDY1008', u'B[YE_FILENUM]': u'', u'G_FW_MODE[text]': u'', u'IF_AUDIT_TRANSFER[text]': u'\u5168\u90e8', u'QL_CODE': u'', u'QL_NAME': u'', u'G_FW_RANGE[text]': u'', u'NUM': u'', u'limit': u'-1', u'IF_AUDIT_TRANSFER[id]': u'all', u'QL_SHORT_NAME': u'', u'QL_DEPT[text]': u'\u4e39\u9633\u5e02\u5e02\u573a\u76d1\u7763\u7ba1\u7406\u5c40', u'pageStart': u'1', u'QL_REG_NO': u'', u'B[TRANSACT_DEP]': u'', u'G_FW_MODE[id]': u''}
2018-12-02 16:30:21,750 check_required_field.py[line:47] INFO the cookies is <RequestsCookieJar[<Cookie JSESSIONID_WORKSPACE=9XNt_6hA7cRvaqgbbOSBZD8x_hHae4u407LRmhwZ5i97B3ZQNl1b!962196520!1543738730560 for 221.226.253.51/>]>
2018-12-02 16:30:23,936 check_required_field.py[line:45] INFO the post url is http://221.226.253.51:5065/onlineGovQl/PubServiceYwController.do?findQlMain=true
2018-12-02 16:30:23,936 check_required_field.py[line:46] INFO the post params is {u'idt': u'a2b5f081dec847e7b398be584e48c22c'}
2018-12-02 16:30:23,936 check_required_field.py[line:47] INFO the cookies is <RequestsCookieJar[<Cookie JSESSIONID_WORKSPACE=9XNt_6hA7cRvaqgbbOSBZD8x_hHae4u407LRmhwZ5i97B3ZQNl1b!962196520!1543738730560 for 221.226.253.51/>]>
2018-12-02 16:30:24,108 check_required_field.py[line:564] INFO 检查服务名称[食品安全宣传周]
2018-12-02 16:30:24,109 check_required_field.py[line:99] INFO 检查[服务内容]
2018-12-02 16:30:24,111 check_required_field.py[line:105] INFO 服务内容 is 每年开展，通过多种形式、角度和途径，开展形式多样、内容丰富的食品安全主题宣传活动，广泛普及食品安全法律法规和科普知识，提高公众食品安全科学素养, type is text, value_range is 
2018-12-02 16:30:24,112 check_required_field.py[line:99] INFO 检查[服务领域]
2018-12-02 16:30:24,115 check_required_field.py[line:105] INFO 服务领域 is 6, type is radio, value_range is 1,2,3,4,5,6,7,8,9,10,11,12,13,14,15,16,17,18,19,20,21,22,23,24,25,26,27,28,29,30,31,32,33,34,35,99
2018-12-02 16:30:24,115 check_required_field.py[line:99] INFO 检查[服务方式]
2018-12-02 16:30:24,115 check_required_field.py[line:105] INFO 服务方式 is 2, type is radio, value_range is 1,2
2018-12-02 16:30:24,115 check_required_field.py[line:99] INFO 检查[服务依据]
2018-12-02 16:30:24,117 check_required_field.py[line:105] INFO 服务依据 is 1.《省政府办公厅关于印发江苏省“十三五”食品药品安全规划的通知》（苏政办发〔2017〕87号）
三、主要任务（十）完善食品药品安全社会共治格局。6．强化舆论监督和社会监督。完善媒体、专家等各有关方面共同参与食品药品安全治理的有效机制，加强正面舆论引导和突发事件舆情应对。建设省、市、县食品安全舆情监测网络，到“十三五”末，舆情监测网络覆盖率达到100%。实施立体化科普宣传计划，广泛开展面向公众和全社会的食品药品安全宣传教育，促进公众提高食品药品安全意识和防范能力。组织开展“食品安全宣传周”“放心农资下乡进村”“安全用药月”等主题宣传活动，广泛传播食品药品安全法律法规和科普知识，引导社会各界和人民群众积极支持、参与食品药品安全工作。
2. 《国务院食品安全办等19部门关于开展2017年全国食品安全宣传周活动的通知》（食安办〔2017〕10号）
（备注：根据国务院食安办年度工作文件部署开展工作）, type is text, value_range is 
2018-12-02 16:30:24,117 check_required_field.py[line:45] INFO the post url is http://221.226.253.51:5065/onlineGovQl/PubServiceYwController.do?findQlyw=true&start=aoData["iDisplayStart"]
2018-12-02 16:30:24,117 check_required_field.py[line:46] INFO the post params is {u'sSortDir': u'', u'idt': u'a2b5f081dec847e7b398be584e48c22c', u'sEcho': u'1', u'limit': u'-1', u'iSortCol': u'', u'pageStart': u'1'}
2018-12-02 16:30:24,118 check_required_field.py[line:47] INFO the cookies is <RequestsCookieJar[<Cookie JSESSIONID_WORKSPACE=9XNt_6hA7cRvaqgbbOSBZD8x_hHae4u407LRmhwZ5i97B3ZQNl1b!962196520!1543738730560 for 221.226.253.51/>]>
2018-12-02 16:30:24,342 check_required_field.py[line:45] INFO the post url is http://221.226.253.51:5065/onlineGovQl/PubServiceYwController.do?findServiseData=true
2018-12-02 16:30:24,342 check_required_field.py[line:46] INFO the post params is {u'showTable': u'XK', u'idt': u'1d872453226d489b99f3a89b133eccc2', u'idtlog': u'344d6394764f40f1aa0263087328643e'}
2018-12-02 16:30:24,342 check_required_field.py[line:47] INFO the cookies is <RequestsCookieJar[<Cookie JSESSIONID_WORKSPACE=9XNt_6hA7cRvaqgbbOSBZD8x_hHae4u407LRmhwZ5i97B3ZQNl1b!962196520!1543738730560 for 221.226.253.51/>]>
2018-12-02 16:30:25,249 check_required_field.py[line:616] INFO 检查业务信息[食品安全宣传周]
2018-12-02 16:30:25,249 check_required_field.py[line:99] INFO 检查[办理地点]
2018-12-02 16:30:25,250 check_required_field.py[line:105] INFO 办理地点 is 丹阳市开发区齐梁路万通大厦对面, type is text, value_range is 
2018-12-02 16:30:25,250 check_required_field.py[line:99] INFO 检查[工作时间]
2018-12-02 16:30:25,250 check_required_field.py[line:105] INFO 工作时间 is 夏季：上午8:30-11:30，下午13:30-17:00；冬季：上午8:30-11:00，下午13:00-17:00。, type is text, value_range is 
2018-12-02 16:30:25,250 check_required_field.py[line:99] INFO 检查[经办机构（处室）]
2018-12-02 16:30:25,250 check_required_field.py[line:105] INFO 经办机构（处室） is 丹阳市市场监督管理局食品科, type is text, value_range is 
2018-12-02 16:30:25,250 check_required_field.py[line:99] INFO 检查[数量限制]
2018-12-02 16:30:25,250 check_required_field.py[line:105] INFO 数量限制 is 1, type is radio, value_range is 1,2
2018-12-02 16:30:25,250 check_required_field.py[line:99] INFO 检查[服务对象]
2018-12-02 16:30:25,250 check_required_field.py[line:105] INFO 服务对象 is 1, type is checkbox, value_range is 1,2,3
2018-12-02 16:30:25,250 check_required_field.py[line:99] INFO 检查[业务名称]
2018-12-02 16:30:25,250 check_required_field.py[line:105] INFO 业务名称 is 食品安全宣传周, type is text, value_range is 
2018-12-02 16:30:25,250 check_required_field.py[line:99] INFO 检查[承办机构]
2018-12-02 16:30:25,250 check_required_field.py[line:105] INFO 承办机构 is 丹阳市市场监督管理局, type is text, value_range is 
2018-12-02 16:30:25,250 check_required_field.py[line:99] INFO 检查[监督投诉方式]
2018-12-02 16:30:25,250 check_required_field.py[line:105] INFO 监督投诉方式 is 丹阳市市场监督管理局投诉举报12331、12315, type is text, value_range is 
2018-12-02 16:30:25,250 check_required_field.py[line:99] INFO 检查[咨询方式]
2018-12-02 16:30:25,250 check_required_field.py[line:105] INFO 咨询方式 is 电话0511-86986012, type is text, value_range is 
2018-12-02 16:30:25,252 check_required_field.py[line:45] INFO the post url is http://221.226.253.51:5065/onlineGovQl/PubServiceYwController.do?findQlMain=true
2018-12-02 16:30:25,252 check_required_field.py[line:46] INFO the post params is {u'idt': u'8ad1e0f339654680b70d4354f02e1a79'}
2018-12-02 16:30:25,252 check_required_field.py[line:47] INFO the cookies is <RequestsCookieJar[<Cookie JSESSIONID_WORKSPACE=9XNt_6hA7cRvaqgbbOSBZD8x_hHae4u407LRmhwZ5i97B3ZQNl1b!962196520!1543738730560 for 221.226.253.51/>]>
2018-12-02 16:30:25,417 check_required_field.py[line:564] INFO 检查服务名称[安全用药月]
2018-12-02 16:30:25,417 check_required_field.py[line:99] INFO 检查[服务内容]
2018-12-02 16:30:25,417 check_required_field.py[line:105] INFO 服务内容 is 宣传安全用药理念和实用知识；宣传儿童、老年人等特殊群体安全用药知识，形成有效的科普干预；宣传监管工作，增进公众对药品安全监管工作的认知和理解。, type is text, value_range is 
2018-12-02 16:30:25,417 check_required_field.py[line:99] INFO 检查[服务领域]
2018-12-02 16:30:25,417 check_required_field.py[line:105] INFO 服务领域 is 6, type is radio, value_range is 1,2,3,4,5,6,7,8,9,10,11,12,13,14,15,16,17,18,19,20,21,22,23,24,25,26,27,28,29,30,31,32,33,34,35,99
2018-12-02 16:30:25,417 check_required_field.py[line:99] INFO 检查[服务方式]
2018-12-02 16:30:25,417 check_required_field.py[line:105] INFO 服务方式 is 2, type is radio, value_range is 1,2
2018-12-02 16:30:25,417 check_required_field.py[line:99] INFO 检查[服务依据]
2018-12-02 16:30:25,417 check_required_field.py[line:105] INFO 服务依据 is 1.《省政府办公厅关于印发江苏省“十三五”食品药品安全规划的通知》（苏政办发〔2017〕87号）
三、主要任务（十）完善食品药品安全社会共治格局。6．强化舆论监督和社会监督。完善媒体、专家等各有关方面共同参与食品药品安全治理的有效机制，加强正面舆论引导和突发事件舆情应对。建设省、市、县食品安全舆情监测网络，到“十三五”末，舆情监测网络覆盖率达到100%。实施立体化科普宣传计划，广泛开展面向公众和全社会的食品药品安全宣传教育，促进公众提高食品药品安全意识和防范能力。组织开展“食品安全宣传周”“放心农资下乡进村”“安全用药月”等主题宣传活动，广泛传播食品药品安全法律法规和科普知识，引导社会各界和人民群众积极支持、参与食品药品安全工作。
2.《国家食品药品监管总局关于开展全国安全用药月活动的通知》（食药监宣〔2017〕79号）
（备注：根据总局年度工作文件部署开展工作）, type is text, value_range is 
2018-12-02 16:30:25,418 check_required_field.py[line:45] INFO the post url is http://221.226.253.51:5065/onlineGovQl/PubServiceYwController.do?findQlyw=true&start=aoData["iDisplayStart"]
2018-12-02 16:30:25,418 check_required_field.py[line:46] INFO the post params is {u'sSortDir': u'', u'idt': u'8ad1e0f339654680b70d4354f02e1a79', u'sEcho': u'1', u'limit': u'-1', u'iSortCol': u'', u'pageStart': u'1'}
2018-12-02 16:30:25,418 check_required_field.py[line:47] INFO the cookies is <RequestsCookieJar[<Cookie JSESSIONID_WORKSPACE=9XNt_6hA7cRvaqgbbOSBZD8x_hHae4u407LRmhwZ5i97B3ZQNl1b!962196520!1543738730560 for 221.226.253.51/>]>
2018-12-02 16:30:25,605 check_required_field.py[line:45] INFO the post url is http://221.226.253.51:5065/onlineGovQl/PubServiceYwController.do?findServiseData=true
2018-12-02 16:30:25,605 check_required_field.py[line:46] INFO the post params is {u'showTable': u'XK', u'idt': u'60f9e99938a1486da98cf556c9214e27', u'idtlog': u'5dd3cd78c1bb48b88d0cd0c14aea79c7'}
2018-12-02 16:30:25,607 check_required_field.py[line:47] INFO the cookies is <RequestsCookieJar[<Cookie JSESSIONID_WORKSPACE=9XNt_6hA7cRvaqgbbOSBZD8x_hHae4u407LRmhwZ5i97B3ZQNl1b!962196520!1543738730560 for 221.226.253.51/>]>
2018-12-02 16:30:26,568 check_required_field.py[line:616] INFO 检查业务信息[安全用药月]
2018-12-02 16:30:26,569 check_required_field.py[line:99] INFO 检查[办理地点]
2018-12-02 16:30:26,569 check_required_field.py[line:105] INFO 办理地点 is 丹阳市齐梁路万通大厦对面, type is text, value_range is 
2018-12-02 16:30:26,569 check_required_field.py[line:99] INFO 检查[工作时间]
2018-12-02 16:30:26,572 check_required_field.py[line:105] INFO 工作时间 is 夏季：上午8:30-11:30，下午13:30-17:00；冬季：上午8:30-11:00，下午13:00-17:00。, type is text, value_range is 
2018-12-02 16:30:26,575 check_required_field.py[line:99] INFO 检查[经办机构（处室）]
2018-12-02 16:30:26,578 check_required_field.py[line:105] INFO 经办机构（处室） is 丹阳市市场监督管理局药品科, type is text, value_range is 
2018-12-02 16:30:26,578 check_required_field.py[line:99] INFO 检查[数量限制]
2018-12-02 16:30:26,582 check_required_field.py[line:105] INFO 数量限制 is 1, type is radio, value_range is 1,2
2018-12-02 16:30:26,584 check_required_field.py[line:99] INFO 检查[服务对象]
2018-12-02 16:30:26,585 check_required_field.py[line:105] INFO 服务对象 is 1, type is checkbox, value_range is 1,2,3
2018-12-02 16:30:26,588 check_required_field.py[line:99] INFO 检查[业务名称]
2018-12-02 16:30:26,589 check_required_field.py[line:105] INFO 业务名称 is 安全用药月, type is text, value_range is 
2018-12-02 16:30:26,592 check_required_field.py[line:99] INFO 检查[承办机构]
2018-12-02 16:30:26,592 check_required_field.py[line:105] INFO 承办机构 is 丹阳市市场监督管理局, type is text, value_range is 
2018-12-02 16:30:26,595 check_required_field.py[line:99] INFO 检查[监督投诉方式]
2018-12-02 16:30:26,595 check_required_field.py[line:105] INFO 监督投诉方式 is 丹阳市市场监督管理局投诉举报12331、12315, type is text, value_range is 
2018-12-02 16:30:26,596 check_required_field.py[line:99] INFO 检查[咨询方式]
2018-12-02 16:30:26,598 check_required_field.py[line:105] INFO 咨询方式 is 电话0511-86500286, type is text, value_range is 
2018-12-02 16:30:26,601 check_required_field.py[line:45] INFO the post url is http://221.226.253.51:5065/onlineGovQl/PubServiceYwController.do?findQlMain=true
2018-12-02 16:30:26,601 check_required_field.py[line:46] INFO the post params is {u'idt': u'38cc2f91fdd2481fa4822149655e0631'}
2018-12-02 16:30:26,602 check_required_field.py[line:47] INFO the cookies is <RequestsCookieJar[<Cookie JSESSIONID_WORKSPACE=9XNt_6hA7cRvaqgbbOSBZD8x_hHae4u407LRmhwZ5i97B3ZQNl1b!962196520!1543738730560 for 221.226.253.51/>]>
2018-12-02 16:30:26,812 check_required_field.py[line:564] INFO 检查服务名称[食品药品投诉举报处置]
2018-12-02 16:30:26,812 check_required_field.py[line:99] INFO 检查[服务内容]
2018-12-02 16:30:26,812 check_required_field.py[line:105] INFO 服务内容 is 根据职能，处理公众有关食品药品投诉举报事项。, type is text, value_range is 
2018-12-02 16:30:26,812 check_required_field.py[line:99] INFO 检查[服务领域]
2018-12-02 16:30:26,813 check_required_field.py[line:105] INFO 服务领域 is 6, type is radio, value_range is 1,2,3,4,5,6,7,8,9,10,11,12,13,14,15,16,17,18,19,20,21,22,23,24,25,26,27,28,29,30,31,32,33,34,35,99
2018-12-02 16:30:26,813 check_required_field.py[line:99] INFO 检查[服务方式]
2018-12-02 16:30:26,813 check_required_field.py[line:105] INFO 服务方式 is 1, type is radio, value_range is 1,2
2018-12-02 16:30:26,815 check_required_field.py[line:99] INFO 检查[服务依据]
2018-12-02 16:30:26,815 check_required_field.py[line:105] INFO 服务依据 is 1.《中华人员共和国食品安全法》第一百一十五条  县级以上人民政府食品药品监督管理、质量监督等部门应当公布本部门的电子邮件地址或者电话，接受咨询、投诉、举报。接到咨询、投诉、举报，对属于本部门职责的，应当受理并在法定期限内及时答复、核实、处理；对不属于本部门职责的，应当移交有权处理的部门并书面通知咨询、投诉、举报人。有权处理的部门应当在法定期限内及时处理，不得推诿。对查证属实的举报，给予举报人奖励。
2.《食品药品投诉举报管理办法》(国家食品药品监督管理总局令 第21号) 第五条　地方各级食品药品监督管理部门主管本行政区域的食品药品投诉举报管理工作，主要履行下列职责：
（一）根据本办法制定本行政区域的食品药品投诉举报管理制度和政策并监督实施；
（二）调查处理本行政区域的食品药品投诉举报并发布相关信息；
（三）通报并向上级报告本行政区域的食品药品投诉举报管理工作情况；
（四）协调指导同级食品药品投诉举报机构的具体工作。
   3.江苏省机构编制委员会《关于对省食品药品监督管理局所属承担行政职能事业单位职能和机构编制调整事项的批复》二、机构调整（二）省食品药品监督管理局稽查局加挂省食品药品监督投诉举报中心牌子。  稽查局（省食品药品监督投诉举报中心）主要职责是：……负责食品药品安全投诉举报工作。, type is text, value_range is 
2018-12-02 16:30:26,815 check_required_field.py[line:45] INFO the post url is http://221.226.253.51:5065/onlineGovQl/PubServiceYwController.do?findQlyw=true&start=aoData["iDisplayStart"]
2018-12-02 16:30:26,815 check_required_field.py[line:46] INFO the post params is {u'sSortDir': u'', u'idt': u'38cc2f91fdd2481fa4822149655e0631', u'sEcho': u'1', u'limit': u'-1', u'iSortCol': u'', u'pageStart': u'1'}
2018-12-02 16:30:26,815 check_required_field.py[line:47] INFO the cookies is <RequestsCookieJar[<Cookie JSESSIONID_WORKSPACE=9XNt_6hA7cRvaqgbbOSBZD8x_hHae4u407LRmhwZ5i97B3ZQNl1b!962196520!1543738730560 for 221.226.253.51/>]>
2018-12-02 16:30:27,023 check_required_field.py[line:45] INFO the post url is http://221.226.253.51:5065/onlineGovQl/PubServiceYwController.do?findServiseData=true
2018-12-02 16:30:27,023 check_required_field.py[line:46] INFO the post params is {u'showTable': u'XK', u'idt': u'823a57cc3a7447e2bbe9cdbbe171399c', u'idtlog': u'2b528574a1cf4965b966276d615bb245'}
2018-12-02 16:30:27,023 check_required_field.py[line:47] INFO the cookies is <RequestsCookieJar[<Cookie JSESSIONID_WORKSPACE=9XNt_6hA7cRvaqgbbOSBZD8x_hHae4u407LRmhwZ5i97B3ZQNl1b!962196520!1543738730560 for 221.226.253.51/>]>
2018-12-02 16:30:28,220 check_required_field.py[line:616] INFO 检查业务信息[食品药品投诉举报处置]
2018-12-02 16:30:28,220 check_required_field.py[line:99] INFO 检查[办件类型]
2018-12-02 16:30:28,220 check_required_field.py[line:105] INFO 办件类型 is 即办件, type is radio, value_range is 承诺件,即办件
2018-12-02 16:30:28,220 check_required_field.py[line:99] INFO 检查[办理依据]
2018-12-02 16:30:28,220 check_required_field.py[line:105] INFO 办理依据 is 1.《中华人员共和国食品安全法》第一百一十五条  县级以上人民政府食品药品监督管理、质量监督等部门应当公布本部门的电子邮件地址或者电话，接受咨询、投诉、举报。接到咨询、投诉、举报，对属于本部门职责的，应当受理并在法定期限内及时答复、核实、处理；对不属于本部门职责的，应当移交有权处理的部门并书面通知咨询、投诉、举报人。有权处理的部门应当在法定期限内及时处理，不得推诿。对查证属实的举报，给予举报人奖励。
2.《食品药品投诉举报管理办法》(国家食品药品监督管理总局令 第21号) 第五条　地方各级食品药品监督管理部门主管本行政区域的食品药品投诉举报管理工作，主要履行下列职责：
（一）根据本办法制定本行政区域的食品药品投诉举报管理制度和政策并监督实施；
（二）调查处理本行政区域的食品药品投诉举报并发布相关信息；
（三）通报并向上级报告本行政区域的食品药品投诉举报管理工作情况；
（四）协调指导同级食品药品投诉举报机构的具体工作。
   3.江苏省机构编制委员会《关于对省食品药品监督管理局所属承担行政职能事业单位职能和机构编制调整事项的批复》二、机构调整（二）省食品药品监督管理局稽查局加挂省食品药品监督投诉举报中心牌子。  稽查局（省食品药品监督投诉举报中心）主要职责是：……负责食品药品安全投诉举报工作。, type is text, value_range is 
2018-12-02 16:30:28,220 check_required_field.py[line:99] INFO 检查[服务对象]
2018-12-02 16:30:28,220 check_required_field.py[line:105] INFO 服务对象 is 1,3, type is checkbox, value_range is 1,2,3
2018-12-02 16:30:28,220 check_required_field.py[line:99] INFO 检查[经办机构（处室）]
2018-12-02 16:30:28,220 check_required_field.py[line:105] INFO 经办机构（处室） is 丹阳市市场监督管理局, type is text, value_range is 
2018-12-02 16:30:28,220 check_required_field.py[line:99] INFO 检查[监督投诉方式]
2018-12-02 16:30:28,220 check_required_field.py[line:105] INFO 监督投诉方式 is 丹阳市市场监督管理局投诉举报12331、12315, type is text, value_range is 
2018-12-02 16:30:28,221 check_required_field.py[line:99] INFO 检查[办理地点]
2018-12-02 16:30:28,221 check_required_field.py[line:105] INFO 办理地点 is 丹阳市开发区齐梁路万通大厦对面, type is text, value_range is 
2018-12-02 16:30:28,221 check_required_field.py[line:99] INFO 检查[工作时间]
2018-12-02 16:30:28,221 check_required_field.py[line:105] INFO 工作时间 is 夏季：上午8:30-11:30，下午13:30-17:00；冬季：上午8:30-11:00，下午13:00-17:00。, type is text, value_range is 
2018-12-02 16:30:28,221 check_required_field.py[line:99] INFO 检查[数量限制]
2018-12-02 16:30:28,221 check_required_field.py[line:105] INFO 数量限制 is 1, type is radio, value_range is 1,2
2018-12-02 16:30:28,223 check_required_field.py[line:99] INFO 检查[是否收费]
2018-12-02 16:30:28,223 check_required_field.py[line:105] INFO 是否收费 is 0, type is radio, value_range is 0,1
2018-12-02 16:30:28,223 check_required_field.py[line:99] INFO 检查[咨询方式]
2018-12-02 16:30:28,223 check_required_field.py[line:105] INFO 咨询方式 is 电话0511-86515315, type is text, value_range is 
2018-12-02 16:30:28,223 check_required_field.py[line:99] INFO 检查[在线办理网址]
2018-12-02 16:30:28,223 check_required_field.py[line:105] INFO 在线办理网址 is 暂无, type is text, value_range is 
2018-12-02 16:30:28,223 check_required_field.py[line:99] INFO 检查[业务名称]
2018-12-02 16:30:28,223 check_required_field.py[line:105] INFO 业务名称 is 食品药品投诉举报处置, type is text, value_range is 
2018-12-02 16:30:28,223 check_required_field.py[line:99] INFO 检查[承办机构]
2018-12-02 16:30:28,223 check_required_field.py[line:105] INFO 承办机构 is 丹阳市市场监督管理局, type is text, value_range is 
2018-12-02 16:30:28,223 check_required_field.py[line:99] INFO 检查[材料是否必须]
2018-12-02 16:30:28,223 check_required_field.py[line:105] INFO 材料是否必须 is true, type is radio, value_range is true,false
2018-12-02 16:30:28,224 check_required_field.py[line:99] INFO 检查[是否需要电子版]
2018-12-02 16:30:28,224 check_required_field.py[line:105] INFO 是否需要电子版 is 0, type is radio, value_range is 0,1
2018-12-02 16:30:28,224 check_required_field.py[line:99] INFO 检查[材料名称]
2018-12-02 16:30:28,224 check_required_field.py[line:105] INFO 材料名称 is 投诉举报材料, type is text, value_range is 
2018-12-02 16:30:28,224 check_required_field.py[line:99] INFO 检查[常见问题回答]
2018-12-02 16:30:28,224 check_required_field.py[line:105] INFO 常见问题回答 is 0511-86515315, type is text, value_range is 
2018-12-02 16:30:28,224 check_required_field.py[line:99] INFO 检查[常见问题]
2018-12-02 16:30:28,226 check_required_field.py[line:105] INFO 常见问题 is 食品药品投诉举报问题咨询电话是多少？, type is text, value_range is 
2018-12-02 16:30:28,226 check_required_field.py[line:99] INFO 检查[到现场次数]
2018-12-02 16:30:28,226 check_required_field.py[line:105] INFO 到现场次数 is 0, type is radio, value_range is 0,1,2,99
2018-12-02 16:30:28,226 check_required_field.py[line:643] INFO []
2018-12-02 16:30:28,226 check_required_field.py[line:63] INFO the get url is http://221.226.253.51:5065/onlineGovQl/j_spring_security_logout
2018-12-02 16:30:28,226 check_required_field.py[line:64] INFO the cookies is <RequestsCookieJar[<Cookie JSESSIONID_WORKSPACE=9XNt_6hA7cRvaqgbbOSBZD8x_hHae4u407LRmhwZ5i97B3ZQNl1b!962196520!1543738730560 for 221.226.253.51/>]>
2018-12-02 16:43:45,239 check_required_field.py[line:647] INFO start to check username ZJDY1008_LR
2018-12-02 16:43:45,240 check_required_field.py[line:45] INFO the post url is http://221.226.253.51:5065/onlineGovQl/j_spring_security_check
2018-12-02 16:43:45,240 check_required_field.py[line:46] INFO the post params is {u'jsu': u'ZJDY1008_LR', u'jsp': 'e10adc3949ba59abbe56e057f20f883e', u'jOrgNo': u''}
2018-12-02 16:43:45,240 check_required_field.py[line:47] INFO the cookies is <RequestsCookieJar[]>
2018-12-02 16:43:49,908 check_required_field.py[line:45] INFO the post url is http://221.226.253.51:5065/onlineGovQl/UserController.do?findAdmin=true
2018-12-02 16:43:49,911 check_required_field.py[line:46] INFO the post params is {}
2018-12-02 16:43:49,913 check_required_field.py[line:47] INFO the cookies is <RequestsCookieJar[<Cookie JSESSIONID_WORKSPACE=9qhuC_ENhtrPx9y4cka_rypDe8RwJev343zebZALk8nrLTgduLjV!962196520!1543739535629 for 221.226.253.51/>]>
2018-12-02 16:43:50,367 check_required_field.py[line:45] INFO the post url is http://221.226.253.51:5065/onlineGovQl/PubServiceYwController.do?findQlywMain=true
2018-12-02 16:43:50,367 check_required_field.py[line:46] INFO the post params is {u'B[YW_OPERATE][id]': u'', u'B[YW_OPERATE][text]': u'', u'B[YE_NAME]': u'', u'B[DEPT_YW_NUM]': u'', u'G_FW_RANGE[id]': u'', u'QL_DEPT[id]': u'ZJDY1008', u'B[YE_FILENUM]': u'', u'G_FW_MODE[text]': u'', u'IF_AUDIT_TRANSFER[text]': u'\u5168\u90e8', u'QL_CODE': u'', u'QL_NAME': u'', u'G_FW_RANGE[text]': u'', u'NUM': u'', u'limit': u'-1', u'IF_AUDIT_TRANSFER[id]': u'all', u'QL_SHORT_NAME': u'', u'QL_DEPT[text]': u'\u4e39\u9633\u5e02\u5e02\u573a\u76d1\u7763\u7ba1\u7406\u5c40', u'pageStart': u'1', u'QL_REG_NO': u'', u'B[TRANSACT_DEP]': u'', u'G_FW_MODE[id]': u''}
2018-12-02 16:43:50,367 check_required_field.py[line:47] INFO the cookies is <RequestsCookieJar[<Cookie JSESSIONID_WORKSPACE=9qhuC_ENhtrPx9y4cka_rypDe8RwJev343zebZALk8nrLTgduLjV!962196520!1543739535629 for 221.226.253.51/>]>
2018-12-02 16:43:53,000 check_required_field.py[line:45] INFO the post url is http://221.226.253.51:5065/onlineGovQl/PubServiceYwController.do?findQlMain=true
2018-12-02 16:43:53,002 check_required_field.py[line:46] INFO the post params is {u'idt': u'a2b5f081dec847e7b398be584e48c22c'}
2018-12-02 16:43:53,003 check_required_field.py[line:47] INFO the cookies is <RequestsCookieJar[<Cookie JSESSIONID_WORKSPACE=9qhuC_ENhtrPx9y4cka_rypDe8RwJev343zebZALk8nrLTgduLjV!962196520!1543739535629 for 221.226.253.51/>]>
2018-12-02 16:43:53,401 check_required_field.py[line:564] INFO 检查服务名称[食品安全宣传周]
2018-12-02 16:43:53,404 check_required_field.py[line:99] INFO 检查[服务内容]
2018-12-02 16:43:53,408 check_required_field.py[line:105] INFO 服务内容 is 每年开展，通过多种形式、角度和途径，开展形式多样、内容丰富的食品安全主题宣传活动，广泛普及食品安全法律法规和科普知识，提高公众食品安全科学素养, type is text, value_range is 
2018-12-02 16:43:53,411 check_required_field.py[line:99] INFO 检查[服务领域]
2018-12-02 16:43:53,414 check_required_field.py[line:105] INFO 服务领域 is 6, type is radio, value_range is 1,2,3,4,5,6,7,8,9,10,11,12,13,14,15,16,17,18,19,20,21,22,23,24,25,26,27,28,29,30,31,32,33,34,35,99
2018-12-02 16:43:53,417 check_required_field.py[line:99] INFO 检查[服务方式]
2018-12-02 16:43:53,421 check_required_field.py[line:105] INFO 服务方式 is 2, type is radio, value_range is 1,2
2018-12-02 16:43:53,423 check_required_field.py[line:99] INFO 检查[服务依据]
2018-12-02 16:43:53,427 check_required_field.py[line:105] INFO 服务依据 is 1.《省政府办公厅关于印发江苏省“十三五”食品药品安全规划的通知》（苏政办发〔2017〕87号）
三、主要任务（十）完善食品药品安全社会共治格局。6．强化舆论监督和社会监督。完善媒体、专家等各有关方面共同参与食品药品安全治理的有效机制，加强正面舆论引导和突发事件舆情应对。建设省、市、县食品安全舆情监测网络，到“十三五”末，舆情监测网络覆盖率达到100%。实施立体化科普宣传计划，广泛开展面向公众和全社会的食品药品安全宣传教育，促进公众提高食品药品安全意识和防范能力。组织开展“食品安全宣传周”“放心农资下乡进村”“安全用药月”等主题宣传活动，广泛传播食品药品安全法律法规和科普知识，引导社会各界和人民群众积极支持、参与食品药品安全工作。
2. 《国务院食品安全办等19部门关于开展2017年全国食品安全宣传周活动的通知》（食安办〔2017〕10号）
（备注：根据国务院食安办年度工作文件部署开展工作）, type is text, value_range is 
2018-12-02 16:43:53,428 check_required_field.py[line:45] INFO the post url is http://221.226.253.51:5065/onlineGovQl/PubServiceYwController.do?findQlyw=true&start=aoData["iDisplayStart"]
2018-12-02 16:43:53,430 check_required_field.py[line:46] INFO the post params is {u'sSortDir': u'', u'idt': u'a2b5f081dec847e7b398be584e48c22c', u'sEcho': u'1', u'limit': u'-1', u'iSortCol': u'', u'pageStart': u'1'}
2018-12-02 16:43:53,433 check_required_field.py[line:47] INFO the cookies is <RequestsCookieJar[<Cookie JSESSIONID_WORKSPACE=9qhuC_ENhtrPx9y4cka_rypDe8RwJev343zebZALk8nrLTgduLjV!962196520!1543739535629 for 221.226.253.51/>]>
2018-12-02 16:43:54,003 check_required_field.py[line:45] INFO the post url is http://221.226.253.51:5065/onlineGovQl/PubServiceYwController.do?findServiseData=true
2018-12-02 16:43:54,003 check_required_field.py[line:46] INFO the post params is {u'showTable': u'XK', u'idt': u'1d872453226d489b99f3a89b133eccc2', u'idtlog': u'344d6394764f40f1aa0263087328643e'}
2018-12-02 16:43:54,003 check_required_field.py[line:47] INFO the cookies is <RequestsCookieJar[<Cookie JSESSIONID_WORKSPACE=9qhuC_ENhtrPx9y4cka_rypDe8RwJev343zebZALk8nrLTgduLjV!962196520!1543739535629 for 221.226.253.51/>]>
2018-12-02 16:43:55,683 check_required_field.py[line:616] INFO 检查业务信息[食品安全宣传周]
2018-12-02 16:43:55,684 check_required_field.py[line:99] INFO 检查[办理地点]
2018-12-02 16:43:55,684 check_required_field.py[line:105] INFO 办理地点 is 丹阳市开发区齐梁路万通大厦对面, type is text, value_range is 
2018-12-02 16:43:55,684 check_required_field.py[line:99] INFO 检查[工作时间]
2018-12-02 16:43:55,684 check_required_field.py[line:105] INFO 工作时间 is 夏季：上午8:30-11:30，下午13:30-17:00；冬季：上午8:30-11:00，下午13:00-17:00。, type is text, value_range is 
2018-12-02 16:43:55,684 check_required_field.py[line:99] INFO 检查[经办机构（处室）]
2018-12-02 16:43:55,686 check_required_field.py[line:105] INFO 经办机构（处室） is 丹阳市市场监督管理局食品科, type is text, value_range is 
2018-12-02 16:43:55,686 check_required_field.py[line:99] INFO 检查[数量限制]
2018-12-02 16:43:55,686 check_required_field.py[line:105] INFO 数量限制 is 1, type is radio, value_range is 1,2
2018-12-02 16:43:55,686 check_required_field.py[line:99] INFO 检查[服务对象]
2018-12-02 16:43:55,687 check_required_field.py[line:105] INFO 服务对象 is 1, type is checkbox, value_range is 1,2,3
2018-12-02 16:43:55,687 check_required_field.py[line:99] INFO 检查[业务名称]
2018-12-02 16:43:55,687 check_required_field.py[line:105] INFO 业务名称 is 食品安全宣传周, type is text, value_range is 
2018-12-02 16:43:55,687 check_required_field.py[line:99] INFO 检查[承办机构]
2018-12-02 16:43:55,687 check_required_field.py[line:105] INFO 承办机构 is 丹阳市市场监督管理局, type is text, value_range is 
2018-12-02 16:43:55,688 check_required_field.py[line:99] INFO 检查[监督投诉方式]
2018-12-02 16:43:55,688 check_required_field.py[line:105] INFO 监督投诉方式 is 丹阳市市场监督管理局投诉举报12331、12315, type is text, value_range is 
2018-12-02 16:43:55,688 check_required_field.py[line:99] INFO 检查[咨询方式]
2018-12-02 16:43:55,690 check_required_field.py[line:105] INFO 咨询方式 is 电话0511-86986012, type is text, value_range is 
2018-12-02 16:43:55,690 check_required_field.py[line:45] INFO the post url is http://221.226.253.51:5065/onlineGovQl/PubServiceYwController.do?findQlMain=true
2018-12-02 16:43:55,690 check_required_field.py[line:46] INFO the post params is {u'idt': u'8ad1e0f339654680b70d4354f02e1a79'}
2018-12-02 16:43:55,690 check_required_field.py[line:47] INFO the cookies is <RequestsCookieJar[<Cookie JSESSIONID_WORKSPACE=9qhuC_ENhtrPx9y4cka_rypDe8RwJev343zebZALk8nrLTgduLjV!962196520!1543739535629 for 221.226.253.51/>]>
2018-12-02 16:43:56,049 check_required_field.py[line:564] INFO 检查服务名称[安全用药月]
2018-12-02 16:43:56,051 check_required_field.py[line:99] INFO 检查[服务内容]
2018-12-02 16:43:56,051 check_required_field.py[line:105] INFO 服务内容 is 宣传安全用药理念和实用知识；宣传儿童、老年人等特殊群体安全用药知识，形成有效的科普干预；宣传监管工作，增进公众对药品安全监管工作的认知和理解。, type is text, value_range is 
2018-12-02 16:43:56,052 check_required_field.py[line:99] INFO 检查[服务领域]
2018-12-02 16:43:56,052 check_required_field.py[line:105] INFO 服务领域 is 6, type is radio, value_range is 1,2,3,4,5,6,7,8,9,10,11,12,13,14,15,16,17,18,19,20,21,22,23,24,25,26,27,28,29,30,31,32,33,34,35,99
2018-12-02 16:43:56,052 check_required_field.py[line:99] INFO 检查[服务方式]
2018-12-02 16:43:56,052 check_required_field.py[line:105] INFO 服务方式 is 2, type is radio, value_range is 1,2
2018-12-02 16:43:56,052 check_required_field.py[line:99] INFO 检查[服务依据]
2018-12-02 16:43:56,052 check_required_field.py[line:105] INFO 服务依据 is 1.《省政府办公厅关于印发江苏省“十三五”食品药品安全规划的通知》（苏政办发〔2017〕87号）
三、主要任务（十）完善食品药品安全社会共治格局。6．强化舆论监督和社会监督。完善媒体、专家等各有关方面共同参与食品药品安全治理的有效机制，加强正面舆论引导和突发事件舆情应对。建设省、市、县食品安全舆情监测网络，到“十三五”末，舆情监测网络覆盖率达到100%。实施立体化科普宣传计划，广泛开展面向公众和全社会的食品药品安全宣传教育，促进公众提高食品药品安全意识和防范能力。组织开展“食品安全宣传周”“放心农资下乡进村”“安全用药月”等主题宣传活动，广泛传播食品药品安全法律法规和科普知识，引导社会各界和人民群众积极支持、参与食品药品安全工作。
2.《国家食品药品监管总局关于开展全国安全用药月活动的通知》（食药监宣〔2017〕79号）
（备注：根据总局年度工作文件部署开展工作）, type is text, value_range is 
2018-12-02 16:43:56,053 check_required_field.py[line:45] INFO the post url is http://221.226.253.51:5065/onlineGovQl/PubServiceYwController.do?findQlyw=true&start=aoData["iDisplayStart"]
2018-12-02 16:43:56,053 check_required_field.py[line:46] INFO the post params is {u'sSortDir': u'', u'idt': u'8ad1e0f339654680b70d4354f02e1a79', u'sEcho': u'1', u'limit': u'-1', u'iSortCol': u'', u'pageStart': u'1'}
2018-12-02 16:43:56,053 check_required_field.py[line:47] INFO the cookies is <RequestsCookieJar[<Cookie JSESSIONID_WORKSPACE=9qhuC_ENhtrPx9y4cka_rypDe8RwJev343zebZALk8nrLTgduLjV!962196520!1543739535629 for 221.226.253.51/>]>
2018-12-02 16:43:56,490 check_required_field.py[line:45] INFO the post url is http://221.226.253.51:5065/onlineGovQl/PubServiceYwController.do?findServiseData=true
2018-12-02 16:43:56,492 check_required_field.py[line:46] INFO the post params is {u'showTable': u'XK', u'idt': u'60f9e99938a1486da98cf556c9214e27', u'idtlog': u'5dd3cd78c1bb48b88d0cd0c14aea79c7'}
2018-12-02 16:43:56,492 check_required_field.py[line:47] INFO the cookies is <RequestsCookieJar[<Cookie JSESSIONID_WORKSPACE=9qhuC_ENhtrPx9y4cka_rypDe8RwJev343zebZALk8nrLTgduLjV!962196520!1543739535629 for 221.226.253.51/>]>
2018-12-02 16:43:58,144 check_required_field.py[line:616] INFO 检查业务信息[安全用药月]
2018-12-02 16:43:58,145 check_required_field.py[line:99] INFO 检查[办理地点]
2018-12-02 16:43:58,145 check_required_field.py[line:105] INFO 办理地点 is 丹阳市齐梁路万通大厦对面, type is text, value_range is 
2018-12-02 16:43:58,145 check_required_field.py[line:99] INFO 检查[工作时间]
2018-12-02 16:43:58,147 check_required_field.py[line:105] INFO 工作时间 is 夏季：上午8:30-11:30，下午13:30-17:00；冬季：上午8:30-11:00，下午13:00-17:00。, type is text, value_range is 
2018-12-02 16:43:58,147 check_required_field.py[line:99] INFO 检查[经办机构（处室）]
2018-12-02 16:43:58,147 check_required_field.py[line:105] INFO 经办机构（处室） is 丹阳市市场监督管理局药品科, type is text, value_range is 
2018-12-02 16:43:58,148 check_required_field.py[line:99] INFO 检查[数量限制]
2018-12-02 16:43:58,148 check_required_field.py[line:105] INFO 数量限制 is 1, type is radio, value_range is 1,2
2018-12-02 16:43:58,148 check_required_field.py[line:99] INFO 检查[服务对象]
2018-12-02 16:43:58,148 check_required_field.py[line:105] INFO 服务对象 is 1, type is checkbox, value_range is 1,2,3
2018-12-02 16:43:58,148 check_required_field.py[line:99] INFO 检查[业务名称]
2018-12-02 16:43:58,148 check_required_field.py[line:105] INFO 业务名称 is 安全用药月, type is text, value_range is 
2018-12-02 16:43:58,150 check_required_field.py[line:99] INFO 检查[承办机构]
2018-12-02 16:43:58,150 check_required_field.py[line:105] INFO 承办机构 is 丹阳市市场监督管理局, type is text, value_range is 
2018-12-02 16:43:58,150 check_required_field.py[line:99] INFO 检查[监督投诉方式]
2018-12-02 16:43:58,151 check_required_field.py[line:105] INFO 监督投诉方式 is 丹阳市市场监督管理局投诉举报12331、12315, type is text, value_range is 
2018-12-02 16:43:58,151 check_required_field.py[line:99] INFO 检查[咨询方式]
2018-12-02 16:43:58,151 check_required_field.py[line:105] INFO 咨询方式 is 电话0511-86500286, type is text, value_range is 
2018-12-02 16:43:58,151 check_required_field.py[line:45] INFO the post url is http://221.226.253.51:5065/onlineGovQl/PubServiceYwController.do?findQlMain=true
2018-12-02 16:43:58,151 check_required_field.py[line:46] INFO the post params is {u'idt': u'38cc2f91fdd2481fa4822149655e0631'}
2018-12-02 16:43:58,151 check_required_field.py[line:47] INFO the cookies is <RequestsCookieJar[<Cookie JSESSIONID_WORKSPACE=9qhuC_ENhtrPx9y4cka_rypDe8RwJev343zebZALk8nrLTgduLjV!962196520!1543739535629 for 221.226.253.51/>]>
2018-12-02 16:43:58,499 check_required_field.py[line:564] INFO 检查服务名称[食品药品投诉举报处置]
2018-12-02 16:43:58,500 check_required_field.py[line:99] INFO 检查[服务内容]
2018-12-02 16:43:58,500 check_required_field.py[line:105] INFO 服务内容 is 根据职能，处理公众有关食品药品投诉举报事项。, type is text, value_range is 
2018-12-02 16:43:58,500 check_required_field.py[line:99] INFO 检查[服务领域]
2018-12-02 16:43:58,500 check_required_field.py[line:105] INFO 服务领域 is 6, type is radio, value_range is 1,2,3,4,5,6,7,8,9,10,11,12,13,14,15,16,17,18,19,20,21,22,23,24,25,26,27,28,29,30,31,32,33,34,35,99
2018-12-02 16:43:58,500 check_required_field.py[line:99] INFO 检查[服务方式]
2018-12-02 16:43:58,502 check_required_field.py[line:105] INFO 服务方式 is 1, type is radio, value_range is 1,2
2018-12-02 16:43:58,502 check_required_field.py[line:99] INFO 检查[服务依据]
2018-12-02 16:43:58,502 check_required_field.py[line:105] INFO 服务依据 is 1.《中华人员共和国食品安全法》第一百一十五条  县级以上人民政府食品药品监督管理、质量监督等部门应当公布本部门的电子邮件地址或者电话，接受咨询、投诉、举报。接到咨询、投诉、举报，对属于本部门职责的，应当受理并在法定期限内及时答复、核实、处理；对不属于本部门职责的，应当移交有权处理的部门并书面通知咨询、投诉、举报人。有权处理的部门应当在法定期限内及时处理，不得推诿。对查证属实的举报，给予举报人奖励。
2.《食品药品投诉举报管理办法》(国家食品药品监督管理总局令 第21号) 第五条　地方各级食品药品监督管理部门主管本行政区域的食品药品投诉举报管理工作，主要履行下列职责：
（一）根据本办法制定本行政区域的食品药品投诉举报管理制度和政策并监督实施；
（二）调查处理本行政区域的食品药品投诉举报并发布相关信息；
（三）通报并向上级报告本行政区域的食品药品投诉举报管理工作情况；
（四）协调指导同级食品药品投诉举报机构的具体工作。
   3.江苏省机构编制委员会《关于对省食品药品监督管理局所属承担行政职能事业单位职能和机构编制调整事项的批复》二、机构调整（二）省食品药品监督管理局稽查局加挂省食品药品监督投诉举报中心牌子。  稽查局（省食品药品监督投诉举报中心）主要职责是：……负责食品药品安全投诉举报工作。, type is text, value_range is 
2018-12-02 16:43:58,503 check_required_field.py[line:45] INFO the post url is http://221.226.253.51:5065/onlineGovQl/PubServiceYwController.do?findQlyw=true&start=aoData["iDisplayStart"]
2018-12-02 16:43:58,503 check_required_field.py[line:46] INFO the post params is {u'sSortDir': u'', u'idt': u'38cc2f91fdd2481fa4822149655e0631', u'sEcho': u'1', u'limit': u'-1', u'iSortCol': u'', u'pageStart': u'1'}
2018-12-02 16:43:58,503 check_required_field.py[line:47] INFO the cookies is <RequestsCookieJar[<Cookie JSESSIONID_WORKSPACE=9qhuC_ENhtrPx9y4cka_rypDe8RwJev343zebZALk8nrLTgduLjV!962196520!1543739535629 for 221.226.253.51/>]>
2018-12-02 16:43:58,951 check_required_field.py[line:45] INFO the post url is http://221.226.253.51:5065/onlineGovQl/PubServiceYwController.do?findServiseData=true
2018-12-02 16:43:58,951 check_required_field.py[line:46] INFO the post params is {u'showTable': u'XK', u'idt': u'823a57cc3a7447e2bbe9cdbbe171399c', u'idtlog': u'2b528574a1cf4965b966276d615bb245'}
2018-12-02 16:43:58,951 check_required_field.py[line:47] INFO the cookies is <RequestsCookieJar[<Cookie JSESSIONID_WORKSPACE=9qhuC_ENhtrPx9y4cka_rypDe8RwJev343zebZALk8nrLTgduLjV!962196520!1543739535629 for 221.226.253.51/>]>
2018-12-02 16:44:00,674 check_required_field.py[line:616] INFO 检查业务信息[食品药品投诉举报处置]
2018-12-02 16:44:00,676 check_required_field.py[line:99] INFO 检查[办件类型]
2018-12-02 16:44:00,676 check_required_field.py[line:105] INFO 办件类型 is 即办件, type is radio, value_range is 承诺件,即办件
2018-12-02 16:44:00,677 check_required_field.py[line:99] INFO 检查[办理依据]
2018-12-02 16:44:00,677 check_required_field.py[line:105] INFO 办理依据 is 1.《中华人员共和国食品安全法》第一百一十五条  县级以上人民政府食品药品监督管理、质量监督等部门应当公布本部门的电子邮件地址或者电话，接受咨询、投诉、举报。接到咨询、投诉、举报，对属于本部门职责的，应当受理并在法定期限内及时答复、核实、处理；对不属于本部门职责的，应当移交有权处理的部门并书面通知咨询、投诉、举报人。有权处理的部门应当在法定期限内及时处理，不得推诿。对查证属实的举报，给予举报人奖励。
2.《食品药品投诉举报管理办法》(国家食品药品监督管理总局令 第21号) 第五条　地方各级食品药品监督管理部门主管本行政区域的食品药品投诉举报管理工作，主要履行下列职责：
（一）根据本办法制定本行政区域的食品药品投诉举报管理制度和政策并监督实施；
（二）调查处理本行政区域的食品药品投诉举报并发布相关信息；
（三）通报并向上级报告本行政区域的食品药品投诉举报管理工作情况；
（四）协调指导同级食品药品投诉举报机构的具体工作。
   3.江苏省机构编制委员会《关于对省食品药品监督管理局所属承担行政职能事业单位职能和机构编制调整事项的批复》二、机构调整（二）省食品药品监督管理局稽查局加挂省食品药品监督投诉举报中心牌子。  稽查局（省食品药品监督投诉举报中心）主要职责是：……负责食品药品安全投诉举报工作。, type is text, value_range is 
2018-12-02 16:44:00,677 check_required_field.py[line:99] INFO 检查[服务对象]
2018-12-02 16:44:00,677 check_required_field.py[line:105] INFO 服务对象 is 1,3, type is checkbox, value_range is 1,2,3
2018-12-02 16:44:00,677 check_required_field.py[line:99] INFO 检查[经办机构（处室）]
2018-12-02 16:44:00,678 check_required_field.py[line:105] INFO 经办机构（处室） is 丹阳市市场监督管理局, type is text, value_range is 
2018-12-02 16:44:00,678 check_required_field.py[line:99] INFO 检查[监督投诉方式]
2018-12-02 16:44:00,678 check_required_field.py[line:105] INFO 监督投诉方式 is 丹阳市市场监督管理局投诉举报12331、12315, type is text, value_range is 
2018-12-02 16:44:00,678 check_required_field.py[line:99] INFO 检查[办理地点]
2018-12-02 16:44:00,680 check_required_field.py[line:105] INFO 办理地点 is 丹阳市开发区齐梁路万通大厦对面, type is text, value_range is 
2018-12-02 16:44:00,680 check_required_field.py[line:99] INFO 检查[工作时间]
2018-12-02 16:44:00,680 check_required_field.py[line:105] INFO 工作时间 is 夏季：上午8:30-11:30，下午13:30-17:00；冬季：上午8:30-11:00，下午13:00-17:00。, type is text, value_range is 
2018-12-02 16:44:00,680 check_required_field.py[line:99] INFO 检查[数量限制]
2018-12-02 16:44:00,680 check_required_field.py[line:105] INFO 数量限制 is 1, type is radio, value_range is 1,2
2018-12-02 16:44:00,681 check_required_field.py[line:99] INFO 检查[是否收费]
2018-12-02 16:44:00,681 check_required_field.py[line:105] INFO 是否收费 is 0, type is radio, value_range is 0,1
2018-12-02 16:44:00,681 check_required_field.py[line:99] INFO 检查[咨询方式]
2018-12-02 16:44:00,683 check_required_field.py[line:105] INFO 咨询方式 is 电话0511-86515315, type is text, value_range is 
2018-12-02 16:44:00,684 check_required_field.py[line:99] INFO 检查[在线办理网址]
2018-12-02 16:44:00,684 check_required_field.py[line:105] INFO 在线办理网址 is 暂无, type is text, value_range is 
2018-12-02 16:44:00,684 check_required_field.py[line:99] INFO 检查[业务名称]
2018-12-02 16:44:00,684 check_required_field.py[line:105] INFO 业务名称 is 食品药品投诉举报处置, type is text, value_range is 
2018-12-02 16:44:00,684 check_required_field.py[line:99] INFO 检查[承办机构]
2018-12-02 16:44:00,684 check_required_field.py[line:105] INFO 承办机构 is 丹阳市市场监督管理局, type is text, value_range is 
2018-12-02 16:44:00,686 check_required_field.py[line:99] INFO 检查[材料是否必须]
2018-12-02 16:44:00,686 check_required_field.py[line:105] INFO 材料是否必须 is true, type is radio, value_range is true,false
2018-12-02 16:44:00,686 check_required_field.py[line:99] INFO 检查[是否需要电子版]
2018-12-02 16:44:00,687 check_required_field.py[line:105] INFO 是否需要电子版 is 0, type is radio, value_range is 0,1
2018-12-02 16:44:00,687 check_required_field.py[line:99] INFO 检查[材料名称]
2018-12-02 16:44:00,687 check_required_field.py[line:105] INFO 材料名称 is 投诉举报材料, type is text, value_range is 
2018-12-02 16:44:00,687 check_required_field.py[line:99] INFO 检查[常见问题回答]
2018-12-02 16:44:00,687 check_required_field.py[line:105] INFO 常见问题回答 is 0511-86515315, type is text, value_range is 
2018-12-02 16:44:00,687 check_required_field.py[line:99] INFO 检查[常见问题]
2018-12-02 16:44:00,687 check_required_field.py[line:105] INFO 常见问题 is 食品药品投诉举报问题咨询电话是多少？, type is text, value_range is 
2018-12-02 16:44:00,688 check_required_field.py[line:99] INFO 检查[到现场次数]
2018-12-02 16:44:00,688 check_required_field.py[line:105] INFO 到现场次数 is 0, type is radio, value_range is 0,1,2,99
2018-12-02 16:44:00,688 check_required_field.py[line:643] INFO []
2018-12-02 16:44:00,690 check_required_field.py[line:63] INFO the get url is http://221.226.253.51:5065/onlineGovQl/j_spring_security_logout
2018-12-02 16:44:00,690 check_required_field.py[line:64] INFO the cookies is <RequestsCookieJar[<Cookie JSESSIONID_WORKSPACE=9qhuC_ENhtrPx9y4cka_rypDe8RwJev343zebZALk8nrLTgduLjV!962196520!1543739535629 for 221.226.253.51/>]>
2018-12-02 19:42:41,276 check_required_field.py[line:647] INFO start to check username ZJDY1008_LR
2018-12-02 19:42:41,278 check_required_field.py[line:45] INFO the post url is http://221.226.253.51:5065/onlineGovQl/j_spring_security_check
2018-12-02 19:42:41,278 check_required_field.py[line:46] INFO the post params is {u'jsu': u'ZJDY1008_LR', u'jsp': 'e10adc3949ba59abbe56e057f20f883e', u'jOrgNo': u''}
2018-12-02 19:42:41,278 check_required_field.py[line:47] INFO the cookies is <RequestsCookieJar[]>
2018-12-02 19:42:44,736 check_required_field.py[line:45] INFO the post url is http://221.226.253.51:5065/onlineGovQl/UserController.do?findAdmin=true
2018-12-02 19:42:44,736 check_required_field.py[line:46] INFO the post params is {}
2018-12-02 19:42:44,737 check_required_field.py[line:47] INFO the cookies is <RequestsCookieJar[<Cookie JSESSIONID_WORKSPACE=32Vur8KPZh6nIaeV1rRJ9p_k1MdXoBqMXNGPcSw18opcnPpcDWjT!962196520!1543750271631 for 221.226.253.51/>]>
2018-12-02 19:42:45,263 check_required_field.py[line:45] INFO the post url is http://221.226.253.51:5065/onlineGovQl/PubServiceYwController.do?findQlywMain=true
2018-12-02 19:42:45,263 check_required_field.py[line:46] INFO the post params is {u'B[YW_OPERATE][id]': u'', u'B[YW_OPERATE][text]': u'', u'B[YE_NAME]': u'', u'B[DEPT_YW_NUM]': u'', u'G_FW_RANGE[id]': u'', u'QL_DEPT[id]': u'ZJDY1008', u'B[YE_FILENUM]': u'', u'G_FW_MODE[text]': u'', u'IF_AUDIT_TRANSFER[text]': u'\u5168\u90e8', u'QL_CODE': u'', u'QL_NAME': u'', u'G_FW_RANGE[text]': u'', u'NUM': u'', u'limit': u'-1', u'IF_AUDIT_TRANSFER[id]': u'all', u'QL_SHORT_NAME': u'', u'QL_DEPT[text]': u'\u4e39\u9633\u5e02\u5e02\u573a\u76d1\u7763\u7ba1\u7406\u5c40', u'pageStart': u'1', u'QL_REG_NO': u'', u'B[TRANSACT_DEP]': u'', u'G_FW_MODE[id]': u''}
2018-12-02 19:42:45,263 check_required_field.py[line:47] INFO the cookies is <RequestsCookieJar[<Cookie JSESSIONID_WORKSPACE=32Vur8KPZh6nIaeV1rRJ9p_k1MdXoBqMXNGPcSw18opcnPpcDWjT!962196520!1543750271631 for 221.226.253.51/>]>
2018-12-02 19:42:47,891 check_required_field.py[line:45] INFO the post url is http://221.226.253.51:5065/onlineGovQl/PubServiceYwController.do?findQlMain=true
2018-12-02 19:42:47,891 check_required_field.py[line:46] INFO the post params is {u'idt': u'a2b5f081dec847e7b398be584e48c22c'}
2018-12-02 19:42:47,891 check_required_field.py[line:47] INFO the cookies is <RequestsCookieJar[<Cookie JSESSIONID_WORKSPACE=32Vur8KPZh6nIaeV1rRJ9p_k1MdXoBqMXNGPcSw18opcnPpcDWjT!962196520!1543750271631 for 221.226.253.51/>]>
2018-12-02 19:42:48,217 check_required_field.py[line:564] INFO 检查服务名称[食品安全宣传周]
2018-12-02 19:42:48,217 check_required_field.py[line:99] INFO 检查[服务内容]
2018-12-02 19:42:48,217 check_required_field.py[line:105] INFO 服务内容 is 每年开展，通过多种形式、角度和途径，开展形式多样、内容丰富的食品安全主题宣传活动，广泛普及食品安全法律法规和科普知识，提高公众食品安全科学素养, type is text, value_range is 
2018-12-02 19:42:48,217 check_required_field.py[line:99] INFO 检查[服务领域]
2018-12-02 19:42:48,217 check_required_field.py[line:105] INFO 服务领域 is 6, type is radio, value_range is 1,2,3,4,5,6,7,8,9,10,11,12,13,14,15,16,17,18,19,20,21,22,23,24,25,26,27,28,29,30,31,32,33,34,35,99
2018-12-02 19:42:48,217 check_required_field.py[line:99] INFO 检查[服务方式]
2018-12-02 19:42:48,217 check_required_field.py[line:105] INFO 服务方式 is 2, type is radio, value_range is 1,2
2018-12-02 19:42:48,219 check_required_field.py[line:99] INFO 检查[服务依据]
2018-12-02 19:42:48,219 check_required_field.py[line:105] INFO 服务依据 is 1.《省政府办公厅关于印发江苏省“十三五”食品药品安全规划的通知》（苏政办发〔2017〕87号）
三、主要任务（十）完善食品药品安全社会共治格局。6．强化舆论监督和社会监督。完善媒体、专家等各有关方面共同参与食品药品安全治理的有效机制，加强正面舆论引导和突发事件舆情应对。建设省、市、县食品安全舆情监测网络，到“十三五”末，舆情监测网络覆盖率达到100%。实施立体化科普宣传计划，广泛开展面向公众和全社会的食品药品安全宣传教育，促进公众提高食品药品安全意识和防范能力。组织开展“食品安全宣传周”“放心农资下乡进村”“安全用药月”等主题宣传活动，广泛传播食品药品安全法律法规和科普知识，引导社会各界和人民群众积极支持、参与食品药品安全工作。
2. 《国务院食品安全办等19部门关于开展2017年全国食品安全宣传周活动的通知》（食安办〔2017〕10号）
（备注：根据国务院食安办年度工作文件部署开展工作）, type is text, value_range is 
2018-12-02 19:42:48,219 check_required_field.py[line:45] INFO the post url is http://221.226.253.51:5065/onlineGovQl/PubServiceYwController.do?findQlyw=true&start=aoData["iDisplayStart"]
2018-12-02 19:42:48,219 check_required_field.py[line:46] INFO the post params is {u'sSortDir': u'', u'idt': u'a2b5f081dec847e7b398be584e48c22c', u'sEcho': u'1', u'limit': u'-1', u'iSortCol': u'', u'pageStart': u'1'}
2018-12-02 19:42:48,220 check_required_field.py[line:47] INFO the cookies is <RequestsCookieJar[<Cookie JSESSIONID_WORKSPACE=32Vur8KPZh6nIaeV1rRJ9p_k1MdXoBqMXNGPcSw18opcnPpcDWjT!962196520!1543750271631 for 221.226.253.51/>]>
2018-12-02 19:42:48,592 check_required_field.py[line:45] INFO the post url is http://221.226.253.51:5065/onlineGovQl/PubServiceYwController.do?findServiseData=true
2018-12-02 19:42:48,592 check_required_field.py[line:46] INFO the post params is {u'showTable': u'XK', u'idt': u'1d872453226d489b99f3a89b133eccc2', u'idtlog': u'344d6394764f40f1aa0263087328643e'}
2018-12-02 19:42:48,592 check_required_field.py[line:47] INFO the cookies is <RequestsCookieJar[<Cookie JSESSIONID_WORKSPACE=32Vur8KPZh6nIaeV1rRJ9p_k1MdXoBqMXNGPcSw18opcnPpcDWjT!962196520!1543750271631 for 221.226.253.51/>]>
2018-12-02 19:42:50,178 check_required_field.py[line:616] INFO 检查业务信息[食品安全宣传周]
2018-12-02 19:42:50,180 check_required_field.py[line:99] INFO 检查[办理地点]
2018-12-02 19:42:50,184 check_required_field.py[line:105] INFO 办理地点 is 丹阳市开发区齐梁路万通大厦对面, type is text, value_range is 
2018-12-02 19:42:50,187 check_required_field.py[line:99] INFO 检查[工作时间]
2018-12-02 19:42:50,190 check_required_field.py[line:105] INFO 工作时间 is 夏季：上午8:30-11:30，下午13:30-17:00；冬季：上午8:30-11:00，下午13:00-17:00。, type is text, value_range is 
2018-12-02 19:42:50,194 check_required_field.py[line:99] INFO 检查[经办机构（处室）]
2018-12-02 19:42:50,197 check_required_field.py[line:105] INFO 经办机构（处室） is 丹阳市市场监督管理局食品科, type is text, value_range is 
2018-12-02 19:42:50,200 check_required_field.py[line:99] INFO 检查[数量限制]
2018-12-02 19:42:50,203 check_required_field.py[line:105] INFO 数量限制 is 1, type is radio, value_range is 1,2
2018-12-02 19:42:50,206 check_required_field.py[line:99] INFO 检查[服务对象]
2018-12-02 19:42:50,209 check_required_field.py[line:105] INFO 服务对象 is 1, type is checkbox, value_range is 1,2,3
2018-12-02 19:42:50,210 check_required_field.py[line:99] INFO 检查[业务名称]
2018-12-02 19:42:50,211 check_required_field.py[line:105] INFO 业务名称 is 食品安全宣传周, type is text, value_range is 
2018-12-02 19:42:50,213 check_required_field.py[line:99] INFO 检查[承办机构]
2018-12-02 19:42:50,213 check_required_field.py[line:105] INFO 承办机构 is 丹阳市市场监督管理局, type is text, value_range is 
2018-12-02 19:42:50,214 check_required_field.py[line:99] INFO 检查[监督投诉方式]
2018-12-02 19:42:50,216 check_required_field.py[line:105] INFO 监督投诉方式 is 丹阳市市场监督管理局投诉举报12331、12315, type is text, value_range is 
2018-12-02 19:42:50,216 check_required_field.py[line:99] INFO 检查[咨询方式]
2018-12-02 19:42:50,217 check_required_field.py[line:105] INFO 咨询方式 is 电话0511-86986012, type is text, value_range is 
2018-12-02 19:42:50,217 check_required_field.py[line:45] INFO the post url is http://221.226.253.51:5065/onlineGovQl/PubServiceYwController.do?findQlMain=true
2018-12-02 19:42:50,217 check_required_field.py[line:46] INFO the post params is {u'idt': u'8ad1e0f339654680b70d4354f02e1a79'}
2018-12-02 19:42:50,219 check_required_field.py[line:47] INFO the cookies is <RequestsCookieJar[<Cookie JSESSIONID_WORKSPACE=32Vur8KPZh6nIaeV1rRJ9p_k1MdXoBqMXNGPcSw18opcnPpcDWjT!962196520!1543750271631 for 221.226.253.51/>]>
2018-12-02 19:42:50,562 check_required_field.py[line:564] INFO 检查服务名称[安全用药月]
2018-12-02 19:42:50,565 check_required_field.py[line:99] INFO 检查[服务内容]
2018-12-02 19:42:50,568 check_required_field.py[line:105] INFO 服务内容 is 宣传安全用药理念和实用知识；宣传儿童、老年人等特殊群体安全用药知识，形成有效的科普干预；宣传监管工作，增进公众对药品安全监管工作的认知和理解。, type is text, value_range is 
2018-12-02 19:42:50,571 check_required_field.py[line:99] INFO 检查[服务领域]
2018-12-02 19:42:50,573 check_required_field.py[line:105] INFO 服务领域 is 6, type is radio, value_range is 1,2,3,4,5,6,7,8,9,10,11,12,13,14,15,16,17,18,19,20,21,22,23,24,25,26,27,28,29,30,31,32,33,34,35,99
2018-12-02 19:42:50,575 check_required_field.py[line:99] INFO 检查[服务方式]
2018-12-02 19:42:50,578 check_required_field.py[line:105] INFO 服务方式 is 2, type is radio, value_range is 1,2
2018-12-02 19:42:50,581 check_required_field.py[line:99] INFO 检查[服务依据]
2018-12-02 19:42:50,584 check_required_field.py[line:105] INFO 服务依据 is 1.《省政府办公厅关于印发江苏省“十三五”食品药品安全规划的通知》（苏政办发〔2017〕87号）
三、主要任务（十）完善食品药品安全社会共治格局。6．强化舆论监督和社会监督。完善媒体、专家等各有关方面共同参与食品药品安全治理的有效机制，加强正面舆论引导和突发事件舆情应对。建设省、市、县食品安全舆情监测网络，到“十三五”末，舆情监测网络覆盖率达到100%。实施立体化科普宣传计划，广泛开展面向公众和全社会的食品药品安全宣传教育，促进公众提高食品药品安全意识和防范能力。组织开展“食品安全宣传周”“放心农资下乡进村”“安全用药月”等主题宣传活动，广泛传播食品药品安全法律法规和科普知识，引导社会各界和人民群众积极支持、参与食品药品安全工作。
2.《国家食品药品监管总局关于开展全国安全用药月活动的通知》（食药监宣〔2017〕79号）
（备注：根据总局年度工作文件部署开展工作）, type is text, value_range is 
2018-12-02 19:42:50,585 check_required_field.py[line:45] INFO the post url is http://221.226.253.51:5065/onlineGovQl/PubServiceYwController.do?findQlyw=true&start=aoData["iDisplayStart"]
2018-12-02 19:42:50,586 check_required_field.py[line:46] INFO the post params is {u'sSortDir': u'', u'idt': u'8ad1e0f339654680b70d4354f02e1a79', u'sEcho': u'1', u'limit': u'-1', u'iSortCol': u'', u'pageStart': u'1'}
2018-12-02 19:42:50,588 check_required_field.py[line:47] INFO the cookies is <RequestsCookieJar[<Cookie JSESSIONID_WORKSPACE=32Vur8KPZh6nIaeV1rRJ9p_k1MdXoBqMXNGPcSw18opcnPpcDWjT!962196520!1543750271631 for 221.226.253.51/>]>
2018-12-02 19:42:51,032 check_required_field.py[line:45] INFO the post url is http://221.226.253.51:5065/onlineGovQl/PubServiceYwController.do?findServiseData=true
2018-12-02 19:42:51,032 check_required_field.py[line:46] INFO the post params is {u'showTable': u'XK', u'idt': u'60f9e99938a1486da98cf556c9214e27', u'idtlog': u'5dd3cd78c1bb48b88d0cd0c14aea79c7'}
2018-12-02 19:42:51,032 check_required_field.py[line:47] INFO the cookies is <RequestsCookieJar[<Cookie JSESSIONID_WORKSPACE=32Vur8KPZh6nIaeV1rRJ9p_k1MdXoBqMXNGPcSw18opcnPpcDWjT!962196520!1543750271631 for 221.226.253.51/>]>
2018-12-02 19:42:52,631 check_required_field.py[line:616] INFO 检查业务信息[安全用药月]
2018-12-02 19:42:52,631 check_required_field.py[line:99] INFO 检查[办理地点]
2018-12-02 19:42:52,632 check_required_field.py[line:105] INFO 办理地点 is 丹阳市齐梁路万通大厦对面, type is text, value_range is 
2018-12-02 19:42:52,632 check_required_field.py[line:99] INFO 检查[工作时间]
2018-12-02 19:42:52,632 check_required_field.py[line:105] INFO 工作时间 is 夏季：上午8:30-11:30，下午13:30-17:00；冬季：上午8:30-11:00，下午13:00-17:00。, type is text, value_range is 
2018-12-02 19:42:52,634 check_required_field.py[line:99] INFO 检查[经办机构（处室）]
2018-12-02 19:42:52,634 check_required_field.py[line:105] INFO 经办机构（处室） is 丹阳市市场监督管理局药品科, type is text, value_range is 
2018-12-02 19:42:52,634 check_required_field.py[line:99] INFO 检查[数量限制]
2018-12-02 19:42:52,634 check_required_field.py[line:105] INFO 数量限制 is 1, type is radio, value_range is 1,2
2018-12-02 19:42:52,634 check_required_field.py[line:99] INFO 检查[服务对象]
2018-12-02 19:42:52,634 check_required_field.py[line:105] INFO 服务对象 is 1, type is checkbox, value_range is 1,2,3
2018-12-02 19:42:52,635 check_required_field.py[line:99] INFO 检查[业务名称]
2018-12-02 19:42:52,635 check_required_field.py[line:105] INFO 业务名称 is 安全用药月, type is text, value_range is 
2018-12-02 19:42:52,635 check_required_field.py[line:99] INFO 检查[承办机构]
2018-12-02 19:42:52,637 check_required_field.py[line:105] INFO 承办机构 is 丹阳市市场监督管理局, type is text, value_range is 
2018-12-02 19:42:52,637 check_required_field.py[line:99] INFO 检查[监督投诉方式]
2018-12-02 19:42:52,638 check_required_field.py[line:105] INFO 监督投诉方式 is 丹阳市市场监督管理局投诉举报12331、12315, type is text, value_range is 
2018-12-02 19:42:52,638 check_required_field.py[line:99] INFO 检查[咨询方式]
2018-12-02 19:42:52,638 check_required_field.py[line:105] INFO 咨询方式 is 电话0511-86500286, type is text, value_range is 
2018-12-02 19:42:52,638 check_required_field.py[line:45] INFO the post url is http://221.226.253.51:5065/onlineGovQl/PubServiceYwController.do?findQlMain=true
2018-12-02 19:42:52,638 check_required_field.py[line:46] INFO the post params is {u'idt': u'38cc2f91fdd2481fa4822149655e0631'}
2018-12-02 19:42:52,638 check_required_field.py[line:47] INFO the cookies is <RequestsCookieJar[<Cookie JSESSIONID_WORKSPACE=32Vur8KPZh6nIaeV1rRJ9p_k1MdXoBqMXNGPcSw18opcnPpcDWjT!962196520!1543750271631 for 221.226.253.51/>]>
2018-12-02 19:42:52,924 check_required_field.py[line:564] INFO 检查服务名称[食品药品投诉举报处置]
2018-12-02 19:42:52,924 check_required_field.py[line:99] INFO 检查[服务内容]
2018-12-02 19:42:52,924 check_required_field.py[line:105] INFO 服务内容 is 根据职能，处理公众有关食品药品投诉举报事项。, type is text, value_range is 
2018-12-02 19:42:52,924 check_required_field.py[line:99] INFO 检查[服务领域]
2018-12-02 19:42:52,924 check_required_field.py[line:105] INFO 服务领域 is 6, type is radio, value_range is 1,2,3,4,5,6,7,8,9,10,11,12,13,14,15,16,17,18,19,20,21,22,23,24,25,26,27,28,29,30,31,32,33,34,35,99
2018-12-02 19:42:52,926 check_required_field.py[line:99] INFO 检查[服务方式]
2018-12-02 19:42:52,926 check_required_field.py[line:105] INFO 服务方式 is 1, type is radio, value_range is 1,2
2018-12-02 19:42:52,926 check_required_field.py[line:99] INFO 检查[服务依据]
2018-12-02 19:42:52,927 check_required_field.py[line:105] INFO 服务依据 is 1.《中华人员共和国食品安全法》第一百一十五条  县级以上人民政府食品药品监督管理、质量监督等部门应当公布本部门的电子邮件地址或者电话，接受咨询、投诉、举报。接到咨询、投诉、举报，对属于本部门职责的，应当受理并在法定期限内及时答复、核实、处理；对不属于本部门职责的，应当移交有权处理的部门并书面通知咨询、投诉、举报人。有权处理的部门应当在法定期限内及时处理，不得推诿。对查证属实的举报，给予举报人奖励。
2.《食品药品投诉举报管理办法》(国家食品药品监督管理总局令 第21号) 第五条　地方各级食品药品监督管理部门主管本行政区域的食品药品投诉举报管理工作，主要履行下列职责：
（一）根据本办法制定本行政区域的食品药品投诉举报管理制度和政策并监督实施；
（二）调查处理本行政区域的食品药品投诉举报并发布相关信息；
（三）通报并向上级报告本行政区域的食品药品投诉举报管理工作情况；
（四）协调指导同级食品药品投诉举报机构的具体工作。
   3.江苏省机构编制委员会《关于对省食品药品监督管理局所属承担行政职能事业单位职能和机构编制调整事项的批复》二、机构调整（二）省食品药品监督管理局稽查局加挂省食品药品监督投诉举报中心牌子。  稽查局（省食品药品监督投诉举报中心）主要职责是：……负责食品药品安全投诉举报工作。, type is text, value_range is 
2018-12-02 19:42:52,927 check_required_field.py[line:45] INFO the post url is http://221.226.253.51:5065/onlineGovQl/PubServiceYwController.do?findQlyw=true&start=aoData["iDisplayStart"]
2018-12-02 19:42:52,927 check_required_field.py[line:46] INFO the post params is {u'sSortDir': u'', u'idt': u'38cc2f91fdd2481fa4822149655e0631', u'sEcho': u'1', u'limit': u'-1', u'iSortCol': u'', u'pageStart': u'1'}
2018-12-02 19:42:52,927 check_required_field.py[line:47] INFO the cookies is <RequestsCookieJar[<Cookie JSESSIONID_WORKSPACE=32Vur8KPZh6nIaeV1rRJ9p_k1MdXoBqMXNGPcSw18opcnPpcDWjT!962196520!1543750271631 for 221.226.253.51/>]>
2018-12-02 19:42:53,328 check_required_field.py[line:45] INFO the post url is http://221.226.253.51:5065/onlineGovQl/PubServiceYwController.do?findServiseData=true
2018-12-02 19:42:53,329 check_required_field.py[line:46] INFO the post params is {u'showTable': u'XK', u'idt': u'823a57cc3a7447e2bbe9cdbbe171399c', u'idtlog': u'2b528574a1cf4965b966276d615bb245'}
2018-12-02 19:42:53,332 check_required_field.py[line:47] INFO the cookies is <RequestsCookieJar[<Cookie JSESSIONID_WORKSPACE=32Vur8KPZh6nIaeV1rRJ9p_k1MdXoBqMXNGPcSw18opcnPpcDWjT!962196520!1543750271631 for 221.226.253.51/>]>
2018-12-02 19:42:55,213 check_required_field.py[line:616] INFO 检查业务信息[食品药品投诉举报处置]
2018-12-02 19:42:55,214 check_required_field.py[line:99] INFO 检查[办件类型]
2018-12-02 19:42:55,217 check_required_field.py[line:105] INFO 办件类型 is 即办件, type is radio, value_range is 承诺件,即办件
2018-12-02 19:42:55,217 check_required_field.py[line:99] INFO 检查[办理依据]
2018-12-02 19:42:55,220 check_required_field.py[line:105] INFO 办理依据 is 1.《中华人员共和国食品安全法》第一百一十五条  县级以上人民政府食品药品监督管理、质量监督等部门应当公布本部门的电子邮件地址或者电话，接受咨询、投诉、举报。接到咨询、投诉、举报，对属于本部门职责的，应当受理并在法定期限内及时答复、核实、处理；对不属于本部门职责的，应当移交有权处理的部门并书面通知咨询、投诉、举报人。有权处理的部门应当在法定期限内及时处理，不得推诿。对查证属实的举报，给予举报人奖励。
2.《食品药品投诉举报管理办法》(国家食品药品监督管理总局令 第21号) 第五条　地方各级食品药品监督管理部门主管本行政区域的食品药品投诉举报管理工作，主要履行下列职责：
（一）根据本办法制定本行政区域的食品药品投诉举报管理制度和政策并监督实施；
（二）调查处理本行政区域的食品药品投诉举报并发布相关信息；
（三）通报并向上级报告本行政区域的食品药品投诉举报管理工作情况；
（四）协调指导同级食品药品投诉举报机构的具体工作。
   3.江苏省机构编制委员会《关于对省食品药品监督管理局所属承担行政职能事业单位职能和机构编制调整事项的批复》二、机构调整（二）省食品药品监督管理局稽查局加挂省食品药品监督投诉举报中心牌子。  稽查局（省食品药品监督投诉举报中心）主要职责是：……负责食品药品安全投诉举报工作。, type is text, value_range is 
2018-12-02 19:42:55,221 check_required_field.py[line:99] INFO 检查[服务对象]
2018-12-02 19:42:55,223 check_required_field.py[line:105] INFO 服务对象 is 1,3, type is checkbox, value_range is 1,2,3
2018-12-02 19:42:55,224 check_required_field.py[line:99] INFO 检查[经办机构（处室）]
2018-12-02 19:42:55,226 check_required_field.py[line:105] INFO 经办机构（处室） is 丹阳市市场监督管理局, type is text, value_range is 
2018-12-02 19:42:55,227 check_required_field.py[line:99] INFO 检查[监督投诉方式]
2018-12-02 19:42:55,227 check_required_field.py[line:105] INFO 监督投诉方式 is 丹阳市市场监督管理局投诉举报12331、12315, type is text, value_range is 
2018-12-02 19:42:55,229 check_required_field.py[line:99] INFO 检查[办理地点]
2018-12-02 19:42:55,230 check_required_field.py[line:105] INFO 办理地点 is 丹阳市开发区齐梁路万通大厦对面, type is text, value_range is 
2018-12-02 19:42:55,230 check_required_field.py[line:99] INFO 检查[工作时间]
2018-12-02 19:42:55,233 check_required_field.py[line:105] INFO 工作时间 is 夏季：上午8:30-11:30，下午13:30-17:00；冬季：上午8:30-11:00，下午13:00-17:00。, type is text, value_range is 
2018-12-02 19:42:55,233 check_required_field.py[line:99] INFO 检查[数量限制]
2018-12-02 19:42:55,234 check_required_field.py[line:105] INFO 数量限制 is 1, type is radio, value_range is 1,2
2018-12-02 19:42:55,236 check_required_field.py[line:99] INFO 检查[是否收费]
2018-12-02 19:42:55,237 check_required_field.py[line:105] INFO 是否收费 is 0, type is radio, value_range is 0,1
2018-12-02 19:42:55,239 check_required_field.py[line:99] INFO 检查[咨询方式]
2018-12-02 19:42:55,240 check_required_field.py[line:105] INFO 咨询方式 is 电话0511-86515315, type is text, value_range is 
2018-12-02 19:42:55,240 check_required_field.py[line:99] INFO 检查[在线办理网址]
2018-12-02 19:42:55,240 check_required_field.py[line:105] INFO 在线办理网址 is 暂无, type is text, value_range is 
2018-12-02 19:42:55,240 check_required_field.py[line:99] INFO 检查[业务名称]
2018-12-02 19:42:55,242 check_required_field.py[line:105] INFO 业务名称 is 食品药品投诉举报处置, type is text, value_range is 
2018-12-02 19:42:55,242 check_required_field.py[line:99] INFO 检查[承办机构]
2018-12-02 19:42:55,243 check_required_field.py[line:105] INFO 承办机构 is 丹阳市市场监督管理局, type is text, value_range is 
2018-12-02 19:42:55,243 check_required_field.py[line:99] INFO 检查[材料是否必须]
2018-12-02 19:42:55,243 check_required_field.py[line:105] INFO 材料是否必须 is true, type is radio, value_range is true,false
2018-12-02 19:42:55,243 check_required_field.py[line:99] INFO 检查[是否需要电子版]
2018-12-02 19:42:55,243 check_required_field.py[line:105] INFO 是否需要电子版 is 0, type is radio, value_range is 0,1
2018-12-02 19:42:55,243 check_required_field.py[line:99] INFO 检查[材料名称]
2018-12-02 19:42:55,243 check_required_field.py[line:105] INFO 材料名称 is 投诉举报材料, type is text, value_range is 
2018-12-02 19:42:55,243 check_required_field.py[line:99] INFO 检查[常见问题回答]
2018-12-02 19:42:55,244 check_required_field.py[line:105] INFO 常见问题回答 is 0511-86515315, type is text, value_range is 
2018-12-02 19:42:55,244 check_required_field.py[line:99] INFO 检查[常见问题]
2018-12-02 19:42:55,244 check_required_field.py[line:105] INFO 常见问题 is 食品药品投诉举报问题咨询电话是多少？, type is text, value_range is 
2018-12-02 19:42:55,246 check_required_field.py[line:99] INFO 检查[到现场次数]
2018-12-02 19:42:55,246 check_required_field.py[line:105] INFO 到现场次数 is 0, type is radio, value_range is 0,1,2,99
2018-12-02 19:42:55,246 check_required_field.py[line:643] INFO []
2018-12-02 19:42:55,246 check_required_field.py[line:63] INFO the get url is http://221.226.253.51:5065/onlineGovQl/j_spring_security_logout
2018-12-02 19:42:55,246 check_required_field.py[line:64] INFO the cookies is <RequestsCookieJar[<Cookie JSESSIONID_WORKSPACE=32Vur8KPZh6nIaeV1rRJ9p_k1MdXoBqMXNGPcSw18opcnPpcDWjT!962196520!1543750271631 for 221.226.253.51/>]>
